Minuit2Minimizer: Minimize with max-calls 100000 convergence for edm < 0.5 strategy 1
************ Fitting in progress *************
	on point 0
	on point 5
	on point 10
	on point 15
	on point 20
------------Finished calculations!------------
	Current parameters:
		np_a: 0.568697
		np_b: 2.20877
		np_c: 0.41562
		of_a: 0
		of_b: 0
		N_he3: 1
		N_h3: 1
	Current chi2:
		552.399
**********************************************

************ Fitting in progress *************
	on point 0
	on point 5
	on point 10
	on point 15
	on point 20
------------Finished calculations!------------
	Current parameters:
		np_a: 0.569846
		np_b: 2.20877
		np_c: 0.41562
		of_a: 0
		of_b: 0
		N_he3: 1
		N_h3: 1
	Current chi2:
		556.513
**********************************************

************ Fitting in progress *************
	on point 0
	on point 5
	on point 10
	on point 15
	on point 20
------------Finished calculations!------------
	Current parameters:
		np_a: 0.567548
		np_b: 2.20877
		np_c: 0.41562
		of_a: 0
		of_b: 0
		N_he3: 1
		N_h3: 1
	Current chi2:
		548.362
**********************************************

************ Fitting in progress *************
	on point 0
	on point 5
	on point 10
	on point 15
	on point 20
------------Finished calculations!------------
	Current parameters:
		np_a: 0.568812
		np_b: 2.20877
		np_c: 0.41562
		of_a: 0
		of_b: 0
		N_he3: 1
		N_h3: 1
	Current chi2:
		552.807
**********************************************

************ Fitting in progress *************
	on point 0
	on point 5
	on point 10
	on point 15
	on point 20
------------Finished calculations!------------
	Current parameters:
		np_a: 0.568582
		np_b: 2.20877
		np_c: 0.41562
		of_a: 0
		of_b: 0
		N_he3: 1
		N_h3: 1
	Current chi2:
		551.992
**********************************************

************ Fitting in progress *************
	on point 0
	on point 5
	on point 10
	on point 15
	on point 20
------------Finished calculations!------------
	Current parameters:
		np_a: 0.568697
		np_b: 2.20992
		np_c: 0.41562
		of_a: 0
		of_b: 0
		N_he3: 1
		N_h3: 1
	Current chi2:
		551.052
**********************************************

************ Fitting in progress *************
	on point 0
	on point 5
	on point 10
	on point 15
	on point 20
------------Finished calculations!------------
	Current parameters:
		np_a: 0.568697
		np_b: 2.20762
		np_c: 0.41562
		of_a: 0
		of_b: 0
		N_he3: 1
		N_h3: 1
	Current chi2:
		553.752
**********************************************

************ Fitting in progress *************
	on point 0
	on point 5
	on point 10
	on point 15
	on point 20
------------Finished calculations!------------
	Current parameters:
		np_a: 0.568697
		np_b: 2.20903
		np_c: 0.41562
		of_a: 0
		of_b: 0
		N_he3: 1
		N_h3: 1
	Current chi2:
		552.089
**********************************************

************ Fitting in progress *************
	on point 0
	on point 5
	on point 10
	on point 15
	on point 20
------------Finished calculations!------------
	Current parameters:
		np_a: 0.568697
		np_b: 2.20851
		np_c: 0.41562
		of_a: 0
		of_b: 0
		N_he3: 1
		N_h3: 1
	Current chi2:
		552.71
**********************************************

************ Fitting in progress *************
	on point 0
	on point 5
	on point 10
	on point 15
	on point 20
------------Finished calculations!------------
	Current parameters:
		np_a: 0.568697
		np_b: 2.20877
		np_c: 0.416769
		of_a: 0
		of_b: 0
		N_he3: 1
		N_h3: 1
	Current chi2:
		573.589
**********************************************

************ Fitting in progress *************
	on point 0
	on point 5
	on point 10
	on point 15
	on point 20
------------Finished calculations!------------
	Current parameters:
		np_a: 0.568697
		np_b: 2.20877
		np_c: 0.414471
		of_a: 0
		of_b: 0
		N_he3: 1
		N_h3: 1
	Current chi2:
		531.837
**********************************************

************ Fitting in progress *************
	on point 0
	on point 5
	on point 10
	on point 15
	on point 20
------------Finished calculations!------------
	Current parameters:
		np_a: 0.568697
		np_b: 2.20877
		np_c: 0.415735
		of_a: 0
		of_b: 0
		N_he3: 1
		N_h3: 1
	Current chi2:
		554.49
**********************************************

************ Fitting in progress *************
	on point 0
	on point 5
	on point 10
	on point 15
	on point 20
------------Finished calculations!------------
	Current parameters:
		np_a: 0.568697
		np_b: 2.20877
		np_c: 0.415505
		of_a: 0
		of_b: 0
		N_he3: 1
		N_h3: 1
	Current chi2:
		550.315
**********************************************

************ Fitting in progress *************
	on point 0
	on point 5
	on point 10
	on point 15
	on point 20
------------Finished calculations!------------
	Current parameters:
		np_a: 0.568697
		np_b: 2.20877
		np_c: 0.41562
		of_a: 0.00114865
		of_b: 0
		N_he3: 1
		N_h3: 1
	Current chi2:
		553.695
**********************************************

************ Fitting in progress *************
	on point 0
	on point 5
	on point 10
	on point 15
	on point 20
------------Finished calculations!------------
	Current parameters:
		np_a: 0.568697
		np_b: 2.20877
		np_c: 0.41562
		of_a: -0.00114865
		of_b: 0
		N_he3: 1
		N_h3: 1
	Current chi2:
		551.105
**********************************************

************ Fitting in progress *************
	on point 0
	on point 5
	on point 10
	on point 15
	on point 20
------------Finished calculations!------------
	Current parameters:
		np_a: 0.568697
		np_b: 2.20877
		np_c: 0.41562
		of_a: 0.000421434
		of_b: 0
		N_he3: 1
		N_h3: 1
	Current chi2:
		552.874
**********************************************

************ Fitting in progress *************
	on point 0
	on point 5
	on point 10
	on point 15
	on point 20
------------Finished calculations!------------
	Current parameters:
		np_a: 0.568697
		np_b: 2.20877
		np_c: 0.41562
		of_a: -0.000421434
		of_b: 0
		N_he3: 1
		N_h3: 1
	Current chi2:
		551.924
**********************************************

************ Fitting in progress *************
	on point 0
	on point 5
	on point 10
	on point 15
	on point 20
------------Finished calculations!------------
	Current parameters:
		np_a: 0.568697
		np_b: 2.20877
		np_c: 0.41562
		of_a: 0
		of_b: 0.00114865
		N_he3: 1
		N_h3: 1
	Current chi2:
		553.068
**********************************************

************ Fitting in progress *************
	on point 0
	on point 5
	on point 10
	on point 15
	on point 20
------------Finished calculations!------------
	Current parameters:
		np_a: 0.568697
		np_b: 2.20877
		np_c: 0.41562
		of_a: 0
		of_b: -0.00114865
		N_he3: 1
		N_h3: 1
	Current chi2:
		551.731
**********************************************

************ Fitting in progress *************
	on point 0
	on point 5
	on point 10
	on point 15
	on point 20
------------Finished calculations!------------
	Current parameters:
		np_a: 0.568697
		np_b: 2.20877
		np_c: 0.41562
		of_a: 0
		of_b: 0.000878784
		N_he3: 1
		N_h3: 1
	Current chi2:
		552.911
**********************************************

************ Fitting in progress *************
	on point 0
	on point 5
	on point 10
	on point 15
	on point 20
------------Finished calculations!------------
	Current parameters:
		np_a: 0.568697
		np_b: 2.20877
		np_c: 0.41562
		of_a: 0
		of_b: -0.000878784
		N_he3: 1
		N_h3: 1
	Current chi2:
		551.888
**********************************************

************ Fitting in progress *************
	on point 0
	on point 5
	on point 10
	on point 15
	on point 20
------------Finished calculations!------------
	Current parameters:
		np_a: 0.568697
		np_b: 2.20877
		np_c: 0.41562
		of_a: 0
		of_b: 0
		N_he3: 1.00115
		N_h3: 1
	Current chi2:
		562.465
**********************************************

************ Fitting in progress *************
	on point 0
	on point 5
	on point 10
	on point 15
	on point 20
------------Finished calculations!------------
	Current parameters:
		np_a: 0.568697
		np_b: 2.20877
		np_c: 0.41562
		of_a: 0
		of_b: 0
		N_he3: 0.998851
		N_h3: 1
	Current chi2:
		542.985
**********************************************

************ Fitting in progress *************
	on point 0
	on point 5
	on point 10
0 0.005 -0.002
0
0 0.005 0
0 0.005 0
0
Fixing He-3 norm, i.e. only doing H-3 fit
Minuit2Minimizer: Minimize with max-calls 100000 convergence for edm < 0.5 strategy 1
************ Fitting in progress *************
	on point 0
	on point 5
	on point 10
	on point 15
	on point 20
------------Finished calculations!------------
	Current parameters:
		np_a: 0.568697
		np_b: 2.20877
		np_c: 0.41562
		of_a: 0
		of_b: 0
		N_he3: 1
		N_h3: 1
	Current chi2:
		352.968
**********************************************

************ Fitting in progress *************
	on point 0
	on point 5
	on point 10
	on point 15
	on point 20
------------Finished calculations!------------
	Current parameters:
		np_a: 0.569697
		np_b: 2.20877
		np_c: 0.41562
		of_a: 0
		of_b: 0
		N_he3: 1
		N_h3: 1
	Current chi2:
		356.105
**********************************************

************ Fitting in progress *************
	on point 0
	on point 5
	on point 10
	on point 15
	on point 20
------------Finished calculations!------------
	Current parameters:
		np_a: 0.567697
		np_b: 2.20877
		np_c: 0.41562
		of_a: 0
		of_b: 0
		N_he3: 1
		N_h3: 1
	Current chi2:
		349.881
**********************************************

************ Fitting in progress *************
	on point 0
	on point 5
	on point 10
	on point 15
	on point 20
------------Finished calculations!------------
	Current parameters:
		np_a: 0.568797
		np_b: 2.20877
		np_c: 0.41562
		of_a: 0
		of_b: 0
		N_he3: 1
		N_h3: 1
	Current chi2:
		353.28
**********************************************

************ Fitting in progress *************
	on point 0
	on point 5
	on point 10
	on point 15
	on point 20
------------Finished calculations!------------
	Current parameters:
		np_a: 0.568597
		np_b: 2.20877
		np_c: 0.41562
		of_a: 0
		of_b: 0
		N_he3: 1
		N_h3: 1
	Current chi2:
		352.657
**********************************************

************ Fitting in progress *************
	on point 0
	on point 5
	on point 10
	on point 15
	on point 20
------------Finished calculations!------------
	Current parameters:
		np_a: 0.568697
		np_b: 2.20977
		np_c: 0.41562
		of_a: 0
		of_b: 0
		N_he3: 1
		N_h3: 1
	Current chi2:
		351.995
**********************************************

************ Fitting in progress *************
	on point 0
	on point 5
	on point 10
	on point 15
	on point 20
------------Finished calculations!------------
	Current parameters:
		np_a: 0.568697
		np_b: 2.20777
		np_c: 0.41562
		of_a: 0
		of_b: 0
		N_he3: 1
		N_h3: 1
	Current chi2:
		353.945
**********************************************

************ Fitting in progress *************
	on point 0
	on point 5
	on point 10
	on point 15
	on point 20
------------Finished calculations!------------
	Current parameters:
		np_a: 0.568697
		np_b: 2.209
		np_c: 0.41562
		of_a: 0
		of_b: 0
		N_he3: 1
		N_h3: 1
	Current chi2:
		352.743
**********************************************

************ Fitting in progress *************
	on point 0
	on point 5
	on point 10
	on point 15
	on point 20
------------Finished calculations!------------
	Current parameters:
		np_a: 0.568697
		np_b: 2.20854
		np_c: 0.41562
		of_a: 0
		of_b: 0
		N_he3: 1
		N_h3: 1
	Current chi2:
		353.194
**********************************************

************ Fitting in progress *************
	on point 0
	on point 5
	on point 10
	on point 15
	on point 20
------------Finished calculations!------------
	Current parameters:
		np_a: 0.568697
		np_b: 2.20877
		np_c: 0.41662
		of_a: 0
		of_b: 0
		N_he3: 1
		N_h3: 1
	Current chi2:
		367.964
**********************************************

************ Fitting in progress *************
	on point 0
	on point 5
	on point 10
	on point 15
	on point 20
------------Finished calculations!------------
	Current parameters:
		np_a: 0.568697
		np_b: 2.20877
		np_c: 0.41462
		of_a: 0
		of_b: 0
		N_he3: 1
		N_h3: 1
	Current chi2:
		338.378
**********************************************

************ Fitting in progress *************
	on point 0
	on point 5
	on point 10
	on point 15
	on point 20
------------Finished calculations!------------
	Current parameters:
		np_a: 0.568697
		np_b: 2.20877
		np_c: 0.41572
		of_a: 0
		of_b: 0
		N_he3: 1
		N_h3: 1
	Current chi2:
		354.45
**********************************************

************ Fitting in progress *************
	on point 0
	on point 5
	on point 10
	on point 15
	on point 20
------------Finished calculations!------------
	Current parameters:
		np_a: 0.568697
		np_b: 2.20877
		np_c: 0.41552
		of_a: 0
		of_b: 0
		N_he3: 1
		N_h3: 1
	Current chi2:
		351.491
**********************************************

************ Fitting in progress *************
	on point 0
	on point 5
	on point 10
	on point 15
	on point 20
------------Finished calculations!------------
	Current parameters:
		np_a: 0.568697
		np_b: 2.20877
		np_c: 0.41562
		of_a: 0.001
		of_b: 0
		N_he3: 1
		N_h3: 1
	Current chi2:
		353.692
**********************************************

************ Fitting in progress *************
	on point 0
	on point 5
	on point 10
	on point 15
	on point 20
------------Finished calculations!------------
	Current parameters:
		np_a: 0.568697
		np_b: 2.20877
		np_c: 0.41562
		of_a: -0.001
		of_b: 0
		N_he3: 1
		N_h3: 1
	Current chi2:
		352.246
**********************************************

************ Fitting in progress *************
	on point 0
	on point 5
	on point 10
	on point 15
	on point 20
------------Finished calculations!------------
	Current parameters:
		np_a: 0.568697
		np_b: 2.20877
		np_c: 0.41562
		of_a: 0.000451723
		of_b: 0
		N_he3: 1
		N_h3: 1
	Current chi2:
		353.295
**********************************************

************ Fitting in progress *************
	on point 0
	on point 5
	on point 10
	on point 15
	on point 20
------------Finished calculations!------------
	Current parameters:
		np_a: 0.568697
		np_b: 2.20877
		np_c: 0.41562
		of_a: -0.000451723
		of_b: 0
		N_he3: 1
		N_h3: 1
	Current chi2:
		352.642
**********************************************

************ Fitting in progress *************
	on point 0
	on point 5
	on point 10
	on point 15
	on point 20
------------Finished calculations!------------
	Current parameters:
		np_a: 0.568697
		np_b: 2.20877
		np_c: 0.41562
		of_a: 0
		of_b: 0.001
		N_he3: 1
		N_h3: 1
	Current chi2:
		353.328
**********************************************

************ Fitting in progress *************
	on point 0
	on point 5
	on point 10
	on point 15
	on point 20
------------Finished calculations!------------
	Current parameters:
		np_a: 0.568697
		np_b: 2.20877
		np_c: 0.41562
		of_a: 0
		of_b: -0.001
		N_he3: 1
		N_h3: 1
	Current chi2:
		352.609
**********************************************

************ Fitting in progress *************
	on point 0
	on point 5
	on point 10
	on point 15
	on point 20
------------Finished calculations!------------
	Current parameters:
		np_a: 0.568697
		np_b: 2.20877
		np_c: 0.41562
		of_a: 0
		of_b: 0
		N_he3: 1
		N_h3: 1.001
	Current chi2:
		368.464
**********************************************

************ Fitting in progress *************
	on point 0
	on point 5
	on point 10
	on point 15
	on point 20
------------Finished calculations!------------
	Current parameters:
		np_a: 0.568697
		np_b: 2.20877
		np_c: 0.41562
		of_a: 0
		of_b: 0
		N_he3: 1
		N_h3: 0.999
	Current chi2:
		337.966
**********************************************

************ Fitting in progress *************
	on point 0
	on point 5
	on point 10
	on point 15
	on point 20
------------Finished calculations!------------
	Current parameters:
		np_a: 0.568697
		np_b: 2.20877
		np_c: 0.41562
		of_a: 0
		of_b: 0
		N_he3: 1
		N_h3: 1.0001
	Current chi2:
		354.496
**********************************************

************ Fitting in progress *************
	on point 0
	on point 5
	on point 10
	on point 15
	on point 20
------------Finished calculations!------------
	Current parameters:
		np_a: 0.568697
		np_b: 2.20877
		np_c: 0.41562
		of_a: 0
		of_b: 0
		N_he3: 1
		N_h3: 0.9999
	Current chi2:
		351.446
**********************************************

************ Fitting in progress *************
	on point 0
	on point 5
	on point 10
	on point 15
	on point 20
------------Finished calculations!------------
	Current parameters:
		np_a: 0.504995
		np_b: 2.51708
		np_c: 0.379169
		of_a: -0.874178
		of_b: -1.85784
		N_he3: 1
		N_h3: 0.969091
	Current chi2:
		3780.02
**********************************************

************ Fitting in progress *************
	on point 0
	on point 5
	on point 10
	on point 15
	on point 20
------------Finished calculations!------------
	Current parameters:
		np_a: 0.554348
		np_b: 2.27822
		np_c: 0.407409
		of_a: -0.196911
		of_b: -0.418485
		N_he3: 1
		N_h3: 0.993038
	Current chi2:
		73.1508
**********************************************

************ Fitting in progress *************
	on point 0
	on point 5
	on point 10
	on point 15
	on point 20
------------Finished calculations!------------
	Current parameters:
		np_a: 0.554375
		np_b: 2.27822
		np_c: 0.407409
		of_a: -0.196911
		of_b: -0.418485
		N_he3: 1
		N_h3: 0.993038
	Current chi2:
		73.107
**********************************************

************ Fitting in progress *************
	on point 0
	on point 5
	on point 10
	on point 15
	on point 20
------------Finished calculations!------------
	Current parameters:
		np_a: 0.554321
		np_b: 2.27822
		np_c: 0.407409
		of_a: -0.196911
		of_b: -0.418485
		N_he3: 1
		N_h3: 0.993038
	Current chi2:
		73.1945
**********************************************

************ Fitting in progress *************
	on point 0
	on point 5
	on point 10
	on point 15
	on point 20
------------Finished calculations!------------
	Current parameters:
		np_a: 0.554348
		np_b: 2.27832
		np_c: 0.407409
		of_a: -0.196911
		of_b: -0.418485
		N_he3: 1
		N_h3: 0.993038
	Current chi2:
		73.1762
**********************************************

************ Fitting in progress *************
	on point 0
	on point 5
	on point 10
	on point 15
	on point 20
------------Finished calculations!------------
	Current parameters:
		np_a: 0.554348
		np_b: 2.27811
		np_c: 0.407409
		of_a: -0.196911
		of_b: -0.418485
		N_he3: 1
		N_h3: 0.993038
	Current chi2:
		73.1253
**********************************************

************ Fitting in progress *************
	on point 0
	on point 5
	on point 10
	on point 15
	on point 20
------------Finished calculations!------------
	Current parameters:
		np_a: 0.554348
		np_b: 2.27822
		np_c: 0.407419
		of_a: -0.196911
		of_b: -0.418485
		N_he3: 1
		N_h3: 0.993038
	Current chi2:
		73.1328
**********************************************

************ Fitting in progress *************
	on point 0
	on point 5
	on point 10
	on point 15
	on point 20
------------Finished calculations!------------
	Current parameters:
		np_a: 0.554348
		np_b: 2.27822
		np_c: 0.407399
		of_a: -0.196911
		of_b: -0.418485
		N_he3: 1
		N_h3: 0.993038
	Current chi2:
		73.1688
**********************************************

************ Fitting in progress *************
	on point 0
	on point 5
	on point 10
	on point 15
	on point 20
------------Finished calculations!------------
	Current parameters:
		np_a: 0.554348
		np_b: 2.27822
		np_c: 0.407409
		of_a: -0.196705
		of_b: -0.418485
		N_he3: 1
		N_h3: 0.993038
	Current chi2:
		73.1474
**********************************************

************ Fitting in progress *************
	on point 0
	on point 5
	on point 10
	on point 15
	on point 20
------------Finished calculations!------------
	Current parameters:
		np_a: 0.554348
		np_b: 2.27822
		np_c: 0.407409
		of_a: -0.197118
		of_b: -0.418485
		N_he3: 1
		N_h3: 0.993038
	Current chi2:
		73.1541
**********************************************

************ Fitting in progress *************
	on point 0
	on point 5
	on point 10
	on point 15
	on point 20
------------Finished calculations!------------
	Current parameters:
		np_a: 0.554348
		np_b: 2.27822
		np_c: 0.407409
		of_a: -0.196911
		of_b: -0.418058
		N_he3: 1
		N_h3: 0.993038
	Current chi2:
		73.166
**********************************************

************ Fitting in progress *************
	on point 0
	on point 5
	on point 10
	on point 15
	on point 20
------------Finished calculations!------------
	Current parameters:
		np_a: 0.554348
		np_b: 2.27822
		np_c: 0.407409
		of_a: -0.196911
		of_b: -0.418913
		N_he3: 1
		N_h3: 0.993038
	Current chi2:
		73.1355
**********************************************

************ Fitting in progress *************
	on point 0
	on point 5
	on point 10
	on point 15
	on point 20
------------Finished calculations!------------
	Current parameters:
		np_a: 0.554348
		np_b: 2.27822
		np_c: 0.407409
		of_a: -0.196911
		of_b: -0.418485
		N_he3: 1
		N_h3: 0.993048
	Current chi2:
		73.1241
**********************************************

************ Fitting in progress *************
	on point 0
	on point 5
	on point 10
	on point 15
	on point 20
------------Finished calculations!------------
	Current parameters:
		np_a: 0.554348
		np_b: 2.27822
		np_c: 0.407409
		of_a: -0.196911
		of_b: -0.418485
		N_he3: 1
		N_h3: 0.993028
	Current chi2:
		73.1775
**********************************************

************ Fitting in progress *************
	on point 0
	on point 5
	on point 10
	on point 15
	on point 20
------------Finished calculations!------------
	Current parameters:
		np_a: 0.578383
		np_b: 2.23764
		np_c: 0.408129
		of_a: -0.257007
		of_b: -0.747194
		N_he3: 1
		N_h3: 0.995126
	Current chi2:
		26.2378
**********************************************

************ Fitting in progress *************
	on point 0
	on point 5
	on point 10
	on point 15
	on point 20
------------Finished calculations!------------
	Current parameters:
		np_a: 0.595149
		np_b: 2.20933
		np_c: 0.408632
		of_a: -0.298928
		of_b: -0.976499
		N_he3: 1
		N_h3: 0.996583
	Current chi2:
		17.3922
**********************************************

************ Fitting in progress *************
	on point 0
	on point 5
	on point 10
	on point 15
	on point 20
------------Finished calculations!------------
	Current parameters:
		np_a: 0.595163
		np_b: 2.20933
		np_c: 0.408632
		of_a: -0.298928
		of_b: -0.976499
		N_he3: 1
		N_h3: 0.996583
	Current chi2:
		17.3953
**********************************************

************ Fitting in progress *************
	on point 0
	on point 5
	on point 10
	on point 15
	on point 20
------------Finished calculations!------------
	Current parameters:
		np_a: 0.595135
		np_b: 2.20933
		np_c: 0.408632
		of_a: -0.298928
		of_b: -0.976499
		N_he3: 1
		N_h3: 0.996583
	Current chi2:
		17.3892
**********************************************

************ Fitting in progress *************
	on point 0
	on point 5
	on point 10
	on point 15
	on point 20
------------Finished calculations!------------
	Current parameters:
		np_a: 0.595149
		np_b: 2.20939
		np_c: 0.408632
		of_a: -0.298928
		of_b: -0.976499
		N_he3: 1
		N_h3: 0.996583
	Current chi2:
		17.3883
**********************************************

************ Fitting in progress *************
	on point 0
	on point 5
	on point 10
	on point 15
	on point 20
------------Finished calculations!------------
	Current parameters:
		np_a: 0.595149
		np_b: 2.20926
		np_c: 0.408632
		of_a: -0.298928
		of_b: -0.976499
		N_he3: 1
		N_h3: 0.996583
	Current chi2:
		17.3962
**********************************************

************ Fitting in progress *************
	on point 0
	on point 5
	on point 10
	on point 15
	on point 20
------------Finished calculations!------------
	Current parameters:
		np_a: 0.595149
		np_b: 2.20933
		np_c: 0.408637
		of_a: -0.298928
		of_b: -0.976499
		N_he3: 1
		N_h3: 0.996583
	Current chi2:
		17.3963
**********************************************

************ Fitting in progress *************
	on point 0
	on point 5
	on point 10
	on point 15
	on point 20
------------Finished calculations!------------
	Current parameters:
		np_a: 0.595149
		np_b: 2.20933
		np_c: 0.408627
		of_a: -0.298928
		of_b: -0.976499
		N_he3: 1
		N_h3: 0.996583
	Current chi2:
		17.3881
**********************************************

************ Fitting in progress *************
	on point 0
	on point 5
	on point 10
	on point 15
	on point 20
------------Finished calculations!------------
	Current parameters:
		np_a: 0.595149
		np_b: 2.20933
		np_c: 0.408632
		of_a: -0.298823
		of_b: -0.976499
		N_he3: 1
		N_h3: 0.996583
	Current chi2:
		17.3964
**********************************************

************ Fitting in progress *************
	on point 0
	on point 5
	on point 10
	on point 15
	on point 20
------------Finished calculations!------------
	Current parameters:
		np_a: 0.595149
		np_b: 2.20933
		np_c: 0.408632
		of_a: -0.299033
		of_b: -0.976499
		N_he3: 1
		N_h3: 0.996583
	Current chi2:
		17.388
**********************************************

************ Fitting in progress *************
	on point 0
	on point 5
	on point 10
	on point 15
	on point 20
------------Finished calculations!------------
	Current parameters:
		np_a: 0.595149
		np_b: 2.20933
		np_c: 0.408632
		of_a: -0.298928
		of_b: -0.976282
		N_he3: 1
		N_h3: 0.996583
	Current chi2:
		17.3961
**********************************************

************ Fitting in progress *************
	on point 0
	on point 5
	on point 10
	on point 15
	on point 20
------------Finished calculations!------------
	Current parameters:
		np_a: 0.595149
		np_b: 2.20933
		np_c: 0.408632
		of_a: -0.298928
		of_b: -0.976716
		N_he3: 1
		N_h3: 0.996583
	Current chi2:
		17.3883
**********************************************

************ Fitting in progress *************
	on point 0
	on point 5
	on point 10
	on point 15
	on point 20
------------Finished calculations!------------
	Current parameters:
		np_a: 0.595149
		np_b: 2.20933
		np_c: 0.408632
		of_a: -0.298928
		of_b: -0.976499
		N_he3: 1
		N_h3: 0.996588
	Current chi2:
		17.3959
**********************************************

************ Fitting in progress *************
	on point 0
	on point 5
	on point 10
	on point 15
	on point 20
------------Finished calculations!------------
	Current parameters:
		np_a: 0.595149
		np_b: 2.20933
		np_c: 0.408632
		of_a: -0.298928
		of_b: -0.976499
		N_he3: 1
		N_h3: 0.996579
	Current chi2:
		17.3885
**********************************************

************ Fitting in progress *************
	on point 0
	on point 5
	on point 10
	on point 15
	on point 20
------------Finished calculations!------------
	Current parameters:
		np_a: 0.59505
		np_b: 2.21192
		np_c: 0.408183
		of_a: -0.311804
		of_b: -1.00767
		N_he3: 1
		N_h3: 0.996378
	Current chi2:
		16.4356
**********************************************

************ Fitting in progress *************
	on point 0
	on point 5
	on point 10
	on point 15
	on point 20
------------Finished calculations!------------
	Current parameters:
		np_a: 0.595044
		np_b: 2.21206
		np_c: 0.408158
		of_a: -0.312526
		of_b: -1.00941
		N_he3: 1
		N_h3: 0.996367
	Current chi2:
		16.4328
**********************************************

************ Fitting in progress *************
	on point 0
	on point 5
	on point 10
	on point 15
	on point 20
------------Finished calculations!------------
	Current parameters:
		np_a: 0.595057
		np_b: 2.21206
		np_c: 0.408158
		of_a: -0.312526
		of_b: -1.00941
		N_he3: 1
		N_h3: 0.996367
	Current chi2:
		16.4328
**********************************************

************ Fitting in progress *************
	on point 0
	on point 5
	on point 10
	on point 15
	on point 20
------------Finished calculations!------------
	Current parameters:
		np_a: 0.595031
		np_b: 2.21206
		np_c: 0.408158
		of_a: -0.312526
		of_b: -1.00941
		N_he3: 1
		N_h3: 0.996367
	Current chi2:
		16.4329
**********************************************

************ Fitting in progress *************
	on point 0
	on point 5
	on point 10
	on point 15
	on point 20
------------Finished calculations!------------
	Current parameters:
		np_a: 0.595044
		np_b: 2.21212
		np_c: 0.408158
		of_a: -0.312526
		of_b: -1.00941
		N_he3: 1
		N_h3: 0.996367
	Current chi2:
		16.433
**********************************************

************ Fitting in progress *************
	on point 0
	on point 5
	on point 10
	on point 15
	on point 20
------------Finished calculations!------------
	Current parameters:
		np_a: 0.595044
		np_b: 2.212
		np_c: 0.408158
		of_a: -0.312526
		of_b: -1.00941
		N_he3: 1
		N_h3: 0.996367
	Current chi2:
		16.4327
**********************************************

************ Fitting in progress *************
	on point 0
	on point 5
	on point 10
	on point 15
	on point 20
------------Finished calculations!------------
	Current parameters:
		np_a: 0.595044
		np_b: 2.21206
		np_c: 0.408163
		of_a: -0.312526
		of_b: -1.00941
		N_he3: 1
		N_h3: 0.996367
	Current chi2:
		16.4329
**********************************************

************ Fitting in progress *************
	on point 0
	on point 5
	on point 10
	on point 15
	on point 20
------------Finished calculations!------------
	Current parameters:
		np_a: 0.595044
		np_b: 2.21206
		np_c: 0.408153
		of_a: -0.312526
		of_b: -1.00941
		N_he3: 1
		N_h3: 0.996367
	Current chi2:
		16.4327
**********************************************

************ Fitting in progress *************
	on point 0
	on point 5
	on point 10
	on point 15
	on point 20
------------Finished calculations!------------
	Current parameters:
		np_a: 0.595044
		np_b: 2.21206
		np_c: 0.408158
		of_a: -0.312425
		of_b: -1.00941
		N_he3: 1
		N_h3: 0.996367
	Current chi2:
		16.4329
**********************************************

************ Fitting in progress *************
	on point 0
	on point 5
	on point 10
	on point 15
	on point 20
------------Finished calculations!------------
	Current parameters:
		np_a: 0.595044
		np_b: 2.21206
		np_c: 0.408158
		of_a: -0.312626
		of_b: -1.00941
		N_he3: 1
		N_h3: 0.996367
	Current chi2:
		16.4328
**********************************************

************ Fitting in progress *************
	on point 0
	on point 5
	on point 10
	on point 15
	on point 20
------------Finished calculations!------------
	Current parameters:
		np_a: 0.595044
		np_b: 2.21206
		np_c: 0.408158
		of_a: -0.312526
		of_b: -1.00921
		N_he3: 1
		N_h3: 0.996367
	Current chi2:
		16.4328
**********************************************

************ Fitting in progress *************
	on point 0
	on point 5
	on point 10
	on point 15
	on point 20
------------Finished calculations!------------
	Current parameters:
		np_a: 0.595044
		np_b: 2.21206
		np_c: 0.408158
		of_a: -0.312526
		of_b: -1.00962
		N_he3: 1
		N_h3: 0.996367
	Current chi2:
		16.4328
**********************************************

************ Fitting in progress *************
	on point 0
	on point 5
	on point 10
	on point 15
	on point 20
------------Finished calculations!------------
	Current parameters:
		np_a: 0.595044
		np_b: 2.21206
		np_c: 0.408158
		of_a: -0.312526
		of_b: -1.00941
		N_he3: 1
		N_h3: 0.996371
	Current chi2:
		16.4326
**********************************************

************ Fitting in progress *************
	on point 0
	on point 5
	on point 10
	on point 15
	on point 20
------------Finished calculations!------------
	Current parameters:
		np_a: 0.595044
		np_b: 2.21206
		np_c: 0.408158
		of_a: -0.312526
		of_b: -1.00941
		N_he3: 1
		N_h3: 0.996363
	Current chi2:
		16.433
**********************************************

************ Fitting in progress *************
	on point 0
	on point 5
	on point 10
	on point 15
	on point 20
------------Finished calculations!------------
	Current parameters:
		np_a: 0.595151
		np_b: 2.21128
		np_c: 0.408078
		of_a: -0.313543
		of_b: -1.0115
		N_he3: 1
		N_h3: 0.996446
	Current chi2:
		16.4257
**********************************************

************ Fitting in progress *************
	on point 0
	on point 5
	on point 10
	on point 15
	on point 20
------------Finished calculations!------------
	Current parameters:
		np_a: 0.595417
		np_b: 2.20936
		np_c: 0.407879
		of_a: -0.316063
		of_b: -1.01668
		N_he3: 1
		N_h3: 0.996644
	Current chi2:
		16.4184
**********************************************

************ Fitting in progress *************
	on point 0
	on point 5
	on point 10
	on point 15
	on point 20
------------Finished calculations!------------
	Current parameters:
		np_a: 0.59543
		np_b: 2.20936
		np_c: 0.407879
		of_a: -0.316063
		of_b: -1.01668
		N_he3: 1
		N_h3: 0.996644
	Current chi2:
		16.4187
**********************************************

************ Fitting in progress *************
	on point 0
	on point 5
	on point 10
	on point 15
	on point 20
------------Finished calculations!------------
	Current parameters:
		np_a: 0.595403
		np_b: 2.20936
		np_c: 0.407879
		of_a: -0.316063
		of_b: -1.01668
		N_he3: 1
		N_h3: 0.996644
	Current chi2:
		16.4182
**********************************************

************ Fitting in progress *************
	on point 0
	on point 5
	on point 10
	on point 15
	on point 20
------------Finished calculations!------------
	Current parameters:
		np_a: 0.595417
		np_b: 2.20942
		np_c: 0.407879
		of_a: -0.316063
		of_b: -1.01668
		N_he3: 1
		N_h3: 0.996644
	Current chi2:
		16.4184
**********************************************

************ Fitting in progress *************
	on point 0
	on point 5
	on point 10
	on point 15
	on point 20
------------Finished calculations!------------
	Current parameters:
		np_a: 0.595417
		np_b: 2.2093
		np_c: 0.407879
		of_a: -0.316063
		of_b: -1.01668
		N_he3: 1
		N_h3: 0.996644
	Current chi2:
		16.4184
**********************************************

************ Fitting in progress *************
	on point 0
	on point 5
	on point 10
	on point 15
	on point 20
------------Finished calculations!------------
	Current parameters:
		np_a: 0.595417
		np_b: 2.20936
		np_c: 0.407884
		of_a: -0.316063
		of_b: -1.01668
		N_he3: 1
		N_h3: 0.996644
	Current chi2:
		16.4186
**********************************************

************ Fitting in progress *************
	on point 0
	on point 5
	on point 10
	on point 15
	on point 20
------------Finished calculations!------------
	Current parameters:
		np_a: 0.595417
		np_b: 2.20936
		np_c: 0.407875
		of_a: -0.316063
		of_b: -1.01668
		N_he3: 1
		N_h3: 0.996644
	Current chi2:
		16.4182
**********************************************

************ Fitting in progress *************
	on point 0
	on point 5
	on point 10
	on point 15
	on point 20
------------Finished calculations!------------
	Current parameters:
		np_a: 0.595417
		np_b: 2.20936
		np_c: 0.407879
		of_a: -0.315962
		of_b: -1.01668
		N_he3: 1
		N_h3: 0.996644
	Current chi2:
		16.4184
**********************************************

************ Fitting in progress *************
	on point 0
	on point 5
	on point 10
	on point 15
	on point 20
------------Finished calculations!------------
	Current parameters:
		np_a: 0.595417
		np_b: 2.20936
		np_c: 0.407879
		of_a: -0.316163
		of_b: -1.01668
		N_he3: 1
		N_h3: 0.996644
	Current chi2:
		16.4184
**********************************************

************ Fitting in progress *************
	on point 0
	on point 5
	on point 10
	on point 15
	on point 20
------------Finished calculations!------------
	Current parameters:
		np_a: 0.595417
		np_b: 2.20936
		np_c: 0.407879
		of_a: -0.316063
		of_b: -1.01647
		N_he3: 1
		N_h3: 0.996644
	Current chi2:
		16.4182
**********************************************

************ Fitting in progress *************
	on point 0
	on point 5
	on point 10
	on point 15
	on point 20
------------Finished calculations!------------
	Current parameters:
		np_a: 0.595417
		np_b: 2.20936
		np_c: 0.407879
		of_a: -0.316063
		of_b: -1.01689
		N_he3: 1
		N_h3: 0.996644
	Current chi2:
		16.4186
**********************************************

************ Fitting in progress *************
	on point 0
	on point 5
	on point 10
	on point 15
	on point 20
------------Finished calculations!------------
	Current parameters:
		np_a: 0.595417
		np_b: 2.20936
		np_c: 0.407879
		of_a: -0.316063
		of_b: -1.01668
		N_he3: 1
		N_h3: 0.996648
	Current chi2:
		16.4184
**********************************************

************ Fitting in progress *************
	on point 0
	on point 5
	on point 10
	on point 15
	on point 20
------------Finished calculations!------------
	Current parameters:
		np_a: 0.595417
		np_b: 2.20936
		np_c: 0.407879
		of_a: -0.316063
		of_b: -1.01668
		N_he3: 1
		N_h3: 0.996639
	Current chi2:
		16.4184
**********************************************

************ Fitting in progress *************
	on point 0
	on point 5
	on point 10
	on point 15
	on point 20
------------Finished calculations!------------
	Current parameters:
		np_a: 0.595155
		np_b: 2.20779
		np_c: 0.4076
		of_a: -0.317415
		of_b: -1.01375
		N_he3: 1
		N_h3: 0.996862
	Current chi2:
		16.3987
**********************************************

************ Fitting in progress *************
	on point 0
	on point 5
	on point 10
	on point 15
	on point 20
------------Finished calculations!------------
	Current parameters:
		np_a: 0.594109
		np_b: 2.20148
		np_c: 0.406483
		of_a: -0.322827
		of_b: -1.00202
		N_he3: 1
		N_h3: 0.997735
	Current chi2:
		16.3312
**********************************************

************ Fitting in progress *************
	on point 0
	on point 5
	on point 10
	on point 15
	on point 20
------------Finished calculations!------------
	Current parameters:
		np_a: 0.591495
		np_b: 2.18571
		np_c: 0.40369
		of_a: -0.336354
		of_b: -0.972693
		N_he3: 1
		N_h3: 0.999918
	Current chi2:
		16.2405
**********************************************

************ Fitting in progress *************
	on point 0
	on point 5
	on point 10
	on point 15
	on point 20
------------Finished calculations!------------
	Current parameters:
		np_a: 0.59068
		np_b: 2.1808
		np_c: 0.40282
		of_a: -0.340571
		of_b: -0.963553
		N_he3: 1
		N_h3: 1.0006
	Current chi2:
		16.2353
**********************************************

************ Fitting in progress *************
	on point 0
	on point 5
	on point 10
	on point 15
	on point 20
------------Finished calculations!------------
	Current parameters:
		np_a: 0.590694
		np_b: 2.1808
		np_c: 0.40282
		of_a: -0.340571
		of_b: -0.963553
		N_he3: 1
		N_h3: 1.0006
	Current chi2:
		16.2351
**********************************************

************ Fitting in progress *************
	on point 0
	on point 5
	on point 10
	on point 15
	on point 20
------------Finished calculations!------------
	Current parameters:
		np_a: 0.590667
		np_b: 2.1808
		np_c: 0.40282
		of_a: -0.340571
		of_b: -0.963553
		N_he3: 1
		N_h3: 1.0006
	Current chi2:
		16.2355
**********************************************

************ Fitting in progress *************
	on point 0
	on point 5
	on point 10
	on point 15
	on point 20
------------Finished calculations!------------
	Current parameters:
		np_a: 0.59068
		np_b: 2.18086
		np_c: 0.40282
		of_a: -0.340571
		of_b: -0.963553
		N_he3: 1
		N_h3: 1.0006
	Current chi2:
		16.2354
**********************************************

************ Fitting in progress *************
	on point 0
	on point 5
	on point 10
	on point 15
	on point 20
------------Finished calculations!------------
	Current parameters:
		np_a: 0.59068
		np_b: 2.18074
		np_c: 0.40282
		of_a: -0.340571
		of_b: -0.963553
		N_he3: 1
		N_h3: 1.0006
	Current chi2:
		16.2353
**********************************************

************ Fitting in progress *************
	on point 0
	on point 5
	on point 10
	on point 15
	on point 20
------------Finished calculations!------------
	Current parameters:
		np_a: 0.59068
		np_b: 2.1808
		np_c: 0.402825
		of_a: -0.340571
		of_b: -0.963553
		N_he3: 1
		N_h3: 1.0006
	Current chi2:
		16.2354
**********************************************

************ Fitting in progress *************
	on point 0
	on point 5
	on point 10
	on point 15
	on point 20
------------Finished calculations!------------
	Current parameters:
		np_a: 0.59068
		np_b: 2.1808
		np_c: 0.402815
		of_a: -0.340571
		of_b: -0.963553
		N_he3: 1
		N_h3: 1.0006
	Current chi2:
		16.2352
**********************************************

************ Fitting in progress *************
	on point 0
	on point 5
	on point 10
	on point 15
	on point 20
------------Finished calculations!------------
	Current parameters:
		np_a: 0.59068
		np_b: 2.1808
		np_c: 0.40282
		of_a: -0.340471
		of_b: -0.963553
		N_he3: 1
		N_h3: 1.0006
	Current chi2:
		16.2352
**********************************************

************ Fitting in progress *************
	on point 0
	on point 5
	on point 10
	on point 15
	on point 20
------------Finished calculations!------------
	Current parameters:
		np_a: 0.59068
		np_b: 2.1808
		np_c: 0.40282
		of_a: -0.340671
		of_b: -0.963553
		N_he3: 1
		N_h3: 1.0006
	Current chi2:
		16.2354
**********************************************

************ Fitting in progress *************
	on point 0
	on point 5
	on point 10
	on point 15
	on point 20
------------Finished calculations!------------
	Current parameters:
		np_a: 0.59068
		np_b: 2.1808
		np_c: 0.40282
		of_a: -0.340571
		of_b: -0.963346
		N_he3: 1
		N_h3: 1.0006
	Current chi2:
		16.2352
**********************************************

************ Fitting in progress *************
	on point 0
	on point 5
	on point 10
	on point 15
	on point 20
------------Finished calculations!------------
	Current parameters:
		np_a: 0.59068
		np_b: 2.1808
		np_c: 0.40282
		of_a: -0.340571
		of_b: -0.96376
		N_he3: 1
		N_h3: 1.0006
	Current chi2:
		16.2354
**********************************************

************ Fitting in progress *************
	on point 0
	on point 5
	on point 10
	on point 15
	on point 20
------------Finished calculations!------------
	Current parameters:
		np_a: 0.59068
		np_b: 2.1808
		np_c: 0.40282
		of_a: -0.340571
		of_b: -0.963553
		N_he3: 1
		N_h3: 1.0006
	Current chi2:
		16.2354
**********************************************

************ Fitting in progress *************
	on point 0
	on point 5
	on point 10
	on point 15
	on point 20
------------Finished calculations!------------
	Current parameters:
		np_a: 0.59068
		np_b: 2.1808
		np_c: 0.40282
		of_a: -0.340571
		of_b: -0.963553
		N_he3: 1
		N_h3: 1.00059
	Current chi2:
		16.2352
**********************************************

************ Fitting in progress *************
	on point 0
	on point 5
	on point 10
	on point 15
	on point 20
------------Finished calculations!------------
	Current parameters:
		np_a: 0.590842
		np_b: 2.1801
		np_c: 0.402656
		of_a: -0.340406
		of_b: -0.961027
		N_he3: 1
		N_h3: 1.00061
	Current chi2:
		16.2279
**********************************************

************ Fitting in progress *************
	on point 0
	on point 5
	on point 10
	on point 15
	on point 20
------------Finished calculations!------------
	Current parameters:
		np_a: 0.591487
		np_b: 2.17727
		np_c: 0.401999
		of_a: -0.339748
		of_b: -0.950925
		N_he3: 1
		N_h3: 1.00067
	Current chi2:
		16.2002
**********************************************

************ Fitting in progress *************
	on point 0
	on point 5
	on point 10
	on point 15
	on point 20
------------Finished calculations!------------
	Current parameters:
		np_a: 0.5931
		np_b: 2.17022
		np_c: 0.400357
		of_a: -0.338101
		of_b: -0.92567
		N_he3: 1
		N_h3: 1.00083
	Current chi2:
		16.1464
**********************************************

************ Fitting in progress *************
	on point 0
	on point 5
	on point 10
	on point 15
	on point 20
------------Finished calculations!------------
	Current parameters:
		np_a: 0.596281
		np_b: 2.15632
		np_c: 0.39712
		of_a: -0.334856
		of_b: -0.875885
		N_he3: 1
		N_h3: 1.00112
	Current chi2:
		16.1063
**********************************************

************ Fitting in progress *************
	on point 0
	on point 5
	on point 10
	on point 15
	on point 20
------------Finished calculations!------------
	Current parameters:
		np_a: 0.596294
		np_b: 2.15632
		np_c: 0.39712
		of_a: -0.334856
		of_b: -0.875885
		N_he3: 1
		N_h3: 1.00112
	Current chi2:
		16.1073
**********************************************

************ Fitting in progress *************
	on point 0
	on point 5
	on point 10
	on point 15
	on point 20
------------Finished calculations!------------
	Current parameters:
		np_a: 0.596268
		np_b: 2.15632
		np_c: 0.39712
		of_a: -0.334856
		of_b: -0.875885
		N_he3: 1
		N_h3: 1.00112
	Current chi2:
		16.1052
**********************************************

************ Fitting in progress *************
	on point 0
	on point 5
	on point 10
	on point 15
	on point 20
------------Finished calculations!------------
	Current parameters:
		np_a: 0.596281
		np_b: 2.15638
		np_c: 0.39712
		of_a: -0.334856
		of_b: -0.875885
		N_he3: 1
		N_h3: 1.00112
	Current chi2:
		16.1055
**********************************************

************ Fitting in progress *************
	on point 0
	on point 5
	on point 10
	on point 15
	on point 20
------------Finished calculations!------------
	Current parameters:
		np_a: 0.596281
		np_b: 2.15626
		np_c: 0.39712
		of_a: -0.334856
		of_b: -0.875885
		N_he3: 1
		N_h3: 1.00112
	Current chi2:
		16.1071
**********************************************

************ Fitting in progress *************
	on point 0
	on point 5
	on point 10
	on point 15
	on point 20
------------Finished calculations!------------
	Current parameters:
		np_a: 0.596281
		np_b: 2.15632
		np_c: 0.397125
		of_a: -0.334856
		of_b: -0.875885
		N_he3: 1
		N_h3: 1.00112
	Current chi2:
		16.1072
**********************************************

************ Fitting in progress *************
	on point 0
	on point 5
	on point 10
	on point 15
	on point 20
------------Finished calculations!------------
	Current parameters:
		np_a: 0.596281
		np_b: 2.15632
		np_c: 0.397115
		of_a: -0.334856
		of_b: -0.875885
		N_he3: 1
		N_h3: 1.00112
	Current chi2:
		16.1054
**********************************************

************ Fitting in progress *************
	on point 0
	on point 5
	on point 10
	on point 15
	on point 20
------------Finished calculations!------------
	Current parameters:
		np_a: 0.596281
		np_b: 2.15632
		np_c: 0.39712
		of_a: -0.334757
		of_b: -0.875885
		N_he3: 1
		N_h3: 1.00112
	Current chi2:
		16.1069
**********************************************

************ Fitting in progress *************
	on point 0
	on point 5
	on point 10
	on point 15
	on point 20
------------Finished calculations!------------
	Current parameters:
		np_a: 0.596281
		np_b: 2.15632
		np_c: 0.39712
		of_a: -0.334956
		of_b: -0.875885
		N_he3: 1
		N_h3: 1.00112
	Current chi2:
		16.1057
**********************************************

************ Fitting in progress *************
	on point 0
	on point 5
	on point 10
	on point 15
	on point 20
------------Finished calculations!------------
	Current parameters:
		np_a: 0.596281
		np_b: 2.15632
		np_c: 0.39712
		of_a: -0.334856
		of_b: -0.875679
		N_he3: 1
		N_h3: 1.00112
	Current chi2:
		16.1066
**********************************************

************ Fitting in progress *************
	on point 0
	on point 5
	on point 10
	on point 15
	on point 20
------------Finished calculations!------------
	Current parameters:
		np_a: 0.596281
		np_b: 2.15632
		np_c: 0.39712
		of_a: -0.334856
		of_b: -0.876091
		N_he3: 1
		N_h3: 1.00112
	Current chi2:
		16.106
**********************************************

************ Fitting in progress *************
	on point 0
	on point 5
	on point 10
	on point 15
	on point 20
------------Finished calculations!------------
	Current parameters:
		np_a: 0.596281
		np_b: 2.15632
		np_c: 0.39712
		of_a: -0.334856
		of_b: -0.875885
		N_he3: 1
		N_h3: 1.00113
	Current chi2:
		16.1073
**********************************************

************ Fitting in progress *************
	on point 0
	on point 5
	on point 10
	on point 15
	on point 20
------------Finished calculations!------------
	Current parameters:
		np_a: 0.596281
		np_b: 2.15632
		np_c: 0.39712
		of_a: -0.334856
		of_b: -0.875885
		N_he3: 1
		N_h3: 1.00112
	Current chi2:
		16.1053
**********************************************

************ Fitting in progress *************
	on point 0
	on point 5
	on point 10
	on point 15
	on point 20
------------Finished calculations!------------
	Current parameters:
		np_a: 0.597879
		np_b: 2.14288
		np_c: 0.393592
		of_a: -0.332016
		of_b: -0.812532
		N_he3: 1
		N_h3: 1.00151
	Current chi2:
		15.987
**********************************************

************ Fitting in progress *************
	on point 0
	on point 5
	on point 10
	on point 15
	on point 20
------------Finished calculations!------------
	Current parameters:
		np_a: 0.600358
		np_b: 2.12203
		np_c: 0.38812
		of_a: -0.327611
		of_b: -0.714279
		N_he3: 1
		N_h3: 1.0021
	Current chi2:
		15.9108
**********************************************

************ Fitting in progress *************
	on point 0
	on point 5
	on point 10
	on point 15
	on point 20
------------Finished calculations!------------
	Current parameters:
		np_a: 0.600371
		np_b: 2.12203
		np_c: 0.38812
		of_a: -0.327611
		of_b: -0.714279
		N_he3: 1
		N_h3: 1.0021
	Current chi2:
		15.9109
**********************************************

************ Fitting in progress *************
	on point 0
	on point 5
	on point 10
	on point 15
	on point 20
------------Finished calculations!------------
	Current parameters:
		np_a: 0.600346
		np_b: 2.12203
		np_c: 0.38812
		of_a: -0.327611
		of_b: -0.714279
		N_he3: 1
		N_h3: 1.0021
	Current chi2:
		15.9108
**********************************************

************ Fitting in progress *************
	on point 0
	on point 5
	on point 10
	on point 15
	on point 20
------------Finished calculations!------------
	Current parameters:
		np_a: 0.600358
		np_b: 2.12208
		np_c: 0.38812
		of_a: -0.327611
		of_b: -0.714279
		N_he3: 1
		N_h3: 1.0021
	Current chi2:
		15.9111
**********************************************

************ Fitting in progress *************
	on point 0
	on point 5
	on point 10
	on point 15
	on point 20
------------Finished calculations!------------
	Current parameters:
		np_a: 0.600358
		np_b: 2.12197
		np_c: 0.38812
		of_a: -0.327611
		of_b: -0.714279
		N_he3: 1
		N_h3: 1.0021
	Current chi2:
		15.9105
**********************************************

************ Fitting in progress *************
	on point 0
	on point 5
	on point 10
	on point 15
	on point 20
------------Finished calculations!------------
	Current parameters:
		np_a: 0.600358
		np_b: 2.12203
		np_c: 0.388125
		of_a: -0.327611
		of_b: -0.714279
		N_he3: 1
		N_h3: 1.0021
	Current chi2:
		15.9108
**********************************************

************ Fitting in progress *************
	on point 0
	on point 5
	on point 10
	on point 15
	on point 20
------------Finished calculations!------------
	Current parameters:
		np_a: 0.600358
		np_b: 2.12203
		np_c: 0.388116
		of_a: -0.327611
		of_b: -0.714279
		N_he3: 1
		N_h3: 1.0021
	Current chi2:
		15.9109
**********************************************

************ Fitting in progress *************
	on point 0
	on point 5
	on point 10
	on point 15
	on point 20
------------Finished calculations!------------
	Current parameters:
		np_a: 0.600358
		np_b: 2.12203
		np_c: 0.38812
		of_a: -0.327512
		of_b: -0.714279
		N_he3: 1
		N_h3: 1.0021
	Current chi2:
		15.9109
**********************************************

************ Fitting in progress *************
	on point 0
	on point 5
	on point 10
	on point 15
	on point 20
------------Finished calculations!------------
	Current parameters:
		np_a: 0.600358
		np_b: 2.12203
		np_c: 0.38812
		of_a: -0.32771
		of_b: -0.714279
		N_he3: 1
		N_h3: 1.0021
	Current chi2:
		15.9108
**********************************************

************ Fitting in progress *************
	on point 0
	on point 5
	on point 10
	on point 15
	on point 20
------------Finished calculations!------------
	Current parameters:
		np_a: 0.600358
		np_b: 2.12203
		np_c: 0.38812
		of_a: -0.327611
		of_b: -0.714074
		N_he3: 1
		N_h3: 1.0021
	Current chi2:
		15.9109
**********************************************

************ Fitting in progress *************
	on point 0
	on point 5
	on point 10
	on point 15
	on point 20
------------Finished calculations!------------
	Current parameters:
		np_a: 0.600358
		np_b: 2.12203
		np_c: 0.38812
		of_a: -0.327611
		of_b: -0.714485
		N_he3: 1
		N_h3: 1.0021
	Current chi2:
		15.9108
**********************************************

************ Fitting in progress *************
	on point 0
	on point 5
	on point 10
	on point 15
	on point 20
------------Finished calculations!------------
	Current parameters:
		np_a: 0.600358
		np_b: 2.12203
		np_c: 0.38812
		of_a: -0.327611
		of_b: -0.714279
		N_he3: 1
		N_h3: 1.00211
	Current chi2:
		15.911
**********************************************

************ Fitting in progress *************
	on point 0
	on point 5
	on point 10
	on point 15
	on point 20
------------Finished calculations!------------
	Current parameters:
		np_a: 0.600358
		np_b: 2.12203
		np_c: 0.38812
		of_a: -0.327611
		of_b: -0.714279
		N_he3: 1
		N_h3: 1.0021
	Current chi2:
		15.9107
**********************************************

************ Fitting in progress *************
	on point 0
	on point 5
	on point 10
	on point 15
	on point 20
------------Finished calculations!------------
	Current parameters:
		np_a: 0.60122
		np_b: 2.11361
		np_c: 0.38651
		of_a: -0.327578
		of_b: -0.688914
		N_he3: 1
		N_h3: 1.00226
	Current chi2:
		15.8952
**********************************************

************ Fitting in progress *************
	on point 0
	on point 5
	on point 10
	on point 15
	on point 20
------------Finished calculations!------------
	Current parameters:
		np_a: 0.603983
		np_b: 2.08664
		np_c: 0.38135
		of_a: -0.327471
		of_b: -0.607623
		N_he3: 1
		N_h3: 1.00276
	Current chi2:
		15.8733
**********************************************

************ Fitting in progress *************
	on point 0
	on point 5
	on point 10
	on point 15
	on point 20
------------Finished calculations!------------
	Current parameters:
		np_a: 0.603995
		np_b: 2.08664
		np_c: 0.38135
		of_a: -0.327471
		of_b: -0.607623
		N_he3: 1
		N_h3: 1.00276
	Current chi2:
		15.8736
**********************************************

************ Fitting in progress *************
	on point 0
	on point 5
	on point 10
	on point 15
	on point 20
------------Finished calculations!------------
	Current parameters:
		np_a: 0.60397
		np_b: 2.08664
		np_c: 0.38135
		of_a: -0.327471
		of_b: -0.607623
		N_he3: 1
		N_h3: 1.00276
	Current chi2:
		15.873
**********************************************

************ Fitting in progress *************
	on point 0
	on point 5
	on point 10
	on point 15
	on point 20
------------Finished calculations!------------
	Current parameters:
		np_a: 0.603983
		np_b: 2.0867
		np_c: 0.38135
		of_a: -0.327471
		of_b: -0.607623
		N_he3: 1
		N_h3: 1.00276
	Current chi2:
		15.8734
**********************************************

************ Fitting in progress *************
	on point 0
	on point 5
	on point 10
	on point 15
	on point 20
------------Finished calculations!------------
	Current parameters:
		np_a: 0.603983
		np_b: 2.08659
		np_c: 0.38135
		of_a: -0.327471
		of_b: -0.607623
		N_he3: 1
		N_h3: 1.00276
	Current chi2:
		15.8732
**********************************************

************ Fitting in progress *************
	on point 0
	on point 5
	on point 10
	on point 15
	on point 20
------------Finished calculations!------------
	Current parameters:
		np_a: 0.603983
		np_b: 2.08664
		np_c: 0.381355
		of_a: -0.327471
		of_b: -0.607623
		N_he3: 1
		N_h3: 1.00276
	Current chi2:
		15.8734
**********************************************

************ Fitting in progress *************
	on point 0
	on point 5
	on point 10
	on point 15
	on point 20
------------Finished calculations!------------
	Current parameters:
		np_a: 0.603983
		np_b: 2.08664
		np_c: 0.381346
		of_a: -0.327471
		of_b: -0.607623
		N_he3: 1
		N_h3: 1.00276
	Current chi2:
		15.8732
**********************************************

************ Fitting in progress *************
	on point 0
	on point 5
	on point 10
	on point 15
	on point 20
------------Finished calculations!------------
	Current parameters:
		np_a: 0.603983
		np_b: 2.08664
		np_c: 0.38135
		of_a: -0.327371
		of_b: -0.607623
		N_he3: 1
		N_h3: 1.00276
	Current chi2:
		15.8735
**********************************************

************ Fitting in progress *************
	on point 0
	on point 5
	on point 10
	on point 15
	on point 20
------------Finished calculations!------------
	Current parameters:
		np_a: 0.603983
		np_b: 2.08664
		np_c: 0.38135
		of_a: -0.32757
		of_b: -0.607623
		N_he3: 1
		N_h3: 1.00276
	Current chi2:
		15.8731
**********************************************

************ Fitting in progress *************
	on point 0
	on point 5
	on point 10
	on point 15
	on point 20
------------Finished calculations!------------
	Current parameters:
		np_a: 0.603983
		np_b: 2.08664
		np_c: 0.38135
		of_a: -0.327471
		of_b: -0.607417
		N_he3: 1
		N_h3: 1.00276
	Current chi2:
		15.8734
**********************************************

************ Fitting in progress *************
	on point 0
	on point 5
	on point 10
	on point 15
	on point 20
------------Finished calculations!------------
	Current parameters:
		np_a: 0.603983
		np_b: 2.08664
		np_c: 0.38135
		of_a: -0.327471
		of_b: -0.607829
		N_he3: 1
		N_h3: 1.00276
	Current chi2:
		15.8732
**********************************************

************ Fitting in progress *************
	on point 0
	on point 5
	on point 10
	on point 15
	on point 20
------------Finished calculations!------------
	Current parameters:
		np_a: 0.603983
		np_b: 2.08664
		np_c: 0.38135
		of_a: -0.327471
		of_b: -0.607623
		N_he3: 1
		N_h3: 1.00276
	Current chi2:
		15.8736
**********************************************

************ Fitting in progress *************
	on point 0
	on point 5
	on point 10
	on point 15
	on point 20
------------Finished calculations!------------
	Current parameters:
		np_a: 0.603983
		np_b: 2.08664
		np_c: 0.38135
		of_a: -0.327471
		of_b: -0.607623
		N_he3: 1
		N_h3: 1.00275
	Current chi2:
		15.873
**********************************************

************ Fitting in progress *************
	on point 0
	on point 5
	on point 10
	on point 15
	on point 20
------------Finished calculations!------------
	Current parameters:
		np_a: 0.604205
		np_b: 2.07517
		np_c: 0.380089
		of_a: -0.32875
		of_b: -0.586323
		N_he3: 1
		N_h3: 1.00256
	Current chi2:
		15.8252
**********************************************

************ Fitting in progress *************
	on point 0
	on point 5
	on point 10
	on point 15
	on point 20
------------Finished calculations!------------
	Current parameters:
		np_a: 0.605094
		np_b: 2.02929
		np_c: 0.375041
		of_a: -0.333866
		of_b: -0.501123
		N_he3: 1
		N_h3: 1.0018
	Current chi2:
		15.6804
**********************************************

************ Fitting in progress *************
	on point 0
	on point 5
	on point 10
	on point 15
	on point 20
------------Finished calculations!------------
	Current parameters:
		np_a: 0.60634
		np_b: 1.96499
		np_c: 0.367968
		of_a: -0.341036
		of_b: -0.381724
		N_he3: 1
		N_h3: 1.00073
	Current chi2:
		15.5894
**********************************************

************ Fitting in progress *************
	on point 0
	on point 5
	on point 10
	on point 15
	on point 20
------------Finished calculations!------------
	Current parameters:
		np_a: 0.606583
		np_b: 1.95243
		np_c: 0.366587
		of_a: -0.342436
		of_b: -0.358416
		N_he3: 1
		N_h3: 1.00052
	Current chi2:
		15.5878
**********************************************

************ Fitting in progress *************
	on point 0
	on point 5
	on point 10
	on point 15
	on point 20
------------Finished calculations!------------
	Current parameters:
		np_a: 0.606596
		np_b: 1.95243
		np_c: 0.366587
		of_a: -0.342436
		of_b: -0.358416
		N_he3: 1
		N_h3: 1.00052
	Current chi2:
		15.5874
**********************************************

************ Fitting in progress *************
	on point 0
	on point 5
	on point 10
	on point 15
	on point 20
------------Finished calculations!------------
	Current parameters:
		np_a: 0.606571
		np_b: 1.95243
		np_c: 0.366587
		of_a: -0.342436
		of_b: -0.358416
		N_he3: 1
		N_h3: 1.00052
	Current chi2:
		15.5882
**********************************************

************ Fitting in progress *************
	on point 0
	on point 5
	on point 10
	on point 15
	on point 20
------------Finished calculations!------------
	Current parameters:
		np_a: 0.606583
		np_b: 1.95248
		np_c: 0.366587
		of_a: -0.342436
		of_b: -0.358416
		N_he3: 1
		N_h3: 1.00052
	Current chi2:
		15.5882
**********************************************

************ Fitting in progress *************
	on point 0
	on point 5
	on point 10
	on point 15
	on point 20
------------Finished calculations!------------
	Current parameters:
		np_a: 0.606583
		np_b: 1.95238
		np_c: 0.366587
		of_a: -0.342436
		of_b: -0.358416
		N_he3: 1
		N_h3: 1.00052
	Current chi2:
		15.5874
**********************************************

************ Fitting in progress *************
	on point 0
	on point 5
	on point 10
	on point 15
	on point 20
------------Finished calculations!------------
	Current parameters:
		np_a: 0.606583
		np_b: 1.95243
		np_c: 0.366592
		of_a: -0.342436
		of_b: -0.358416
		N_he3: 1
		N_h3: 1.00052
	Current chi2:
		15.5875
**********************************************

************ Fitting in progress *************
	on point 0
	on point 5
	on point 10
	on point 15
	on point 20
------------Finished calculations!------------
	Current parameters:
		np_a: 0.606583
		np_b: 1.95243
		np_c: 0.366583
		of_a: -0.342436
		of_b: -0.358416
		N_he3: 1
		N_h3: 1.00052
	Current chi2:
		15.5881
**********************************************

************ Fitting in progress *************
	on point 0
	on point 5
	on point 10
	on point 15
	on point 20
------------Finished calculations!------------
	Current parameters:
		np_a: 0.606583
		np_b: 1.95243
		np_c: 0.366587
		of_a: -0.342337
		of_b: -0.358416
		N_he3: 1
		N_h3: 1.00052
	Current chi2:
		15.5876
**********************************************

************ Fitting in progress *************
	on point 0
	on point 5
	on point 10
	on point 15
	on point 20
------------Finished calculations!------------
	Current parameters:
		np_a: 0.606583
		np_b: 1.95243
		np_c: 0.366587
		of_a: -0.342535
		of_b: -0.358416
		N_he3: 1
		N_h3: 1.00052
	Current chi2:
		15.5881
**********************************************

************ Fitting in progress *************
	on point 0
	on point 5
	on point 10
	on point 15
	on point 20
------------Finished calculations!------------
	Current parameters:
		np_a: 0.606583
		np_b: 1.95243
		np_c: 0.366587
		of_a: -0.342436
		of_b: -0.358212
		N_he3: 1
		N_h3: 1.00052
	Current chi2:
		15.5877
**********************************************

************ Fitting in progress *************
	on point 0
	on point 5
	on point 10
	on point 15
	on point 20
------------Finished calculations!------------
	Current parameters:
		np_a: 0.606583
		np_b: 1.95243
		np_c: 0.366587
		of_a: -0.342436
		of_b: -0.358621
		N_he3: 1
		N_h3: 1.00052
	Current chi2:
		15.588
**********************************************

************ Fitting in progress *************
	on point 0
	on point 5
	on point 10
	on point 15
	on point 20
------------Finished calculations!------------
	Current parameters:
		np_a: 0.606583
		np_b: 1.95243
		np_c: 0.366587
		of_a: -0.342436
		of_b: -0.358416
		N_he3: 1
		N_h3: 1.00052
	Current chi2:
		15.5875
**********************************************

************ Fitting in progress *************
	on point 0
	on point 5
	on point 10
	on point 15
	on point 20
------------Finished calculations!------------
	Current parameters:
		np_a: 0.606583
		np_b: 1.95243
		np_c: 0.366587
		of_a: -0.342436
		of_b: -0.358416
		N_he3: 1
		N_h3: 1.00052
	Current chi2:
		15.5881
**********************************************

************ Fitting in progress *************
	on point 0
	on point 5
	on point 10
	on point 15
	on point 20
------------Finished calculations!------------
	Current parameters:
		np_a: 0.607474
		np_b: 1.9495
		np_c: 0.366549
		of_a: -0.341185
		of_b: -0.358086
		N_he3: 1
		N_h3: 1.00015
	Current chi2:
		15.5766
**********************************************

************ Fitting in progress *************
	on point 0
	on point 5
	on point 10
	on point 15
	on point 20
------------Finished calculations!------------
	Current parameters:
		np_a: 0.607386
		np_b: 1.94979
		np_c: 0.366552
		of_a: -0.341308
		of_b: -0.358119
		N_he3: 1
		N_h3: 1.00019
	Current chi2:
		15.5765
**********************************************

************ Fitting in progress *************
	on point 0
	on point 5
	on point 10
	on point 15
	on point 20
------------Finished calculations!------------
	Current parameters:
		np_a: 0.607398
		np_b: 1.94979
		np_c: 0.366552
		of_a: -0.341308
		of_b: -0.358119
		N_he3: 1
		N_h3: 1.00019
	Current chi2:
		15.5765
**********************************************

************ Fitting in progress *************
	on point 0
	on point 5
	on point 10
	on point 15
	on point 20
------------Finished calculations!------------
	Current parameters:
		np_a: 0.607374
		np_b: 1.94979
		np_c: 0.366552
		of_a: -0.341308
		of_b: -0.358119
		N_he3: 1
		N_h3: 1.00019
	Current chi2:
		15.5764
**********************************************

************ Fitting in progress *************
	on point 0
	on point 5
	on point 10
	on point 15
	on point 20
------------Finished calculations!------------
	Current parameters:
		np_a: 0.607386
		np_b: 1.94984
		np_c: 0.366552
		of_a: -0.341308
		of_b: -0.358119
		N_he3: 1
		N_h3: 1.00019
	Current chi2:
		15.5765
**********************************************

************ Fitting in progress *************
	on point 0
	on point 5
	on point 10
	on point 15
	on point 20
------------Finished calculations!------------
	Current parameters:
		np_a: 0.607386
		np_b: 1.94974
		np_c: 0.366552
		of_a: -0.341308
		of_b: -0.358119
		N_he3: 1
		N_h3: 1.00019
	Current chi2:
		15.5765
**********************************************

************ Fitting in progress *************
	on point 0
	on point 5
	on point 10
	on point 15
	on point 20
------------Finished calculations!------------
	Current parameters:
		np_a: 0.607386
		np_b: 1.94979
		np_c: 0.366557
		of_a: -0.341308
		of_b: -0.358119
		N_he3: 1
		N_h3: 1.00019
	Current chi2:
		15.5765
**********************************************

************ Fitting in progress *************
	on point 0
	on point 5
	on point 10
	on point 15
	on point 20
------------Finished calculations!------------
	Current parameters:
		np_a: 0.607386
		np_b: 1.94979
		np_c: 0.366548
		of_a: -0.341308
		of_b: -0.358119
		N_he3: 1
		N_h3: 1.00019
	Current chi2:
		15.5765
**********************************************

************ Fitting in progress *************
	on point 0
	on point 5
	on point 10
	on point 15
	on point 20
------------Finished calculations!------------
	Current parameters:
		np_a: 0.607386
		np_b: 1.94979
		np_c: 0.366552
		of_a: -0.341209
		of_b: -0.358119
		N_he3: 1
		N_h3: 1.00019
	Current chi2:
		15.5765
**********************************************

************ Fitting in progress *************
	on point 0
	on point 5
	on point 10
	on point 15
	on point 20
------------Finished calculations!------------
	Current parameters:
		np_a: 0.607386
		np_b: 1.94979
		np_c: 0.366552
		of_a: -0.341407
		of_b: -0.358119
		N_he3: 1
		N_h3: 1.00019
	Current chi2:
		15.5764
**********************************************

************ Fitting in progress *************
	on point 0
	on point 5
	on point 10
	on point 15
	on point 20
------------Finished calculations!------------
	Current parameters:
		np_a: 0.607386
		np_b: 1.94979
		np_c: 0.366552
		of_a: -0.341308
		of_b: -0.357913
		N_he3: 1
		N_h3: 1.00019
	Current chi2:
		15.5765
**********************************************

************ Fitting in progress *************
	on point 0
	on point 5
	on point 10
	on point 15
	on point 20
------------Finished calculations!------------
	Current parameters:
		np_a: 0.607386
		np_b: 1.94979
		np_c: 0.366552
		of_a: -0.341308
		of_b: -0.358324
		N_he3: 1
		N_h3: 1.00019
	Current chi2:
		15.5764
**********************************************

************ Fitting in progress *************
	on point 0
	on point 5
	on point 10
	on point 15
	on point 20
------------Finished calculations!------------
	Current parameters:
		np_a: 0.607386
		np_b: 1.94979
		np_c: 0.366552
		of_a: -0.341308
		of_b: -0.358119
		N_he3: 1
		N_h3: 1.00019
	Current chi2:
		15.5765
**********************************************

************ Fitting in progress *************
	on point 0
	on point 5
	on point 10
	on point 15
	on point 20
------------Finished calculations!------------
	Current parameters:
		np_a: 0.607386
		np_b: 1.94979
		np_c: 0.366552
		of_a: -0.341308
		of_b: -0.358119
		N_he3: 1
		N_h3: 1.00019
	Current chi2:
		15.5764
**********************************************

************ Fitting in progress *************
	on point 0
	on point 5
	on point 10
	on point 15
	on point 20
------------Finished calculations!------------
	Current parameters:
		np_a: 0.606754
		np_b: 1.96332
		np_c: 0.36889
		of_a: -0.340282
		of_b: -0.396363
		N_he3: 1
		N_h3: 0.999961
	Current chi2:
		15.573
**********************************************

************ Fitting in progress *************
	on point 0
	on point 5
	on point 10
	on point 15
	on point 20
------------Finished calculations!------------
	Current parameters:
		np_a: 0.60681
		np_b: 1.96212
		np_c: 0.368682
		of_a: -0.340373
		of_b: -0.392964
		N_he3: 1
		N_h3: 0.999982
	Current chi2:
		15.573
**********************************************

************ Fitting in progress *************
	on point 0
	on point 5
	on point 10
	on point 15
	on point 20
------------Finished calculations!------------
	Current parameters:
		np_a: 0.606822
		np_b: 1.96212
		np_c: 0.368682
		of_a: -0.340373
		of_b: -0.392964
		N_he3: 1
		N_h3: 0.999982
	Current chi2:
		15.573
**********************************************

************ Fitting in progress *************
	on point 0
	on point 5
	on point 10
	on point 15
	on point 20
------------Finished calculations!------------
	Current parameters:
		np_a: 0.606798
		np_b: 1.96212
		np_c: 0.368682
		of_a: -0.340373
		of_b: -0.392964
		N_he3: 1
		N_h3: 0.999982
	Current chi2:
		15.573
**********************************************

************ Fitting in progress *************
	on point 0
	on point 5
	on point 10
	on point 15
	on point 20
------------Finished calculations!------------
	Current parameters:
		np_a: 0.60681
		np_b: 1.96216
		np_c: 0.368682
		of_a: -0.340373
		of_b: -0.392964
		N_he3: 1
		N_h3: 0.999982
	Current chi2:
		15.573
**********************************************

************ Fitting in progress *************
	on point 0
	on point 5
	on point 10
	on point 15
	on point 20
------------Finished calculations!------------
	Current parameters:
		np_a: 0.60681
		np_b: 1.96207
		np_c: 0.368682
		of_a: -0.340373
		of_b: -0.392964
		N_he3: 1
		N_h3: 0.999982
	Current chi2:
		15.5729
**********************************************

************ Fitting in progress *************
	on point 0
	on point 5
	on point 10
	on point 15
	on point 20
------------Finished calculations!------------
	Current parameters:
		np_a: 0.60681
		np_b: 1.96212
		np_c: 0.368687
		of_a: -0.340373
		of_b: -0.392964
		N_he3: 1
		N_h3: 0.999982
	Current chi2:
		15.5729
**********************************************

************ Fitting in progress *************
	on point 0
	on point 5
	on point 10
	on point 15
	on point 20
------------Finished calculations!------------
	Current parameters:
		np_a: 0.60681
		np_b: 1.96212
		np_c: 0.368678
		of_a: -0.340373
		of_b: -0.392964
		N_he3: 1
		N_h3: 0.999982
	Current chi2:
		15.5731
**********************************************

************ Fitting in progress *************
	on point 0
	on point 5
	on point 10
	on point 15
	on point 20
------------Finished calculations!------------
	Current parameters:
		np_a: 0.60681
		np_b: 1.96212
		np_c: 0.368682
		of_a: -0.340274
		of_b: -0.392964
		N_he3: 1
		N_h3: 0.999982
	Current chi2:
		15.5729
**********************************************

************ Fitting in progress *************
	on point 0
	on point 5
	on point 10
	on point 15
	on point 20
------------Finished calculations!------------
	Current parameters:
		np_a: 0.60681
		np_b: 1.96212
		np_c: 0.368682
		of_a: -0.340472
		of_b: -0.392964
		N_he3: 1
		N_h3: 0.999982
	Current chi2:
		15.5731
**********************************************

************ Fitting in progress *************
	on point 0
	on point 5
	on point 10
	on point 15
	on point 20
------------Finished calculations!------------
	Current parameters:
		np_a: 0.60681
		np_b: 1.96212
		np_c: 0.368682
		of_a: -0.340373
		of_b: -0.392759
		N_he3: 1
		N_h3: 0.999982
	Current chi2:
		15.5729
**********************************************

************ Fitting in progress *************
	on point 0
	on point 5
	on point 10
	on point 15
	on point 20
------------Finished calculations!------------
	Current parameters:
		np_a: 0.60681
		np_b: 1.96212
		np_c: 0.368682
		of_a: -0.340373
		of_b: -0.39317
		N_he3: 1
		N_h3: 0.999982
	Current chi2:
		15.5731
**********************************************

************ Fitting in progress *************
	on point 0
	on point 5
	on point 10
	on point 15
	on point 20
------------Finished calculations!------------
	Current parameters:
		np_a: 0.60681
		np_b: 1.96212
		np_c: 0.368682
		of_a: -0.340373
		of_b: -0.392964
		N_he3: 1
		N_h3: 0.999986
	Current chi2:
		15.5729
**********************************************

************ Fitting in progress *************
	on point 0
	on point 5
	on point 10
	on point 15
	on point 20
------------Finished calculations!------------
	Current parameters:
		np_a: 0.60681
		np_b: 1.96212
		np_c: 0.368682
		of_a: -0.340373
		of_b: -0.392964
		N_he3: 1
		N_h3: 0.999978
	Current chi2:
		15.573
**********************************************

************ Fitting in progress *************
	on point 0
	on point 5
	on point 10
	on point 15
	on point 20
------------Finished calculations!------------
	Current parameters:
		np_a: 0.606333
		np_b: 1.96481
		np_c: 0.369284
		of_a: -0.34071
		of_b: -0.402329
		N_he3: 1
		N_h3: 0.999999
	Current chi2:
		15.5714
**********************************************

************ Fitting in progress *************
	on point 0
	on point 5
	on point 10
	on point 15
	on point 20
------------Finished calculations!------------
	Current parameters:
		np_a: 0.605757
		np_b: 1.96808
		np_c: 0.370011
		of_a: -0.341116
		of_b: -0.413641
		N_he3: 1
		N_h3: 1.00002
	Current chi2:
		15.5708
**********************************************

************ Fitting in progress *************
	on point 0
	on point 5
	on point 10
	on point 15
	on point 20
------------Finished calculations!------------
	Current parameters:
		np_a: 0.605769
		np_b: 1.96808
		np_c: 0.370011
		of_a: -0.341116
		of_b: -0.413641
		N_he3: 1
		N_h3: 1.00002
	Current chi2:
		15.5708
**********************************************

************ Fitting in progress *************
	on point 0
	on point 5
	on point 10
	on point 15
	on point 20
------------Finished calculations!------------
	Current parameters:
		np_a: 0.605745
		np_b: 1.96808
		np_c: 0.370011
		of_a: -0.341116
		of_b: -0.413641
		N_he3: 1
		N_h3: 1.00002
	Current chi2:
		15.5708
**********************************************

************ Fitting in progress *************
	on point 0
	on point 5
	on point 10
	on point 15
	on point 20
------------Finished calculations!------------
	Current parameters:
		np_a: 0.605757
		np_b: 1.96812
		np_c: 0.370011
		of_a: -0.341116
		of_b: -0.413641
		N_he3: 1
		N_h3: 1.00002
	Current chi2:
		15.5708
**********************************************

************ Fitting in progress *************
	on point 0
	on point 5
	on point 10
	on point 15
	on point 20
------------Finished calculations!------------
	Current parameters:
		np_a: 0.605757
		np_b: 1.96803
		np_c: 0.370011
		of_a: -0.341116
		of_b: -0.413641
		N_he3: 1
		N_h3: 1.00002
	Current chi2:
		15.5708
**********************************************

************ Fitting in progress *************
	on point 0
	on point 5
	on point 10
	on point 15
	on point 20
------------Finished calculations!------------
	Current parameters:
		np_a: 0.605757
		np_b: 1.96808
		np_c: 0.370016
		of_a: -0.341116
		of_b: -0.413641
		N_he3: 1
		N_h3: 1.00002
	Current chi2:
		15.5708
**********************************************

************ Fitting in progress *************
	on point 0
	on point 5
	on point 10
	on point 15
	on point 20
------------Finished calculations!------------
	Current parameters:
		np_a: 0.605757
		np_b: 1.96808
		np_c: 0.370007
		of_a: -0.341116
		of_b: -0.413641
		N_he3: 1
		N_h3: 1.00002
	Current chi2:
		15.5708
**********************************************

************ Fitting in progress *************
	on point 0
	on point 5
	on point 10
	on point 15
	on point 20
------------Finished calculations!------------
	Current parameters:
		np_a: 0.605757
		np_b: 1.96808
		np_c: 0.370011
		of_a: -0.341018
		of_b: -0.413641
		N_he3: 1
		N_h3: 1.00002
	Current chi2:
		15.5708
**********************************************

************ Fitting in progress *************
	on point 0
	on point 5
	on point 10
	on point 15
	on point 20
------------Finished calculations!------------
	Current parameters:
		np_a: 0.605757
		np_b: 1.96808
		np_c: 0.370011
		of_a: -0.341215
		of_b: -0.413641
		N_he3: 1
		N_h3: 1.00002
	Current chi2:
		15.5708
**********************************************

************ Fitting in progress *************
	on point 0
	on point 5
	on point 10
	on point 15
	on point 20
------------Finished calculations!------------
	Current parameters:
		np_a: 0.605757
		np_b: 1.96808
		np_c: 0.370011
		of_a: -0.341116
		of_b: -0.413436
		N_he3: 1
		N_h3: 1.00002
	Current chi2:
		15.5708
**********************************************

************ Fitting in progress *************
	on point 0
	on point 5
	on point 10
	on point 15
	on point 20
------------Finished calculations!------------
	Current parameters:
		np_a: 0.605757
		np_b: 1.96808
		np_c: 0.370011
		of_a: -0.341116
		of_b: -0.413846
		N_he3: 1
		N_h3: 1.00002
	Current chi2:
		15.5708
**********************************************

************ Fitting in progress *************
	on point 0
	on point 5
	on point 10
	on point 15
	on point 20
------------Finished calculations!------------
	Current parameters:
		np_a: 0.605757
		np_b: 1.96808
		np_c: 0.370011
		of_a: -0.341116
		of_b: -0.413641
		N_he3: 1
		N_h3: 1.00002
	Current chi2:
		15.5708
**********************************************

************ Fitting in progress *************
	on point 0
	on point 5
	on point 10
	on point 15
	on point 20
------------Finished calculations!------------
	Current parameters:
		np_a: 0.605757
		np_b: 1.96808
		np_c: 0.370011
		of_a: -0.341116
		of_b: -0.413641
		N_he3: 1
		N_h3: 1.00002
	Current chi2:
		15.5708
**********************************************

************ Fitting in progress *************
	on point 0
	on point 5
	on point 10
	on point 15
	on point 20
------------Finished calculations!------------
	Current parameters:
		np_a: 0.605757
		np_b: 1.96808
		np_c: 0.370011
		of_a: -0.341116
		of_b: -0.413641
		N_he3: 1
		N_h3: 1.00002
	Current chi2:
		15.5708
**********************************************

************ Fitting in progress *************
	on point 0
	on point 5
	on point 10
	on point 15
	on point 20
------------Finished calculations!------------
	Current parameters:
		np_a: 0.605769
		np_b: 1.96808
		np_c: 0.370011
		of_a: -0.341116
		of_b: -0.413641
		N_he3: 1
		N_h3: 1.00002
	Current chi2:
		15.5708
**********************************************

************ Fitting in progress *************
	on point 0
	on point 5
	on point 10
	on point 15
	on point 20
------------Finished calculations!------------
	Current parameters:
		np_a: 0.605745
		np_b: 1.96808
		np_c: 0.370011
		of_a: -0.341116
		of_b: -0.413641
		N_he3: 1
		N_h3: 1.00002
	Current chi2:
		15.5708
**********************************************

************ Fitting in progress *************
	on point 0
	on point 5
	on point 10
	on point 15
	on point 20
------------Finished calculations!------------
	Current parameters:
		np_a: 0.605757
		np_b: 1.96812
		np_c: 0.370011
		of_a: -0.341116
		of_b: -0.413641
		N_he3: 1
		N_h3: 1.00002
	Current chi2:
		15.5708
**********************************************

************ Fitting in progress *************
	on point 0
	on point 5
	on point 10
	on point 15
	on point 20
------------Finished calculations!------------
	Current parameters:
		np_a: 0.605757
		np_b: 1.96803
		np_c: 0.370011
		of_a: -0.341116
		of_b: -0.413641
		N_he3: 1
		N_h3: 1.00002
	Current chi2:
		15.5708
**********************************************

************ Fitting in progress *************
	on point 0
	on point 5
	on point 10
	on point 15
	on point 20
------------Finished calculations!------------
	Current parameters:
		np_a: 0.605757
		np_b: 1.96808
		np_c: 0.370016
		of_a: -0.341116
		of_b: -0.413641
		N_he3: 1
		N_h3: 1.00002
	Current chi2:
		15.5708
**********************************************

************ Fitting in progress *************
	on point 0
	on point 5
	on point 10
	on point 15
	on point 20
------------Finished calculations!------------
	Current parameters:
		np_a: 0.605757
		np_b: 1.96808
		np_c: 0.370007
		of_a: -0.341116
		of_b: -0.413641
		N_he3: 1
		N_h3: 1.00002
	Current chi2:
		15.5708
**********************************************

************ Fitting in progress *************
	on point 0
	on point 5
	on point 10
	on point 15
	on point 20
------------Finished calculations!------------
	Current parameters:
		np_a: 0.605757
		np_b: 1.96808
		np_c: 0.370011
		of_a: -0.341018
		of_b: -0.413641
		N_he3: 1
		N_h3: 1.00002
	Current chi2:
		15.5708
**********************************************

************ Fitting in progress *************
	on point 0
	on point 5
	on point 10
	on point 15
	on point 20
------------Finished calculations!------------
	Current parameters:
		np_a: 0.605757
		np_b: 1.96808
		np_c: 0.370011
		of_a: -0.341215
		of_b: -0.413641
		N_he3: 1
		N_h3: 1.00002
	Current chi2:
		15.5708
**********************************************

************ Fitting in progress *************
	on point 0
	on point 5
	on point 10
	on point 15
	on point 20
------------Finished calculations!------------
	Current parameters:
		np_a: 0.605757
		np_b: 1.96808
		np_c: 0.370011
		of_a: -0.341116
		of_b: -0.413436
		N_he3: 1
		N_h3: 1.00002
	Current chi2:
		15.5708
**********************************************

************ Fitting in progress *************
	on point 0
	on point 5
	on point 10
	on point 15
	on point 20
------------Finished calculations!------------
	Current parameters:
		np_a: 0.605757
		np_b: 1.96808
		np_c: 0.370011
		of_a: -0.341116
		of_b: -0.413846
		N_he3: 1
		N_h3: 1.00002
	Current chi2:
		15.5708
**********************************************

************ Fitting in progress *************
	on point 0
	on point 5
	on point 10
	on point 15
	on point 20
------------Finished calculations!------------
	Current parameters:
		np_a: 0.605757
		np_b: 1.96808
		np_c: 0.370011
		of_a: -0.341116
		of_b: -0.413641
		N_he3: 1
		N_h3: 1.00002
	Current chi2:
		15.5708
**********************************************

************ Fitting in progress *************
	on point 0
	on point 5
	on point 10
	on point 15
	on point 20
------------Finished calculations!------------
	Current parameters:
		np_a: 0.605757
		np_b: 1.96808
		np_c: 0.370011
		of_a: -0.341116
		of_b: -0.413641
		N_he3: 1
		N_h3: 1.00002
	Current chi2:
		15.5708
**********************************************

************ Fitting in progress *************
	on point 0
	on point 5
	on point 10
	on point 15
	on point 20
------------Finished calculations!------------
	Current parameters:
		np_a: 0.605759
		np_b: 1.96808
		np_c: 0.370011
		of_a: -0.341116
		of_b: -0.413641
		N_he3: 1
		N_h3: 1.00002
	Current chi2:
		15.5708
**********************************************

************ Fitting in progress *************
	on point 0
	on point 5
	on point 10
	on point 15
	on point 20
------------Finished calculations!------------
	Current parameters:
		np_a: 0.605754
		np_b: 1.96808
		np_c: 0.370011
		of_a: -0.341116
		of_b: -0.413641
		N_he3: 1
		N_h3: 1.00002
	Current chi2:
		15.5708
**********************************************

************ Fitting in progress *************
	on point 0
	on point 5
	on point 10
	on point 15
	on point 20
------------Finished calculations!------------
	Current parameters:
		np_a: 0.605757
		np_b: 1.96808
		np_c: 0.370011
		of_a: -0.341116
		of_b: -0.413641
		N_he3: 1
		N_h3: 1.00002
	Current chi2:
		15.5708
**********************************************

************ Fitting in progress *************
	on point 0
	on point 5
	on point 10
	on point 15
	on point 20
------------Finished calculations!------------
	Current parameters:
		np_a: 0.605757
		np_b: 1.96807
		np_c: 0.370011
		of_a: -0.341116
		of_b: -0.413641
		N_he3: 1
		N_h3: 1.00002
	Current chi2:
		15.5708
**********************************************

************ Fitting in progress *************
	on point 0
	on point 5
	on point 10
	on point 15
	on point 20
------------Finished calculations!------------
	Current parameters:
		np_a: 0.605757
		np_b: 1.96808
		np_c: 0.370012
		of_a: -0.341116
		of_b: -0.413641
		N_he3: 1
		N_h3: 1.00002
	Current chi2:
		15.5708
**********************************************

************ Fitting in progress *************
	on point 0
	on point 5
	on point 10
	on point 15
	on point 20
------------Finished calculations!------------
	Current parameters:
		np_a: 0.605757
		np_b: 1.96808
		np_c: 0.370011
		of_a: -0.341116
		of_b: -0.413641
		N_he3: 1
		N_h3: 1.00002
	Current chi2:
		15.5708
**********************************************

************ Fitting in progress *************
	on point 0
	on point 5
	on point 10
	on point 15
	on point 20
------------Finished calculations!------------
	Current parameters:
		np_a: 0.605757
		np_b: 1.96808
		np_c: 0.370011
		of_a: -0.341097
		of_b: -0.413641
		N_he3: 1
		N_h3: 1.00002
	Current chi2:
		15.5708
**********************************************

************ Fitting in progress *************
	on point 0
	on point 5
	on point 10
	on point 15
	on point 20
------------Finished calculations!------------
	Current parameters:
		np_a: 0.605757
		np_b: 1.96808
		np_c: 0.370011
		of_a: -0.341136
		of_b: -0.413641
		N_he3: 1
		N_h3: 1.00002
	Current chi2:
		15.5708
**********************************************

************ Fitting in progress *************
	on point 0
	on point 5
	on point 10
	on point 15
	on point 20
------------Finished calculations!------------
	Current parameters:
		np_a: 0.605757
		np_b: 1.96808
		np_c: 0.370011
		of_a: -0.341116
		of_b: -0.4136
		N_he3: 1
		N_h3: 1.00002
	Current chi2:
		15.5708
**********************************************

************ Fitting in progress *************
	on point 0
	on point 5
	on point 10
	on point 15
	on point 20
------------Finished calculations!------------
	Current parameters:
		np_a: 0.605757
		np_b: 1.96808
		np_c: 0.370011
		of_a: -0.341116
		of_b: -0.413682
		N_he3: 1
		N_h3: 1.00002
	Current chi2:
		15.5708
**********************************************

************ Fitting in progress *************
	on point 0
	on point 5
	on point 10
	on point 15
	on point 20
------------Finished calculations!------------
	Current parameters:
		np_a: 0.605757
		np_b: 1.96808
		np_c: 0.370011
		of_a: -0.341116
		of_b: -0.413641
		N_he3: 1
		N_h3: 1.00002
	Current chi2:
		15.5708
**********************************************

************ Fitting in progress *************
	on point 0
	on point 5
	on point 10
	on point 15
	on point 20
------------Finished calculations!------------
	Current parameters:
		np_a: 0.605757
		np_b: 1.96808
		np_c: 0.370011
		of_a: -0.341116
		of_b: -0.413641
		N_he3: 1
		N_h3: 1.00002
	Current chi2:
		15.5708
**********************************************

************ Fitting in progress *************
	on point 0
	on point 5
	on point 10
	on point 15
	on point 20
------------Finished calculations!------------
	Current parameters:
		np_a: 0.605769
		np_b: 1.96812
		np_c: 0.370011
		of_a: -0.341116
		of_b: -0.413641
		N_he3: 1
		N_h3: 1.00002
	Current chi2:
		15.5708
**********************************************

************ Fitting in progress *************
	on point 0
	on point 5
	on point 10
	on point 15
	on point 20
------------Finished calculations!------------
	Current parameters:
		np_a: 0.605769
		np_b: 1.96808
		np_c: 0.370016
		of_a: -0.341116
		of_b: -0.413641
		N_he3: 1
		N_h3: 1.00002
	Current chi2:
		15.5708
**********************************************

************ Fitting in progress *************
	on point 0
	on point 5
	on point 10
	on point 15
	on point 20
------------Finished calculations!------------
	Current parameters:
		np_a: 0.605769
		np_b: 1.96808
		np_c: 0.370011
		of_a: -0.341018
		of_b: -0.413641
		N_he3: 1
		N_h3: 1.00002
	Current chi2:
		15.5708
**********************************************

************ Fitting in progress *************
	on point 0
	on point 5
	on point 10
	on point 15
	on point 20
------------Finished calculations!------------
	Current parameters:
		np_a: 0.605769
		np_b: 1.96808
		np_c: 0.370011
		of_a: -0.341116
		of_b: -0.413436
		N_he3: 1
		N_h3: 1.00002
	Current chi2:
		15.5708
**********************************************

************ Fitting in progress *************
	on point 0
	on point 5
	on point 10
	on point 15
	on point 20
------------Finished calculations!------------
	Current parameters:
		np_a: 0.605769
		np_b: 1.96808
		np_c: 0.370011
		of_a: -0.341116
		of_b: -0.413641
		N_he3: 1
		N_h3: 1.00002
	Current chi2:
		15.5708
**********************************************

************ Fitting in progress *************
	on point 0
	on point 5
	on point 10
	on point 15
	on point 20
------------Finished calculations!------------
	Current parameters:
		np_a: 0.605757
		np_b: 1.96812
		np_c: 0.370016
		of_a: -0.341116
		of_b: -0.413641
		N_he3: 1
		N_h3: 1.00002
	Current chi2:
		15.5708
**********************************************

************ Fitting in progress *************
	on point 0
	on point 5
	on point 10
	on point 15
	on point 20
------------Finished calculations!------------
	Current parameters:
		np_a: 0.605757
		np_b: 1.96812
		np_c: 0.370011
		of_a: -0.341018
		of_b: -0.413641
		N_he3: 1
		N_h3: 1.00002
	Current chi2:
		15.5708
**********************************************

************ Fitting in progress *************
	on point 0
	on point 5
	on point 10
	on point 15
	on point 20
------------Finished calculations!------------
	Current parameters:
		np_a: 0.605757
		np_b: 1.96812
		np_c: 0.370011
		of_a: -0.341116
		of_b: -0.413436
		N_he3: 1
		N_h3: 1.00002
	Current chi2:
		15.5708
**********************************************

************ Fitting in progress *************
	on point 0
	on point 5
	on point 10
	on point 15
	on point 20
------------Finished calculations!------------
	Current parameters:
		np_a: 0.605757
		np_b: 1.96812
		np_c: 0.370011
		of_a: -0.341116
		of_b: -0.413641
		N_he3: 1
		N_h3: 1.00002
	Current chi2:
		15.5708
**********************************************

************ Fitting in progress *************
	on point 0
	on point 5
	on point 10
	on point 15
	on point 20
------------Finished calculations!------------
	Current parameters:
		np_a: 0.605757
		np_b: 1.96808
		np_c: 0.370016
		of_a: -0.341018
		of_b: -0.413641
		N_he3: 1
		N_h3: 1.00002
	Current chi2:
		15.5708
**********************************************

************ Fitting in progress *************
	on point 0
	on point 5
	on point 10
	on point 15
	on point 20
------------Finished calculations!------------
	Current parameters:
		np_a: 0.605757
		np_b: 1.96808
		np_c: 0.370016
		of_a: -0.341116
		of_b: -0.413436
		N_he3: 1
		N_h3: 1.00002
	Current chi2:
		15.5708
**********************************************

************ Fitting in progress *************
	on point 0
	on point 5
	on point 10
	on point 15
	on point 20
------------Finished calculations!------------
	Current parameters:
		np_a: 0.605757
		np_b: 1.96808
		np_c: 0.370016
		of_a: -0.341116
		of_b: -0.413641
		N_he3: 1
		N_h3: 1.00002
	Current chi2:
		15.5708
**********************************************

************ Fitting in progress *************
	on point 0
	on point 5
	on point 10
	on point 15
	on point 20
------------Finished calculations!------------
	Current parameters:
		np_a: 0.605757
		np_b: 1.96808
		np_c: 0.370011
		of_a: -0.341018
		of_b: -0.413436
		N_he3: 1
		N_h3: 1.00002
	Current chi2:
		15.5708
**********************************************

************ Fitting in progress *************
	on point 0
	on point 5
	on point 10
	on point 15
	on point 20
------------Finished calculations!------------
	Current parameters:
		np_a: 0.605757
		np_b: 1.96808
		np_c: 0.370011
		of_a: -0.341018
		of_b: -0.413641
		N_he3: 1
		N_h3: 1.00002
	Current chi2:
		15.5708
**********************************************

************ Fitting in progress *************
	on point 0
	on point 5
	on point 10
	on point 15
	on point 20
------------Finished calculations!------------
	Current parameters:
		np_a: 0.605757
		np_b: 1.96808
		np_c: 0.370011
		of_a: -0.341116
		of_b: -0.413436
		N_he3: 1
		N_h3: 1.00002
	Current chi2:
		15.5708
**********************************************

Info in <Minuit2>: matrix forced pos-def by adding to diagonal : padd = 0.00535823
Info in <Minuit2>: MnHesse: matrix was forced pos. def. 
Info in <Minuit2>: Minuit2Minimizer::Minimize : Covar was made pos def
Minuit2Minimizer : Valid minimum - status = 1
FVAL  = 15.5707852008462009
Edm   = 0.000104604306842920108
Nfcn  = 237
np_a	  = 0.605757	 +/-  0.0262983
np_b	  = 1.96808	 +/-  0.15569
np_c	  = 0.370011	 +/-  0.0232992
of_a	  = -0.341116	 +/-  0.541632
of_b	  = -0.413641	 +/-  0.834429
N_he3	  = 1	 (fixed)
N_h3	  = 1.00002	 +/-  0.00978256
Printing covariance matrix:

7x7 matrix is as follows

     |      0    |      1    |      2    |      3    |      4    |
----------------------------------------------------------------------
   0 |  0.0006916  -9.671e-05   -0.000108   -0.008891     0.01774 
   1 | -9.671e-05     0.02424     0.00287    -0.01061    -0.02188 
   2 |  -0.000108     0.00287   0.0005429   -0.003115   -0.003338 
   3 |  -0.008891    -0.01061   -0.003115      0.2934     -0.3962 
   4 |    0.01774    -0.02188   -0.003338     -0.3962      0.6963 
   5 |          0           0           0           0           0 
   6 | -6.559e-05   0.0002555  -3.734e-05  -0.0003632  -0.0001479 


     |      5    |      6    |
----------------------------------------------------------------------
   0 |          0  -6.559e-05 
   1 |          0   0.0002555 
   2 |          0  -3.734e-05 
   3 |          0  -0.0003632 
   4 |          0  -0.0001479 
   5 |          0           0 
   6 |          0    9.57e-05 



************ Fit covar results *************
		 [ i*ndim + j ] 
0.000691599 1 0 0
-9.67105e-05 -0.0236203 0 1
-0.000107961 -0.176198 0 2
-0.00889096 -0.624191 0 3
0.0177356 0.808222 0 4
0 0 0 5
-6.55939e-05 -0.254967 0 6
-9.67105e-05 -0.0236203 1 0
0.0242394 1 1 1
0.00287024 0.791256 1 2
-0.010606 -0.125773 1 3
-0.0218848 -0.168458 1 4
0 0 1 5
0.000255462 0.167731 1 6
-0.000107961 -0.176198 2 0
0.00287024 0.791256 2 1
0.000542851 1 2 2
-0.00311539 -0.24687 2 3
-0.00333753 -0.17167 2 4
0 0 2 5
-3.73364e-05 -0.16381 2 6
-0.00889096 -0.624191 3 0
-0.010606 -0.125773 3 1
-0.00311539 -0.24687 3 2
0.293365 1 3 3
-0.396192 -0.876621 3 4
0 0 3 5
-0.00036318 -0.0685434 3 6
0.0177356 0.808222 4 0
-0.0218848 -0.168458 4 1
-0.00333753 -0.17167 4 2
-0.396192 -0.876621 4 3
0.696272 1 4 4
0 0 4 5
-0.000147881 -0.0181164 4 6
0 0 5 0
0 0 5 1
0 0 5 2
0 0 5 3
0 0 5 4
0 0 5 5
0 0 5 6
-6.55939e-05 -0.254967 6 0
0.000255462 0.167731 6 1
-3.73364e-05 -0.16381 6 2
-0.00036318 -0.0685434 6 3
-0.000147881 -0.0181164 6 4
0 0 6 5
9.56985e-05 1 6 6
**********************************************
