************ Fitting in progress *************
	on point 0
	on point 5
	on point 10
	on point 15
	on point 20
------------Finished calculations!------------
	Current parameters:
		np_a: 0.568697
		np_b: 2.20877
		np_c: 0.41562
		of_p: 0
		of_n: 0
		N_he3: 1
		N_h3: 1
	Current chi2:
		352.968
**********************************************

************ Fitting in progress *************
	on point 0
	on point 5
	on point 10
	on point 15
	on point 20
------------Finished calculations!------------
	Current parameters:
		np_a: 0.569697
		np_b: 2.20877
		np_c: 0.41562
		of_p: 0
		of_n: 0
		N_he3: 1
		N_h3: 1
	Current chi2:
		356.105
**********************************************

************ Fitting in progress *************
	on point 0
	on point 5
	on point 10
	on point 15
	on point 20
------------Finished calculations!------------
	Current parameters:
		np_a: 0.567697
		np_b: 2.20877
		np_c: 0.41562
		of_p: 0
		of_n: 0
		N_he3: 1
		N_h3: 1
	Current chi2:
		349.881
**********************************************

************ Fitting in progress *************
	on point 0
	on point 5
	on point 10
	on point 15
	on point 20
------------Finished calculations!------------
	Current parameters:
		np_a: 0.568797
		np_b: 2.20877
		np_c: 0.41562
		of_p: 0
		of_n: 0
		N_he3: 1
		N_h3: 1
	Current chi2:
		353.28
**********************************************

************ Fitting in progress *************
	on point 0
	on point 5
	on point 10
	on point 15
	on point 20
------------Finished calculations!------------
	Current parameters:
		np_a: 0.568597
		np_b: 2.20877
		np_c: 0.41562
		of_p: 0
		of_n: 0
		N_he3: 1
		N_h3: 1
	Current chi2:
		352.657
**********************************************

************ Fitting in progress *************
	on point 0
	on point 5
	on point 10
	on point 15
	on point 20
------------Finished calculations!------------
	Current parameters:
		np_a: 0.568697
		np_b: 2.20977
		np_c: 0.41562
		of_p: 0
		of_n: 0
		N_he3: 1
		N_h3: 1
	Current chi2:
		351.995
**********************************************

************ Fitting in progress *************
	on point 0
	on point 5
	on point 10
	on point 15
	on point 20
------------Finished calculations!------------
	Current parameters:
		np_a: 0.568697
		np_b: 2.20777
		np_c: 0.41562
		of_p: 0
		of_n: 0
		N_he3: 1
		N_h3: 1
	Current chi2:
		353.945
**********************************************

************ Fitting in progress *************
	on point 0
	on point 5
	on point 10
	on point 15
	on point 20
------------Finished calculations!------------
	Current parameters:
		np_a: 0.568697
		np_b: 2.209
		np_c: 0.41562
		of_p: 0
		of_n: 0
		N_he3: 1
		N_h3: 1
	Current chi2:
		352.743
**********************************************

************ Fitting in progress *************
	on point 0
	on point 5
	on point 10
	on point 15
	on point 20
------------Finished calculations!------------
	Current parameters:
		np_a: 0.568697
		np_b: 2.20854
		np_c: 0.41562
		of_p: 0
		of_n: 0
		N_he3: 1
		N_h3: 1
	Current chi2:
		353.194
**********************************************

************ Fitting in progress *************
	on point 0
	on point 5
	on point 10
	on point 15
	on point 20
------------Finished calculations!------------
	Current parameters:
		np_a: 0.568697
		np_b: 2.20877
		np_c: 0.41662
		of_p: 0
		of_n: 0
		N_he3: 1
		N_h3: 1
	Current chi2:
		367.964
**********************************************

************ Fitting in progress *************
	on point 0
	on point 5
	on point 10
	on point 15
	on point 20
------------Finished calculations!------------
	Current parameters:
		np_a: 0.568697
		np_b: 2.20877
		np_c: 0.41462
		of_p: 0
		of_n: 0
		N_he3: 1
		N_h3: 1
	Current chi2:
		338.378
**********************************************

************ Fitting in progress *************
	on point 0
	on point 5
	on point 10
	on point 15
	on point 20
------------Finished calculations!------------
	Current parameters:
		np_a: 0.568697
		np_b: 2.20877
		np_c: 0.41572
		of_p: 0
		of_n: 0
		N_he3: 1
		N_h3: 1
	Current chi2:
		354.45
**********************************************

************ Fitting in progress *************
	on point 0
	on point 5
	on point 10
	on point 15
	on point 20
------------Finished calculations!------------
	Current parameters:
		np_a: 0.568697
		np_b: 2.20877
		np_c: 0.41552
		of_p: 0
		of_n: 0
		N_he3: 1
		N_h3: 1
	Current chi2:
		351.491
**********************************************

************ Fitting in progress *************
	on point 0
	on point 5
	on point 10
	on point 15
	on point 20
------------Finished calculations!------------
	Current parameters:
		np_a: 0.568697
		np_b: 2.20877
		np_c: 0.41562
		of_p: 0.001
		of_n: 0
		N_he3: 1
		N_h3: 1
	Current chi2:
		353.376
**********************************************

************ Fitting in progress *************
	on point 0
	on point 5
	on point 10
	on point 15
	on point 20
------------Finished calculations!------------
	Current parameters:
		np_a: 0.568697
		np_b: 2.20877
		np_c: 0.41562
		of_p: -0.001
		of_n: 0
		N_he3: 1
		N_h3: 1
	Current chi2:
		352.561
**********************************************

************ Fitting in progress *************
	on point 0
	on point 5
	on point 10
	on point 15
	on point 20
------------Finished calculations!------------
	Current parameters:
		np_a: 0.568697
		np_b: 2.20877
		np_c: 0.41562
		of_p: 0
		of_n: 0.001
		N_he3: 1
		N_h3: 1
	Current chi2:
		353.284
**********************************************

************ Fitting in progress *************
	on point 0
	on point 5
	on point 10
	on point 15
	on point 20
------------Finished calculations!------------
	Current parameters:
		np_a: 0.568697
		np_b: 2.20877
		np_c: 0.41562
		of_p: 0
		of_n: -0.001
		N_he3: 1
		N_h3: 1
	Current chi2:
		352.653
**********************************************

************ Fitting in progress *************
	on point 0
	on point 5
	on point 10
	on point 15
	on point 20
------------Finished calculations!------------
	Current parameters:
		np_a: 0.568697
		np_b: 2.20877
		np_c: 0.41562
		of_p: 0
		of_n: 0
		N_he3: 1
		N_h3: 1.001
	Current chi2:
		368.464
**********************************************

************ Fitting in progress *************
	on point 0
	on point 5
	on point 10
	on point 15
	on point 20
------------Finished calculations!------------
	Current parameters:
		np_a: 0.568697
		np_b: 2.20877
		np_c: 0.41562
		of_p: 0
		of_n: 0
		N_he3: 1
		N_h3: 0.999
	Current chi2:
		337.966
**********************************************

************ Fitting in progress *************
	on point 0
	on point 5
	on point 10
	on point 15
	on point 20
------------Finished calculations!------------
	Current parameters:
		np_a: 0.568697
		np_b: 2.20877
		np_c: 0.41562
		of_p: 0
		of_n: 0
		N_he3: 1
		N_h3: 1.0001
	Current chi2:
		354.496
**********************************************

************ Fitting in progress *************
	on point 0
	on point 5
	on point 10
	on point 15
	on point 20
------------Finished calculations!------------
	Current parameters:
		np_a: 0.568697
		np_b: 2.20877
		np_c: 0.41562
		of_p: 0
		of_n: 0
		N_he3: 1
		N_h3: 0.9999
	Current chi2:
		351.446
**********************************************

************ Fitting in progress *************
	on point 0
	on point 5
	on point 10
	on point 15
	on point 20
------------Finished calculations!------------
	Current parameters:
		np_a: 0.504995
		np_b: 2.51708
		np_c: 0.379169
		of_p: -1.59266
		of_n: -1.91694
		N_he3: 1
		N_h3: 0.969091
	Current chi2:
		3971.71
**********************************************

************ Fitting in progress *************
	on point 0
	on point 5
	on point 10
	on point 15
	on point 20
------------Finished calculations!------------
	Current parameters:
		np_a: 0.554906
		np_b: 2.27552
		np_c: 0.407728
		of_p: -0.344806
		of_n: -0.415013
		N_he3: 1
		N_h3: 0.993308
	Current chi2:
		90.4588
**********************************************

************ Fitting in progress *************
	on point 0
	on point 5
	on point 10
	on point 15
	on point 20
------------Finished calculations!------------
	Current parameters:
		np_a: 0.554936
		np_b: 2.27552
		np_c: 0.407728
		of_p: -0.344806
		of_n: -0.415013
		N_he3: 1
		N_h3: 0.993308
	Current chi2:
		90.408
**********************************************

************ Fitting in progress *************
	on point 0
	on point 5
	on point 10
	on point 15
	on point 20
------------Finished calculations!------------
	Current parameters:
		np_a: 0.554876
		np_b: 2.27552
		np_c: 0.407728
		of_p: -0.344806
		of_n: -0.415013
		N_he3: 1
		N_h3: 0.993308
	Current chi2:
		90.5096
**********************************************

************ Fitting in progress *************
	on point 0
	on point 5
	on point 10
	on point 15
	on point 20
------------Finished calculations!------------
	Current parameters:
		np_a: 0.554906
		np_b: 2.27564
		np_c: 0.407728
		of_p: -0.344806
		of_n: -0.415013
		N_he3: 1
		N_h3: 0.993308
	Current chi2:
		90.486
**********************************************

************ Fitting in progress *************
	on point 0
	on point 5
	on point 10
	on point 15
	on point 20
------------Finished calculations!------------
	Current parameters:
		np_a: 0.554906
		np_b: 2.2754
		np_c: 0.407728
		of_p: -0.344806
		of_n: -0.415013
		N_he3: 1
		N_h3: 0.993308
	Current chi2:
		90.4316
**********************************************

************ Fitting in progress *************
	on point 0
	on point 5
	on point 10
	on point 15
	on point 20
------------Finished calculations!------------
	Current parameters:
		np_a: 0.554906
		np_b: 2.27552
		np_c: 0.407739
		of_p: -0.344806
		of_n: -0.415013
		N_he3: 1
		N_h3: 0.993308
	Current chi2:
		90.4442
**********************************************

************ Fitting in progress *************
	on point 0
	on point 5
	on point 10
	on point 15
	on point 20
------------Finished calculations!------------
	Current parameters:
		np_a: 0.554906
		np_b: 2.27552
		np_c: 0.407718
		of_p: -0.344806
		of_n: -0.415013
		N_he3: 1
		N_h3: 0.993308
	Current chi2:
		90.4733
**********************************************

************ Fitting in progress *************
	on point 0
	on point 5
	on point 10
	on point 15
	on point 20
------------Finished calculations!------------
	Current parameters:
		np_a: 0.554906
		np_b: 2.27552
		np_c: 0.407728
		of_p: -0.344393
		of_n: -0.415013
		N_he3: 1
		N_h3: 0.993308
	Current chi2:
		90.4661
**********************************************

************ Fitting in progress *************
	on point 0
	on point 5
	on point 10
	on point 15
	on point 20
------------Finished calculations!------------
	Current parameters:
		np_a: 0.554906
		np_b: 2.27552
		np_c: 0.407728
		of_p: -0.345219
		of_n: -0.415013
		N_he3: 1
		N_h3: 0.993308
	Current chi2:
		90.4515
**********************************************

************ Fitting in progress *************
	on point 0
	on point 5
	on point 10
	on point 15
	on point 20
------------Finished calculations!------------
	Current parameters:
		np_a: 0.554906
		np_b: 2.27552
		np_c: 0.407728
		of_p: -0.344806
		of_n: -0.414498
		N_he3: 1
		N_h3: 0.993308
	Current chi2:
		90.4555
**********************************************

************ Fitting in progress *************
	on point 0
	on point 5
	on point 10
	on point 15
	on point 20
------------Finished calculations!------------
	Current parameters:
		np_a: 0.554906
		np_b: 2.27552
		np_c: 0.407728
		of_p: -0.344806
		of_n: -0.415528
		N_he3: 1
		N_h3: 0.993308
	Current chi2:
		90.4621
**********************************************

************ Fitting in progress *************
	on point 0
	on point 5
	on point 10
	on point 15
	on point 20
------------Finished calculations!------------
	Current parameters:
		np_a: 0.554906
		np_b: 2.27552
		np_c: 0.407728
		of_p: -0.344806
		of_n: -0.415013
		N_he3: 1
		N_h3: 0.993318
	Current chi2:
		90.4353
**********************************************

************ Fitting in progress *************
	on point 0
	on point 5
	on point 10
	on point 15
	on point 20
------------Finished calculations!------------
	Current parameters:
		np_a: 0.554906
		np_b: 2.27552
		np_c: 0.407728
		of_p: -0.344806
		of_n: -0.415013
		N_he3: 1
		N_h3: 0.993298
	Current chi2:
		90.4823
**********************************************

************ Fitting in progress *************
	on point 0
	on point 5
	on point 10
	on point 15
	on point 20
------------Finished calculations!------------
	Current parameters:
		np_a: 0.580052
		np_b: 2.23835
		np_c: 0.407497
		of_p: -0.550481
		of_n: -0.553956
		N_he3: 1
		N_h3: 0.994735
	Current chi2:
		44.9813
**********************************************

************ Fitting in progress *************
	on point 0
	on point 5
	on point 10
	on point 15
	on point 20
------------Finished calculations!------------
	Current parameters:
		np_a: 0.61665
		np_b: 2.18426
		np_c: 0.407161
		of_p: -0.849823
		of_n: -0.756175
		N_he3: 1
		N_h3: 0.996812
	Current chi2:
		22.2386
**********************************************

************ Fitting in progress *************
	on point 0
	on point 5
	on point 10
	on point 15
	on point 20
------------Finished calculations!------------
	Current parameters:
		np_a: 0.616665
		np_b: 2.18426
		np_c: 0.407161
		of_p: -0.849823
		of_n: -0.756175
		N_he3: 1
		N_h3: 0.996812
	Current chi2:
		22.2463
**********************************************

************ Fitting in progress *************
	on point 0
	on point 5
	on point 10
	on point 15
	on point 20
------------Finished calculations!------------
	Current parameters:
		np_a: 0.616634
		np_b: 2.18426
		np_c: 0.407161
		of_p: -0.849823
		of_n: -0.756175
		N_he3: 1
		N_h3: 0.996812
	Current chi2:
		22.2308
**********************************************

************ Fitting in progress *************
	on point 0
	on point 5
	on point 10
	on point 15
	on point 20
------------Finished calculations!------------
	Current parameters:
		np_a: 0.61665
		np_b: 2.18433
		np_c: 0.407161
		of_p: -0.849823
		of_n: -0.756175
		N_he3: 1
		N_h3: 0.996812
	Current chi2:
		22.2276
**********************************************

************ Fitting in progress *************
	on point 0
	on point 5
	on point 10
	on point 15
	on point 20
------------Finished calculations!------------
	Current parameters:
		np_a: 0.61665
		np_b: 2.18419
		np_c: 0.407161
		of_p: -0.849823
		of_n: -0.756175
		N_he3: 1
		N_h3: 0.996812
	Current chi2:
		22.2496
**********************************************

************ Fitting in progress *************
	on point 0
	on point 5
	on point 10
	on point 15
	on point 20
------------Finished calculations!------------
	Current parameters:
		np_a: 0.61665
		np_b: 2.18426
		np_c: 0.407166
		of_p: -0.849823
		of_n: -0.756175
		N_he3: 1
		N_h3: 0.996812
	Current chi2:
		22.2495
**********************************************

************ Fitting in progress *************
	on point 0
	on point 5
	on point 10
	on point 15
	on point 20
------------Finished calculations!------------
	Current parameters:
		np_a: 0.61665
		np_b: 2.18426
		np_c: 0.407156
		of_p: -0.849823
		of_n: -0.756175
		N_he3: 1
		N_h3: 0.996812
	Current chi2:
		22.2277
**********************************************

************ Fitting in progress *************
	on point 0
	on point 5
	on point 10
	on point 15
	on point 20
------------Finished calculations!------------
	Current parameters:
		np_a: 0.61665
		np_b: 2.18426
		np_c: 0.407161
		of_p: -0.849613
		of_n: -0.756175
		N_he3: 1
		N_h3: 0.996812
	Current chi2:
		22.2503
**********************************************

************ Fitting in progress *************
	on point 0
	on point 5
	on point 10
	on point 15
	on point 20
------------Finished calculations!------------
	Current parameters:
		np_a: 0.61665
		np_b: 2.18426
		np_c: 0.407161
		of_p: -0.850032
		of_n: -0.756175
		N_he3: 1
		N_h3: 0.996812
	Current chi2:
		22.2269
**********************************************

************ Fitting in progress *************
	on point 0
	on point 5
	on point 10
	on point 15
	on point 20
------------Finished calculations!------------
	Current parameters:
		np_a: 0.61665
		np_b: 2.18426
		np_c: 0.407161
		of_p: -0.849823
		of_n: -0.755906
		N_he3: 1
		N_h3: 0.996812
	Current chi2:
		22.2506
**********************************************

************ Fitting in progress *************
	on point 0
	on point 5
	on point 10
	on point 15
	on point 20
------------Finished calculations!------------
	Current parameters:
		np_a: 0.61665
		np_b: 2.18426
		np_c: 0.407161
		of_p: -0.849823
		of_n: -0.756444
		N_he3: 1
		N_h3: 0.996812
	Current chi2:
		22.2266
**********************************************

************ Fitting in progress *************
	on point 0
	on point 5
	on point 10
	on point 15
	on point 20
------------Finished calculations!------------
	Current parameters:
		np_a: 0.61665
		np_b: 2.18426
		np_c: 0.407161
		of_p: -0.849823
		of_n: -0.756175
		N_he3: 1
		N_h3: 0.996817
	Current chi2:
		22.2487
**********************************************

************ Fitting in progress *************
	on point 0
	on point 5
	on point 10
	on point 15
	on point 20
------------Finished calculations!------------
	Current parameters:
		np_a: 0.61665
		np_b: 2.18426
		np_c: 0.407161
		of_p: -0.849823
		of_n: -0.756175
		N_he3: 1
		N_h3: 0.996807
	Current chi2:
		22.2284
**********************************************

************ Fitting in progress *************
	on point 0
	on point 5
	on point 10
	on point 15
	on point 20
------------Finished calculations!------------
	Current parameters:
		np_a: 0.619939
		np_b: 2.18772
		np_c: 0.406181
		of_p: -0.938223
		of_n: -0.843918
		N_he3: 1
		N_h3: 0.996425
	Current chi2:
		16.268
**********************************************

************ Fitting in progress *************
	on point 0
	on point 5
	on point 10
	on point 15
	on point 20
------------Finished calculations!------------
	Current parameters:
		np_a: 0.620446
		np_b: 2.18825
		np_c: 0.406029
		of_p: -0.951853
		of_n: -0.857447
		N_he3: 1
		N_h3: 0.996365
	Current chi2:
		16.1588
**********************************************

************ Fitting in progress *************
	on point 0
	on point 5
	on point 10
	on point 15
	on point 20
------------Finished calculations!------------
	Current parameters:
		np_a: 0.620459
		np_b: 2.18825
		np_c: 0.406029
		of_p: -0.951853
		of_n: -0.857447
		N_he3: 1
		N_h3: 0.996365
	Current chi2:
		16.1585
**********************************************

************ Fitting in progress *************
	on point 0
	on point 5
	on point 10
	on point 15
	on point 20
------------Finished calculations!------------
	Current parameters:
		np_a: 0.620432
		np_b: 2.18825
		np_c: 0.406029
		of_p: -0.951853
		of_n: -0.857447
		N_he3: 1
		N_h3: 0.996365
	Current chi2:
		16.1591
**********************************************

************ Fitting in progress *************
	on point 0
	on point 5
	on point 10
	on point 15
	on point 20
------------Finished calculations!------------
	Current parameters:
		np_a: 0.620446
		np_b: 2.18831
		np_c: 0.406029
		of_p: -0.951853
		of_n: -0.857447
		N_he3: 1
		N_h3: 0.996365
	Current chi2:
		16.1592
**********************************************

************ Fitting in progress *************
	on point 0
	on point 5
	on point 10
	on point 15
	on point 20
------------Finished calculations!------------
	Current parameters:
		np_a: 0.620446
		np_b: 2.1882
		np_c: 0.406029
		of_p: -0.951853
		of_n: -0.857447
		N_he3: 1
		N_h3: 0.996365
	Current chi2:
		16.1584
**********************************************

************ Fitting in progress *************
	on point 0
	on point 5
	on point 10
	on point 15
	on point 20
------------Finished calculations!------------
	Current parameters:
		np_a: 0.620446
		np_b: 2.18825
		np_c: 0.406034
		of_p: -0.951853
		of_n: -0.857447
		N_he3: 1
		N_h3: 0.996365
	Current chi2:
		16.1587
**********************************************

************ Fitting in progress *************
	on point 0
	on point 5
	on point 10
	on point 15
	on point 20
------------Finished calculations!------------
	Current parameters:
		np_a: 0.620446
		np_b: 2.18825
		np_c: 0.406025
		of_p: -0.951853
		of_n: -0.857447
		N_he3: 1
		N_h3: 0.996365
	Current chi2:
		16.1589
**********************************************

************ Fitting in progress *************
	on point 0
	on point 5
	on point 10
	on point 15
	on point 20
------------Finished calculations!------------
	Current parameters:
		np_a: 0.620446
		np_b: 2.18825
		np_c: 0.406029
		of_p: -0.951673
		of_n: -0.857447
		N_he3: 1
		N_h3: 0.996365
	Current chi2:
		16.1588
**********************************************

************ Fitting in progress *************
	on point 0
	on point 5
	on point 10
	on point 15
	on point 20
------------Finished calculations!------------
	Current parameters:
		np_a: 0.620446
		np_b: 2.18825
		np_c: 0.406029
		of_p: -0.952032
		of_n: -0.857447
		N_he3: 1
		N_h3: 0.996365
	Current chi2:
		16.1587
**********************************************

************ Fitting in progress *************
	on point 0
	on point 5
	on point 10
	on point 15
	on point 20
------------Finished calculations!------------
	Current parameters:
		np_a: 0.620446
		np_b: 2.18825
		np_c: 0.406029
		of_p: -0.951853
		of_n: -0.857226
		N_he3: 1
		N_h3: 0.996365
	Current chi2:
		16.1588
**********************************************

************ Fitting in progress *************
	on point 0
	on point 5
	on point 10
	on point 15
	on point 20
------------Finished calculations!------------
	Current parameters:
		np_a: 0.620446
		np_b: 2.18825
		np_c: 0.406029
		of_p: -0.951853
		of_n: -0.857668
		N_he3: 1
		N_h3: 0.996365
	Current chi2:
		16.1588
**********************************************

************ Fitting in progress *************
	on point 0
	on point 5
	on point 10
	on point 15
	on point 20
------------Finished calculations!------------
	Current parameters:
		np_a: 0.620446
		np_b: 2.18825
		np_c: 0.406029
		of_p: -0.951853
		of_n: -0.857447
		N_he3: 1
		N_h3: 0.996369
	Current chi2:
		16.1584
**********************************************

************ Fitting in progress *************
	on point 0
	on point 5
	on point 10
	on point 15
	on point 20
------------Finished calculations!------------
	Current parameters:
		np_a: 0.620446
		np_b: 2.18825
		np_c: 0.406029
		of_p: -0.951853
		of_n: -0.857447
		N_he3: 1
		N_h3: 0.996361
	Current chi2:
		16.1592
**********************************************

************ Fitting in progress *************
	on point 0
	on point 5
	on point 10
	on point 15
	on point 20
------------Finished calculations!------------
	Current parameters:
		np_a: 0.621407
		np_b: 2.18565
		np_c: 0.405963
		of_p: -0.963682
		of_n: -0.867339
		N_he3: 1
		N_h3: 0.996511
	Current chi2:
		16.1252
**********************************************

************ Fitting in progress *************
	on point 0
	on point 5
	on point 10
	on point 15
	on point 20
------------Finished calculations!------------
	Current parameters:
		np_a: 0.621568
		np_b: 2.18522
		np_c: 0.405952
		of_p: -0.965656
		of_n: -0.86899
		N_he3: 1
		N_h3: 0.996535
	Current chi2:
		16.1245
**********************************************

************ Fitting in progress *************
	on point 0
	on point 5
	on point 10
	on point 15
	on point 20
------------Finished calculations!------------
	Current parameters:
		np_a: 0.621581
		np_b: 2.18522
		np_c: 0.405952
		of_p: -0.965656
		of_n: -0.86899
		N_he3: 1
		N_h3: 0.996535
	Current chi2:
		16.1247
**********************************************

************ Fitting in progress *************
	on point 0
	on point 5
	on point 10
	on point 15
	on point 20
------------Finished calculations!------------
	Current parameters:
		np_a: 0.621554
		np_b: 2.18522
		np_c: 0.405952
		of_p: -0.965656
		of_n: -0.86899
		N_he3: 1
		N_h3: 0.996535
	Current chi2:
		16.1243
**********************************************

************ Fitting in progress *************
	on point 0
	on point 5
	on point 10
	on point 15
	on point 20
------------Finished calculations!------------
	Current parameters:
		np_a: 0.621568
		np_b: 2.18527
		np_c: 0.405952
		of_p: -0.965656
		of_n: -0.86899
		N_he3: 1
		N_h3: 0.996535
	Current chi2:
		16.1246
**********************************************

************ Fitting in progress *************
	on point 0
	on point 5
	on point 10
	on point 15
	on point 20
------------Finished calculations!------------
	Current parameters:
		np_a: 0.621568
		np_b: 2.18517
		np_c: 0.405952
		of_p: -0.965656
		of_n: -0.86899
		N_he3: 1
		N_h3: 0.996535
	Current chi2:
		16.1244
**********************************************

************ Fitting in progress *************
	on point 0
	on point 5
	on point 10
	on point 15
	on point 20
------------Finished calculations!------------
	Current parameters:
		np_a: 0.621568
		np_b: 2.18522
		np_c: 0.405957
		of_p: -0.965656
		of_n: -0.86899
		N_he3: 1
		N_h3: 0.996535
	Current chi2:
		16.1246
**********************************************

************ Fitting in progress *************
	on point 0
	on point 5
	on point 10
	on point 15
	on point 20
------------Finished calculations!------------
	Current parameters:
		np_a: 0.621568
		np_b: 2.18522
		np_c: 0.405947
		of_p: -0.965656
		of_n: -0.86899
		N_he3: 1
		N_h3: 0.996535
	Current chi2:
		16.1244
**********************************************

************ Fitting in progress *************
	on point 0
	on point 5
	on point 10
	on point 15
	on point 20
------------Finished calculations!------------
	Current parameters:
		np_a: 0.621568
		np_b: 2.18522
		np_c: 0.405952
		of_p: -0.965477
		of_n: -0.86899
		N_he3: 1
		N_h3: 0.996535
	Current chi2:
		16.1245
**********************************************

************ Fitting in progress *************
	on point 0
	on point 5
	on point 10
	on point 15
	on point 20
------------Finished calculations!------------
	Current parameters:
		np_a: 0.621568
		np_b: 2.18522
		np_c: 0.405952
		of_p: -0.965836
		of_n: -0.86899
		N_he3: 1
		N_h3: 0.996535
	Current chi2:
		16.1245
**********************************************

************ Fitting in progress *************
	on point 0
	on point 5
	on point 10
	on point 15
	on point 20
------------Finished calculations!------------
	Current parameters:
		np_a: 0.621568
		np_b: 2.18522
		np_c: 0.405952
		of_p: -0.965656
		of_n: -0.868769
		N_he3: 1
		N_h3: 0.996535
	Current chi2:
		16.1246
**********************************************

************ Fitting in progress *************
	on point 0
	on point 5
	on point 10
	on point 15
	on point 20
------------Finished calculations!------------
	Current parameters:
		np_a: 0.621568
		np_b: 2.18522
		np_c: 0.405952
		of_p: -0.965656
		of_n: -0.869211
		N_he3: 1
		N_h3: 0.996535
	Current chi2:
		16.1244
**********************************************

************ Fitting in progress *************
	on point 0
	on point 5
	on point 10
	on point 15
	on point 20
------------Finished calculations!------------
	Current parameters:
		np_a: 0.621568
		np_b: 2.18522
		np_c: 0.405952
		of_p: -0.965656
		of_n: -0.86899
		N_he3: 1
		N_h3: 0.996539
	Current chi2:
		16.1244
**********************************************

************ Fitting in progress *************
	on point 0
	on point 5
	on point 10
	on point 15
	on point 20
------------Finished calculations!------------
	Current parameters:
		np_a: 0.621568
		np_b: 2.18522
		np_c: 0.405952
		of_p: -0.965656
		of_n: -0.86899
		N_he3: 1
		N_h3: 0.996531
	Current chi2:
		16.1247
**********************************************

************ Fitting in progress *************
	on point 0
	on point 5
	on point 10
	on point 15
	on point 20
------------Finished calculations!------------
	Current parameters:
		np_a: 0.621344
		np_b: 2.18439
		np_c: 0.405916
		of_p: -0.96632
		of_n: -0.870907
		N_he3: 1
		N_h3: 0.996619
	Current chi2:
		16.1153
**********************************************

************ Fitting in progress *************
	on point 0
	on point 5
	on point 10
	on point 15
	on point 20
------------Finished calculations!------------
	Current parameters:
		np_a: 0.620449
		np_b: 2.18109
		np_c: 0.40577
		of_p: -0.968973
		of_n: -0.878576
		N_he3: 1
		N_h3: 0.996957
	Current chi2:
		16.0826
**********************************************

************ Fitting in progress *************
	on point 0
	on point 5
	on point 10
	on point 15
	on point 20
------------Finished calculations!------------
	Current parameters:
		np_a: 0.618212
		np_b: 2.17282
		np_c: 0.405407
		of_p: -0.975608
		of_n: -0.897748
		N_he3: 1
		N_h3: 0.997801
	Current chi2:
		16.0289
**********************************************

************ Fitting in progress *************
	on point 0
	on point 5
	on point 10
	on point 15
	on point 20
------------Finished calculations!------------
	Current parameters:
		np_a: 0.616327
		np_b: 2.16585
		np_c: 0.405101
		of_p: -0.981201
		of_n: -0.913911
		N_he3: 1
		N_h3: 0.998513
	Current chi2:
		16.0148
**********************************************

************ Fitting in progress *************
	on point 0
	on point 5
	on point 10
	on point 15
	on point 20
------------Finished calculations!------------
	Current parameters:
		np_a: 0.61634
		np_b: 2.16585
		np_c: 0.405101
		of_p: -0.981201
		of_n: -0.913911
		N_he3: 1
		N_h3: 0.998513
	Current chi2:
		16.0147
**********************************************

************ Fitting in progress *************
	on point 0
	on point 5
	on point 10
	on point 15
	on point 20
------------Finished calculations!------------
	Current parameters:
		np_a: 0.616313
		np_b: 2.16585
		np_c: 0.405101
		of_p: -0.981201
		of_n: -0.913911
		N_he3: 1
		N_h3: 0.998513
	Current chi2:
		16.0148
**********************************************

************ Fitting in progress *************
	on point 0
	on point 5
	on point 10
	on point 15
	on point 20
------------Finished calculations!------------
	Current parameters:
		np_a: 0.616327
		np_b: 2.16591
		np_c: 0.405101
		of_p: -0.981201
		of_n: -0.913911
		N_he3: 1
		N_h3: 0.998513
	Current chi2:
		16.0147
**********************************************

************ Fitting in progress *************
	on point 0
	on point 5
	on point 10
	on point 15
	on point 20
------------Finished calculations!------------
	Current parameters:
		np_a: 0.616327
		np_b: 2.1658
		np_c: 0.405101
		of_p: -0.981201
		of_n: -0.913911
		N_he3: 1
		N_h3: 0.998513
	Current chi2:
		16.0148
**********************************************

************ Fitting in progress *************
	on point 0
	on point 5
	on point 10
	on point 15
	on point 20
------------Finished calculations!------------
	Current parameters:
		np_a: 0.616327
		np_b: 2.16585
		np_c: 0.405106
		of_p: -0.981201
		of_n: -0.913911
		N_he3: 1
		N_h3: 0.998513
	Current chi2:
		16.0149
**********************************************

************ Fitting in progress *************
	on point 0
	on point 5
	on point 10
	on point 15
	on point 20
------------Finished calculations!------------
	Current parameters:
		np_a: 0.616327
		np_b: 2.16585
		np_c: 0.405096
		of_p: -0.981201
		of_n: -0.913911
		N_he3: 1
		N_h3: 0.998513
	Current chi2:
		16.0146
**********************************************

************ Fitting in progress *************
	on point 0
	on point 5
	on point 10
	on point 15
	on point 20
------------Finished calculations!------------
	Current parameters:
		np_a: 0.616327
		np_b: 2.16585
		np_c: 0.405101
		of_p: -0.981022
		of_n: -0.913911
		N_he3: 1
		N_h3: 0.998513
	Current chi2:
		16.0148
**********************************************

************ Fitting in progress *************
	on point 0
	on point 5
	on point 10
	on point 15
	on point 20
------------Finished calculations!------------
	Current parameters:
		np_a: 0.616327
		np_b: 2.16585
		np_c: 0.405101
		of_p: -0.98138
		of_n: -0.913911
		N_he3: 1
		N_h3: 0.998513
	Current chi2:
		16.0148
**********************************************

************ Fitting in progress *************
	on point 0
	on point 5
	on point 10
	on point 15
	on point 20
------------Finished calculations!------------
	Current parameters:
		np_a: 0.616327
		np_b: 2.16585
		np_c: 0.405101
		of_p: -0.981201
		of_n: -0.913691
		N_he3: 1
		N_h3: 0.998513
	Current chi2:
		16.0148
**********************************************

************ Fitting in progress *************
	on point 0
	on point 5
	on point 10
	on point 15
	on point 20
------------Finished calculations!------------
	Current parameters:
		np_a: 0.616327
		np_b: 2.16585
		np_c: 0.405101
		of_p: -0.981201
		of_n: -0.914131
		N_he3: 1
		N_h3: 0.998513
	Current chi2:
		16.0148
**********************************************

************ Fitting in progress *************
	on point 0
	on point 5
	on point 10
	on point 15
	on point 20
------------Finished calculations!------------
	Current parameters:
		np_a: 0.616327
		np_b: 2.16585
		np_c: 0.405101
		of_p: -0.981201
		of_n: -0.913911
		N_he3: 1
		N_h3: 0.998517
	Current chi2:
		16.0148
**********************************************

************ Fitting in progress *************
	on point 0
	on point 5
	on point 10
	on point 15
	on point 20
------------Finished calculations!------------
	Current parameters:
		np_a: 0.616327
		np_b: 2.16585
		np_c: 0.405101
		of_p: -0.981201
		of_n: -0.913911
		N_he3: 1
		N_h3: 0.998509
	Current chi2:
		16.0148
**********************************************

************ Fitting in progress *************
	on point 0
	on point 5
	on point 10
	on point 15
	on point 20
------------Finished calculations!------------
	Current parameters:
		np_a: 0.616385
		np_b: 2.16572
		np_c: 0.405021
		of_p: -0.981077
		of_n: -0.91406
		N_he3: 1
		N_h3: 0.998543
	Current chi2:
		16.0123
**********************************************

************ Fitting in progress *************
	on point 0
	on point 5
	on point 10
	on point 15
	on point 20
------------Finished calculations!------------
	Current parameters:
		np_a: 0.616619
		np_b: 2.16517
		np_c: 0.404703
		of_p: -0.980581
		of_n: -0.914657
		N_he3: 1
		N_h3: 0.998661
	Current chi2:
		16.0047
**********************************************

************ Fitting in progress *************
	on point 0
	on point 5
	on point 10
	on point 15
	on point 20
------------Finished calculations!------------
	Current parameters:
		np_a: 0.616946
		np_b: 2.1644
		np_c: 0.404258
		of_p: -0.979885
		of_n: -0.915494
		N_he3: 1
		N_h3: 0.998827
	Current chi2:
		16.0008
**********************************************

************ Fitting in progress *************
	on point 0
	on point 5
	on point 10
	on point 15
	on point 20
------------Finished calculations!------------
	Current parameters:
		np_a: 0.616959
		np_b: 2.1644
		np_c: 0.404258
		of_p: -0.979885
		of_n: -0.915494
		N_he3: 1
		N_h3: 0.998827
	Current chi2:
		16.0006
**********************************************

************ Fitting in progress *************
	on point 0
	on point 5
	on point 10
	on point 15
	on point 20
------------Finished calculations!------------
	Current parameters:
		np_a: 0.616933
		np_b: 2.1644
		np_c: 0.404258
		of_p: -0.979885
		of_n: -0.915494
		N_he3: 1
		N_h3: 0.998827
	Current chi2:
		16.0009
**********************************************

************ Fitting in progress *************
	on point 0
	on point 5
	on point 10
	on point 15
	on point 20
------------Finished calculations!------------
	Current parameters:
		np_a: 0.616946
		np_b: 2.16446
		np_c: 0.404258
		of_p: -0.979885
		of_n: -0.915494
		N_he3: 1
		N_h3: 0.998827
	Current chi2:
		16.001
**********************************************

************ Fitting in progress *************
	on point 0
	on point 5
	on point 10
	on point 15
	on point 20
------------Finished calculations!------------
	Current parameters:
		np_a: 0.616946
		np_b: 2.16435
		np_c: 0.404258
		of_p: -0.979885
		of_n: -0.915494
		N_he3: 1
		N_h3: 0.998827
	Current chi2:
		16.0005
**********************************************

************ Fitting in progress *************
	on point 0
	on point 5
	on point 10
	on point 15
	on point 20
------------Finished calculations!------------
	Current parameters:
		np_a: 0.616946
		np_b: 2.1644
		np_c: 0.404263
		of_p: -0.979885
		of_n: -0.915494
		N_he3: 1
		N_h3: 0.998827
	Current chi2:
		16.0006
**********************************************

************ Fitting in progress *************
	on point 0
	on point 5
	on point 10
	on point 15
	on point 20
------------Finished calculations!------------
	Current parameters:
		np_a: 0.616946
		np_b: 2.1644
		np_c: 0.404253
		of_p: -0.979885
		of_n: -0.915494
		N_he3: 1
		N_h3: 0.998827
	Current chi2:
		16.001
**********************************************

************ Fitting in progress *************
	on point 0
	on point 5
	on point 10
	on point 15
	on point 20
------------Finished calculations!------------
	Current parameters:
		np_a: 0.616946
		np_b: 2.1644
		np_c: 0.404258
		of_p: -0.979707
		of_n: -0.915494
		N_he3: 1
		N_h3: 0.998827
	Current chi2:
		16.0004
**********************************************

************ Fitting in progress *************
	on point 0
	on point 5
	on point 10
	on point 15
	on point 20
------------Finished calculations!------------
	Current parameters:
		np_a: 0.616946
		np_b: 2.1644
		np_c: 0.404258
		of_p: -0.980063
		of_n: -0.915494
		N_he3: 1
		N_h3: 0.998827
	Current chi2:
		16.0012
**********************************************

************ Fitting in progress *************
	on point 0
	on point 5
	on point 10
	on point 15
	on point 20
------------Finished calculations!------------
	Current parameters:
		np_a: 0.616946
		np_b: 2.1644
		np_c: 0.404258
		of_p: -0.979885
		of_n: -0.915274
		N_he3: 1
		N_h3: 0.998827
	Current chi2:
		16.0004
**********************************************

************ Fitting in progress *************
	on point 0
	on point 5
	on point 10
	on point 15
	on point 20
------------Finished calculations!------------
	Current parameters:
		np_a: 0.616946
		np_b: 2.1644
		np_c: 0.404258
		of_p: -0.979885
		of_n: -0.915713
		N_he3: 1
		N_h3: 0.998827
	Current chi2:
		16.0011
**********************************************

************ Fitting in progress *************
	on point 0
	on point 5
	on point 10
	on point 15
	on point 20
------------Finished calculations!------------
	Current parameters:
		np_a: 0.616946
		np_b: 2.1644
		np_c: 0.404258
		of_p: -0.979885
		of_n: -0.915494
		N_he3: 1
		N_h3: 0.998831
	Current chi2:
		16.0005
**********************************************

************ Fitting in progress *************
	on point 0
	on point 5
	on point 10
	on point 15
	on point 20
------------Finished calculations!------------
	Current parameters:
		np_a: 0.616946
		np_b: 2.1644
		np_c: 0.404258
		of_p: -0.979885
		of_n: -0.915494
		N_he3: 1
		N_h3: 0.998823
	Current chi2:
		16.001
**********************************************

************ Fitting in progress *************
	on point 0
	on point 5
	on point 10
	on point 15
	on point 20
------------Finished calculations!------------
	Current parameters:
		np_a: 0.616945
		np_b: 2.16317
		np_c: 0.403561
		of_p: -0.971505
		of_n: -0.910949
		N_he3: 1
		N_h3: 0.999114
	Current chi2:
		15.9798
**********************************************

************ Fitting in progress *************
	on point 0
	on point 5
	on point 10
	on point 15
	on point 20
------------Finished calculations!------------
	Current parameters:
		np_a: 0.61694
		np_b: 2.15823
		np_c: 0.400775
		of_p: -0.937985
		of_n: -0.892772
		N_he3: 1
		N_h3: 1.00026
	Current chi2:
		15.9218
**********************************************

************ Fitting in progress *************
	on point 0
	on point 5
	on point 10
	on point 15
	on point 20
------------Finished calculations!------------
	Current parameters:
		np_a: 0.616936
		np_b: 2.15372
		np_c: 0.398232
		of_p: -0.907394
		of_n: -0.876183
		N_he3: 1
		N_h3: 1.00131
	Current chi2:
		15.9044
**********************************************

************ Fitting in progress *************
	on point 0
	on point 5
	on point 10
	on point 15
	on point 20
------------Finished calculations!------------
	Current parameters:
		np_a: 0.616949
		np_b: 2.15372
		np_c: 0.398232
		of_p: -0.907394
		of_n: -0.876183
		N_he3: 1
		N_h3: 1.00131
	Current chi2:
		15.9044
**********************************************

************ Fitting in progress *************
	on point 0
	on point 5
	on point 10
	on point 15
	on point 20
------------Finished calculations!------------
	Current parameters:
		np_a: 0.616923
		np_b: 2.15372
		np_c: 0.398232
		of_p: -0.907394
		of_n: -0.876183
		N_he3: 1
		N_h3: 1.00131
	Current chi2:
		15.9044
**********************************************

************ Fitting in progress *************
	on point 0
	on point 5
	on point 10
	on point 15
	on point 20
------------Finished calculations!------------
	Current parameters:
		np_a: 0.616936
		np_b: 2.15377
		np_c: 0.398232
		of_p: -0.907394
		of_n: -0.876183
		N_he3: 1
		N_h3: 1.00131
	Current chi2:
		15.9046
**********************************************

************ Fitting in progress *************
	on point 0
	on point 5
	on point 10
	on point 15
	on point 20
------------Finished calculations!------------
	Current parameters:
		np_a: 0.616936
		np_b: 2.15367
		np_c: 0.398232
		of_p: -0.907394
		of_n: -0.876183
		N_he3: 1
		N_h3: 1.00131
	Current chi2:
		15.9043
**********************************************

************ Fitting in progress *************
	on point 0
	on point 5
	on point 10
	on point 15
	on point 20
------------Finished calculations!------------
	Current parameters:
		np_a: 0.616936
		np_b: 2.15372
		np_c: 0.398236
		of_p: -0.907394
		of_n: -0.876183
		N_he3: 1
		N_h3: 1.00131
	Current chi2:
		15.9044
**********************************************

************ Fitting in progress *************
	on point 0
	on point 5
	on point 10
	on point 15
	on point 20
------------Finished calculations!------------
	Current parameters:
		np_a: 0.616936
		np_b: 2.15372
		np_c: 0.398227
		of_p: -0.907394
		of_n: -0.876183
		N_he3: 1
		N_h3: 1.00131
	Current chi2:
		15.9044
**********************************************

************ Fitting in progress *************
	on point 0
	on point 5
	on point 10
	on point 15
	on point 20
------------Finished calculations!------------
	Current parameters:
		np_a: 0.616936
		np_b: 2.15372
		np_c: 0.398232
		of_p: -0.907216
		of_n: -0.876183
		N_he3: 1
		N_h3: 1.00131
	Current chi2:
		15.9044
**********************************************

************ Fitting in progress *************
	on point 0
	on point 5
	on point 10
	on point 15
	on point 20
------------Finished calculations!------------
	Current parameters:
		np_a: 0.616936
		np_b: 2.15372
		np_c: 0.398232
		of_p: -0.907571
		of_n: -0.876183
		N_he3: 1
		N_h3: 1.00131
	Current chi2:
		15.9044
**********************************************

************ Fitting in progress *************
	on point 0
	on point 5
	on point 10
	on point 15
	on point 20
------------Finished calculations!------------
	Current parameters:
		np_a: 0.616936
		np_b: 2.15372
		np_c: 0.398232
		of_p: -0.907394
		of_n: -0.875964
		N_he3: 1
		N_h3: 1.00131
	Current chi2:
		15.9044
**********************************************

************ Fitting in progress *************
	on point 0
	on point 5
	on point 10
	on point 15
	on point 20
------------Finished calculations!------------
	Current parameters:
		np_a: 0.616936
		np_b: 2.15372
		np_c: 0.398232
		of_p: -0.907394
		of_n: -0.876402
		N_he3: 1
		N_h3: 1.00131
	Current chi2:
		15.9044
**********************************************

************ Fitting in progress *************
	on point 0
	on point 5
	on point 10
	on point 15
	on point 20
------------Finished calculations!------------
	Current parameters:
		np_a: 0.616936
		np_b: 2.15372
		np_c: 0.398232
		of_p: -0.907394
		of_n: -0.876183
		N_he3: 1
		N_h3: 1.00132
	Current chi2:
		15.9045
**********************************************

************ Fitting in progress *************
	on point 0
	on point 5
	on point 10
	on point 15
	on point 20
------------Finished calculations!------------
	Current parameters:
		np_a: 0.616936
		np_b: 2.15372
		np_c: 0.398232
		of_p: -0.907394
		of_n: -0.876183
		N_he3: 1
		N_h3: 1.00131
	Current chi2:
		15.9043
**********************************************

************ Fitting in progress *************
	on point 0
	on point 5
	on point 10
	on point 15
	on point 20
------------Finished calculations!------------
	Current parameters:
		np_a: 0.616908
		np_b: 2.15257
		np_c: 0.398079
		of_p: -0.905318
		of_n: -0.875306
		N_he3: 1
		N_h3: 1.00132
	Current chi2:
		15.9005
**********************************************

************ Fitting in progress *************
	on point 0
	on point 5
	on point 10
	on point 15
	on point 20
------------Finished calculations!------------
	Current parameters:
		np_a: 0.616795
		np_b: 2.14799
		np_c: 0.397468
		of_p: -0.897017
		of_n: -0.8718
		N_he3: 1
		N_h3: 1.00134
	Current chi2:
		15.8856
**********************************************

************ Fitting in progress *************
	on point 0
	on point 5
	on point 10
	on point 15
	on point 20
------------Finished calculations!------------
	Current parameters:
		np_a: 0.616514
		np_b: 2.13652
		np_c: 0.395941
		of_p: -0.876263
		of_n: -0.863034
		N_he3: 1
		N_h3: 1.00141
	Current chi2:
		15.8543
**********************************************

************ Fitting in progress *************
	on point 0
	on point 5
	on point 10
	on point 15
	on point 20
------------Finished calculations!------------
	Current parameters:
		np_a: 0.615671
		np_b: 2.10212
		np_c: 0.391359
		of_p: -0.814003
		of_n: -0.836736
		N_he3: 1
		N_h3: 1.0016
	Current chi2:
		15.8171
**********************************************

************ Fitting in progress *************
	on point 0
	on point 5
	on point 10
	on point 15
	on point 20
------------Finished calculations!------------
	Current parameters:
		np_a: 0.615684
		np_b: 2.10212
		np_c: 0.391359
		of_p: -0.814003
		of_n: -0.836736
		N_he3: 1
		N_h3: 1.0016
	Current chi2:
		15.8179
**********************************************

************ Fitting in progress *************
	on point 0
	on point 5
	on point 10
	on point 15
	on point 20
------------Finished calculations!------------
	Current parameters:
		np_a: 0.615658
		np_b: 2.10212
		np_c: 0.391359
		of_p: -0.814003
		of_n: -0.836736
		N_he3: 1
		N_h3: 1.0016
	Current chi2:
		15.8163
**********************************************

************ Fitting in progress *************
	on point 0
	on point 5
	on point 10
	on point 15
	on point 20
------------Finished calculations!------------
	Current parameters:
		np_a: 0.615671
		np_b: 2.10218
		np_c: 0.391359
		of_p: -0.814003
		of_n: -0.836736
		N_he3: 1
		N_h3: 1.0016
	Current chi2:
		15.8162
**********************************************

************ Fitting in progress *************
	on point 0
	on point 5
	on point 10
	on point 15
	on point 20
------------Finished calculations!------------
	Current parameters:
		np_a: 0.615671
		np_b: 2.10207
		np_c: 0.391359
		of_p: -0.814003
		of_n: -0.836736
		N_he3: 1
		N_h3: 1.0016
	Current chi2:
		15.818
**********************************************

************ Fitting in progress *************
	on point 0
	on point 5
	on point 10
	on point 15
	on point 20
------------Finished calculations!------------
	Current parameters:
		np_a: 0.615671
		np_b: 2.10212
		np_c: 0.391364
		of_p: -0.814003
		of_n: -0.836736
		N_he3: 1
		N_h3: 1.0016
	Current chi2:
		15.8181
**********************************************

************ Fitting in progress *************
	on point 0
	on point 5
	on point 10
	on point 15
	on point 20
------------Finished calculations!------------
	Current parameters:
		np_a: 0.615671
		np_b: 2.10212
		np_c: 0.391355
		of_p: -0.814003
		of_n: -0.836736
		N_he3: 1
		N_h3: 1.0016
	Current chi2:
		15.8161
**********************************************

************ Fitting in progress *************
	on point 0
	on point 5
	on point 10
	on point 15
	on point 20
------------Finished calculations!------------
	Current parameters:
		np_a: 0.615671
		np_b: 2.10212
		np_c: 0.391359
		of_p: -0.813826
		of_n: -0.836736
		N_he3: 1
		N_h3: 1.0016
	Current chi2:
		15.818
**********************************************

************ Fitting in progress *************
	on point 0
	on point 5
	on point 10
	on point 15
	on point 20
------------Finished calculations!------------
	Current parameters:
		np_a: 0.615671
		np_b: 2.10212
		np_c: 0.391359
		of_p: -0.814179
		of_n: -0.836736
		N_he3: 1
		N_h3: 1.0016
	Current chi2:
		15.8162
**********************************************

************ Fitting in progress *************
	on point 0
	on point 5
	on point 10
	on point 15
	on point 20
------------Finished calculations!------------
	Current parameters:
		np_a: 0.615671
		np_b: 2.10212
		np_c: 0.391359
		of_p: -0.814003
		of_n: -0.836516
		N_he3: 1
		N_h3: 1.0016
	Current chi2:
		15.8181
**********************************************

************ Fitting in progress *************
	on point 0
	on point 5
	on point 10
	on point 15
	on point 20
------------Finished calculations!------------
	Current parameters:
		np_a: 0.615671
		np_b: 2.10212
		np_c: 0.391359
		of_p: -0.814003
		of_n: -0.836956
		N_he3: 1
		N_h3: 1.0016
	Current chi2:
		15.8162
**********************************************

************ Fitting in progress *************
	on point 0
	on point 5
	on point 10
	on point 15
	on point 20
------------Finished calculations!------------
	Current parameters:
		np_a: 0.615671
		np_b: 2.10212
		np_c: 0.391359
		of_p: -0.814003
		of_n: -0.836736
		N_he3: 1
		N_h3: 1.00161
	Current chi2:
		15.8182
**********************************************

************ Fitting in progress *************
	on point 0
	on point 5
	on point 10
	on point 15
	on point 20
------------Finished calculations!------------
	Current parameters:
		np_a: 0.615671
		np_b: 2.10212
		np_c: 0.391359
		of_p: -0.814003
		of_n: -0.836736
		N_he3: 1
		N_h3: 1.0016
	Current chi2:
		15.816
**********************************************

************ Fitting in progress *************
	on point 0
	on point 5
	on point 10
	on point 15
	on point 20
------------Finished calculations!------------
	Current parameters:
		np_a: 0.615858
		np_b: 2.07905
		np_c: 0.388068
		of_p: -0.768537
		of_n: -0.813763
		N_he3: 1
		N_h3: 1.0011
	Current chi2:
		15.7198
**********************************************

************ Fitting in progress *************
	on point 0
	on point 5
	on point 10
	on point 15
	on point 20
------------Finished calculations!------------
	Current parameters:
		np_a: 0.616299
		np_b: 2.02458
		np_c: 0.3803
		of_p: -0.661214
		of_n: -0.759535
		N_he3: 1
		N_h3: 0.999922
	Current chi2:
		15.6031
**********************************************

************ Fitting in progress *************
	on point 0
	on point 5
	on point 10
	on point 15
	on point 20
------------Finished calculations!------------
	Current parameters:
		np_a: 0.616402
		np_b: 2.01179
		np_c: 0.378475
		of_p: -0.636001
		of_n: -0.746795
		N_he3: 1
		N_h3: 0.999645
	Current chi2:
		15.5944
**********************************************

************ Fitting in progress *************
	on point 0
	on point 5
	on point 10
	on point 15
	on point 20
------------Finished calculations!------------
	Current parameters:
		np_a: 0.616476
		np_b: 2.0027
		np_c: 0.377179
		of_p: -0.618104
		of_n: -0.737752
		N_he3: 1
		N_h3: 0.999448
	Current chi2:
		15.592
**********************************************

************ Fitting in progress *************
	on point 0
	on point 5
	on point 10
	on point 15
	on point 20
------------Finished calculations!------------
	Current parameters:
		np_a: 0.616488
		np_b: 2.0027
		np_c: 0.377179
		of_p: -0.618104
		of_n: -0.737752
		N_he3: 1
		N_h3: 0.999448
	Current chi2:
		15.5919
**********************************************

************ Fitting in progress *************
	on point 0
	on point 5
	on point 10
	on point 15
	on point 20
------------Finished calculations!------------
	Current parameters:
		np_a: 0.616463
		np_b: 2.0027
		np_c: 0.377179
		of_p: -0.618104
		of_n: -0.737752
		N_he3: 1
		N_h3: 0.999448
	Current chi2:
		15.5921
**********************************************

************ Fitting in progress *************
	on point 0
	on point 5
	on point 10
	on point 15
	on point 20
------------Finished calculations!------------
	Current parameters:
		np_a: 0.616476
		np_b: 2.00275
		np_c: 0.377179
		of_p: -0.618104
		of_n: -0.737752
		N_he3: 1
		N_h3: 0.999448
	Current chi2:
		15.592
**********************************************

************ Fitting in progress *************
	on point 0
	on point 5
	on point 10
	on point 15
	on point 20
------------Finished calculations!------------
	Current parameters:
		np_a: 0.616476
		np_b: 2.00265
		np_c: 0.377179
		of_p: -0.618104
		of_n: -0.737752
		N_he3: 1
		N_h3: 0.999448
	Current chi2:
		15.592
**********************************************

************ Fitting in progress *************
	on point 0
	on point 5
	on point 10
	on point 15
	on point 20
------------Finished calculations!------------
	Current parameters:
		np_a: 0.616476
		np_b: 2.0027
		np_c: 0.377184
		of_p: -0.618104
		of_n: -0.737752
		N_he3: 1
		N_h3: 0.999448
	Current chi2:
		15.5921
**********************************************

************ Fitting in progress *************
	on point 0
	on point 5
	on point 10
	on point 15
	on point 20
------------Finished calculations!------------
	Current parameters:
		np_a: 0.616476
		np_b: 2.0027
		np_c: 0.377175
		of_p: -0.618104
		of_n: -0.737752
		N_he3: 1
		N_h3: 0.999448
	Current chi2:
		15.592
**********************************************

************ Fitting in progress *************
	on point 0
	on point 5
	on point 10
	on point 15
	on point 20
------------Finished calculations!------------
	Current parameters:
		np_a: 0.616476
		np_b: 2.0027
		np_c: 0.377179
		of_p: -0.617928
		of_n: -0.737752
		N_he3: 1
		N_h3: 0.999448
	Current chi2:
		15.5922
**********************************************

************ Fitting in progress *************
	on point 0
	on point 5
	on point 10
	on point 15
	on point 20
------------Finished calculations!------------
	Current parameters:
		np_a: 0.616476
		np_b: 2.0027
		np_c: 0.377179
		of_p: -0.618279
		of_n: -0.737752
		N_he3: 1
		N_h3: 0.999448
	Current chi2:
		15.5919
**********************************************

************ Fitting in progress *************
	on point 0
	on point 5
	on point 10
	on point 15
	on point 20
------------Finished calculations!------------
	Current parameters:
		np_a: 0.616476
		np_b: 2.0027
		np_c: 0.377179
		of_p: -0.618104
		of_n: -0.737533
		N_he3: 1
		N_h3: 0.999448
	Current chi2:
		15.5921
**********************************************

************ Fitting in progress *************
	on point 0
	on point 5
	on point 10
	on point 15
	on point 20
------------Finished calculations!------------
	Current parameters:
		np_a: 0.616476
		np_b: 2.0027
		np_c: 0.377179
		of_p: -0.618104
		of_n: -0.737972
		N_he3: 1
		N_h3: 0.999448
	Current chi2:
		15.592
**********************************************

************ Fitting in progress *************
	on point 0
	on point 5
	on point 10
	on point 15
	on point 20
------------Finished calculations!------------
	Current parameters:
		np_a: 0.616476
		np_b: 2.0027
		np_c: 0.377179
		of_p: -0.618104
		of_n: -0.737752
		N_he3: 1
		N_h3: 0.999452
	Current chi2:
		15.592
**********************************************

************ Fitting in progress *************
	on point 0
	on point 5
	on point 10
	on point 15
	on point 20
------------Finished calculations!------------
	Current parameters:
		np_a: 0.616476
		np_b: 2.0027
		np_c: 0.377179
		of_p: -0.618104
		of_n: -0.737752
		N_he3: 1
		N_h3: 0.999444
	Current chi2:
		15.5921
**********************************************

************ Fitting in progress *************
	on point 0
	on point 5
	on point 10
	on point 15
	on point 20
------------Finished calculations!------------
	Current parameters:
		np_a: 0.616949
		np_b: 1.99345
		np_c: 0.375095
		of_p: -0.600107
		of_n: -0.73142
		N_he3: 1
		N_h3: 0.999925
	Current chi2:
		15.5819
**********************************************

************ Fitting in progress *************
	on point 0
	on point 5
	on point 10
	on point 15
	on point 20
------------Finished calculations!------------
	Current parameters:
		np_a: 0.617046
		np_b: 1.99156
		np_c: 0.37467
		of_p: -0.596441
		of_n: -0.73013
		N_he3: 1
		N_h3: 1.00002
	Current chi2:
		15.5815
**********************************************

************ Fitting in progress *************
	on point 0
	on point 5
	on point 10
	on point 15
	on point 20
------------Finished calculations!------------
	Current parameters:
		np_a: 0.617058
		np_b: 1.99156
		np_c: 0.37467
		of_p: -0.596441
		of_n: -0.73013
		N_he3: 1
		N_h3: 1.00002
	Current chi2:
		15.5816
**********************************************

************ Fitting in progress *************
	on point 0
	on point 5
	on point 10
	on point 15
	on point 20
------------Finished calculations!------------
	Current parameters:
		np_a: 0.617034
		np_b: 1.99156
		np_c: 0.37467
		of_p: -0.596441
		of_n: -0.73013
		N_he3: 1
		N_h3: 1.00002
	Current chi2:
		15.5815
**********************************************

************ Fitting in progress *************
	on point 0
	on point 5
	on point 10
	on point 15
	on point 20
------------Finished calculations!------------
	Current parameters:
		np_a: 0.617046
		np_b: 1.99161
		np_c: 0.37467
		of_p: -0.596441
		of_n: -0.73013
		N_he3: 1
		N_h3: 1.00002
	Current chi2:
		15.5815
**********************************************

************ Fitting in progress *************
	on point 0
	on point 5
	on point 10
	on point 15
	on point 20
------------Finished calculations!------------
	Current parameters:
		np_a: 0.617046
		np_b: 1.99151
		np_c: 0.37467
		of_p: -0.596441
		of_n: -0.73013
		N_he3: 1
		N_h3: 1.00002
	Current chi2:
		15.5816
**********************************************

************ Fitting in progress *************
	on point 0
	on point 5
	on point 10
	on point 15
	on point 20
------------Finished calculations!------------
	Current parameters:
		np_a: 0.617046
		np_b: 1.99156
		np_c: 0.374674
		of_p: -0.596441
		of_n: -0.73013
		N_he3: 1
		N_h3: 1.00002
	Current chi2:
		15.5816
**********************************************

************ Fitting in progress *************
	on point 0
	on point 5
	on point 10
	on point 15
	on point 20
------------Finished calculations!------------
	Current parameters:
		np_a: 0.617046
		np_b: 1.99156
		np_c: 0.374665
		of_p: -0.596441
		of_n: -0.73013
		N_he3: 1
		N_h3: 1.00002
	Current chi2:
		15.5815
**********************************************

************ Fitting in progress *************
	on point 0
	on point 5
	on point 10
	on point 15
	on point 20
------------Finished calculations!------------
	Current parameters:
		np_a: 0.617046
		np_b: 1.99156
		np_c: 0.37467
		of_p: -0.596265
		of_n: -0.73013
		N_he3: 1
		N_h3: 1.00002
	Current chi2:
		15.5816
**********************************************

************ Fitting in progress *************
	on point 0
	on point 5
	on point 10
	on point 15
	on point 20
------------Finished calculations!------------
	Current parameters:
		np_a: 0.617046
		np_b: 1.99156
		np_c: 0.37467
		of_p: -0.596617
		of_n: -0.73013
		N_he3: 1
		N_h3: 1.00002
	Current chi2:
		15.5815
**********************************************

************ Fitting in progress *************
	on point 0
	on point 5
	on point 10
	on point 15
	on point 20
------------Finished calculations!------------
	Current parameters:
		np_a: 0.617046
		np_b: 1.99156
		np_c: 0.37467
		of_p: -0.596441
		of_n: -0.729908
		N_he3: 1
		N_h3: 1.00002
	Current chi2:
		15.5816
**********************************************

************ Fitting in progress *************
	on point 0
	on point 5
	on point 10
	on point 15
	on point 20
------------Finished calculations!------------
	Current parameters:
		np_a: 0.617046
		np_b: 1.99156
		np_c: 0.37467
		of_p: -0.596441
		of_n: -0.730352
		N_he3: 1
		N_h3: 1.00002
	Current chi2:
		15.5815
**********************************************

************ Fitting in progress *************
	on point 0
	on point 5
	on point 10
	on point 15
	on point 20
------------Finished calculations!------------
	Current parameters:
		np_a: 0.617046
		np_b: 1.99156
		np_c: 0.37467
		of_p: -0.596441
		of_n: -0.73013
		N_he3: 1
		N_h3: 1.00003
	Current chi2:
		15.5816
**********************************************

************ Fitting in progress *************
	on point 0
	on point 5
	on point 10
	on point 15
	on point 20
------------Finished calculations!------------
	Current parameters:
		np_a: 0.617046
		np_b: 1.99156
		np_c: 0.37467
		of_p: -0.596441
		of_n: -0.73013
		N_he3: 1
		N_h3: 1.00002
	Current chi2:
		15.5815
**********************************************

************ Fitting in progress *************
	on point 0
	on point 5
	on point 10
	on point 15
	on point 20
------------Finished calculations!------------
	Current parameters:
		np_a: 0.616965
		np_b: 1.98786
		np_c: 0.374075
		of_p: -0.589356
		of_n: -0.72732
		N_he3: 1
		N_h3: 1.00004
	Current chi2:
		15.5809
**********************************************

************ Fitting in progress *************
	on point 0
	on point 5
	on point 10
	on point 15
	on point 20
------------Finished calculations!------------
	Current parameters:
		np_a: 0.616938
		np_b: 1.98662
		np_c: 0.373875
		of_p: -0.586975
		of_n: -0.726376
		N_he3: 1
		N_h3: 1.00004
	Current chi2:
		15.5808
**********************************************

************ Fitting in progress *************
	on point 0
	on point 5
	on point 10
	on point 15
	on point 20
------------Finished calculations!------------
	Current parameters:
		np_a: 0.61695
		np_b: 1.98662
		np_c: 0.373875
		of_p: -0.586975
		of_n: -0.726376
		N_he3: 1
		N_h3: 1.00004
	Current chi2:
		15.5808
**********************************************

************ Fitting in progress *************
	on point 0
	on point 5
	on point 10
	on point 15
	on point 20
------------Finished calculations!------------
	Current parameters:
		np_a: 0.616926
		np_b: 1.98662
		np_c: 0.373875
		of_p: -0.586975
		of_n: -0.726376
		N_he3: 1
		N_h3: 1.00004
	Current chi2:
		15.5808
**********************************************

************ Fitting in progress *************
	on point 0
	on point 5
	on point 10
	on point 15
	on point 20
------------Finished calculations!------------
	Current parameters:
		np_a: 0.616938
		np_b: 1.98666
		np_c: 0.373875
		of_p: -0.586975
		of_n: -0.726376
		N_he3: 1
		N_h3: 1.00004
	Current chi2:
		15.5808
**********************************************

************ Fitting in progress *************
	on point 0
	on point 5
	on point 10
	on point 15
	on point 20
------------Finished calculations!------------
	Current parameters:
		np_a: 0.616938
		np_b: 1.98657
		np_c: 0.373875
		of_p: -0.586975
		of_n: -0.726376
		N_he3: 1
		N_h3: 1.00004
	Current chi2:
		15.5808
**********************************************

************ Fitting in progress *************
	on point 0
	on point 5
	on point 10
	on point 15
	on point 20
------------Finished calculations!------------
	Current parameters:
		np_a: 0.616938
		np_b: 1.98662
		np_c: 0.373879
		of_p: -0.586975
		of_n: -0.726376
		N_he3: 1
		N_h3: 1.00004
	Current chi2:
		15.5808
**********************************************

************ Fitting in progress *************
	on point 0
	on point 5
	on point 10
	on point 15
	on point 20
------------Finished calculations!------------
	Current parameters:
		np_a: 0.616938
		np_b: 1.98662
		np_c: 0.37387
		of_p: -0.586975
		of_n: -0.726376
		N_he3: 1
		N_h3: 1.00004
	Current chi2:
		15.5808
**********************************************

************ Fitting in progress *************
	on point 0
	on point 5
	on point 10
	on point 15
	on point 20
------------Finished calculations!------------
	Current parameters:
		np_a: 0.616938
		np_b: 1.98662
		np_c: 0.373875
		of_p: -0.586799
		of_n: -0.726376
		N_he3: 1
		N_h3: 1.00004
	Current chi2:
		15.5808
**********************************************

************ Fitting in progress *************
	on point 0
	on point 5
	on point 10
	on point 15
	on point 20
------------Finished calculations!------------
	Current parameters:
		np_a: 0.616938
		np_b: 1.98662
		np_c: 0.373875
		of_p: -0.587151
		of_n: -0.726376
		N_he3: 1
		N_h3: 1.00004
	Current chi2:
		15.5808
**********************************************

************ Fitting in progress *************
	on point 0
	on point 5
	on point 10
	on point 15
	on point 20
------------Finished calculations!------------
	Current parameters:
		np_a: 0.616938
		np_b: 1.98662
		np_c: 0.373875
		of_p: -0.586975
		of_n: -0.726154
		N_he3: 1
		N_h3: 1.00004
	Current chi2:
		15.5808
**********************************************

************ Fitting in progress *************
	on point 0
	on point 5
	on point 10
	on point 15
	on point 20
------------Finished calculations!------------
	Current parameters:
		np_a: 0.616938
		np_b: 1.98662
		np_c: 0.373875
		of_p: -0.586975
		of_n: -0.726598
		N_he3: 1
		N_h3: 1.00004
	Current chi2:
		15.5808
**********************************************

************ Fitting in progress *************
	on point 0
	on point 5
	on point 10
	on point 15
	on point 20
------------Finished calculations!------------
	Current parameters:
		np_a: 0.616938
		np_b: 1.98662
		np_c: 0.373875
		of_p: -0.586975
		of_n: -0.726376
		N_he3: 1
		N_h3: 1.00004
	Current chi2:
		15.5808
**********************************************

************ Fitting in progress *************
	on point 0
	on point 5
	on point 10
	on point 15
	on point 20
------------Finished calculations!------------
	Current parameters:
		np_a: 0.616938
		np_b: 1.98662
		np_c: 0.373875
		of_p: -0.586975
		of_n: -0.726376
		N_he3: 1
		N_h3: 1.00004
	Current chi2:
		15.5808
**********************************************

************ Fitting in progress *************
	on point 0
	on point 5
	on point 10
	on point 15
	on point 20
------------Finished calculations!------------
	Current parameters:
		np_a: 0.616938
		np_b: 1.98662
		np_c: 0.373875
		of_p: -0.586975
		of_n: -0.726376
		N_he3: 1
		N_h3: 1.00004
	Current chi2:
		15.5808
**********************************************

************ Fitting in progress *************
	on point 0
	on point 5
	on point 10
	on point 15
	on point 20
------------Finished calculations!------------
	Current parameters:
		np_a: 0.61695
		np_b: 1.98662
		np_c: 0.373875
		of_p: -0.586975
		of_n: -0.726376
		N_he3: 1
		N_h3: 1.00004
	Current chi2:
		15.5808
**********************************************

************ Fitting in progress *************
	on point 0
	on point 5
	on point 10
	on point 15
	on point 20
------------Finished calculations!------------
	Current parameters:
		np_a: 0.616926
		np_b: 1.98662
		np_c: 0.373875
		of_p: -0.586975
		of_n: -0.726376
		N_he3: 1
		N_h3: 1.00004
	Current chi2:
		15.5808
**********************************************

************ Fitting in progress *************
	on point 0
	on point 5
	on point 10
	on point 15
	on point 20
------------Finished calculations!------------
	Current parameters:
		np_a: 0.616938
		np_b: 1.98666
		np_c: 0.373875
		of_p: -0.586975
		of_n: -0.726376
		N_he3: 1
		N_h3: 1.00004
	Current chi2:
		15.5808
**********************************************

************ Fitting in progress *************
	on point 0
	on point 5
	on point 10
	on point 15
	on point 20
------------Finished calculations!------------
	Current parameters:
		np_a: 0.616938
		np_b: 1.98657
		np_c: 0.373875
		of_p: -0.586975
		of_n: -0.726376
		N_he3: 1
		N_h3: 1.00004
	Current chi2:
		15.5808
**********************************************

************ Fitting in progress *************
	on point 0
	on point 5
	on point 10
	on point 15
	on point 20
------------Finished calculations!------------
	Current parameters:
		np_a: 0.616938
		np_b: 1.98662
		np_c: 0.373879
		of_p: -0.586975
		of_n: -0.726376
		N_he3: 1
		N_h3: 1.00004
	Current chi2:
		15.5808
**********************************************

************ Fitting in progress *************
	on point 0
	on point 5
	on point 10
	on point 15
	on point 20
------------Finished calculations!------------
	Current parameters:
		np_a: 0.616938
		np_b: 1.98662
		np_c: 0.37387
		of_p: -0.586975
		of_n: -0.726376
		N_he3: 1
		N_h3: 1.00004
	Current chi2:
		15.5808
**********************************************

************ Fitting in progress *************
	on point 0
	on point 5
	on point 10
	on point 15
	on point 20
------------Finished calculations!------------
	Current parameters:
		np_a: 0.616938
		np_b: 1.98662
		np_c: 0.373875
		of_p: -0.586799
		of_n: -0.726376
		N_he3: 1
		N_h3: 1.00004
	Current chi2:
		15.5808
**********************************************

************ Fitting in progress *************
	on point 0
	on point 5
	on point 10
	on point 15
	on point 20
------------Finished calculations!------------
	Current parameters:
		np_a: 0.616938
		np_b: 1.98662
		np_c: 0.373875
		of_p: -0.587151
		of_n: -0.726376
		N_he3: 1
		N_h3: 1.00004
	Current chi2:
		15.5808
**********************************************

************ Fitting in progress *************
	on point 0
	on point 5
	on point 10
	on point 15
	on point 20
------------Finished calculations!------------
	Current parameters:
		np_a: 0.616938
		np_b: 1.98662
		np_c: 0.373875
		of_p: -0.586975
		of_n: -0.726154
		N_he3: 1
		N_h3: 1.00004
	Current chi2:
		15.5808
**********************************************

************ Fitting in progress *************
	on point 0
	on point 5
	on point 10
	on point 15
	on point 20
------------Finished calculations!------------
	Current parameters:
		np_a: 0.616938
		np_b: 1.98662
		np_c: 0.373875
		of_p: -0.586975
		of_n: -0.726598
		N_he3: 1
		N_h3: 1.00004
	Current chi2:
		15.5808
**********************************************

************ Fitting in progress *************
	on point 0
	on point 5
	on point 10
	on point 15
	on point 20
------------Finished calculations!------------
	Current parameters:
		np_a: 0.616938
		np_b: 1.98662
		np_c: 0.373875
		of_p: -0.586975
		of_n: -0.726376
		N_he3: 1
		N_h3: 1.00004
	Current chi2:
		15.5808
**********************************************

************ Fitting in progress *************
	on point 0
	on point 5
	on point 10
	on point 15
	on point 20
------------Finished calculations!------------
	Current parameters:
		np_a: 0.616938
		np_b: 1.98662
		np_c: 0.373875
		of_p: -0.586975
		of_n: -0.726376
		N_he3: 1
		N_h3: 1.00004
	Current chi2:
		15.5808
**********************************************

************ Fitting in progress *************
	on point 0
	on point 5
	on point 10
	on point 15
	on point 20
------------Finished calculations!------------
	Current parameters:
		np_a: 0.61694
		np_b: 1.98662
		np_c: 0.373875
		of_p: -0.586975
		of_n: -0.726376
		N_he3: 1
		N_h3: 1.00004
	Current chi2:
		15.5808
**********************************************

************ Fitting in progress *************
	on point 0
	on point 5
	on point 10
	on point 15
	on point 20
------------Finished calculations!------------
	Current parameters:
		np_a: 0.616935
		np_b: 1.98662
		np_c: 0.373875
		of_p: -0.586975
		of_n: -0.726376
		N_he3: 1
		N_h3: 1.00004
	Current chi2:
		15.5808
**********************************************

************ Fitting in progress *************
	on point 0
	on point 5
	on point 10
	on point 15
	on point 20
------------Finished calculations!------------
	Current parameters:
		np_a: 0.616938
		np_b: 1.98663
		np_c: 0.373875
		of_p: -0.586975
		of_n: -0.726376
		N_he3: 1
		N_h3: 1.00004
	Current chi2:
		15.5808
**********************************************

************ Fitting in progress *************
	on point 0
	on point 5
	on point 10
	on point 15
	on point 20
------------Finished calculations!------------
	Current parameters:
		np_a: 0.616938
		np_b: 1.98661
		np_c: 0.373875
		of_p: -0.586975
		of_n: -0.726376
		N_he3: 1
		N_h3: 1.00004
	Current chi2:
		15.5808
**********************************************

************ Fitting in progress *************
	on point 0
	on point 5
	on point 10
	on point 15
	on point 20
------------Finished calculations!------------
	Current parameters:
		np_a: 0.616938
		np_b: 1.98662
		np_c: 0.373876
		of_p: -0.586975
		of_n: -0.726376
		N_he3: 1
		N_h3: 1.00004
	Current chi2:
		15.5808
**********************************************

************ Fitting in progress *************
	on point 0
	on point 5
	on point 10
	on point 15
	on point 20
------------Finished calculations!------------
	Current parameters:
		np_a: 0.616938
		np_b: 1.98662
		np_c: 0.373874
		of_p: -0.586975
		of_n: -0.726376
		N_he3: 1
		N_h3: 1.00004
	Current chi2:
		15.5808
**********************************************

************ Fitting in progress *************
	on point 0
	on point 5
	on point 10
	on point 15
	on point 20
------------Finished calculations!------------
	Current parameters:
		np_a: 0.616938
		np_b: 1.98662
		np_c: 0.373875
		of_p: -0.58694
		of_n: -0.726376
		N_he3: 1
		N_h3: 1.00004
	Current chi2:
		15.5808
**********************************************

************ Fitting in progress *************
	on point 0
	on point 5
	on point 10
	on point 15
	on point 20
------------Finished calculations!------------
	Current parameters:
		np_a: 0.616938
		np_b: 1.98662
		np_c: 0.373875
		of_p: -0.58701
		of_n: -0.726376
		N_he3: 1
		N_h3: 1.00004
	Current chi2:
		15.5808
**********************************************

************ Fitting in progress *************
	on point 0
	on point 5
	on point 10
	on point 15
	on point 20
------------Finished calculations!------------
	Current parameters:
		np_a: 0.616938
		np_b: 1.98662
		np_c: 0.373875
		of_p: -0.586975
		of_n: -0.726332
		N_he3: 1
		N_h3: 1.00004
	Current chi2:
		15.5808
**********************************************

************ Fitting in progress *************
	on point 0
	on point 5
	on point 10
	on point 15
	on point 20
------------Finished calculations!------------
	Current parameters:
		np_a: 0.616938
		np_b: 1.98662
		np_c: 0.373875
		of_p: -0.586975
		of_n: -0.72642
		N_he3: 1
		N_h3: 1.00004
	Current chi2:
		15.5808
**********************************************

************ Fitting in progress *************
	on point 0
	on point 5
	on point 10
	on point 15
	on point 20
------------Finished calculations!------------
	Current parameters:
		np_a: 0.616938
		np_b: 1.98662
		np_c: 0.373875
		of_p: -0.586975
		of_n: -0.726376
		N_he3: 1
		N_h3: 1.00004
	Current chi2:
		15.5808
**********************************************

************ Fitting in progress *************
	on point 0
	on point 5
	on point 10
	on point 15
	on point 20
------------Finished calculations!------------
	Current parameters:
		np_a: 0.616938
		np_b: 1.98662
		np_c: 0.373875
		of_p: -0.586975
		of_n: -0.726376
		N_he3: 1
		N_h3: 1.00004
	Current chi2:
		15.5808
**********************************************

************ Fitting in progress *************
	on point 0
	on point 5
	on point 10
	on point 15
	on point 20
------------Finished calculations!------------
	Current parameters:
		np_a: 0.61695
		np_b: 1.98666
		np_c: 0.373875
		of_p: -0.586975
		of_n: -0.726376
		N_he3: 1
		N_h3: 1.00004
	Current chi2:
		15.5808
**********************************************

************ Fitting in progress *************
	on point 0
	on point 5
	on point 10
	on point 15
	on point 20
------------Finished calculations!------------
	Current parameters:
		np_a: 0.61695
		np_b: 1.98662
		np_c: 0.373879
		of_p: -0.586975
		of_n: -0.726376
		N_he3: 1
		N_h3: 1.00004
	Current chi2:
		15.5808
**********************************************

************ Fitting in progress *************
	on point 0
	on point 5
	on point 10
	on point 15
	on point 20
------------Finished calculations!------------
	Current parameters:
		np_a: 0.61695
		np_b: 1.98662
		np_c: 0.373875
		of_p: -0.586799
		of_n: -0.726376
		N_he3: 1
		N_h3: 1.00004
	Current chi2:
		15.5808
**********************************************

************ Fitting in progress *************
	on point 0
	on point 5
	on point 10
	on point 15
	on point 20
------------Finished calculations!------------
	Current parameters:
		np_a: 0.61695
		np_b: 1.98662
		np_c: 0.373875
		of_p: -0.586975
		of_n: -0.726154
		N_he3: 1
		N_h3: 1.00004
	Current chi2:
		15.5808
**********************************************

************ Fitting in progress *************
	on point 0
	on point 5
	on point 10
	on point 15
	on point 20
------------Finished calculations!------------
	Current parameters:
		np_a: 0.61695
		np_b: 1.98662
		np_c: 0.373875
		of_p: -0.586975
		of_n: -0.726376
		N_he3: 1
		N_h3: 1.00004
	Current chi2:
		15.5808
**********************************************

************ Fitting in progress *************
	on point 0
	on point 5
	on point 10
	on point 15
	on point 20
------------Finished calculations!------------
	Current parameters:
		np_a: 0.616938
		np_b: 1.98666
		np_c: 0.373879
		of_p: -0.586975
		of_n: -0.726376
		N_he3: 1
		N_h3: 1.00004
	Current chi2:
		15.5808
**********************************************

************ Fitting in progress *************
	on point 0
	on point 5
	on point 10
	on point 15
	on point 20
------------Finished calculations!------------
	Current parameters:
		np_a: 0.616938
		np_b: 1.98666
		np_c: 0.373875
		of_p: -0.586799
		of_n: -0.726376
		N_he3: 1
		N_h3: 1.00004
	Current chi2:
		15.5808
**********************************************

************ Fitting in progress *************
	on point 0
	on point 5
	on point 10
	on point 15
	on point 20
------------Finished calculations!------------
	Current parameters:
		np_a: 0.616938
		np_b: 1.98666
		np_c: 0.373875
		of_p: -0.586975
		of_n: -0.726154
		N_he3: 1
		N_h3: 1.00004
	Current chi2:
		15.5808
**********************************************

************ Fitting in progress *************
	on point 0
	on point 5
	on point 10
	on point 15
	on point 20
------------Finished calculations!------------
	Current parameters:
		np_a: 0.616938
		np_b: 1.98666
		np_c: 0.373875
		of_p: -0.586975
		of_n: -0.726376
		N_he3: 1
		N_h3: 1.00004
	Current chi2:
		15.5808
**********************************************

************ Fitting in progress *************
	on point 0
	on point 5
	on point 10
	on point 15
	on point 20
------------Finished calculations!------------
	Current parameters:
		np_a: 0.616938
		np_b: 1.98662
		np_c: 0.373879
		of_p: -0.586799
		of_n: -0.726376
		N_he3: 1
		N_h3: 1.00004
	Current chi2:
		15.5808
**********************************************

************ Fitting in progress *************
	on point 0
	on point 5
	on point 10
	on point 15
	on point 20
------------Finished calculations!------------
	Current parameters:
		np_a: 0.616938
		np_b: 1.98662
		np_c: 0.373879
		of_p: -0.586975
		of_n: -0.726154
		N_he3: 1
		N_h3: 1.00004
	Current chi2:
		15.5808
**********************************************

************ Fitting in progress *************
	on point 0
	on point 5
	on point 10
	on point 15
	on point 20
------------Finished calculations!------------
	Current parameters:
		np_a: 0.616938
		np_b: 1.98662
		np_c: 0.373879
		of_p: -0.586975
		of_n: -0.726376
		N_he3: 1
		N_h3: 1.00004
	Current chi2:
		15.5808
**********************************************

************ Fitting in progress *************
	on point 0
	on point 5
	on point 10
	on point 15
	on point 20
------------Finished calculations!------------
	Current parameters:
		np_a: 0.616938
		np_b: 1.98662
		np_c: 0.373875
		of_p: -0.586799
		of_n: -0.726154
		N_he3: 1
		N_h3: 1.00004
	Current chi2:
		15.5808
**********************************************

************ Fitting in progress *************
	on point 0
	on point 5
	on point 10
	on point 15
	on point 20
------------Finished calculations!------------
	Current parameters:
		np_a: 0.616938
		np_b: 1.98662
		np_c: 0.373875
		of_p: -0.586799
		of_n: -0.726376
		N_he3: 1
		N_h3: 1.00004
	Current chi2:
		15.5808
**********************************************

************ Fitting in progress *************
	on point 0
	on point 5
	on point 10
	on point 15
	on point 20
------------Finished calculations!------------
	Current parameters:
		np_a: 0.616938
		np_b: 1.98662
		np_c: 0.373875
		of_p: -0.586975
		of_n: -0.726154
		N_he3: 1
		N_h3: 1.00004
	Current chi2:
		15.5808
**********************************************

Info in <Minuit2>: matrix forced pos-def by adding to diagonal : padd = 0.00555515
Info in <Minuit2>: MnHesse: matrix was forced pos. def. 
Info in <Minuit2>: Minuit2Minimizer::Minimize : Covar was made pos def
Minuit2Minimizer : Valid minimum - status = 1
FVAL  = 15.5808230649895414
Edm   = 6.16400316809838448e-05
Nfcn  = 223
np_a	  = 0.616938	 +/-  0.0202746
np_b	  = 1.98662	 +/-  0.153494
np_c	  = 0.373875	 +/-  0.0232999
of_p	  = -0.586975	 +/-  0.786899
of_n	  = -0.726376	 +/-  1.17266
N_he3	  = 1	 (fixed)
N_h3	  = 1.00004	 +/-  0.00976646
Printing covariance matrix:

7x7 matrix is as follows

     |      0    |      1    |      2    |      3    |      4    |
----------------------------------------------------------------------
   0 |  0.0004111   0.0005688  -9.632e-06     0.01071    -0.01347 
   1 |  0.0005688     0.02356    0.002815    -0.01993    -0.03053 
   2 | -9.632e-06    0.002815   0.0005429   -0.004649   -0.006188 
   3 |    0.01071    -0.01993   -0.004649      0.6192      -0.774 
   4 |   -0.01347    -0.03053   -0.006188      -0.774       1.375 
   5 |          0           0           0           0           0 
   6 |  -5.96e-05   0.0002625  -3.525e-05  -0.0003422  -0.0007098 


     |      5    |      6    |
----------------------------------------------------------------------
   0 |          0   -5.96e-05 
   1 |          0   0.0002625 
   2 |          0  -3.525e-05 
   3 |          0  -0.0003422 
   4 |          0  -0.0007098 
   5 |          0           0 
   6 |          0   9.538e-05 



************ Fit covar results *************
		 [ i*ndim + j ] 
0.000411061 1 0 0
0.000568798 0.182774 0 1
-9.63202e-06 -0.0203897 0 2
0.0107053 0.671004 0 3
-0.0134748 -0.566755 0 4
0 0 0 5
-5.95952e-05 -0.300968 0 6
0.000568798 0.182774 1 0
0.0235604 1 1 1
0.0028154 0.787216 1 2
-0.0199325 -0.165025 1 3
-0.0305256 -0.16959 1 4
0 0 1 5
0.000262507 0.17511 1 6
-9.63202e-06 -0.0203897 2 0
0.0028154 0.787216 2 1
0.000542886 1 2 2
-0.00464879 -0.253552 2 3
-0.00618758 -0.226461 2 4
0 0 2 5
-3.52529e-05 -0.154918 2 6
0.0107053 0.671004 3 0
-0.0199325 -0.165025 3 1
-0.00464879 -0.253552 3 2
0.61921 1 3 3
-0.773975 -0.838755 3 4
0 0 3 5
-0.000342178 -0.0445242 3 6
-0.0134748 -0.566755 4 0
-0.0305256 -0.16959 4 1
-0.00618758 -0.226461 4 2
-0.773975 -0.838755 4 3
1.37514 1 4 4
0 0 4 5
-0.000709828 -0.0619787 4 6
0 0 5 0
0 0 5 1
0 0 5 2
0 0 5 3
0 0 5 4
0 0 5 5
0 0 5 6
-5.95952e-05 -0.300968 6 0
0.000262507 0.17511 6 1
-3.52529e-05 -0.154918 6 2
-0.000342178 -0.0445242 6 3
-0.000709828 -0.0619787 6 4
0 0 6 5
9.53838e-05 1 6 6
**********************************************
