Minuit2Minimizer: Minimize with max-calls 100000 convergence for edm < 0.5 strategy 1
************ Fitting in progress *************
	on point 0
	on point 5
	on point 10
	on point 15
	on point 20
------------Finished calculations!------------
	Current parameters:
		np_a: -1.21722
		np_b: 0.862248
		np_c: 0.820479
		np_d: 0.963992
		of_a: 0
	Current chi2:
		1208.05
**********************************************

************ Fitting in progress *************
	on point 0
	on point 5
	on point 10
	on point 15
	on point 20
------------Finished calculations!------------
	Current parameters:
		np_a: -1.21552
		np_b: 0.862248
		np_c: 0.820479
		np_d: 0.963992
		of_a: 0
	Current chi2:
		1263.5
**********************************************

************ Fitting in progress *************
	on point 0
	on point 5
	on point 10
	on point 15
	on point 20
------------Finished calculations!------------
	Current parameters:
		np_a: -1.21891
		np_b: 0.862248
		np_c: 0.820479
		np_d: 0.963992
		of_a: 0
	Current chi2:
		1153.86
**********************************************

************ Fitting in progress *************
	on point 0
	on point 5
	on point 10
	on point 15
	on point 20
------------Finished calculations!------------
	Current parameters:
		np_a: -1.21705
		np_b: 0.862248
		np_c: 0.820479
		np_d: 0.963992
		of_a: 0
	Current chi2:
		1213.53
**********************************************

************ Fitting in progress *************
	on point 0
	on point 5
	on point 10
	on point 15
	on point 20
------------Finished calculations!------------
	Current parameters:
		np_a: -1.21739
		np_b: 0.862248
		np_c: 0.820479
		np_d: 0.963992
		of_a: 0
	Current chi2:
		1202.57
**********************************************

************ Fitting in progress *************
	on point 0
	on point 5
	on point 10
	on point 15
	on point 20
------------Finished calculations!------------
	Current parameters:
		np_a: -1.21722
		np_b: 0.863946
		np_c: 0.820479
		np_d: 0.963992
		of_a: 0
	Current chi2:
		1232.65
**********************************************

************ Fitting in progress *************
	on point 0
	on point 5
	on point 10
	on point 15
	on point 20
------------Finished calculations!------------
	Current parameters:
		np_a: -1.21722
		np_b: 0.86055
		np_c: 0.820479
		np_d: 0.963992
		of_a: 0
	Current chi2:
		1183.75
**********************************************

************ Fitting in progress *************
	on point 0
	on point 5
	on point 10
	on point 15
	on point 20
------------Finished calculations!------------
	Current parameters:
		np_a: -1.21722
		np_b: 0.862418
		np_c: 0.820479
		np_d: 0.963992
		of_a: 0
	Current chi2:
		1210.49
**********************************************

************ Fitting in progress *************
	on point 0
	on point 5
	on point 10
	on point 15
	on point 20
------------Finished calculations!------------
	Current parameters:
		np_a: -1.21722
		np_b: 0.862078
		np_c: 0.820479
		np_d: 0.963992
		of_a: 0
	Current chi2:
		1205.6
**********************************************

************ Fitting in progress *************
	on point 0
	on point 5
	on point 10
	on point 15
	on point 20
------------Finished calculations!------------
	Current parameters:
		np_a: -1.21722
		np_b: 0.862248
		np_c: 0.822177
		np_d: 0.963992
		of_a: 0
	Current chi2:
		1304.91
**********************************************

************ Fitting in progress *************
	on point 0
	on point 5
	on point 10
	on point 15
	on point 20
------------Finished calculations!------------
	Current parameters:
		np_a: -1.21722
		np_b: 0.862248
		np_c: 0.818781
		np_d: 0.963992
		of_a: 0
	Current chi2:
		1115.01
**********************************************

************ Fitting in progress *************
	on point 0
	on point 5
	on point 10
	on point 15
	on point 20
------------Finished calculations!------------
	Current parameters:
		np_a: -1.21722
		np_b: 0.862248
		np_c: 0.820649
		np_d: 0.963992
		of_a: 0
	Current chi2:
		1217.56
**********************************************

************ Fitting in progress *************
	on point 0
	on point 5
	on point 10
	on point 15
	on point 20
------------Finished calculations!------------
	Current parameters:
		np_a: -1.21722
		np_b: 0.862248
		np_c: 0.820309
		np_d: 0.963992
		of_a: 0
	Current chi2:
		1198.57
**********************************************

************ Fitting in progress *************
	on point 0
	on point 5
	on point 10
	on point 15
	on point 20
------------Finished calculations!------------
	Current parameters:
		np_a: -1.21722
		np_b: 0.862248
		np_c: 0.820479
		np_d: 0.96569
		of_a: 0
	Current chi2:
		1254.15
**********************************************

************ Fitting in progress *************
	on point 0
	on point 5
	on point 10
	on point 15
	on point 20
------------Finished calculations!------------
	Current parameters:
		np_a: -1.21722
		np_b: 0.862248
		np_c: 0.820479
		np_d: 0.962295
		of_a: 0
	Current chi2:
		1163
**********************************************

************ Fitting in progress *************
	on point 0
	on point 5
	on point 10
	on point 15
	on point 20
------------Finished calculations!------------
	Current parameters:
		np_a: -1.21722
		np_b: 0.862248
		np_c: 0.820479
		np_d: 0.964162
		of_a: 0
	Current chi2:
		1212.61
**********************************************

************ Fitting in progress *************
	on point 0
	on point 5
	on point 10
	on point 15
	on point 20
------------Finished calculations!------------
	Current parameters:
		np_a: -1.21722
		np_b: 0.862248
		np_c: 0.820479
		np_d: 0.963823
		of_a: 0
	Current chi2:
		1203.49
**********************************************

************ Fitting in progress *************
	on point 0
	on point 5
	on point 10
	on point 15
	on point 20
------------Finished calculations!------------
	Current parameters:
		np_a: -1.21722
		np_b: 0.862248
		np_c: 0.820479
		np_d: 0.963992
		of_a: 0.00169782
	Current chi2:
		1209.37
**********************************************

************ Fitting in progress *************
	on point 0
	on point 5
	on point 10
	on point 15
	on point 20
------------Finished calculations!------------
	Current parameters:
		np_a: -1.21722
		np_b: 0.862248
		np_c: 0.820479
		np_d: 0.963992
		of_a: -0.00169782
	Current chi2:
		1206.72
**********************************************

************ Fitting in progress *************
	on point 0
	on point 5
	on point 10
	on point 15
	on point 20
------------Finished calculations!------------
	Current parameters:
		np_a: -1.29052
		np_b: 0.728112
		np_c: 0.778385
		np_d: 0.890766
		of_a: -2.91786
	Current chi2:
		13351.6
**********************************************

************ Fitting in progress *************
	on point 0
	on point 5
	on point 10
	on point 15
	on point 20
------------Finished calculations!------------
	Current parameters:
		np_a: -1.23455
		np_b: 0.830527
		np_c: 0.810524
		np_d: 0.946676
		of_a: -0.690025
	Current chi2:
		31.8903
**********************************************

************ Fitting in progress *************
	on point 0
	on point 5
	on point 10
	on point 15
	on point 20
------------Finished calculations!------------
	Current parameters:
		np_a: -1.23454
		np_b: 0.830527
		np_c: 0.810524
		np_d: 0.946676
		of_a: -0.690025
	Current chi2:
		31.8513
**********************************************

************ Fitting in progress *************
	on point 0
	on point 5
	on point 10
	on point 15
	on point 20
------------Finished calculations!------------
	Current parameters:
		np_a: -1.23457
		np_b: 0.830527
		np_c: 0.810524
		np_d: 0.946676
		of_a: -0.690025
	Current chi2:
		31.9295
**********************************************

************ Fitting in progress *************
	on point 0
	on point 5
	on point 10
	on point 15
	on point 20
------------Finished calculations!------------
	Current parameters:
		np_a: -1.23455
		np_b: 0.830527
		np_c: 0.810524
		np_d: 0.946676
		of_a: -0.690025
	Current chi2:
		31.8764
**********************************************

************ Fitting in progress *************
	on point 0
	on point 5
	on point 10
	on point 15
	on point 20
------------Finished calculations!------------
	Current parameters:
		np_a: -1.23456
		np_b: 0.830527
		np_c: 0.810524
		np_d: 0.946676
		of_a: -0.690025
	Current chi2:
		31.9042
**********************************************

************ Fitting in progress *************
	on point 0
	on point 5
	on point 10
	on point 15
	on point 20
------------Finished calculations!------------
	Current parameters:
		np_a: -1.23455
		np_b: 0.830544
		np_c: 0.810524
		np_d: 0.946676
		of_a: -0.690025
	Current chi2:
		31.8709
**********************************************

************ Fitting in progress *************
	on point 0
	on point 5
	on point 10
	on point 15
	on point 20
------------Finished calculations!------------
	Current parameters:
		np_a: -1.23455
		np_b: 0.83051
		np_c: 0.810524
		np_d: 0.946676
		of_a: -0.690025
	Current chi2:
		31.9098
**********************************************

************ Fitting in progress *************
	on point 0
	on point 5
	on point 10
	on point 15
	on point 20
------------Finished calculations!------------
	Current parameters:
		np_a: -1.23455
		np_b: 0.830539
		np_c: 0.810524
		np_d: 0.946676
		of_a: -0.690025
	Current chi2:
		31.8763
**********************************************

************ Fitting in progress *************
	on point 0
	on point 5
	on point 10
	on point 15
	on point 20
------------Finished calculations!------------
	Current parameters:
		np_a: -1.23455
		np_b: 0.830515
		np_c: 0.810524
		np_d: 0.946676
		of_a: -0.690025
	Current chi2:
		31.9043
**********************************************

************ Fitting in progress *************
	on point 0
	on point 5
	on point 10
	on point 15
	on point 20
------------Finished calculations!------------
	Current parameters:
		np_a: -1.23455
		np_b: 0.830527
		np_c: 0.810541
		np_d: 0.946676
		of_a: -0.690025
	Current chi2:
		31.8258
**********************************************

************ Fitting in progress *************
	on point 0
	on point 5
	on point 10
	on point 15
	on point 20
------------Finished calculations!------------
	Current parameters:
		np_a: -1.23455
		np_b: 0.830527
		np_c: 0.810507
		np_d: 0.946676
		of_a: -0.690025
	Current chi2:
		31.9552
**********************************************

************ Fitting in progress *************
	on point 0
	on point 5
	on point 10
	on point 15
	on point 20
------------Finished calculations!------------
	Current parameters:
		np_a: -1.23455
		np_b: 0.830527
		np_c: 0.810528
		np_d: 0.946676
		of_a: -0.690025
	Current chi2:
		31.8769
**********************************************

************ Fitting in progress *************
	on point 0
	on point 5
	on point 10
	on point 15
	on point 20
------------Finished calculations!------------
	Current parameters:
		np_a: -1.23455
		np_b: 0.830527
		np_c: 0.810521
		np_d: 0.946676
		of_a: -0.690025
	Current chi2:
		31.9037
**********************************************

************ Fitting in progress *************
	on point 0
	on point 5
	on point 10
	on point 15
	on point 20
------------Finished calculations!------------
	Current parameters:
		np_a: -1.23455
		np_b: 0.830527
		np_c: 0.810524
		np_d: 0.946693
		of_a: -0.690025
	Current chi2:
		31.8609
**********************************************

************ Fitting in progress *************
	on point 0
	on point 5
	on point 10
	on point 15
	on point 20
------------Finished calculations!------------
	Current parameters:
		np_a: -1.23455
		np_b: 0.830527
		np_c: 0.810524
		np_d: 0.946659
		of_a: -0.690025
	Current chi2:
		31.9198
**********************************************

************ Fitting in progress *************
	on point 0
	on point 5
	on point 10
	on point 15
	on point 20
------------Finished calculations!------------
	Current parameters:
		np_a: -1.23455
		np_b: 0.830527
		np_c: 0.810524
		np_d: 0.946682
		of_a: -0.690025
	Current chi2:
		31.8783
**********************************************

************ Fitting in progress *************
	on point 0
	on point 5
	on point 10
	on point 15
	on point 20
------------Finished calculations!------------
	Current parameters:
		np_a: -1.23455
		np_b: 0.830527
		np_c: 0.810524
		np_d: 0.946669
		of_a: -0.690025
	Current chi2:
		31.9024
**********************************************

************ Fitting in progress *************
	on point 0
	on point 5
	on point 10
	on point 15
	on point 20
------------Finished calculations!------------
	Current parameters:
		np_a: -1.23455
		np_b: 0.830527
		np_c: 0.810524
		np_d: 0.946676
		of_a: -0.689783
	Current chi2:
		31.8747
**********************************************

************ Fitting in progress *************
	on point 0
	on point 5
	on point 10
	on point 15
	on point 20
------------Finished calculations!------------
	Current parameters:
		np_a: -1.23455
		np_b: 0.830527
		np_c: 0.810524
		np_d: 0.946676
		of_a: -0.690267
	Current chi2:
		31.906
**********************************************

************ Fitting in progress *************
	on point 0
	on point 5
	on point 10
	on point 15
	on point 20
------------Finished calculations!------------
	Current parameters:
		np_a: -1.23351
		np_b: 0.833462
		np_c: 0.811002
		np_d: 0.947269
		of_a: -0.617293
	Current chi2:
		24.8017
**********************************************

************ Fitting in progress *************
	on point 0
	on point 5
	on point 10
	on point 15
	on point 20
------------Finished calculations!------------
	Current parameters:
		np_a: -1.23343
		np_b: 0.833666
		np_c: 0.811035
		np_d: 0.94731
		of_a: -0.612237
	Current chi2:
		24.7726
**********************************************

************ Fitting in progress *************
	on point 0
	on point 5
	on point 10
	on point 15
	on point 20
------------Finished calculations!------------
	Current parameters:
		np_a: -1.23343
		np_b: 0.833666
		np_c: 0.811035
		np_d: 0.94731
		of_a: -0.612237
	Current chi2:
		24.7735
**********************************************

************ Fitting in progress *************
	on point 0
	on point 5
	on point 10
	on point 15
	on point 20
------------Finished calculations!------------
	Current parameters:
		np_a: -1.23344
		np_b: 0.833666
		np_c: 0.811035
		np_d: 0.94731
		of_a: -0.612237
	Current chi2:
		24.7717
**********************************************

************ Fitting in progress *************
	on point 0
	on point 5
	on point 10
	on point 15
	on point 20
------------Finished calculations!------------
	Current parameters:
		np_a: -1.23343
		np_b: 0.833676
		np_c: 0.811035
		np_d: 0.94731
		of_a: -0.612237
	Current chi2:
		24.7726
**********************************************

************ Fitting in progress *************
	on point 0
	on point 5
	on point 10
	on point 15
	on point 20
------------Finished calculations!------------
	Current parameters:
		np_a: -1.23343
		np_b: 0.833655
		np_c: 0.811035
		np_d: 0.94731
		of_a: -0.612237
	Current chi2:
		24.7726
**********************************************

************ Fitting in progress *************
	on point 0
	on point 5
	on point 10
	on point 15
	on point 20
------------Finished calculations!------------
	Current parameters:
		np_a: -1.23343
		np_b: 0.833666
		np_c: 0.811038
		np_d: 0.94731
		of_a: -0.612237
	Current chi2:
		24.7737
**********************************************

************ Fitting in progress *************
	on point 0
	on point 5
	on point 10
	on point 15
	on point 20
------------Finished calculations!------------
	Current parameters:
		np_a: -1.23343
		np_b: 0.833666
		np_c: 0.811032
		np_d: 0.94731
		of_a: -0.612237
	Current chi2:
		24.7715
**********************************************

************ Fitting in progress *************
	on point 0
	on point 5
	on point 10
	on point 15
	on point 20
------------Finished calculations!------------
	Current parameters:
		np_a: -1.23343
		np_b: 0.833666
		np_c: 0.811035
		np_d: 0.947316
		of_a: -0.612237
	Current chi2:
		24.7738
**********************************************

************ Fitting in progress *************
	on point 0
	on point 5
	on point 10
	on point 15
	on point 20
------------Finished calculations!------------
	Current parameters:
		np_a: -1.23343
		np_b: 0.833666
		np_c: 0.811035
		np_d: 0.947304
		of_a: -0.612237
	Current chi2:
		24.7714
**********************************************

************ Fitting in progress *************
	on point 0
	on point 5
	on point 10
	on point 15
	on point 20
------------Finished calculations!------------
	Current parameters:
		np_a: -1.23343
		np_b: 0.833666
		np_c: 0.811035
		np_d: 0.94731
		of_a: -0.612012
	Current chi2:
		24.7712
**********************************************

************ Fitting in progress *************
	on point 0
	on point 5
	on point 10
	on point 15
	on point 20
------------Finished calculations!------------
	Current parameters:
		np_a: -1.23343
		np_b: 0.833666
		np_c: 0.811035
		np_d: 0.94731
		of_a: -0.612462
	Current chi2:
		24.774
**********************************************

************ Fitting in progress *************
	on point 0
	on point 5
	on point 10
	on point 15
	on point 20
------------Finished calculations!------------
	Current parameters:
		np_a: -1.23367
		np_b: 0.833974
		np_c: 0.810846
		np_d: 0.946917
		of_a: -0.582268
	Current chi2:
		24.4173
**********************************************

************ Fitting in progress *************
	on point 0
	on point 5
	on point 10
	on point 15
	on point 20
------------Finished calculations!------------
	Current parameters:
		np_a: -1.23459
		np_b: 0.835209
		np_c: 0.810088
		np_d: 0.945346
		of_a: -0.462393
	Current chi2:
		23.2773
**********************************************

************ Fitting in progress *************
	on point 0
	on point 5
	on point 10
	on point 15
	on point 20
------------Finished calculations!------------
	Current parameters:
		np_a: -1.23648
		np_b: 0.837722
		np_c: 0.808546
		np_d: 0.942149
		of_a: -0.218513
	Current chi2:
		22.3511
**********************************************

************ Fitting in progress *************
	on point 0
	on point 5
	on point 10
	on point 15
	on point 20
------------Finished calculations!------------
	Current parameters:
		np_a: -1.23648
		np_b: 0.837722
		np_c: 0.808546
		np_d: 0.942149
		of_a: -0.218513
	Current chi2:
		22.3514
**********************************************

************ Fitting in progress *************
	on point 0
	on point 5
	on point 10
	on point 15
	on point 20
------------Finished calculations!------------
	Current parameters:
		np_a: -1.23649
		np_b: 0.837722
		np_c: 0.808546
		np_d: 0.942149
		of_a: -0.218513
	Current chi2:
		22.3509
**********************************************

************ Fitting in progress *************
	on point 0
	on point 5
	on point 10
	on point 15
	on point 20
------------Finished calculations!------------
	Current parameters:
		np_a: -1.23648
		np_b: 0.837732
		np_c: 0.808546
		np_d: 0.942149
		of_a: -0.218513
	Current chi2:
		22.3531
**********************************************

************ Fitting in progress *************
	on point 0
	on point 5
	on point 10
	on point 15
	on point 20
------------Finished calculations!------------
	Current parameters:
		np_a: -1.23648
		np_b: 0.837711
		np_c: 0.808546
		np_d: 0.942149
		of_a: -0.218513
	Current chi2:
		22.3493
**********************************************

************ Fitting in progress *************
	on point 0
	on point 5
	on point 10
	on point 15
	on point 20
------------Finished calculations!------------
	Current parameters:
		np_a: -1.23648
		np_b: 0.837722
		np_c: 0.808549
		np_d: 0.942149
		of_a: -0.218513
	Current chi2:
		22.3505
**********************************************

************ Fitting in progress *************
	on point 0
	on point 5
	on point 10
	on point 15
	on point 20
------------Finished calculations!------------
	Current parameters:
		np_a: -1.23648
		np_b: 0.837722
		np_c: 0.808543
		np_d: 0.942149
		of_a: -0.218513
	Current chi2:
		22.3518
**********************************************

************ Fitting in progress *************
	on point 0
	on point 5
	on point 10
	on point 15
	on point 20
------------Finished calculations!------------
	Current parameters:
		np_a: -1.23648
		np_b: 0.837722
		np_c: 0.808546
		np_d: 0.942155
		of_a: -0.218513
	Current chi2:
		22.349
**********************************************

************ Fitting in progress *************
	on point 0
	on point 5
	on point 10
	on point 15
	on point 20
------------Finished calculations!------------
	Current parameters:
		np_a: -1.23648
		np_b: 0.837722
		np_c: 0.808546
		np_d: 0.942143
		of_a: -0.218513
	Current chi2:
		22.3533
**********************************************

************ Fitting in progress *************
	on point 0
	on point 5
	on point 10
	on point 15
	on point 20
------------Finished calculations!------------
	Current parameters:
		np_a: -1.23648
		np_b: 0.837722
		np_c: 0.808546
		np_d: 0.942149
		of_a: -0.218299
	Current chi2:
		22.3495
**********************************************

************ Fitting in progress *************
	on point 0
	on point 5
	on point 10
	on point 15
	on point 20
------------Finished calculations!------------
	Current parameters:
		np_a: -1.23648
		np_b: 0.837722
		np_c: 0.808546
		np_d: 0.942149
		of_a: -0.218726
	Current chi2:
		22.3528
**********************************************

************ Fitting in progress *************
	on point 0
	on point 5
	on point 10
	on point 15
	on point 20
------------Finished calculations!------------
	Current parameters:
		np_a: -1.23727
		np_b: 0.836442
		np_c: 0.808181
		np_d: 0.942078
		of_a: -0.127388
	Current chi2:
		21.5275
**********************************************

************ Fitting in progress *************
	on point 0
	on point 5
	on point 10
	on point 15
	on point 20
------------Finished calculations!------------
	Current parameters:
		np_a: -1.24042
		np_b: 0.831326
		np_c: 0.80672
		np_d: 0.941792
		of_a: 0.237113
	Current chi2:
		18.9276
**********************************************

************ Fitting in progress *************
	on point 0
	on point 5
	on point 10
	on point 15
	on point 20
------------Finished calculations!------------
	Current parameters:
		np_a: -1.24621
		np_b: 0.821914
		np_c: 0.804033
		np_d: 0.941266
		of_a: 0.907643
	Current chi2:
		16.922
**********************************************

************ Fitting in progress *************
	on point 0
	on point 5
	on point 10
	on point 15
	on point 20
------------Finished calculations!------------
	Current parameters:
		np_a: -1.24621
		np_b: 0.821914
		np_c: 0.804033
		np_d: 0.941266
		of_a: 0.907643
	Current chi2:
		16.9227
**********************************************

************ Fitting in progress *************
	on point 0
	on point 5
	on point 10
	on point 15
	on point 20
------------Finished calculations!------------
	Current parameters:
		np_a: -1.24622
		np_b: 0.821914
		np_c: 0.804033
		np_d: 0.941266
		of_a: 0.907643
	Current chi2:
		16.9213
**********************************************

************ Fitting in progress *************
	on point 0
	on point 5
	on point 10
	on point 15
	on point 20
------------Finished calculations!------------
	Current parameters:
		np_a: -1.24621
		np_b: 0.821923
		np_c: 0.804033
		np_d: 0.941266
		of_a: 0.907643
	Current chi2:
		16.9226
**********************************************

************ Fitting in progress *************
	on point 0
	on point 5
	on point 10
	on point 15
	on point 20
------------Finished calculations!------------
	Current parameters:
		np_a: -1.24621
		np_b: 0.821905
		np_c: 0.804033
		np_d: 0.941266
		of_a: 0.907643
	Current chi2:
		16.9214
**********************************************

************ Fitting in progress *************
	on point 0
	on point 5
	on point 10
	on point 15
	on point 20
------------Finished calculations!------------
	Current parameters:
		np_a: -1.24621
		np_b: 0.821914
		np_c: 0.804036
		np_d: 0.941266
		of_a: 0.907643
	Current chi2:
		16.9227
**********************************************

************ Fitting in progress *************
	on point 0
	on point 5
	on point 10
	on point 15
	on point 20
------------Finished calculations!------------
	Current parameters:
		np_a: -1.24621
		np_b: 0.821914
		np_c: 0.804031
		np_d: 0.941266
		of_a: 0.907643
	Current chi2:
		16.9213
**********************************************

************ Fitting in progress *************
	on point 0
	on point 5
	on point 10
	on point 15
	on point 20
------------Finished calculations!------------
	Current parameters:
		np_a: -1.24621
		np_b: 0.821914
		np_c: 0.804033
		np_d: 0.941272
		of_a: 0.907643
	Current chi2:
		16.9227
**********************************************

************ Fitting in progress *************
	on point 0
	on point 5
	on point 10
	on point 15
	on point 20
------------Finished calculations!------------
	Current parameters:
		np_a: -1.24621
		np_b: 0.821914
		np_c: 0.804033
		np_d: 0.941261
		of_a: 0.907643
	Current chi2:
		16.9213
**********************************************

************ Fitting in progress *************
	on point 0
	on point 5
	on point 10
	on point 15
	on point 20
------------Finished calculations!------------
	Current parameters:
		np_a: -1.24621
		np_b: 0.821914
		np_c: 0.804033
		np_d: 0.941266
		of_a: 0.907832
	Current chi2:
		16.9225
**********************************************

************ Fitting in progress *************
	on point 0
	on point 5
	on point 10
	on point 15
	on point 20
------------Finished calculations!------------
	Current parameters:
		np_a: -1.24621
		np_b: 0.821914
		np_c: 0.804033
		np_d: 0.941266
		of_a: 0.907455
	Current chi2:
		16.9214
**********************************************

************ Fitting in progress *************
	on point 0
	on point 5
	on point 10
	on point 15
	on point 20
------------Finished calculations!------------
	Current parameters:
		np_a: -1.24704
		np_b: 0.82121
		np_c: 0.803558
		np_d: 0.940739
		of_a: 0.995952
	Current chi2:
		16.8777
**********************************************

************ Fitting in progress *************
	on point 0
	on point 5
	on point 10
	on point 15
	on point 20
------------Finished calculations!------------
	Current parameters:
		np_a: -1.24692
		np_b: 0.821311
		np_c: 0.803626
		np_d: 0.940815
		of_a: 0.983295
	Current chi2:
		16.8763
**********************************************

************ Fitting in progress *************
	on point 0
	on point 5
	on point 10
	on point 15
	on point 20
------------Finished calculations!------------
	Current parameters:
		np_a: -1.24692
		np_b: 0.821311
		np_c: 0.803626
		np_d: 0.940815
		of_a: 0.983295
	Current chi2:
		16.8763
**********************************************

************ Fitting in progress *************
	on point 0
	on point 5
	on point 10
	on point 15
	on point 20
------------Finished calculations!------------
	Current parameters:
		np_a: -1.24693
		np_b: 0.821311
		np_c: 0.803626
		np_d: 0.940815
		of_a: 0.983295
	Current chi2:
		16.8764
**********************************************

************ Fitting in progress *************
	on point 0
	on point 5
	on point 10
	on point 15
	on point 20
------------Finished calculations!------------
	Current parameters:
		np_a: -1.24692
		np_b: 0.82132
		np_c: 0.803626
		np_d: 0.940815
		of_a: 0.983295
	Current chi2:
		16.8763
**********************************************

************ Fitting in progress *************
	on point 0
	on point 5
	on point 10
	on point 15
	on point 20
------------Finished calculations!------------
	Current parameters:
		np_a: -1.24692
		np_b: 0.821302
		np_c: 0.803626
		np_d: 0.940815
		of_a: 0.983295
	Current chi2:
		16.8763
**********************************************

************ Fitting in progress *************
	on point 0
	on point 5
	on point 10
	on point 15
	on point 20
------------Finished calculations!------------
	Current parameters:
		np_a: -1.24692
		np_b: 0.821311
		np_c: 0.803629
		np_d: 0.940815
		of_a: 0.983295
	Current chi2:
		16.8763
**********************************************

************ Fitting in progress *************
	on point 0
	on point 5
	on point 10
	on point 15
	on point 20
------------Finished calculations!------------
	Current parameters:
		np_a: -1.24692
		np_b: 0.821311
		np_c: 0.803624
		np_d: 0.940815
		of_a: 0.983295
	Current chi2:
		16.8764
**********************************************

************ Fitting in progress *************
	on point 0
	on point 5
	on point 10
	on point 15
	on point 20
------------Finished calculations!------------
	Current parameters:
		np_a: -1.24692
		np_b: 0.821311
		np_c: 0.803626
		np_d: 0.94082
		of_a: 0.983295
	Current chi2:
		16.8763
**********************************************

************ Fitting in progress *************
	on point 0
	on point 5
	on point 10
	on point 15
	on point 20
------------Finished calculations!------------
	Current parameters:
		np_a: -1.24692
		np_b: 0.821311
		np_c: 0.803626
		np_d: 0.94081
		of_a: 0.983295
	Current chi2:
		16.8763
**********************************************

************ Fitting in progress *************
	on point 0
	on point 5
	on point 10
	on point 15
	on point 20
------------Finished calculations!------------
	Current parameters:
		np_a: -1.24692
		np_b: 0.821311
		np_c: 0.803626
		np_d: 0.940815
		of_a: 0.983486
	Current chi2:
		16.8763
**********************************************

************ Fitting in progress *************
	on point 0
	on point 5
	on point 10
	on point 15
	on point 20
------------Finished calculations!------------
	Current parameters:
		np_a: -1.24692
		np_b: 0.821311
		np_c: 0.803626
		np_d: 0.940815
		of_a: 0.983103
	Current chi2:
		16.8764
**********************************************

************ Fitting in progress *************
	on point 0
	on point 5
	on point 10
	on point 15
	on point 20
------------Finished calculations!------------
	Current parameters:
		np_a: -1.24692
		np_b: 0.821311
		np_c: 0.803626
		np_d: 0.940815
		of_a: 0.983295
	Current chi2:
		16.8763
**********************************************

************ Fitting in progress *************
	on point 0
	on point 5
	on point 10
	on point 15
	on point 20
------------Finished calculations!------------
	Current parameters:
		np_a: -1.24692
		np_b: 0.821311
		np_c: 0.803626
		np_d: 0.940815
		of_a: 0.983295
	Current chi2:
		16.8763
**********************************************

************ Fitting in progress *************
	on point 0
	on point 5
	on point 10
	on point 15
	on point 20
------------Finished calculations!------------
	Current parameters:
		np_a: -1.24693
		np_b: 0.821311
		np_c: 0.803626
		np_d: 0.940815
		of_a: 0.983295
	Current chi2:
		16.8764
**********************************************

************ Fitting in progress *************
	on point 0
	on point 5
	on point 10
	on point 15
	on point 20
------------Finished calculations!------------
	Current parameters:
		np_a: -1.24692
		np_b: 0.82132
		np_c: 0.803626
		np_d: 0.940815
		of_a: 0.983295
	Current chi2:
		16.8763
**********************************************

************ Fitting in progress *************
	on point 0
	on point 5
	on point 10
	on point 15
	on point 20
------------Finished calculations!------------
	Current parameters:
		np_a: -1.24692
		np_b: 0.821302
		np_c: 0.803626
		np_d: 0.940815
		of_a: 0.983295
	Current chi2:
		16.8763
**********************************************

************ Fitting in progress *************
	on point 0
	on point 5
	on point 10
	on point 15
	on point 20
------------Finished calculations!------------
	Current parameters:
		np_a: -1.24692
		np_b: 0.821311
		np_c: 0.803629
		np_d: 0.940815
		of_a: 0.983295
	Current chi2:
		16.8763
**********************************************

************ Fitting in progress *************
	on point 0
	on point 5
	on point 10
	on point 15
	on point 20
------------Finished calculations!------------
	Current parameters:
		np_a: -1.24692
		np_b: 0.821311
		np_c: 0.803624
		np_d: 0.940815
		of_a: 0.983295
	Current chi2:
		16.8764
**********************************************

************ Fitting in progress *************
	on point 0
	on point 5
	on point 10
	on point 15
	on point 20
------------Finished calculations!------------
	Current parameters:
		np_a: -1.24692
		np_b: 0.821311
		np_c: 0.803626
		np_d: 0.94082
		of_a: 0.983295
	Current chi2:
		16.8763
**********************************************

************ Fitting in progress *************
	on point 0
	on point 5
	on point 10
	on point 15
	on point 20
------------Finished calculations!------------
	Current parameters:
		np_a: -1.24692
		np_b: 0.821311
		np_c: 0.803626
		np_d: 0.94081
		of_a: 0.983295
	Current chi2:
		16.8763
**********************************************

************ Fitting in progress *************
	on point 0
	on point 5
	on point 10
	on point 15
	on point 20
------------Finished calculations!------------
	Current parameters:
		np_a: -1.24692
		np_b: 0.821311
		np_c: 0.803626
		np_d: 0.940815
		of_a: 0.983486
	Current chi2:
		16.8763
**********************************************

************ Fitting in progress *************
	on point 0
	on point 5
	on point 10
	on point 15
	on point 20
------------Finished calculations!------------
	Current parameters:
		np_a: -1.24692
		np_b: 0.821311
		np_c: 0.803626
		np_d: 0.940815
		of_a: 0.983103
	Current chi2:
		16.8764
**********************************************

************ Fitting in progress *************
	on point 0
	on point 5
	on point 10
	on point 15
	on point 20
------------Finished calculations!------------
	Current parameters:
		np_a: -1.24692
		np_b: 0.821311
		np_c: 0.803626
		np_d: 0.940815
		of_a: 0.983295
	Current chi2:
		16.8763
**********************************************

************ Fitting in progress *************
	on point 0
	on point 5
	on point 10
	on point 15
	on point 20
------------Finished calculations!------------
	Current parameters:
		np_a: -1.24692
		np_b: 0.821311
		np_c: 0.803626
		np_d: 0.940815
		of_a: 0.983295
	Current chi2:
		16.8763
**********************************************

************ Fitting in progress *************
	on point 0
	on point 5
	on point 10
	on point 15
	on point 20
------------Finished calculations!------------
	Current parameters:
		np_a: -1.24692
		np_b: 0.821313
		np_c: 0.803626
		np_d: 0.940815
		of_a: 0.983295
	Current chi2:
		16.8763
**********************************************

************ Fitting in progress *************
	on point 0
	on point 5
	on point 10
	on point 15
	on point 20
------------Finished calculations!------------
	Current parameters:
		np_a: -1.24692
		np_b: 0.821309
		np_c: 0.803626
		np_d: 0.940815
		of_a: 0.983295
	Current chi2:
		16.8763
**********************************************

************ Fitting in progress *************
	on point 0
	on point 5
	on point 10
	on point 15
	on point 20
------------Finished calculations!------------
	Current parameters:
		np_a: -1.24692
		np_b: 0.821311
		np_c: 0.803627
		np_d: 0.940815
		of_a: 0.983295
	Current chi2:
		16.8763
**********************************************

************ Fitting in progress *************
	on point 0
	on point 5
	on point 10
	on point 15
	on point 20
------------Finished calculations!------------
	Current parameters:
		np_a: -1.24692
		np_b: 0.821311
		np_c: 0.803626
		np_d: 0.940815
		of_a: 0.983295
	Current chi2:
		16.8763
**********************************************

************ Fitting in progress *************
	on point 0
	on point 5
	on point 10
	on point 15
	on point 20
------------Finished calculations!------------
	Current parameters:
		np_a: -1.24692
		np_b: 0.821311
		np_c: 0.803626
		np_d: 0.940816
		of_a: 0.983295
	Current chi2:
		16.8763
**********************************************

************ Fitting in progress *************
	on point 0
	on point 5
	on point 10
	on point 15
	on point 20
------------Finished calculations!------------
	Current parameters:
		np_a: -1.24692
		np_b: 0.821311
		np_c: 0.803626
		np_d: 0.940814
		of_a: 0.983295
	Current chi2:
		16.8763
**********************************************

************ Fitting in progress *************
	on point 0
	on point 5
	on point 10
	on point 15
	on point 20
------------Finished calculations!------------
	Current parameters:
		np_a: -1.24692
		np_b: 0.821311
		np_c: 0.803626
		np_d: 0.940815
		of_a: 0.983333
	Current chi2:
		16.8763
**********************************************

************ Fitting in progress *************
	on point 0
	on point 5
	on point 10
	on point 15
	on point 20
------------Finished calculations!------------
	Current parameters:
		np_a: -1.24692
		np_b: 0.821311
		np_c: 0.803626
		np_d: 0.940815
		of_a: 0.983256
	Current chi2:
		16.8763
**********************************************

************ Fitting in progress *************
	on point 0
	on point 5
	on point 10
	on point 15
	on point 20
------------Finished calculations!------------
	Current parameters:
		np_a: -1.24692
		np_b: 0.82132
		np_c: 0.803626
		np_d: 0.940815
		of_a: 0.983295
	Current chi2:
		16.8763
**********************************************

************ Fitting in progress *************
	on point 0
	on point 5
	on point 10
	on point 15
	on point 20
------------Finished calculations!------------
	Current parameters:
		np_a: -1.24692
		np_b: 0.821311
		np_c: 0.803629
		np_d: 0.940815
		of_a: 0.983295
	Current chi2:
		16.8763
**********************************************

************ Fitting in progress *************
	on point 0
	on point 5
	on point 10
	on point 15
	on point 20
------------Finished calculations!------------
	Current parameters:
		np_a: -1.24692
		np_b: 0.821311
		np_c: 0.803626
		np_d: 0.94082
		of_a: 0.983295
	Current chi2:
		16.8763
**********************************************

************ Fitting in progress *************
	on point 0
	on point 5
	on point 10
	on point 15
	on point 20
------------Finished calculations!------------
	Current parameters:
		np_a: -1.24692
		np_b: 0.821311
		np_c: 0.803626
		np_d: 0.940815
		of_a: 0.983486
	Current chi2:
		16.8763
**********************************************

************ Fitting in progress *************
	on point 0
	on point 5
	on point 10
	on point 15
	on point 20
------------Finished calculations!------------
	Current parameters:
		np_a: -1.24692
		np_b: 0.82132
		np_c: 0.803629
		np_d: 0.940815
		of_a: 0.983295
	Current chi2:
		16.8763
**********************************************

************ Fitting in progress *************
	on point 0
	on point 5
	on point 10
	on point 15
	on point 20
------------Finished calculations!------------
	Current parameters:
		np_a: -1.24692
		np_b: 0.82132
		np_c: 0.803626
		np_d: 0.94082
		of_a: 0.983295
	Current chi2:
		16.8763
**********************************************

************ Fitting in progress *************
	on point 0
	on point 5
	on point 10
	on point 15
	on point 20
------------Finished calculations!------------
	Current parameters:
		np_a: -1.24692
		np_b: 0.82132
		np_c: 0.803626
		np_d: 0.940815
		of_a: 0.983486
	Current chi2:
		16.8763
**********************************************

************ Fitting in progress *************
	on point 0
	on point 5
	on point 10
	on point 15
	on point 20
------------Finished calculations!------------
	Current parameters:
		np_a: -1.24692
		np_b: 0.821311
		np_c: 0.803629
		np_d: 0.94082
		of_a: 0.983295
	Current chi2:
		16.8763
**********************************************

************ Fitting in progress *************
	on point 0
	on point 5
	on point 10
	on point 15
	on point 20
------------Finished calculations!------------
	Current parameters:
		np_a: -1.24692
		np_b: 0.821311
		np_c: 0.803629
		np_d: 0.940815
		of_a: 0.983486
	Current chi2:
		16.8763
**********************************************

************ Fitting in progress *************
	on point 0
	on point 5
	on point 10
	on point 15
	on point 20
------------Finished calculations!------------
	Current parameters:
		np_a: -1.24692
		np_b: 0.821311
		np_c: 0.803626
		np_d: 0.94082
		of_a: 0.983486
	Current chi2:
		16.8763
**********************************************

Info in <Minuit2>: matrix forced pos-def by adding to diagonal : padd = 0.00465306
Info in <Minuit2>: MnHesse: matrix was forced pos. def. 
Info in <Minuit2>: VariableMetricBuilder: Tolerance is not sufficient, continue the minimization
Info in <Minuit2>: Current  Edm is : edm = 0.012383
Info in <Minuit2>: Required Edm is : edmval = 0.001
************ Fitting in progress *************
	on point 0
	on point 5
	on point 10
	on point 15
	on point 20
------------Finished calculations!------------
	Current parameters:
		np_a: -1.24539
		np_b: 0.817928
		np_c: 0.804422
		np_d: 0.938435
		of_a: 1.00727
	Current chi2:
		16.8518
**********************************************

************ Fitting in progress *************
	on point 0
	on point 5
	on point 10
	on point 15
	on point 20
------------Finished calculations!------------
	Current parameters:
		np_a: -1.23924
		np_b: 0.804397
		np_c: 0.807605
		np_d: 0.928918
		of_a: 1.10318
	Current chi2:
		16.7578
**********************************************

************ Fitting in progress *************
	on point 0
	on point 5
	on point 10
	on point 15
	on point 20
------------Finished calculations!------------
	Current parameters:
		np_a: -1.22386
		np_b: 0.77057
		np_c: 0.815563
		np_d: 0.905126
		of_a: 1.34296
	Current chi2:
		16.5495
**********************************************

************ Fitting in progress *************
	on point 0
	on point 5
	on point 10
	on point 15
	on point 20
------------Finished calculations!------------
	Current parameters:
		np_a: -1.17773
		np_b: 0.669086
		np_c: 0.839437
		np_d: 0.833748
		of_a: 2.06229
	Current chi2:
		16.3038
**********************************************

************ Fitting in progress *************
	on point 0
	on point 5
	on point 10
	on point 15
	on point 20
------------Finished calculations!------------
	Current parameters:
		np_a: -1.17772
		np_b: 0.669086
		np_c: 0.839437
		np_d: 0.833748
		of_a: 2.06229
	Current chi2:
		16.3021
**********************************************

************ Fitting in progress *************
	on point 0
	on point 5
	on point 10
	on point 15
	on point 20
------------Finished calculations!------------
	Current parameters:
		np_a: -1.17773
		np_b: 0.669086
		np_c: 0.839437
		np_d: 0.833748
		of_a: 2.06229
	Current chi2:
		16.3054
**********************************************

************ Fitting in progress *************
	on point 0
	on point 5
	on point 10
	on point 15
	on point 20
------------Finished calculations!------------
	Current parameters:
		np_a: -1.17773
		np_b: 0.669095
		np_c: 0.839437
		np_d: 0.833748
		of_a: 2.06229
	Current chi2:
		16.3022
**********************************************

************ Fitting in progress *************
	on point 0
	on point 5
	on point 10
	on point 15
	on point 20
------------Finished calculations!------------
	Current parameters:
		np_a: -1.17773
		np_b: 0.669078
		np_c: 0.839437
		np_d: 0.833748
		of_a: 2.06229
	Current chi2:
		16.3053
**********************************************

************ Fitting in progress *************
	on point 0
	on point 5
	on point 10
	on point 15
	on point 20
------------Finished calculations!------------
	Current parameters:
		np_a: -1.17773
		np_b: 0.669086
		np_c: 0.839439
		np_d: 0.833748
		of_a: 2.06229
	Current chi2:
		16.3023
**********************************************

************ Fitting in progress *************
	on point 0
	on point 5
	on point 10
	on point 15
	on point 20
------------Finished calculations!------------
	Current parameters:
		np_a: -1.17773
		np_b: 0.669086
		np_c: 0.839435
		np_d: 0.833748
		of_a: 2.06229
	Current chi2:
		16.3053
**********************************************

************ Fitting in progress *************
	on point 0
	on point 5
	on point 10
	on point 15
	on point 20
------------Finished calculations!------------
	Current parameters:
		np_a: -1.17773
		np_b: 0.669086
		np_c: 0.839437
		np_d: 0.833753
		of_a: 2.06229
	Current chi2:
		16.3024
**********************************************

************ Fitting in progress *************
	on point 0
	on point 5
	on point 10
	on point 15
	on point 20
------------Finished calculations!------------
	Current parameters:
		np_a: -1.17773
		np_b: 0.669086
		np_c: 0.839437
		np_d: 0.833743
		of_a: 2.06229
	Current chi2:
		16.3051
**********************************************

************ Fitting in progress *************
	on point 0
	on point 5
	on point 10
	on point 15
	on point 20
------------Finished calculations!------------
	Current parameters:
		np_a: -1.17773
		np_b: 0.669086
		np_c: 0.839437
		np_d: 0.833748
		of_a: 2.06248
	Current chi2:
		16.3024
**********************************************

************ Fitting in progress *************
	on point 0
	on point 5
	on point 10
	on point 15
	on point 20
------------Finished calculations!------------
	Current parameters:
		np_a: -1.17773
		np_b: 0.669086
		np_c: 0.839437
		np_d: 0.833748
		of_a: 2.0621
	Current chi2:
		16.3051
**********************************************

************ Fitting in progress *************
	on point 0
	on point 5
	on point 10
	on point 15
	on point 20
------------Finished calculations!------------
	Current parameters:
		np_a: -1.17618
		np_b: 0.674836
		np_c: 0.83662
		np_d: 0.838958
		of_a: 1.93131
	Current chi2:
		16.118
**********************************************

************ Fitting in progress *************
	on point 0
	on point 5
	on point 10
	on point 15
	on point 20
------------Finished calculations!------------
	Current parameters:
		np_a: -1.17618
		np_b: 0.674836
		np_c: 0.83662
		np_d: 0.838958
		of_a: 1.93131
	Current chi2:
		16.118
**********************************************

************ Fitting in progress *************
	on point 0
	on point 5
	on point 10
	on point 15
	on point 20
------------Finished calculations!------------
	Current parameters:
		np_a: -1.17618
		np_b: 0.674836
		np_c: 0.83662
		np_d: 0.838958
		of_a: 1.93131
	Current chi2:
		16.1179
**********************************************

************ Fitting in progress *************
	on point 0
	on point 5
	on point 10
	on point 15
	on point 20
------------Finished calculations!------------
	Current parameters:
		np_a: -1.17618
		np_b: 0.674845
		np_c: 0.83662
		np_d: 0.838958
		of_a: 1.93131
	Current chi2:
		16.118
**********************************************

************ Fitting in progress *************
	on point 0
	on point 5
	on point 10
	on point 15
	on point 20
------------Finished calculations!------------
	Current parameters:
		np_a: -1.17618
		np_b: 0.674828
		np_c: 0.83662
		np_d: 0.838958
		of_a: 1.93131
	Current chi2:
		16.1179
**********************************************

************ Fitting in progress *************
	on point 0
	on point 5
	on point 10
	on point 15
	on point 20
------------Finished calculations!------------
	Current parameters:
		np_a: -1.17618
		np_b: 0.674836
		np_c: 0.836623
		np_d: 0.838958
		of_a: 1.93131
	Current chi2:
		16.1181
**********************************************

************ Fitting in progress *************
	on point 0
	on point 5
	on point 10
	on point 15
	on point 20
------------Finished calculations!------------
	Current parameters:
		np_a: -1.17618
		np_b: 0.674836
		np_c: 0.836618
		np_d: 0.838958
		of_a: 1.93131
	Current chi2:
		16.1179
**********************************************

************ Fitting in progress *************
	on point 0
	on point 5
	on point 10
	on point 15
	on point 20
------------Finished calculations!------------
	Current parameters:
		np_a: -1.17618
		np_b: 0.674836
		np_c: 0.83662
		np_d: 0.838963
		of_a: 1.93131
	Current chi2:
		16.1181
**********************************************

************ Fitting in progress *************
	on point 0
	on point 5
	on point 10
	on point 15
	on point 20
------------Finished calculations!------------
	Current parameters:
		np_a: -1.17618
		np_b: 0.674836
		np_c: 0.83662
		np_d: 0.838953
		of_a: 1.93131
	Current chi2:
		16.1178
**********************************************

************ Fitting in progress *************
	on point 0
	on point 5
	on point 10
	on point 15
	on point 20
------------Finished calculations!------------
	Current parameters:
		np_a: -1.17618
		np_b: 0.674836
		np_c: 0.83662
		np_d: 0.838958
		of_a: 1.93151
	Current chi2:
		16.1181
**********************************************

************ Fitting in progress *************
	on point 0
	on point 5
	on point 10
	on point 15
	on point 20
------------Finished calculations!------------
	Current parameters:
		np_a: -1.17618
		np_b: 0.674836
		np_c: 0.83662
		np_d: 0.838958
		of_a: 1.93112
	Current chi2:
		16.1178
**********************************************

************ Fitting in progress *************
	on point 0
	on point 5
	on point 10
	on point 15
	on point 20
------------Finished calculations!------------
	Current parameters:
		np_a: -1.1557
		np_b: 0.635831
		np_c: 0.845166
		np_d: 0.812038
		of_a: 2.12893
	Current chi2:
		15.9962
**********************************************

************ Fitting in progress *************
	on point 0
	on point 5
	on point 10
	on point 15
	on point 20
------------Finished calculations!------------
	Current parameters:
		np_a: -1.10374
		np_b: 0.536903
		np_c: 0.866841
		np_d: 0.74376
		of_a: 2.63013
	Current chi2:
		15.9381
**********************************************

************ Fitting in progress *************
	on point 0
	on point 5
	on point 10
	on point 15
	on point 20
------------Finished calculations!------------
	Current parameters:
		np_a: -1.12133
		np_b: 0.570388
		np_c: 0.859505
		np_d: 0.766871
		of_a: 2.46048
	Current chi2:
		15.9021
**********************************************

************ Fitting in progress *************
	on point 0
	on point 5
	on point 10
	on point 15
	on point 20
------------Finished calculations!------------
	Current parameters:
		np_a: -1.12132
		np_b: 0.570388
		np_c: 0.859505
		np_d: 0.766871
		of_a: 2.46048
	Current chi2:
		15.9015
**********************************************

************ Fitting in progress *************
	on point 0
	on point 5
	on point 10
	on point 15
	on point 20
------------Finished calculations!------------
	Current parameters:
		np_a: -1.12133
		np_b: 0.570388
		np_c: 0.859505
		np_d: 0.766871
		of_a: 2.46048
	Current chi2:
		15.9027
**********************************************

************ Fitting in progress *************
	on point 0
	on point 5
	on point 10
	on point 15
	on point 20
------------Finished calculations!------------
	Current parameters:
		np_a: -1.12133
		np_b: 0.570397
		np_c: 0.859505
		np_d: 0.766871
		of_a: 2.46048
	Current chi2:
		15.9014
**********************************************

************ Fitting in progress *************
	on point 0
	on point 5
	on point 10
	on point 15
	on point 20
------------Finished calculations!------------
	Current parameters:
		np_a: -1.12133
		np_b: 0.57038
		np_c: 0.859505
		np_d: 0.766871
		of_a: 2.46048
	Current chi2:
		15.9028
**********************************************

************ Fitting in progress *************
	on point 0
	on point 5
	on point 10
	on point 15
	on point 20
------------Finished calculations!------------
	Current parameters:
		np_a: -1.12133
		np_b: 0.570388
		np_c: 0.859507
		np_d: 0.766871
		of_a: 2.46048
	Current chi2:
		15.9016
**********************************************

************ Fitting in progress *************
	on point 0
	on point 5
	on point 10
	on point 15
	on point 20
------------Finished calculations!------------
	Current parameters:
		np_a: -1.12133
		np_b: 0.570388
		np_c: 0.859502
		np_d: 0.766871
		of_a: 2.46048
	Current chi2:
		15.9026
**********************************************

************ Fitting in progress *************
	on point 0
	on point 5
	on point 10
	on point 15
	on point 20
------------Finished calculations!------------
	Current parameters:
		np_a: -1.12133
		np_b: 0.570388
		np_c: 0.859505
		np_d: 0.766876
		of_a: 2.46048
	Current chi2:
		15.9018
**********************************************

************ Fitting in progress *************
	on point 0
	on point 5
	on point 10
	on point 15
	on point 20
------------Finished calculations!------------
	Current parameters:
		np_a: -1.12133
		np_b: 0.570388
		np_c: 0.859505
		np_d: 0.766866
		of_a: 2.46048
	Current chi2:
		15.9024
**********************************************

************ Fitting in progress *************
	on point 0
	on point 5
	on point 10
	on point 15
	on point 20
------------Finished calculations!------------
	Current parameters:
		np_a: -1.12133
		np_b: 0.570388
		np_c: 0.859505
		np_d: 0.766871
		of_a: 2.46067
	Current chi2:
		15.9016
**********************************************

************ Fitting in progress *************
	on point 0
	on point 5
	on point 10
	on point 15
	on point 20
------------Finished calculations!------------
	Current parameters:
		np_a: -1.12133
		np_b: 0.570388
		np_c: 0.859505
		np_d: 0.766871
		of_a: 2.46029
	Current chi2:
		15.9027
**********************************************

************ Fitting in progress *************
	on point 0
	on point 5
	on point 10
	on point 15
	on point 20
------------Finished calculations!------------
	Current parameters:
		np_a: -1.10882
		np_b: 0.549576
		np_c: 0.863346
		np_d: 0.752303
		of_a: 2.56715
	Current chi2:
		15.8468
**********************************************

************ Fitting in progress *************
	on point 0
	on point 5
	on point 10
	on point 15
	on point 20
------------Finished calculations!------------
	Current parameters:
		np_a: -1.0979
		np_b: 0.531397
		np_c: 0.866701
		np_d: 0.739577
		of_a: 2.66033
	Current chi2:
		15.8283
**********************************************

************ Fitting in progress *************
	on point 0
	on point 5
	on point 10
	on point 15
	on point 20
------------Finished calculations!------------
	Current parameters:
		np_a: -1.09613
		np_b: 0.528449
		np_c: 0.867245
		np_d: 0.737513
		of_a: 2.67545
	Current chi2:
		15.8277
**********************************************

************ Fitting in progress *************
	on point 0
	on point 5
	on point 10
	on point 15
	on point 20
------------Finished calculations!------------
	Current parameters:
		np_a: -1.09613
		np_b: 0.528449
		np_c: 0.867245
		np_d: 0.737513
		of_a: 2.67545
	Current chi2:
		15.8279
**********************************************

************ Fitting in progress *************
	on point 0
	on point 5
	on point 10
	on point 15
	on point 20
------------Finished calculations!------------
	Current parameters:
		np_a: -1.09614
		np_b: 0.528449
		np_c: 0.867245
		np_d: 0.737513
		of_a: 2.67545
	Current chi2:
		15.8274
**********************************************

************ Fitting in progress *************
	on point 0
	on point 5
	on point 10
	on point 15
	on point 20
------------Finished calculations!------------
	Current parameters:
		np_a: -1.09613
		np_b: 0.528457
		np_c: 0.867245
		np_d: 0.737513
		of_a: 2.67545
	Current chi2:
		15.8279
**********************************************

************ Fitting in progress *************
	on point 0
	on point 5
	on point 10
	on point 15
	on point 20
------------Finished calculations!------------
	Current parameters:
		np_a: -1.09613
		np_b: 0.52844
		np_c: 0.867245
		np_d: 0.737513
		of_a: 2.67545
	Current chi2:
		15.8275
**********************************************

************ Fitting in progress *************
	on point 0
	on point 5
	on point 10
	on point 15
	on point 20
------------Finished calculations!------------
	Current parameters:
		np_a: -1.09613
		np_b: 0.528449
		np_c: 0.867248
		np_d: 0.737513
		of_a: 2.67545
	Current chi2:
		15.8279
**********************************************

************ Fitting in progress *************
	on point 0
	on point 5
	on point 10
	on point 15
	on point 20
------------Finished calculations!------------
	Current parameters:
		np_a: -1.09613
		np_b: 0.528449
		np_c: 0.867242
		np_d: 0.737513
		of_a: 2.67545
	Current chi2:
		15.8274
**********************************************

************ Fitting in progress *************
	on point 0
	on point 5
	on point 10
	on point 15
	on point 20
------------Finished calculations!------------
	Current parameters:
		np_a: -1.09613
		np_b: 0.528449
		np_c: 0.867245
		np_d: 0.737518
		of_a: 2.67545
	Current chi2:
		15.8279
**********************************************

************ Fitting in progress *************
	on point 0
	on point 5
	on point 10
	on point 15
	on point 20
------------Finished calculations!------------
	Current parameters:
		np_a: -1.09613
		np_b: 0.528449
		np_c: 0.867245
		np_d: 0.737508
		of_a: 2.67545
	Current chi2:
		15.8275
**********************************************

************ Fitting in progress *************
	on point 0
	on point 5
	on point 10
	on point 15
	on point 20
------------Finished calculations!------------
	Current parameters:
		np_a: -1.09613
		np_b: 0.528449
		np_c: 0.867245
		np_d: 0.737513
		of_a: 2.67564
	Current chi2:
		15.8279
**********************************************

************ Fitting in progress *************
	on point 0
	on point 5
	on point 10
	on point 15
	on point 20
------------Finished calculations!------------
	Current parameters:
		np_a: -1.09613
		np_b: 0.528449
		np_c: 0.867245
		np_d: 0.737513
		of_a: 2.67526
	Current chi2:
		15.8275
**********************************************

************ Fitting in progress *************
	on point 0
	on point 5
	on point 10
	on point 15
	on point 20
------------Finished calculations!------------
	Current parameters:
		np_a: -1.06935
		np_b: 0.47777
		np_c: 0.878112
		np_d: 0.701825
		of_a: 2.97493
	Current chi2:
		15.812
**********************************************

************ Fitting in progress *************
	on point 0
	on point 5
	on point 10
	on point 15
	on point 20
------------Finished calculations!------------
	Current parameters:
		np_a: -1.07717
		np_b: 0.492566
		np_c: 0.87494
		np_d: 0.712244
		of_a: 2.8875
	Current chi2:
		15.8072
**********************************************

************ Fitting in progress *************
	on point 0
	on point 5
	on point 10
	on point 15
	on point 20
------------Finished calculations!------------
	Current parameters:
		np_a: -1.07717
		np_b: 0.492566
		np_c: 0.87494
		np_d: 0.712244
		of_a: 2.8875
	Current chi2:
		15.8071
**********************************************

************ Fitting in progress *************
	on point 0
	on point 5
	on point 10
	on point 15
	on point 20
------------Finished calculations!------------
	Current parameters:
		np_a: -1.07717
		np_b: 0.492566
		np_c: 0.87494
		np_d: 0.712244
		of_a: 2.8875
	Current chi2:
		15.8074
**********************************************

************ Fitting in progress *************
	on point 0
	on point 5
	on point 10
	on point 15
	on point 20
------------Finished calculations!------------
	Current parameters:
		np_a: -1.07717
		np_b: 0.492574
		np_c: 0.87494
		np_d: 0.712244
		of_a: 2.8875
	Current chi2:
		15.8071
**********************************************

************ Fitting in progress *************
	on point 0
	on point 5
	on point 10
	on point 15
	on point 20
------------Finished calculations!------------
	Current parameters:
		np_a: -1.07717
		np_b: 0.492558
		np_c: 0.87494
		np_d: 0.712244
		of_a: 2.8875
	Current chi2:
		15.8074
**********************************************

************ Fitting in progress *************
	on point 0
	on point 5
	on point 10
	on point 15
	on point 20
------------Finished calculations!------------
	Current parameters:
		np_a: -1.07717
		np_b: 0.492566
		np_c: 0.874942
		np_d: 0.712244
		of_a: 2.8875
	Current chi2:
		15.8071
**********************************************

************ Fitting in progress *************
	on point 0
	on point 5
	on point 10
	on point 15
	on point 20
------------Finished calculations!------------
	Current parameters:
		np_a: -1.07717
		np_b: 0.492566
		np_c: 0.874937
		np_d: 0.712244
		of_a: 2.8875
	Current chi2:
		15.8073
**********************************************

************ Fitting in progress *************
	on point 0
	on point 5
	on point 10
	on point 15
	on point 20
------------Finished calculations!------------
	Current parameters:
		np_a: -1.07717
		np_b: 0.492566
		np_c: 0.87494
		np_d: 0.712249
		of_a: 2.8875
	Current chi2:
		15.8072
**********************************************

************ Fitting in progress *************
	on point 0
	on point 5
	on point 10
	on point 15
	on point 20
------------Finished calculations!------------
	Current parameters:
		np_a: -1.07717
		np_b: 0.492566
		np_c: 0.87494
		np_d: 0.712239
		of_a: 2.8875
	Current chi2:
		15.8073
**********************************************

************ Fitting in progress *************
	on point 0
	on point 5
	on point 10
	on point 15
	on point 20
------------Finished calculations!------------
	Current parameters:
		np_a: -1.07717
		np_b: 0.492566
		np_c: 0.87494
		np_d: 0.712244
		of_a: 2.88769
	Current chi2:
		15.8071
**********************************************

************ Fitting in progress *************
	on point 0
	on point 5
	on point 10
	on point 15
	on point 20
------------Finished calculations!------------
	Current parameters:
		np_a: -1.07717
		np_b: 0.492566
		np_c: 0.87494
		np_d: 0.712244
		of_a: 2.88731
	Current chi2:
		15.8074
**********************************************

************ Fitting in progress *************
	on point 0
	on point 5
	on point 10
	on point 15
	on point 20
------------Finished calculations!------------
	Current parameters:
		np_a: -1.07341
		np_b: 0.486012
		np_c: 0.876178
		np_d: 0.707546
		of_a: 2.93044
	Current chi2:
		15.8044
**********************************************

************ Fitting in progress *************
	on point 0
	on point 5
	on point 10
	on point 15
	on point 20
------------Finished calculations!------------
	Current parameters:
		np_a: -1.07099
		np_b: 0.481792
		np_c: 0.876975
		np_d: 0.704521
		of_a: 2.95809
	Current chi2:
		15.8038
**********************************************

************ Fitting in progress *************
	on point 0
	on point 5
	on point 10
	on point 15
	on point 20
------------Finished calculations!------------
	Current parameters:
		np_a: -1.07098
		np_b: 0.481792
		np_c: 0.876975
		np_d: 0.704521
		of_a: 2.95809
	Current chi2:
		15.8038
**********************************************

************ Fitting in progress *************
	on point 0
	on point 5
	on point 10
	on point 15
	on point 20
------------Finished calculations!------------
	Current parameters:
		np_a: -1.07099
		np_b: 0.481792
		np_c: 0.876975
		np_d: 0.704521
		of_a: 2.95809
	Current chi2:
		15.8038
**********************************************

************ Fitting in progress *************
	on point 0
	on point 5
	on point 10
	on point 15
	on point 20
------------Finished calculations!------------
	Current parameters:
		np_a: -1.07099
		np_b: 0.4818
		np_c: 0.876975
		np_d: 0.704521
		of_a: 2.95809
	Current chi2:
		15.8038
**********************************************

************ Fitting in progress *************
	on point 0
	on point 5
	on point 10
	on point 15
	on point 20
------------Finished calculations!------------
	Current parameters:
		np_a: -1.07099
		np_b: 0.481783
		np_c: 0.876975
		np_d: 0.704521
		of_a: 2.95809
	Current chi2:
		15.8038
**********************************************

************ Fitting in progress *************
	on point 0
	on point 5
	on point 10
	on point 15
	on point 20
------------Finished calculations!------------
	Current parameters:
		np_a: -1.07099
		np_b: 0.481792
		np_c: 0.876977
		np_d: 0.704521
		of_a: 2.95809
	Current chi2:
		15.8038
**********************************************

************ Fitting in progress *************
	on point 0
	on point 5
	on point 10
	on point 15
	on point 20
------------Finished calculations!------------
	Current parameters:
		np_a: -1.07099
		np_b: 0.481792
		np_c: 0.876972
		np_d: 0.704521
		of_a: 2.95809
	Current chi2:
		15.8039
**********************************************

************ Fitting in progress *************
	on point 0
	on point 5
	on point 10
	on point 15
	on point 20
------------Finished calculations!------------
	Current parameters:
		np_a: -1.07099
		np_b: 0.481792
		np_c: 0.876975
		np_d: 0.704526
		of_a: 2.95809
	Current chi2:
		15.8038
**********************************************

************ Fitting in progress *************
	on point 0
	on point 5
	on point 10
	on point 15
	on point 20
------------Finished calculations!------------
	Current parameters:
		np_a: -1.07099
		np_b: 0.481792
		np_c: 0.876975
		np_d: 0.704516
		of_a: 2.95809
	Current chi2:
		15.8039
**********************************************

************ Fitting in progress *************
	on point 0
	on point 5
	on point 10
	on point 15
	on point 20
------------Finished calculations!------------
	Current parameters:
		np_a: -1.07099
		np_b: 0.481792
		np_c: 0.876975
		np_d: 0.704521
		of_a: 2.95829
	Current chi2:
		15.8038
**********************************************

************ Fitting in progress *************
	on point 0
	on point 5
	on point 10
	on point 15
	on point 20
------------Finished calculations!------------
	Current parameters:
		np_a: -1.07099
		np_b: 0.481792
		np_c: 0.876975
		np_d: 0.704521
		of_a: 2.9579
	Current chi2:
		15.8038
**********************************************

************ Fitting in progress *************
	on point 0
	on point 5
	on point 10
	on point 15
	on point 20
------------Finished calculations!------------
	Current parameters:
		np_a: -1.07099
		np_b: 0.481792
		np_c: 0.876975
		np_d: 0.704521
		of_a: 2.95809
	Current chi2:
		15.8038
**********************************************

************ Fitting in progress *************
	on point 0
	on point 5
	on point 10
	on point 15
	on point 20
------------Finished calculations!------------
	Current parameters:
		np_a: -1.07098
		np_b: 0.481792
		np_c: 0.876975
		np_d: 0.704521
		of_a: 2.95809
	Current chi2:
		15.8038
**********************************************

************ Fitting in progress *************
	on point 0
	on point 5
	on point 10
	on point 15
	on point 20
------------Finished calculations!------------
	Current parameters:
		np_a: -1.07099
		np_b: 0.481792
		np_c: 0.876975
		np_d: 0.704521
		of_a: 2.95809
	Current chi2:
		15.8038
**********************************************

************ Fitting in progress *************
	on point 0
	on point 5
	on point 10
	on point 15
	on point 20
------------Finished calculations!------------
	Current parameters:
		np_a: -1.07099
		np_b: 0.4818
		np_c: 0.876975
		np_d: 0.704521
		of_a: 2.95809
	Current chi2:
		15.8038
**********************************************

************ Fitting in progress *************
	on point 0
	on point 5
	on point 10
	on point 15
	on point 20
------------Finished calculations!------------
	Current parameters:
		np_a: -1.07099
		np_b: 0.481783
		np_c: 0.876975
		np_d: 0.704521
		of_a: 2.95809
	Current chi2:
		15.8038
**********************************************

************ Fitting in progress *************
	on point 0
	on point 5
	on point 10
	on point 15
	on point 20
------------Finished calculations!------------
	Current parameters:
		np_a: -1.07099
		np_b: 0.481792
		np_c: 0.876977
		np_d: 0.704521
		of_a: 2.95809
	Current chi2:
		15.8038
**********************************************

************ Fitting in progress *************
	on point 0
	on point 5
	on point 10
	on point 15
	on point 20
------------Finished calculations!------------
	Current parameters:
		np_a: -1.07099
		np_b: 0.481792
		np_c: 0.876972
		np_d: 0.704521
		of_a: 2.95809
	Current chi2:
		15.8039
**********************************************

************ Fitting in progress *************
	on point 0
	on point 5
	on point 10
	on point 15
	on point 20
------------Finished calculations!------------
	Current parameters:
		np_a: -1.07099
		np_b: 0.481792
		np_c: 0.876975
		np_d: 0.704526
		of_a: 2.95809
	Current chi2:
		15.8038
**********************************************

************ Fitting in progress *************
	on point 0
	on point 5
	on point 10
	on point 15
	on point 20
------------Finished calculations!------------
	Current parameters:
		np_a: -1.07099
		np_b: 0.481792
		np_c: 0.876975
		np_d: 0.704516
		of_a: 2.95809
	Current chi2:
		15.8039
**********************************************

************ Fitting in progress *************
	on point 0
	on point 5
	on point 10
	on point 15
	on point 20
------------Finished calculations!------------
	Current parameters:
		np_a: -1.07099
		np_b: 0.481792
		np_c: 0.876975
		np_d: 0.704521
		of_a: 2.95829
	Current chi2:
		15.8038
**********************************************

************ Fitting in progress *************
	on point 0
	on point 5
	on point 10
	on point 15
	on point 20
------------Finished calculations!------------
	Current parameters:
		np_a: -1.07099
		np_b: 0.481792
		np_c: 0.876975
		np_d: 0.704521
		of_a: 2.9579
	Current chi2:
		15.8038
**********************************************

************ Fitting in progress *************
	on point 0
	on point 5
	on point 10
	on point 15
	on point 20
------------Finished calculations!------------
	Current parameters:
		np_a: -1.07098
		np_b: 0.481792
		np_c: 0.876975
		np_d: 0.704521
		of_a: 2.95809
	Current chi2:
		15.8038
**********************************************

************ Fitting in progress *************
	on point 0
	on point 5
	on point 10
	on point 15
	on point 20
------------Finished calculations!------------
	Current parameters:
		np_a: -1.07099
		np_b: 0.481792
		np_c: 0.876975
		np_d: 0.704521
		of_a: 2.95809
	Current chi2:
		15.8038
**********************************************

************ Fitting in progress *************
	on point 0
	on point 5
	on point 10
	on point 15
	on point 20
------------Finished calculations!------------
	Current parameters:
		np_a: -1.07099
		np_b: 0.481793
		np_c: 0.876975
		np_d: 0.704521
		of_a: 2.95809
	Current chi2:
		15.8038
**********************************************

************ Fitting in progress *************
	on point 0
	on point 5
	on point 10
	on point 15
	on point 20
------------Finished calculations!------------
	Current parameters:
		np_a: -1.07099
		np_b: 0.48179
		np_c: 0.876975
		np_d: 0.704521
		of_a: 2.95809
	Current chi2:
		15.8038
**********************************************

************ Fitting in progress *************
	on point 0
	on point 5
	on point 10
	on point 15
	on point 20
------------Finished calculations!------------
	Current parameters:
		np_a: -1.07099
		np_b: 0.481792
		np_c: 0.876975
		np_d: 0.704521
		of_a: 2.95809
	Current chi2:
		15.8038
**********************************************

************ Fitting in progress *************
	on point 0
	on point 5
	on point 10
	on point 15
	on point 20
------------Finished calculations!------------
	Current parameters:
		np_a: -1.07099
		np_b: 0.481792
		np_c: 0.876974
		np_d: 0.704521
		of_a: 2.95809
	Current chi2:
		15.8038
**********************************************

************ Fitting in progress *************
	on point 0
	on point 5
	on point 10
	on point 15
	on point 20
------------Finished calculations!------------
	Current parameters:
		np_a: -1.07099
		np_b: 0.481792
		np_c: 0.876975
		np_d: 0.704522
		of_a: 2.95809
	Current chi2:
		15.8038
**********************************************

************ Fitting in progress *************
	on point 0
	on point 5
	on point 10
	on point 15
	on point 20
------------Finished calculations!------------
	Current parameters:
		np_a: -1.07099
		np_b: 0.481792
		np_c: 0.876975
		np_d: 0.70452
		of_a: 2.95809
	Current chi2:
		15.8038
**********************************************

************ Fitting in progress *************
	on point 0
	on point 5
	on point 10
	on point 15
	on point 20
------------Finished calculations!------------
	Current parameters:
		np_a: -1.07099
		np_b: 0.481792
		np_c: 0.876975
		np_d: 0.704521
		of_a: 2.95813
	Current chi2:
		15.8038
**********************************************

************ Fitting in progress *************
	on point 0
	on point 5
	on point 10
	on point 15
	on point 20
------------Finished calculations!------------
	Current parameters:
		np_a: -1.07099
		np_b: 0.481792
		np_c: 0.876975
		np_d: 0.704521
		of_a: 2.95805
	Current chi2:
		15.8038
**********************************************

************ Fitting in progress *************
	on point 0
	on point 5
	on point 10
	on point 15
	on point 20
------------Finished calculations!------------
	Current parameters:
		np_a: -1.07098
		np_b: 0.4818
		np_c: 0.876975
		np_d: 0.704521
		of_a: 2.95809
	Current chi2:
		15.8038
**********************************************

************ Fitting in progress *************
	on point 0
	on point 5
	on point 10
	on point 15
	on point 20
------------Finished calculations!------------
	Current parameters:
		np_a: -1.07098
		np_b: 0.481792
		np_c: 0.876977
		np_d: 0.704521
		of_a: 2.95809
	Current chi2:
		15.8038
**********************************************

************ Fitting in progress *************
	on point 0
	on point 5
	on point 10
	on point 15
	on point 20
------------Finished calculations!------------
	Current parameters:
		np_a: -1.07098
		np_b: 0.481792
		np_c: 0.876975
		np_d: 0.704526
		of_a: 2.95809
	Current chi2:
		15.8038
**********************************************

************ Fitting in progress *************
	on point 0
	on point 5
	on point 10
	on point 15
	on point 20
------------Finished calculations!------------
	Current parameters:
		np_a: -1.07098
		np_b: 0.481792
		np_c: 0.876975
		np_d: 0.704521
		of_a: 2.95829
	Current chi2:
		15.8038
**********************************************

************ Fitting in progress *************
	on point 0
	on point 5
	on point 10
	on point 15
	on point 20
------------Finished calculations!------------
	Current parameters:
		np_a: -1.07099
		np_b: 0.4818
		np_c: 0.876977
		np_d: 0.704521
		of_a: 2.95809
	Current chi2:
		15.8038
**********************************************

************ Fitting in progress *************
	on point 0
	on point 5
	on point 10
	on point 15
	on point 20
------------Finished calculations!------------
	Current parameters:
		np_a: -1.07099
		np_b: 0.4818
		np_c: 0.876975
		np_d: 0.704526
		of_a: 2.95809
	Current chi2:
		15.8038
**********************************************

************ Fitting in progress *************
	on point 0
	on point 5
	on point 10
	on point 15
	on point 20
------------Finished calculations!------------
	Current parameters:
		np_a: -1.07099
		np_b: 0.4818
		np_c: 0.876975
		np_d: 0.704521
		of_a: 2.95829
	Current chi2:
		15.8038
**********************************************

************ Fitting in progress *************
	on point 0
	on point 5
	on point 10
	on point 15
	on point 20
------------Finished calculations!------------
	Current parameters:
		np_a: -1.07099
		np_b: 0.481792
		np_c: 0.876977
		np_d: 0.704526
		of_a: 2.95809
	Current chi2:
		15.8038
**********************************************

************ Fitting in progress *************
	on point 0
	on point 5
	on point 10
	on point 15
	on point 20
------------Finished calculations!------------
	Current parameters:
		np_a: -1.07099
		np_b: 0.481792
		np_c: 0.876977
		np_d: 0.704521
		of_a: 2.95829
	Current chi2:
		15.8038
**********************************************

************ Fitting in progress *************
	on point 0
	on point 5
	on point 10
	on point 15
	on point 20
------------Finished calculations!------------
	Current parameters:
		np_a: -1.07099
		np_b: 0.481792
		np_c: 0.876975
		np_d: 0.704526
		of_a: 2.95829
	Current chi2:
		15.8038
**********************************************

Info in <Minuit2>: matrix forced pos-def by adding to diagonal : padd = 0.00469411
Info in <Minuit2>: MnHesse: matrix was forced pos. def. 
Info in <Minuit2>: Minuit2Minimizer::Minimize : Covar was made pos def
Minuit2Minimizer : Valid minimum - status = 1
FVAL  = 15.8038350725564563
Edm   = 5.31493759832790588e-05
Nfcn  = 226
np_a	  = -1.07099	 +/-  0.0248784
np_b	  = 0.481792	 +/-  0.0306767
np_c	  = 0.876975	 +/-  0.0165969
np_d	  = 0.704521	 +/-  0.0227619
of_a	  = 2.95809	 +/-  0.588061

************ Fit covar results *************
		 [ i*ndim + j ] 
0.000618933
-0.000511025
-0.000158905
-0.000200453
-9.26613e-05
-0.000511025
0.000941059
-0.000145484
0.000605607
-0.00707894
-0.000158905
-0.000145484
0.000275457
-0.000240799
-0.000199036
-0.000200453
0.000605607
-0.000240799
0.000518105
-0.004828
-9.26613e-05
-0.00707894
-0.000199036
-0.004828
0.345816
**********************************************
