Minuit2Minimizer: Minimize with max-calls 100000 convergence for edm < 0.5 strategy 1
************ Fitting in progress *************
	on point 0
	on point 5
	on point 10
	on point 15
	on point 20
------------Finished calculations!------------
	Current parameters:
		np_a: -1.21722
		np_b: 0.862248
		np_c: 0.820479
		np_d: 0.963992
		of_a: 0
	Current chi2:
		1208.05
**********************************************

************ Fitting in progress *************
	on point 0
	on point 5
	on point 10
	on point 15
	on point 20
------------Finished calculations!------------
	Current parameters:
		np_a: -1.21552
		np_b: 0.862248
		np_c: 0.820479
		np_d: 0.963992
		of_a: 0
	Current chi2:
		1263.5
**********************************************

************ Fitting in progress *************
	on point 0
	on point 5
	on point 10
	on point 15
	on point 20
------------Finished calculations!------------
	Current parameters:
		np_a: -1.21891
		np_b: 0.862248
		np_c: 0.820479
		np_d: 0.963992
		of_a: 0
	Current chi2:
		1153.86
**********************************************

************ Fitting in progress *************
	on point 0
	on point 5
	on point 10
	on point 15
	on point 20
------------Finished calculations!------------
	Current parameters:
		np_a: -1.21705
		np_b: 0.862248
		np_c: 0.820479
		np_d: 0.963992
		of_a: 0
	Current chi2:
		1213.53
**********************************************

************ Fitting in progress *************
	on point 0
	on point 5
	on point 10
	on point 15
	on point 20
------------Finished calculations!------------
	Current parameters:
		np_a: -1.21739
		np_b: 0.862248
		np_c: 0.820479
		np_d: 0.963992
		of_a: 0
	Current chi2:
		1202.57
**********************************************

************ Fitting in progress *************
	on point 0
	on point 5
	on point 10
	on point 15
	on point 20
------------Finished calculations!------------
	Current parameters:
		np_a: -1.21722
		np_b: 0.863946
		np_c: 0.820479
		np_d: 0.963992
		of_a: 0
	Current chi2:
		1232.65
**********************************************

************ Fitting in progress *************
	on point 0
	on point 5
	on point 10
	on point 15
	on point 20
------------Finished calculations!------------
	Current parameters:
		np_a: -1.21722
		np_b: 0.86055
		np_c: 0.820479
		np_d: 0.963992
		of_a: 0
	Current chi2:
		1183.75
**********************************************

************ Fitting in progress *************
	on point 0
	on point 5
	on point 10
	on point 15
	on point 20
------------Finished calculations!------------
	Current parameters:
		np_a: -1.21722
		np_b: 0.862418
		np_c: 0.820479
		np_d: 0.963992
		of_a: 0
	Current chi2:
		1210.49
**********************************************

************ Fitting in progress *************
	on point 0
	on point 5
	on point 10
	on point 15
	on point 20
------------Finished calculations!------------
	Current parameters:
		np_a: -1.21722
		np_b: 0.862078
		np_c: 0.820479
		np_d: 0.963992
		of_a: 0
	Current chi2:
		1205.6
**********************************************

************ Fitting in progress *************
	on point 0
	on point 5
	on point 10
	on point 15
	on point 20
------------Finished calculations!------------
	Current parameters:
		np_a: -1.21722
		np_b: 0.862248
		np_c: 0.822177
		np_d: 0.963992
		of_a: 0
	Current chi2:
		1304.91
**********************************************

************ Fitting in progress *************
	on point 0
	on point 5
	on point 10
	on point 15
	on point 20
------------Finished calculations!------------
	Current parameters:
		np_a: -1.21722
		np_b: 0.862248
		np_c: 0.818781
		np_d: 0.963992
		of_a: 0
	Current chi2:
		1115.01
**********************************************

************ Fitting in progress *************
	on point 0
	on point 5
	on point 10
	on point 15
	on point 20
------------Finished calculations!------------
	Current parameters:
		np_a: -1.21722
		np_b: 0.862248
		np_c: 0.820649
		np_d: 0.963992
		of_a: 0
	Current chi2:
		1217.56
**********************************************

************ Fitting in progress *************
	on point 0
	on point 5
	on point 10
	on point 15
	on point 20
------------Finished calculations!------------
	Current parameters:
		np_a: -1.21722
		np_b: 0.862248
		np_c: 0.820309
		np_d: 0.963992
		of_a: 0
	Current chi2:
		1198.57
**********************************************

************ Fitting in progress *************
	on point 0
	on point 5
	on point 10
	on point 15
	on point 20
------------Finished calculations!------------
	Current parameters:
		np_a: -1.21722
		np_b: 0.862248
		np_c: 0.820479
		np_d: 0.96569
		of_a: 0
	Current chi2:
		1254.15
**********************************************

************ Fitting in progress *************
	on point 0
	on point 5
	on point 10
	on point 15
	on point 20
------------Finished calculations!------------
	Current parameters:
		np_a: -1.21722
		np_b: 0.862248
		np_c: 0.820479
		np_d: 0.962295
		of_a: 0
	Current chi2:
		1163
**********************************************

************ Fitting in progress *************
	on point 0
	on point 5
	on point 10
	on point 15
	on point 20
------------Finished calculations!------------
	Current parameters:
		np_a: -1.21722
		np_b: 0.862248
		np_c: 0.820479
		np_d: 0.964162
		of_a: 0
	Current chi2:
		1212.61
**********************************************

************ Fitting in progress *************
	on point 0
	on point 5
	on point 10
	on point 15
	on point 20
------------Finished calculations!------------
	Current parameters:
		np_a: -1.21722
		np_b: 0.862248
		np_c: 0.820479
		np_d: 0.963823
		of_a: 0
	Current chi2:
		1203.49
**********************************************

************ Fitting in progress *************
	on point 0
	on point 5
	on point 10
	on point 15
	on point 20
------------Finished calculations!------------
	Current parameters:
		np_a: -1.29052
		np_b: 0.728112
		np_c: 0.778385
		np_d: 0.890766
		of_a: 0
	Current chi2:
		7848.78
**********************************************

************ Fitting in progress *************
	on point 0
	on point 5
	on point 10
	on point 15
	on point 20
------------Finished calculations!------------
	Current parameters:
		np_a: -1.23792
		np_b: 0.824368
		np_c: 0.808591
		np_d: 0.943313
		of_a: 0
	Current chi2:
		20.4654
**********************************************

************ Fitting in progress *************
	on point 0
	on point 5
	on point 10
	on point 15
	on point 20
------------Finished calculations!------------
	Current parameters:
		np_a: -1.2379
		np_b: 0.824368
		np_c: 0.808591
		np_d: 0.943313
		of_a: 0
	Current chi2:
		20.4547
**********************************************

************ Fitting in progress *************
	on point 0
	on point 5
	on point 10
	on point 15
	on point 20
------------Finished calculations!------------
	Current parameters:
		np_a: -1.23794
		np_b: 0.824368
		np_c: 0.808591
		np_d: 0.943313
		of_a: 0
	Current chi2:
		20.4762
**********************************************

************ Fitting in progress *************
	on point 0
	on point 5
	on point 10
	on point 15
	on point 20
------------Finished calculations!------------
	Current parameters:
		np_a: -1.23791
		np_b: 0.824368
		np_c: 0.808591
		np_d: 0.943313
		of_a: 0
	Current chi2:
		20.4624
**********************************************

************ Fitting in progress *************
	on point 0
	on point 5
	on point 10
	on point 15
	on point 20
------------Finished calculations!------------
	Current parameters:
		np_a: -1.23792
		np_b: 0.824368
		np_c: 0.808591
		np_d: 0.943313
		of_a: 0
	Current chi2:
		20.4685
**********************************************

************ Fitting in progress *************
	on point 0
	on point 5
	on point 10
	on point 15
	on point 20
------------Finished calculations!------------
	Current parameters:
		np_a: -1.23792
		np_b: 0.824385
		np_c: 0.808591
		np_d: 0.943313
		of_a: 0
	Current chi2:
		20.4591
**********************************************

************ Fitting in progress *************
	on point 0
	on point 5
	on point 10
	on point 15
	on point 20
------------Finished calculations!------------
	Current parameters:
		np_a: -1.23792
		np_b: 0.824351
		np_c: 0.808591
		np_d: 0.943313
		of_a: 0
	Current chi2:
		20.4717
**********************************************

************ Fitting in progress *************
	on point 0
	on point 5
	on point 10
	on point 15
	on point 20
------------Finished calculations!------------
	Current parameters:
		np_a: -1.23792
		np_b: 0.824377
		np_c: 0.808591
		np_d: 0.943313
		of_a: 0
	Current chi2:
		20.4618
**********************************************

************ Fitting in progress *************
	on point 0
	on point 5
	on point 10
	on point 15
	on point 20
------------Finished calculations!------------
	Current parameters:
		np_a: -1.23792
		np_b: 0.824358
		np_c: 0.808591
		np_d: 0.943313
		of_a: 0
	Current chi2:
		20.469
**********************************************

************ Fitting in progress *************
	on point 0
	on point 5
	on point 10
	on point 15
	on point 20
------------Finished calculations!------------
	Current parameters:
		np_a: -1.23792
		np_b: 0.824368
		np_c: 0.808608
		np_d: 0.943313
		of_a: 0
	Current chi2:
		20.449
**********************************************

************ Fitting in progress *************
	on point 0
	on point 5
	on point 10
	on point 15
	on point 20
------------Finished calculations!------------
	Current parameters:
		np_a: -1.23792
		np_b: 0.824368
		np_c: 0.808575
		np_d: 0.943313
		of_a: 0
	Current chi2:
		20.4822
**********************************************

************ Fitting in progress *************
	on point 0
	on point 5
	on point 10
	on point 15
	on point 20
------------Finished calculations!------------
	Current parameters:
		np_a: -1.23792
		np_b: 0.824368
		np_c: 0.808594
		np_d: 0.943313
		of_a: 0
	Current chi2:
		20.4627
**********************************************

************ Fitting in progress *************
	on point 0
	on point 5
	on point 10
	on point 15
	on point 20
------------Finished calculations!------------
	Current parameters:
		np_a: -1.23792
		np_b: 0.824368
		np_c: 0.808589
		np_d: 0.943313
		of_a: 0
	Current chi2:
		20.4682
**********************************************

************ Fitting in progress *************
	on point 0
	on point 5
	on point 10
	on point 15
	on point 20
------------Finished calculations!------------
	Current parameters:
		np_a: -1.23792
		np_b: 0.824368
		np_c: 0.808591
		np_d: 0.94333
		of_a: 0
	Current chi2:
		20.4588
**********************************************

************ Fitting in progress *************
	on point 0
	on point 5
	on point 10
	on point 15
	on point 20
------------Finished calculations!------------
	Current parameters:
		np_a: -1.23792
		np_b: 0.824368
		np_c: 0.808591
		np_d: 0.943296
		of_a: 0
	Current chi2:
		20.4721
**********************************************

************ Fitting in progress *************
	on point 0
	on point 5
	on point 10
	on point 15
	on point 20
------------Finished calculations!------------
	Current parameters:
		np_a: -1.23792
		np_b: 0.824368
		np_c: 0.808591
		np_d: 0.943319
		of_a: 0
	Current chi2:
		20.4632
**********************************************

************ Fitting in progress *************
	on point 0
	on point 5
	on point 10
	on point 15
	on point 20
------------Finished calculations!------------
	Current parameters:
		np_a: -1.23792
		np_b: 0.824368
		np_c: 0.808591
		np_d: 0.943308
		of_a: 0
	Current chi2:
		20.4676
**********************************************

************ Fitting in progress *************
	on point 0
	on point 5
	on point 10
	on point 15
	on point 20
------------Finished calculations!------------
	Current parameters:
		np_a: -1.2375
		np_b: 0.825928
		np_c: 0.808741
		np_d: 0.943371
		of_a: 0
	Current chi2:
		19.9168
**********************************************

************ Fitting in progress *************
	on point 0
	on point 5
	on point 10
	on point 15
	on point 20
------------Finished calculations!------------
	Current parameters:
		np_a: -1.23746
		np_b: 0.826073
		np_c: 0.808755
		np_d: 0.943376
		of_a: 0
	Current chi2:
		19.9127
**********************************************

************ Fitting in progress *************
	on point 0
	on point 5
	on point 10
	on point 15
	on point 20
------------Finished calculations!------------
	Current parameters:
		np_a: -1.23746
		np_b: 0.826073
		np_c: 0.808755
		np_d: 0.943376
		of_a: 0
	Current chi2:
		19.913
**********************************************

************ Fitting in progress *************
	on point 0
	on point 5
	on point 10
	on point 15
	on point 20
------------Finished calculations!------------
	Current parameters:
		np_a: -1.23747
		np_b: 0.826073
		np_c: 0.808755
		np_d: 0.943376
		of_a: 0
	Current chi2:
		19.9125
**********************************************

************ Fitting in progress *************
	on point 0
	on point 5
	on point 10
	on point 15
	on point 20
------------Finished calculations!------------
	Current parameters:
		np_a: -1.23746
		np_b: 0.826083
		np_c: 0.808755
		np_d: 0.943376
		of_a: 0
	Current chi2:
		19.9124
**********************************************

************ Fitting in progress *************
	on point 0
	on point 5
	on point 10
	on point 15
	on point 20
------------Finished calculations!------------
	Current parameters:
		np_a: -1.23746
		np_b: 0.826064
		np_c: 0.808755
		np_d: 0.943376
		of_a: 0
	Current chi2:
		19.9131
**********************************************

************ Fitting in progress *************
	on point 0
	on point 5
	on point 10
	on point 15
	on point 20
------------Finished calculations!------------
	Current parameters:
		np_a: -1.23746
		np_b: 0.826073
		np_c: 0.808758
		np_d: 0.943376
		of_a: 0
	Current chi2:
		19.9132
**********************************************

************ Fitting in progress *************
	on point 0
	on point 5
	on point 10
	on point 15
	on point 20
------------Finished calculations!------------
	Current parameters:
		np_a: -1.23746
		np_b: 0.826073
		np_c: 0.808752
		np_d: 0.943376
		of_a: 0
	Current chi2:
		19.9123
**********************************************

************ Fitting in progress *************
	on point 0
	on point 5
	on point 10
	on point 15
	on point 20
------------Finished calculations!------------
	Current parameters:
		np_a: -1.23746
		np_b: 0.826073
		np_c: 0.808755
		np_d: 0.943382
		of_a: 0
	Current chi2:
		19.9133
**********************************************

************ Fitting in progress *************
	on point 0
	on point 5
	on point 10
	on point 15
	on point 20
------------Finished calculations!------------
	Current parameters:
		np_a: -1.23746
		np_b: 0.826073
		np_c: 0.808755
		np_d: 0.943371
		of_a: 0
	Current chi2:
		19.9121
**********************************************

************ Fitting in progress *************
	on point 0
	on point 5
	on point 10
	on point 15
	on point 20
------------Finished calculations!------------
	Current parameters:
		np_a: -1.23748
		np_b: 0.826633
		np_c: 0.808692
		np_d: 0.943168
		of_a: 0
	Current chi2:
		19.8685
**********************************************

************ Fitting in progress *************
	on point 0
	on point 5
	on point 10
	on point 15
	on point 20
------------Finished calculations!------------
	Current parameters:
		np_a: -1.23751
		np_b: 0.827781
		np_c: 0.808562
		np_d: 0.942741
		of_a: 0
	Current chi2:
		19.8321
**********************************************

************ Fitting in progress *************
	on point 0
	on point 5
	on point 10
	on point 15
	on point 20
------------Finished calculations!------------
	Current parameters:
		np_a: -1.23751
		np_b: 0.827781
		np_c: 0.808562
		np_d: 0.942741
		of_a: 0
	Current chi2:
		19.8322
**********************************************

************ Fitting in progress *************
	on point 0
	on point 5
	on point 10
	on point 15
	on point 20
------------Finished calculations!------------
	Current parameters:
		np_a: -1.23752
		np_b: 0.827781
		np_c: 0.808562
		np_d: 0.942741
		of_a: 0
	Current chi2:
		19.832
**********************************************

************ Fitting in progress *************
	on point 0
	on point 5
	on point 10
	on point 15
	on point 20
------------Finished calculations!------------
	Current parameters:
		np_a: -1.23751
		np_b: 0.82779
		np_c: 0.808562
		np_d: 0.942741
		of_a: 0
	Current chi2:
		19.832
**********************************************

************ Fitting in progress *************
	on point 0
	on point 5
	on point 10
	on point 15
	on point 20
------------Finished calculations!------------
	Current parameters:
		np_a: -1.23751
		np_b: 0.827771
		np_c: 0.808562
		np_d: 0.942741
		of_a: 0
	Current chi2:
		19.8321
**********************************************

************ Fitting in progress *************
	on point 0
	on point 5
	on point 10
	on point 15
	on point 20
------------Finished calculations!------------
	Current parameters:
		np_a: -1.23751
		np_b: 0.827781
		np_c: 0.808565
		np_d: 0.942741
		of_a: 0
	Current chi2:
		19.8321
**********************************************

************ Fitting in progress *************
	on point 0
	on point 5
	on point 10
	on point 15
	on point 20
------------Finished calculations!------------
	Current parameters:
		np_a: -1.23751
		np_b: 0.827781
		np_c: 0.80856
		np_d: 0.942741
		of_a: 0
	Current chi2:
		19.832
**********************************************

************ Fitting in progress *************
	on point 0
	on point 5
	on point 10
	on point 15
	on point 20
------------Finished calculations!------------
	Current parameters:
		np_a: -1.23751
		np_b: 0.827781
		np_c: 0.808562
		np_d: 0.942747
		of_a: 0
	Current chi2:
		19.832
**********************************************

************ Fitting in progress *************
	on point 0
	on point 5
	on point 10
	on point 15
	on point 20
------------Finished calculations!------------
	Current parameters:
		np_a: -1.23751
		np_b: 0.827781
		np_c: 0.808562
		np_d: 0.942736
		of_a: 0
	Current chi2:
		19.8322
**********************************************

************ Fitting in progress *************
	on point 0
	on point 5
	on point 10
	on point 15
	on point 20
------------Finished calculations!------------
	Current parameters:
		np_a: -1.23755
		np_b: 0.827844
		np_c: 0.808546
		np_d: 0.942784
		of_a: 0
	Current chi2:
		19.8301
**********************************************

************ Fitting in progress *************
	on point 0
	on point 5
	on point 10
	on point 15
	on point 20
------------Finished calculations!------------
	Current parameters:
		np_a: -1.23769
		np_b: 0.828098
		np_c: 0.808481
		np_d: 0.942957
		of_a: 0
	Current chi2:
		19.8224
**********************************************

************ Fitting in progress *************
	on point 0
	on point 5
	on point 10
	on point 15
	on point 20
------------Finished calculations!------------
	Current parameters:
		np_a: -1.23805
		np_b: 0.828732
		np_c: 0.80832
		np_d: 0.943388
		of_a: 0
	Current chi2:
		19.8031
**********************************************

************ Fitting in progress *************
	on point 0
	on point 5
	on point 10
	on point 15
	on point 20
------------Finished calculations!------------
	Current parameters:
		np_a: -1.23912
		np_b: 0.830635
		np_c: 0.807834
		np_d: 0.944681
		of_a: 0
	Current chi2:
		19.7459
**********************************************

************ Fitting in progress *************
	on point 0
	on point 5
	on point 10
	on point 15
	on point 20
------------Finished calculations!------------
	Current parameters:
		np_a: -1.24233
		np_b: 0.836342
		np_c: 0.806378
		np_d: 0.94856
		of_a: 0
	Current chi2:
		19.58
**********************************************

************ Fitting in progress *************
	on point 0
	on point 5
	on point 10
	on point 15
	on point 20
------------Finished calculations!------------
	Current parameters:
		np_a: -1.25196
		np_b: 0.853466
		np_c: 0.80201
		np_d: 0.960198
		of_a: 0
	Current chi2:
		19.1363
**********************************************

************ Fitting in progress *************
	on point 0
	on point 5
	on point 10
	on point 15
	on point 20
------------Finished calculations!------------
	Current parameters:
		np_a: -1.27318
		np_b: 0.891201
		np_c: 0.792383
		np_d: 0.985845
		of_a: 0
	Current chi2:
		18.4735
**********************************************

************ Fitting in progress *************
	on point 0
	on point 5
	on point 10
	on point 15
	on point 20
------------Finished calculations!------------
	Current parameters:
		np_a: -1.27318
		np_b: 0.891201
		np_c: 0.792383
		np_d: 0.985845
		of_a: 0
	Current chi2:
		18.4728
**********************************************

************ Fitting in progress *************
	on point 0
	on point 5
	on point 10
	on point 15
	on point 20
------------Finished calculations!------------
	Current parameters:
		np_a: -1.27319
		np_b: 0.891201
		np_c: 0.792383
		np_d: 0.985845
		of_a: 0
	Current chi2:
		18.4742
**********************************************

************ Fitting in progress *************
	on point 0
	on point 5
	on point 10
	on point 15
	on point 20
------------Finished calculations!------------
	Current parameters:
		np_a: -1.27318
		np_b: 0.891211
		np_c: 0.792383
		np_d: 0.985845
		of_a: 0
	Current chi2:
		18.4731
**********************************************

************ Fitting in progress *************
	on point 0
	on point 5
	on point 10
	on point 15
	on point 20
------------Finished calculations!------------
	Current parameters:
		np_a: -1.27318
		np_b: 0.891192
		np_c: 0.792383
		np_d: 0.985845
		of_a: 0
	Current chi2:
		18.4739
**********************************************

************ Fitting in progress *************
	on point 0
	on point 5
	on point 10
	on point 15
	on point 20
------------Finished calculations!------------
	Current parameters:
		np_a: -1.27318
		np_b: 0.891201
		np_c: 0.792386
		np_d: 0.985845
		of_a: 0
	Current chi2:
		18.4726
**********************************************

************ Fitting in progress *************
	on point 0
	on point 5
	on point 10
	on point 15
	on point 20
------------Finished calculations!------------
	Current parameters:
		np_a: -1.27318
		np_b: 0.891201
		np_c: 0.792381
		np_d: 0.985845
		of_a: 0
	Current chi2:
		18.4744
**********************************************

************ Fitting in progress *************
	on point 0
	on point 5
	on point 10
	on point 15
	on point 20
------------Finished calculations!------------
	Current parameters:
		np_a: -1.27318
		np_b: 0.891201
		np_c: 0.792383
		np_d: 0.985851
		of_a: 0
	Current chi2:
		18.4725
**********************************************

************ Fitting in progress *************
	on point 0
	on point 5
	on point 10
	on point 15
	on point 20
------------Finished calculations!------------
	Current parameters:
		np_a: -1.27318
		np_b: 0.891201
		np_c: 0.792383
		np_d: 0.98584
		of_a: 0
	Current chi2:
		18.4745
**********************************************

************ Fitting in progress *************
	on point 0
	on point 5
	on point 10
	on point 15
	on point 20
------------Finished calculations!------------
	Current parameters:
		np_a: -1.29926
		np_b: 0.936549
		np_c: 0.780738
		np_d: 1.0183
		of_a: 0
	Current chi2:
		18.1263
**********************************************

************ Fitting in progress *************
	on point 0
	on point 5
	on point 10
	on point 15
	on point 20
------------Finished calculations!------------
	Current parameters:
		np_a: -1.29926
		np_b: 0.936549
		np_c: 0.780738
		np_d: 1.0183
		of_a: 0
	Current chi2:
		18.1257
**********************************************

************ Fitting in progress *************
	on point 0
	on point 5
	on point 10
	on point 15
	on point 20
------------Finished calculations!------------
	Current parameters:
		np_a: -1.29927
		np_b: 0.936549
		np_c: 0.780738
		np_d: 1.0183
		of_a: 0
	Current chi2:
		18.1269
**********************************************

************ Fitting in progress *************
	on point 0
	on point 5
	on point 10
	on point 15
	on point 20
------------Finished calculations!------------
	Current parameters:
		np_a: -1.29926
		np_b: 0.936558
		np_c: 0.780738
		np_d: 1.0183
		of_a: 0
	Current chi2:
		18.1257
**********************************************

************ Fitting in progress *************
	on point 0
	on point 5
	on point 10
	on point 15
	on point 20
------------Finished calculations!------------
	Current parameters:
		np_a: -1.29926
		np_b: 0.93654
		np_c: 0.780738
		np_d: 1.0183
		of_a: 0
	Current chi2:
		18.1269
**********************************************

************ Fitting in progress *************
	on point 0
	on point 5
	on point 10
	on point 15
	on point 20
------------Finished calculations!------------
	Current parameters:
		np_a: -1.29926
		np_b: 0.936549
		np_c: 0.78074
		np_d: 1.0183
		of_a: 0
	Current chi2:
		18.1256
**********************************************

************ Fitting in progress *************
	on point 0
	on point 5
	on point 10
	on point 15
	on point 20
------------Finished calculations!------------
	Current parameters:
		np_a: -1.29926
		np_b: 0.936549
		np_c: 0.780735
		np_d: 1.0183
		of_a: 0
	Current chi2:
		18.1269
**********************************************

************ Fitting in progress *************
	on point 0
	on point 5
	on point 10
	on point 15
	on point 20
------------Finished calculations!------------
	Current parameters:
		np_a: -1.29926
		np_b: 0.936549
		np_c: 0.780738
		np_d: 1.01831
		of_a: 0
	Current chi2:
		18.1257
**********************************************

************ Fitting in progress *************
	on point 0
	on point 5
	on point 10
	on point 15
	on point 20
------------Finished calculations!------------
	Current parameters:
		np_a: -1.29926
		np_b: 0.936549
		np_c: 0.780738
		np_d: 1.0183
		of_a: 0
	Current chi2:
		18.1269
**********************************************

************ Fitting in progress *************
	on point 0
	on point 5
	on point 10
	on point 15
	on point 20
------------Finished calculations!------------
	Current parameters:
		np_a: -1.29755
		np_b: 0.933726
		np_c: 0.781536
		np_d: 1.01641
		of_a: 0
	Current chi2:
		18.1038
**********************************************

************ Fitting in progress *************
	on point 0
	on point 5
	on point 10
	on point 15
	on point 20
------------Finished calculations!------------
	Current parameters:
		np_a: -1.29765
		np_b: 0.933887
		np_c: 0.78149
		np_d: 1.01652
		of_a: 0
	Current chi2:
		18.1038
**********************************************

************ Fitting in progress *************
	on point 0
	on point 5
	on point 10
	on point 15
	on point 20
------------Finished calculations!------------
	Current parameters:
		np_a: -1.29764
		np_b: 0.933887
		np_c: 0.78149
		np_d: 1.01652
		of_a: 0
	Current chi2:
		18.1038
**********************************************

************ Fitting in progress *************
	on point 0
	on point 5
	on point 10
	on point 15
	on point 20
------------Finished calculations!------------
	Current parameters:
		np_a: -1.29765
		np_b: 0.933887
		np_c: 0.78149
		np_d: 1.01652
		of_a: 0
	Current chi2:
		18.1038
**********************************************

************ Fitting in progress *************
	on point 0
	on point 5
	on point 10
	on point 15
	on point 20
------------Finished calculations!------------
	Current parameters:
		np_a: -1.29765
		np_b: 0.933896
		np_c: 0.78149
		np_d: 1.01652
		of_a: 0
	Current chi2:
		18.1037
**********************************************

************ Fitting in progress *************
	on point 0
	on point 5
	on point 10
	on point 15
	on point 20
------------Finished calculations!------------
	Current parameters:
		np_a: -1.29765
		np_b: 0.933878
		np_c: 0.78149
		np_d: 1.01652
		of_a: 0
	Current chi2:
		18.1038
**********************************************

************ Fitting in progress *************
	on point 0
	on point 5
	on point 10
	on point 15
	on point 20
------------Finished calculations!------------
	Current parameters:
		np_a: -1.29765
		np_b: 0.933887
		np_c: 0.781493
		np_d: 1.01652
		of_a: 0
	Current chi2:
		18.1038
**********************************************

************ Fitting in progress *************
	on point 0
	on point 5
	on point 10
	on point 15
	on point 20
------------Finished calculations!------------
	Current parameters:
		np_a: -1.29765
		np_b: 0.933887
		np_c: 0.781488
		np_d: 1.01652
		of_a: 0
	Current chi2:
		18.1038
**********************************************

************ Fitting in progress *************
	on point 0
	on point 5
	on point 10
	on point 15
	on point 20
------------Finished calculations!------------
	Current parameters:
		np_a: -1.29765
		np_b: 0.933887
		np_c: 0.78149
		np_d: 1.01652
		of_a: 0
	Current chi2:
		18.1038
**********************************************

************ Fitting in progress *************
	on point 0
	on point 5
	on point 10
	on point 15
	on point 20
------------Finished calculations!------------
	Current parameters:
		np_a: -1.29765
		np_b: 0.933887
		np_c: 0.78149
		np_d: 1.01651
		of_a: 0
	Current chi2:
		18.1038
**********************************************

************ Fitting in progress *************
	on point 0
	on point 5
	on point 10
	on point 15
	on point 20
------------Finished calculations!------------
	Current parameters:
		np_a: -1.29765
		np_b: 0.933887
		np_c: 0.78149
		np_d: 1.01652
		of_a: 0
	Current chi2:
		18.1038
**********************************************

************ Fitting in progress *************
	on point 0
	on point 5
	on point 10
	on point 15
	on point 20
------------Finished calculations!------------
	Current parameters:
		np_a: -1.29764
		np_b: 0.933887
		np_c: 0.78149
		np_d: 1.01652
		of_a: 0
	Current chi2:
		18.1038
**********************************************

************ Fitting in progress *************
	on point 0
	on point 5
	on point 10
	on point 15
	on point 20
------------Finished calculations!------------
	Current parameters:
		np_a: -1.29765
		np_b: 0.933887
		np_c: 0.78149
		np_d: 1.01652
		of_a: 0
	Current chi2:
		18.1038
**********************************************

************ Fitting in progress *************
	on point 0
	on point 5
	on point 10
	on point 15
	on point 20
------------Finished calculations!------------
	Current parameters:
		np_a: -1.29765
		np_b: 0.933896
		np_c: 0.78149
		np_d: 1.01652
		of_a: 0
	Current chi2:
		18.1037
**********************************************

************ Fitting in progress *************
	on point 0
	on point 5
	on point 10
	on point 15
	on point 20
------------Finished calculations!------------
	Current parameters:
		np_a: -1.29765
		np_b: 0.933878
		np_c: 0.78149
		np_d: 1.01652
		of_a: 0
	Current chi2:
		18.1038
**********************************************

************ Fitting in progress *************
	on point 0
	on point 5
	on point 10
	on point 15
	on point 20
------------Finished calculations!------------
	Current parameters:
		np_a: -1.29765
		np_b: 0.933887
		np_c: 0.781493
		np_d: 1.01652
		of_a: 0
	Current chi2:
		18.1038
**********************************************

************ Fitting in progress *************
	on point 0
	on point 5
	on point 10
	on point 15
	on point 20
------------Finished calculations!------------
	Current parameters:
		np_a: -1.29765
		np_b: 0.933887
		np_c: 0.781488
		np_d: 1.01652
		of_a: 0
	Current chi2:
		18.1038
**********************************************

************ Fitting in progress *************
	on point 0
	on point 5
	on point 10
	on point 15
	on point 20
------------Finished calculations!------------
	Current parameters:
		np_a: -1.29765
		np_b: 0.933887
		np_c: 0.78149
		np_d: 1.01652
		of_a: 0
	Current chi2:
		18.1038
**********************************************

************ Fitting in progress *************
	on point 0
	on point 5
	on point 10
	on point 15
	on point 20
------------Finished calculations!------------
	Current parameters:
		np_a: -1.29765
		np_b: 0.933887
		np_c: 0.78149
		np_d: 1.01651
		of_a: 0
	Current chi2:
		18.1038
**********************************************

************ Fitting in progress *************
	on point 0
	on point 5
	on point 10
	on point 15
	on point 20
------------Finished calculations!------------
	Current parameters:
		np_a: -1.29764
		np_b: 0.933887
		np_c: 0.78149
		np_d: 1.01652
		of_a: 0
	Current chi2:
		18.1038
**********************************************

************ Fitting in progress *************
	on point 0
	on point 5
	on point 10
	on point 15
	on point 20
------------Finished calculations!------------
	Current parameters:
		np_a: -1.29765
		np_b: 0.933887
		np_c: 0.78149
		np_d: 1.01652
		of_a: 0
	Current chi2:
		18.1038
**********************************************

************ Fitting in progress *************
	on point 0
	on point 5
	on point 10
	on point 15
	on point 20
------------Finished calculations!------------
	Current parameters:
		np_a: -1.29765
		np_b: 0.933889
		np_c: 0.78149
		np_d: 1.01652
		of_a: 0
	Current chi2:
		18.1038
**********************************************

************ Fitting in progress *************
	on point 0
	on point 5
	on point 10
	on point 15
	on point 20
------------Finished calculations!------------
	Current parameters:
		np_a: -1.29765
		np_b: 0.933885
		np_c: 0.78149
		np_d: 1.01652
		of_a: 0
	Current chi2:
		18.1038
**********************************************

************ Fitting in progress *************
	on point 0
	on point 5
	on point 10
	on point 15
	on point 20
------------Finished calculations!------------
	Current parameters:
		np_a: -1.29765
		np_b: 0.933887
		np_c: 0.781491
		np_d: 1.01652
		of_a: 0
	Current chi2:
		18.1038
**********************************************

************ Fitting in progress *************
	on point 0
	on point 5
	on point 10
	on point 15
	on point 20
------------Finished calculations!------------
	Current parameters:
		np_a: -1.29765
		np_b: 0.933887
		np_c: 0.78149
		np_d: 1.01652
		of_a: 0
	Current chi2:
		18.1038
**********************************************

************ Fitting in progress *************
	on point 0
	on point 5
	on point 10
	on point 15
	on point 20
------------Finished calculations!------------
	Current parameters:
		np_a: -1.29765
		np_b: 0.933887
		np_c: 0.78149
		np_d: 1.01652
		of_a: 0
	Current chi2:
		18.1038
**********************************************

************ Fitting in progress *************
	on point 0
	on point 5
	on point 10
	on point 15
	on point 20
------------Finished calculations!------------
	Current parameters:
		np_a: -1.29765
		np_b: 0.933887
		np_c: 0.78149
		np_d: 1.01652
		of_a: 0
	Current chi2:
		18.1038
**********************************************

************ Fitting in progress *************
	on point 0
	on point 5
	on point 10
	on point 15
	on point 20
------------Finished calculations!------------
	Current parameters:
		np_a: -1.29764
		np_b: 0.933896
		np_c: 0.78149
		np_d: 1.01652
		of_a: 0
	Current chi2:
		18.1037
**********************************************

************ Fitting in progress *************
	on point 0
	on point 5
	on point 10
	on point 15
	on point 20
------------Finished calculations!------------
	Current parameters:
		np_a: -1.29764
		np_b: 0.933887
		np_c: 0.781493
		np_d: 1.01652
		of_a: 0
	Current chi2:
		18.1038
**********************************************

************ Fitting in progress *************
	on point 0
	on point 5
	on point 10
	on point 15
	on point 20
------------Finished calculations!------------
	Current parameters:
		np_a: -1.29764
		np_b: 0.933887
		np_c: 0.78149
		np_d: 1.01652
		of_a: 0
	Current chi2:
		18.1038
**********************************************

************ Fitting in progress *************
	on point 0
	on point 5
	on point 10
	on point 15
	on point 20
------------Finished calculations!------------
	Current parameters:
		np_a: -1.29765
		np_b: 0.933896
		np_c: 0.781493
		np_d: 1.01652
		of_a: 0
	Current chi2:
		18.1037
**********************************************

************ Fitting in progress *************
	on point 0
	on point 5
	on point 10
	on point 15
	on point 20
------------Finished calculations!------------
	Current parameters:
		np_a: -1.29765
		np_b: 0.933896
		np_c: 0.78149
		np_d: 1.01652
		of_a: 0
	Current chi2:
		18.1037
**********************************************

************ Fitting in progress *************
	on point 0
	on point 5
	on point 10
	on point 15
	on point 20
------------Finished calculations!------------
	Current parameters:
		np_a: -1.29765
		np_b: 0.933887
		np_c: 0.781493
		np_d: 1.01652
		of_a: 0
	Current chi2:
		18.1038
**********************************************

Info in <Minuit2>: matrix forced pos-def by adding to diagonal : padd = 0.00366996
Info in <Minuit2>: MnHesse: matrix was forced pos. def. 
Info in <Minuit2>: Minuit2Minimizer::Minimize : Covar was made pos def
Minuit2Minimizer : Valid minimum - status = 1
FVAL  = 18.1037647691152728
Edm   = 0.00011677534942139055
Nfcn  = 112
np_a	  = -1.29765	 +/-  0.0289092
np_b	  = 0.933887	 +/-  0.0323307
np_c	  = 0.78149	 +/-  0.0160443
np_d	  = 1.01652	 +/-  0.0224958
of_a	  = 0	 (fixed)

************ Fit covar results *************
		 [ i*ndim + j ] 
0.000835741
-0.000735559
-0.000195355
-0.000191746
0
-0.000735559
0.00104527
-0.000105517
0.000560706
0
-0.000195355
-0.000105517
0.000257419
-0.000264295
0
-0.000191746
0.000560706
-0.000264295
0.000506061
0
0
0
0
0
0
**********************************************
