Minuit2Minimizer: Minimize with max-calls 100000 convergence for edm < 0.5 strategy 1
************ Fitting in progress *************
	on point 0
	on point 5
	on point 10
	on point 15
	on point 20
------------Finished calculations!------------
	Current parameters:
		np_a: -1.21722
		np_b: 0.862248
		np_c: 0.820479
		np_d: 0.963992
		of_a: 0
	Current chi2:
		2141.47
**********************************************

************ Fitting in progress *************
	on point 0
	on point 5
	on point 10
	on point 15
	on point 20
------------Finished calculations!------------
	Current parameters:
		np_a: -1.21496
		np_b: 0.862248
		np_c: 0.820479
		np_d: 0.963992
		of_a: 0
	Current chi2:
		2242.12
**********************************************

************ Fitting in progress *************
	on point 0
	on point 5
	on point 10
	on point 15
	on point 20
------------Finished calculations!------------
	Current parameters:
		np_a: -1.21948
		np_b: 0.862248
		np_c: 0.820479
		np_d: 0.963992
		of_a: 0
	Current chi2:
		2043.45
**********************************************

************ Fitting in progress *************
	on point 0
	on point 5
	on point 10
	on point 15
	on point 20
------------Finished calculations!------------
	Current parameters:
		np_a: -1.21699
		np_b: 0.862248
		np_c: 0.820479
		np_d: 0.963992
		of_a: 0
	Current chi2:
		2151.42
**********************************************

************ Fitting in progress *************
	on point 0
	on point 5
	on point 10
	on point 15
	on point 20
------------Finished calculations!------------
	Current parameters:
		np_a: -1.21744
		np_b: 0.862248
		np_c: 0.820479
		np_d: 0.963992
		of_a: 0
	Current chi2:
		2131.55
**********************************************

************ Fitting in progress *************
	on point 0
	on point 5
	on point 10
	on point 15
	on point 20
------------Finished calculations!------------
	Current parameters:
		np_a: -1.21722
		np_b: 0.864508
		np_c: 0.820479
		np_d: 0.963992
		of_a: 0
	Current chi2:
		2185.21
**********************************************

************ Fitting in progress *************
	on point 0
	on point 5
	on point 10
	on point 15
	on point 20
------------Finished calculations!------------
	Current parameters:
		np_a: -1.21722
		np_b: 0.859988
		np_c: 0.820479
		np_d: 0.963992
		of_a: 0
	Current chi2:
		2098.36
**********************************************

************ Fitting in progress *************
	on point 0
	on point 5
	on point 10
	on point 15
	on point 20
------------Finished calculations!------------
	Current parameters:
		np_a: -1.21722
		np_b: 0.862474
		np_c: 0.820479
		np_d: 0.963992
		of_a: 0
	Current chi2:
		2145.81
**********************************************

************ Fitting in progress *************
	on point 0
	on point 5
	on point 10
	on point 15
	on point 20
------------Finished calculations!------------
	Current parameters:
		np_a: -1.21722
		np_b: 0.862022
		np_c: 0.820479
		np_d: 0.963992
		of_a: 0
	Current chi2:
		2137.13
**********************************************

************ Fitting in progress *************
	on point 0
	on point 5
	on point 10
	on point 15
	on point 20
------------Finished calculations!------------
	Current parameters:
		np_a: -1.21722
		np_b: 0.862248
		np_c: 0.822739
		np_d: 0.963992
		of_a: 0
	Current chi2:
		2318.92
**********************************************

************ Fitting in progress *************
	on point 0
	on point 5
	on point 10
	on point 15
	on point 20
------------Finished calculations!------------
	Current parameters:
		np_a: -1.21722
		np_b: 0.862248
		np_c: 0.818219
		np_d: 0.963992
		of_a: 0
	Current chi2:
		1972.02
**********************************************

************ Fitting in progress *************
	on point 0
	on point 5
	on point 10
	on point 15
	on point 20
------------Finished calculations!------------
	Current parameters:
		np_a: -1.21722
		np_b: 0.862248
		np_c: 0.820705
		np_d: 0.963992
		of_a: 0
	Current chi2:
		2158.85
**********************************************

************ Fitting in progress *************
	on point 0
	on point 5
	on point 10
	on point 15
	on point 20
------------Finished calculations!------------
	Current parameters:
		np_a: -1.21722
		np_b: 0.862248
		np_c: 0.820253
		np_d: 0.963992
		of_a: 0
	Current chi2:
		2124.16
**********************************************

************ Fitting in progress *************
	on point 0
	on point 5
	on point 10
	on point 15
	on point 20
------------Finished calculations!------------
	Current parameters:
		np_a: -1.21722
		np_b: 0.862248
		np_c: 0.820479
		np_d: 0.966252
		of_a: 0
	Current chi2:
		2226.99
**********************************************

************ Fitting in progress *************
	on point 0
	on point 5
	on point 10
	on point 15
	on point 20
------------Finished calculations!------------
	Current parameters:
		np_a: -1.21722
		np_b: 0.862248
		np_c: 0.820479
		np_d: 0.961732
		of_a: 0
	Current chi2:
		2058.19
**********************************************

************ Fitting in progress *************
	on point 0
	on point 5
	on point 10
	on point 15
	on point 20
------------Finished calculations!------------
	Current parameters:
		np_a: -1.21722
		np_b: 0.862248
		np_c: 0.820479
		np_d: 0.964218
		of_a: 0
	Current chi2:
		2149.92
**********************************************

************ Fitting in progress *************
	on point 0
	on point 5
	on point 10
	on point 15
	on point 20
------------Finished calculations!------------
	Current parameters:
		np_a: -1.21722
		np_b: 0.862248
		np_c: 0.820479
		np_d: 0.963766
		of_a: 0
	Current chi2:
		2133.04
**********************************************

************ Fitting in progress *************
	on point 0
	on point 5
	on point 10
	on point 15
	on point 20
------------Finished calculations!------------
	Current parameters:
		np_a: -1.30238
		np_b: 0.707301
		np_c: 0.771493
		np_d: 0.879046
		of_a: 0
	Current chi2:
		12527.3
**********************************************

************ Fitting in progress *************
	on point 0
	on point 5
	on point 10
	on point 15
	on point 20
------------Finished calculations!------------
	Current parameters:
		np_a: -1.2414
		np_b: 0.818248
		np_c: 0.806569
		np_d: 0.93987
		of_a: 0
	Current chi2:
		257.799
**********************************************

************ Fitting in progress *************
	on point 0
	on point 5
	on point 10
	on point 15
	on point 20
------------Finished calculations!------------
	Current parameters:
		np_a: -1.24138
		np_b: 0.818248
		np_c: 0.806569
		np_d: 0.93987
		of_a: 0
	Current chi2:
		257.775
**********************************************

************ Fitting in progress *************
	on point 0
	on point 5
	on point 10
	on point 15
	on point 20
------------Finished calculations!------------
	Current parameters:
		np_a: -1.24142
		np_b: 0.818248
		np_c: 0.806569
		np_d: 0.93987
		of_a: 0
	Current chi2:
		257.823
**********************************************

************ Fitting in progress *************
	on point 0
	on point 5
	on point 10
	on point 15
	on point 20
------------Finished calculations!------------
	Current parameters:
		np_a: -1.24139
		np_b: 0.818248
		np_c: 0.806569
		np_d: 0.93987
		of_a: 0
	Current chi2:
		257.782
**********************************************

************ Fitting in progress *************
	on point 0
	on point 5
	on point 10
	on point 15
	on point 20
------------Finished calculations!------------
	Current parameters:
		np_a: -1.24142
		np_b: 0.818248
		np_c: 0.806569
		np_d: 0.93987
		of_a: 0
	Current chi2:
		257.816
**********************************************

************ Fitting in progress *************
	on point 0
	on point 5
	on point 10
	on point 15
	on point 20
------------Finished calculations!------------
	Current parameters:
		np_a: -1.2414
		np_b: 0.81828
		np_c: 0.806569
		np_d: 0.93987
		of_a: 0
	Current chi2:
		257.773
**********************************************

************ Fitting in progress *************
	on point 0
	on point 5
	on point 10
	on point 15
	on point 20
------------Finished calculations!------------
	Current parameters:
		np_a: -1.2414
		np_b: 0.818217
		np_c: 0.806569
		np_d: 0.93987
		of_a: 0
	Current chi2:
		257.825
**********************************************

************ Fitting in progress *************
	on point 0
	on point 5
	on point 10
	on point 15
	on point 20
------------Finished calculations!------------
	Current parameters:
		np_a: -1.2414
		np_b: 0.818248
		np_c: 0.806591
		np_d: 0.93987
		of_a: 0
	Current chi2:
		257.769
**********************************************

************ Fitting in progress *************
	on point 0
	on point 5
	on point 10
	on point 15
	on point 20
------------Finished calculations!------------
	Current parameters:
		np_a: -1.2414
		np_b: 0.818248
		np_c: 0.806546
		np_d: 0.93987
		of_a: 0
	Current chi2:
		257.83
**********************************************

************ Fitting in progress *************
	on point 0
	on point 5
	on point 10
	on point 15
	on point 20
------------Finished calculations!------------
	Current parameters:
		np_a: -1.2414
		np_b: 0.818248
		np_c: 0.806578
		np_d: 0.93987
		of_a: 0
	Current chi2:
		257.787
**********************************************

************ Fitting in progress *************
	on point 0
	on point 5
	on point 10
	on point 15
	on point 20
------------Finished calculations!------------
	Current parameters:
		np_a: -1.2414
		np_b: 0.818248
		np_c: 0.80656
		np_d: 0.93987
		of_a: 0
	Current chi2:
		257.811
**********************************************

************ Fitting in progress *************
	on point 0
	on point 5
	on point 10
	on point 15
	on point 20
------------Finished calculations!------------
	Current parameters:
		np_a: -1.2414
		np_b: 0.818248
		np_c: 0.806569
		np_d: 0.939893
		of_a: 0
	Current chi2:
		257.793
**********************************************

************ Fitting in progress *************
	on point 0
	on point 5
	on point 10
	on point 15
	on point 20
------------Finished calculations!------------
	Current parameters:
		np_a: -1.2414
		np_b: 0.818248
		np_c: 0.806569
		np_d: 0.939848
		of_a: 0
	Current chi2:
		257.805
**********************************************

************ Fitting in progress *************
	on point 0
	on point 5
	on point 10
	on point 15
	on point 20
------------Finished calculations!------------
	Current parameters:
		np_a: -1.24072
		np_b: 0.822306
		np_c: 0.806626
		np_d: 0.939085
		of_a: 0
	Current chi2:
		255.137
**********************************************

************ Fitting in progress *************
	on point 0
	on point 5
	on point 10
	on point 15
	on point 20
------------Finished calculations!------------
	Current parameters:
		np_a: -1.24036
		np_b: 0.824422
		np_c: 0.806655
		np_d: 0.938675
		of_a: 0
	Current chi2:
		254.783
**********************************************

************ Fitting in progress *************
	on point 0
	on point 5
	on point 10
	on point 15
	on point 20
------------Finished calculations!------------
	Current parameters:
		np_a: -1.24034
		np_b: 0.824422
		np_c: 0.806655
		np_d: 0.938675
		of_a: 0
	Current chi2:
		254.791
**********************************************

************ Fitting in progress *************
	on point 0
	on point 5
	on point 10
	on point 15
	on point 20
------------Finished calculations!------------
	Current parameters:
		np_a: -1.24038
		np_b: 0.824422
		np_c: 0.806655
		np_d: 0.938675
		of_a: 0
	Current chi2:
		254.775
**********************************************

************ Fitting in progress *************
	on point 0
	on point 5
	on point 10
	on point 15
	on point 20
------------Finished calculations!------------
	Current parameters:
		np_a: -1.24036
		np_b: 0.824454
		np_c: 0.806655
		np_d: 0.938675
		of_a: 0
	Current chi2:
		254.784
**********************************************

************ Fitting in progress *************
	on point 0
	on point 5
	on point 10
	on point 15
	on point 20
------------Finished calculations!------------
	Current parameters:
		np_a: -1.24036
		np_b: 0.824391
		np_c: 0.806655
		np_d: 0.938675
		of_a: 0
	Current chi2:
		254.782
**********************************************

************ Fitting in progress *************
	on point 0
	on point 5
	on point 10
	on point 15
	on point 20
------------Finished calculations!------------
	Current parameters:
		np_a: -1.24036
		np_b: 0.824422
		np_c: 0.806664
		np_d: 0.938675
		of_a: 0
	Current chi2:
		254.793
**********************************************

************ Fitting in progress *************
	on point 0
	on point 5
	on point 10
	on point 15
	on point 20
------------Finished calculations!------------
	Current parameters:
		np_a: -1.24036
		np_b: 0.824422
		np_c: 0.806646
		np_d: 0.938675
		of_a: 0
	Current chi2:
		254.773
**********************************************

************ Fitting in progress *************
	on point 0
	on point 5
	on point 10
	on point 15
	on point 20
------------Finished calculations!------------
	Current parameters:
		np_a: -1.24036
		np_b: 0.824422
		np_c: 0.806655
		np_d: 0.938692
		of_a: 0
	Current chi2:
		254.795
**********************************************

************ Fitting in progress *************
	on point 0
	on point 5
	on point 10
	on point 15
	on point 20
------------Finished calculations!------------
	Current parameters:
		np_a: -1.24036
		np_b: 0.824422
		np_c: 0.806655
		np_d: 0.938657
		of_a: 0
	Current chi2:
		254.77
**********************************************

************ Fitting in progress *************
	on point 0
	on point 5
	on point 10
	on point 15
	on point 20
------------Finished calculations!------------
	Current parameters:
		np_a: -1.24043
		np_b: 0.826556
		np_c: 0.806375
		np_d: 0.93758
		of_a: 0
	Current chi2:
		253.985
**********************************************

************ Fitting in progress *************
	on point 0
	on point 5
	on point 10
	on point 15
	on point 20
------------Finished calculations!------------
	Current parameters:
		np_a: -1.24051
		np_b: 0.82902
		np_c: 0.806051
		np_d: 0.936317
		of_a: 0
	Current chi2:
		253.662
**********************************************

************ Fitting in progress *************
	on point 0
	on point 5
	on point 10
	on point 15
	on point 20
------------Finished calculations!------------
	Current parameters:
		np_a: -1.24049
		np_b: 0.82902
		np_c: 0.806051
		np_d: 0.936317
		of_a: 0
	Current chi2:
		253.662
**********************************************

************ Fitting in progress *************
	on point 0
	on point 5
	on point 10
	on point 15
	on point 20
------------Finished calculations!------------
	Current parameters:
		np_a: -1.24052
		np_b: 0.82902
		np_c: 0.806051
		np_d: 0.936317
		of_a: 0
	Current chi2:
		253.662
**********************************************

************ Fitting in progress *************
	on point 0
	on point 5
	on point 10
	on point 15
	on point 20
------------Finished calculations!------------
	Current parameters:
		np_a: -1.24051
		np_b: 0.829052
		np_c: 0.806051
		np_d: 0.936317
		of_a: 0
	Current chi2:
		253.662
**********************************************

************ Fitting in progress *************
	on point 0
	on point 5
	on point 10
	on point 15
	on point 20
------------Finished calculations!------------
	Current parameters:
		np_a: -1.24051
		np_b: 0.828989
		np_c: 0.806051
		np_d: 0.936317
		of_a: 0
	Current chi2:
		253.662
**********************************************

************ Fitting in progress *************
	on point 0
	on point 5
	on point 10
	on point 15
	on point 20
------------Finished calculations!------------
	Current parameters:
		np_a: -1.24051
		np_b: 0.82902
		np_c: 0.80606
		np_d: 0.936317
		of_a: 0
	Current chi2:
		253.662
**********************************************

************ Fitting in progress *************
	on point 0
	on point 5
	on point 10
	on point 15
	on point 20
------------Finished calculations!------------
	Current parameters:
		np_a: -1.24051
		np_b: 0.82902
		np_c: 0.806042
		np_d: 0.936317
		of_a: 0
	Current chi2:
		253.662
**********************************************

************ Fitting in progress *************
	on point 0
	on point 5
	on point 10
	on point 15
	on point 20
------------Finished calculations!------------
	Current parameters:
		np_a: -1.24051
		np_b: 0.82902
		np_c: 0.806051
		np_d: 0.936335
		of_a: 0
	Current chi2:
		253.662
**********************************************

************ Fitting in progress *************
	on point 0
	on point 5
	on point 10
	on point 15
	on point 20
------------Finished calculations!------------
	Current parameters:
		np_a: -1.24051
		np_b: 0.82902
		np_c: 0.806051
		np_d: 0.9363
		of_a: 0
	Current chi2:
		253.663
**********************************************

************ Fitting in progress *************
	on point 0
	on point 5
	on point 10
	on point 15
	on point 20
------------Finished calculations!------------
	Current parameters:
		np_a: -1.24055
		np_b: 0.829108
		np_c: 0.806029
		np_d: 0.936366
		of_a: 0
	Current chi2:
		253.658
**********************************************

************ Fitting in progress *************
	on point 0
	on point 5
	on point 10
	on point 15
	on point 20
------------Finished calculations!------------
	Current parameters:
		np_a: -1.24073
		np_b: 0.829457
		np_c: 0.805944
		np_d: 0.93656
		of_a: 0
	Current chi2:
		253.644
**********************************************

************ Fitting in progress *************
	on point 0
	on point 5
	on point 10
	on point 15
	on point 20
------------Finished calculations!------------
	Current parameters:
		np_a: -1.24119
		np_b: 0.830332
		np_c: 0.80573
		np_d: 0.937044
		of_a: 0
	Current chi2:
		253.609
**********************************************

************ Fitting in progress *************
	on point 0
	on point 5
	on point 10
	on point 15
	on point 20
------------Finished calculations!------------
	Current parameters:
		np_a: -1.24255
		np_b: 0.832955
		np_c: 0.805087
		np_d: 0.938498
		of_a: 0
	Current chi2:
		253.515
**********************************************

************ Fitting in progress *************
	on point 0
	on point 5
	on point 10
	on point 15
	on point 20
------------Finished calculations!------------
	Current parameters:
		np_a: -1.24663
		np_b: 0.840825
		np_c: 0.803158
		np_d: 0.942859
		of_a: 0
	Current chi2:
		253.335
**********************************************

************ Fitting in progress *************
	on point 0
	on point 5
	on point 10
	on point 15
	on point 20
------------Finished calculations!------------
	Current parameters:
		np_a: -1.24944
		np_b: 0.846237
		np_c: 0.801832
		np_d: 0.945858
		of_a: 0
	Current chi2:
		253.301
**********************************************

************ Fitting in progress *************
	on point 0
	on point 5
	on point 10
	on point 15
	on point 20
------------Finished calculations!------------
	Current parameters:
		np_a: -1.24942
		np_b: 0.846237
		np_c: 0.801832
		np_d: 0.945858
		of_a: 0
	Current chi2:
		253.295
**********************************************

************ Fitting in progress *************
	on point 0
	on point 5
	on point 10
	on point 15
	on point 20
------------Finished calculations!------------
	Current parameters:
		np_a: -1.24945
		np_b: 0.846237
		np_c: 0.801832
		np_d: 0.945858
		of_a: 0
	Current chi2:
		253.306
**********************************************

************ Fitting in progress *************
	on point 0
	on point 5
	on point 10
	on point 15
	on point 20
------------Finished calculations!------------
	Current parameters:
		np_a: -1.24944
		np_b: 0.846268
		np_c: 0.801832
		np_d: 0.945858
		of_a: 0
	Current chi2:
		253.298
**********************************************

************ Fitting in progress *************
	on point 0
	on point 5
	on point 10
	on point 15
	on point 20
------------Finished calculations!------------
	Current parameters:
		np_a: -1.24944
		np_b: 0.846205
		np_c: 0.801832
		np_d: 0.945858
		of_a: 0
	Current chi2:
		253.304
**********************************************

************ Fitting in progress *************
	on point 0
	on point 5
	on point 10
	on point 15
	on point 20
------------Finished calculations!------------
	Current parameters:
		np_a: -1.24944
		np_b: 0.846237
		np_c: 0.801841
		np_d: 0.945858
		of_a: 0
	Current chi2:
		253.294
**********************************************

************ Fitting in progress *************
	on point 0
	on point 5
	on point 10
	on point 15
	on point 20
------------Finished calculations!------------
	Current parameters:
		np_a: -1.24944
		np_b: 0.846237
		np_c: 0.801823
		np_d: 0.945858
		of_a: 0
	Current chi2:
		253.308
**********************************************

************ Fitting in progress *************
	on point 0
	on point 5
	on point 10
	on point 15
	on point 20
------------Finished calculations!------------
	Current parameters:
		np_a: -1.24944
		np_b: 0.846237
		np_c: 0.801832
		np_d: 0.945875
		of_a: 0
	Current chi2:
		253.292
**********************************************

************ Fitting in progress *************
	on point 0
	on point 5
	on point 10
	on point 15
	on point 20
------------Finished calculations!------------
	Current parameters:
		np_a: -1.24944
		np_b: 0.846237
		np_c: 0.801832
		np_d: 0.94584
		of_a: 0
	Current chi2:
		253.309
**********************************************

************ Fitting in progress *************
	on point 0
	on point 5
	on point 10
	on point 15
	on point 20
------------Finished calculations!------------
	Current parameters:
		np_a: -1.2571
		np_b: 0.859435
		np_c: 0.79846
		np_d: 0.955339
		of_a: 0
	Current chi2:
		252.692
**********************************************

************ Fitting in progress *************
	on point 0
	on point 5
	on point 10
	on point 15
	on point 20
------------Finished calculations!------------
	Current parameters:
		np_a: -1.28773
		np_b: 0.912228
		np_c: 0.784972
		np_d: 0.993267
		of_a: 0
	Current chi2:
		250.933
**********************************************

************ Fitting in progress *************
	on point 0
	on point 5
	on point 10
	on point 15
	on point 20
------------Finished calculations!------------
	Current parameters:
		np_a: -1.32229
		np_b: 0.971764
		np_c: 0.769762
		np_d: 1.03604
		of_a: 0
	Current chi2:
		250.382
**********************************************

************ Fitting in progress *************
	on point 0
	on point 5
	on point 10
	on point 15
	on point 20
------------Finished calculations!------------
	Current parameters:
		np_a: -1.31755
		np_b: 0.963596
		np_c: 0.771849
		np_d: 1.03017
		of_a: 0
	Current chi2:
		250.357
**********************************************

************ Fitting in progress *************
	on point 0
	on point 5
	on point 10
	on point 15
	on point 20
------------Finished calculations!------------
	Current parameters:
		np_a: -1.31753
		np_b: 0.963596
		np_c: 0.771849
		np_d: 1.03017
		of_a: 0
	Current chi2:
		250.35
**********************************************

************ Fitting in progress *************
	on point 0
	on point 5
	on point 10
	on point 15
	on point 20
------------Finished calculations!------------
	Current parameters:
		np_a: -1.31756
		np_b: 0.963596
		np_c: 0.771849
		np_d: 1.03017
		of_a: 0
	Current chi2:
		250.364
**********************************************

************ Fitting in progress *************
	on point 0
	on point 5
	on point 10
	on point 15
	on point 20
------------Finished calculations!------------
	Current parameters:
		np_a: -1.31755
		np_b: 0.963627
		np_c: 0.771849
		np_d: 1.03017
		of_a: 0
	Current chi2:
		250.351
**********************************************

************ Fitting in progress *************
	on point 0
	on point 5
	on point 10
	on point 15
	on point 20
------------Finished calculations!------------
	Current parameters:
		np_a: -1.31755
		np_b: 0.963565
		np_c: 0.771849
		np_d: 1.03017
		of_a: 0
	Current chi2:
		250.363
**********************************************

************ Fitting in progress *************
	on point 0
	on point 5
	on point 10
	on point 15
	on point 20
------------Finished calculations!------------
	Current parameters:
		np_a: -1.31755
		np_b: 0.963596
		np_c: 0.771858
		np_d: 1.03017
		of_a: 0
	Current chi2:
		250.35
**********************************************

************ Fitting in progress *************
	on point 0
	on point 5
	on point 10
	on point 15
	on point 20
------------Finished calculations!------------
	Current parameters:
		np_a: -1.31755
		np_b: 0.963596
		np_c: 0.77184
		np_d: 1.03017
		of_a: 0
	Current chi2:
		250.364
**********************************************

************ Fitting in progress *************
	on point 0
	on point 5
	on point 10
	on point 15
	on point 20
------------Finished calculations!------------
	Current parameters:
		np_a: -1.31755
		np_b: 0.963596
		np_c: 0.771849
		np_d: 1.03019
		of_a: 0
	Current chi2:
		250.351
**********************************************

************ Fitting in progress *************
	on point 0
	on point 5
	on point 10
	on point 15
	on point 20
------------Finished calculations!------------
	Current parameters:
		np_a: -1.31755
		np_b: 0.963596
		np_c: 0.771849
		np_d: 1.03015
		of_a: 0
	Current chi2:
		250.363
**********************************************

************ Fitting in progress *************
	on point 0
	on point 5
	on point 10
	on point 15
	on point 20
------------Finished calculations!------------
	Current parameters:
		np_a: -1.31615
		np_b: 0.96195
		np_c: 0.77253
		np_d: 1.02903
		of_a: 0
	Current chi2:
		250.181
**********************************************

************ Fitting in progress *************
	on point 0
	on point 5
	on point 10
	on point 15
	on point 20
------------Finished calculations!------------
	Current parameters:
		np_a: -1.31633
		np_b: 0.962162
		np_c: 0.772442
		np_d: 1.02917
		of_a: 0
	Current chi2:
		250.177
**********************************************

************ Fitting in progress *************
	on point 0
	on point 5
	on point 10
	on point 15
	on point 20
------------Finished calculations!------------
	Current parameters:
		np_a: -1.31631
		np_b: 0.962162
		np_c: 0.772442
		np_d: 1.02917
		of_a: 0
	Current chi2:
		250.177
**********************************************

************ Fitting in progress *************
	on point 0
	on point 5
	on point 10
	on point 15
	on point 20
------------Finished calculations!------------
	Current parameters:
		np_a: -1.31634
		np_b: 0.962162
		np_c: 0.772442
		np_d: 1.02917
		of_a: 0
	Current chi2:
		250.177
**********************************************

************ Fitting in progress *************
	on point 0
	on point 5
	on point 10
	on point 15
	on point 20
------------Finished calculations!------------
	Current parameters:
		np_a: -1.31633
		np_b: 0.962193
		np_c: 0.772442
		np_d: 1.02917
		of_a: 0
	Current chi2:
		250.176
**********************************************

************ Fitting in progress *************
	on point 0
	on point 5
	on point 10
	on point 15
	on point 20
------------Finished calculations!------------
	Current parameters:
		np_a: -1.31633
		np_b: 0.962131
		np_c: 0.772442
		np_d: 1.02917
		of_a: 0
	Current chi2:
		250.177
**********************************************

************ Fitting in progress *************
	on point 0
	on point 5
	on point 10
	on point 15
	on point 20
------------Finished calculations!------------
	Current parameters:
		np_a: -1.31633
		np_b: 0.962162
		np_c: 0.77245
		np_d: 1.02917
		of_a: 0
	Current chi2:
		250.177
**********************************************

************ Fitting in progress *************
	on point 0
	on point 5
	on point 10
	on point 15
	on point 20
------------Finished calculations!------------
	Current parameters:
		np_a: -1.31633
		np_b: 0.962162
		np_c: 0.772434
		np_d: 1.02917
		of_a: 0
	Current chi2:
		250.177
**********************************************

************ Fitting in progress *************
	on point 0
	on point 5
	on point 10
	on point 15
	on point 20
------------Finished calculations!------------
	Current parameters:
		np_a: -1.31633
		np_b: 0.962162
		np_c: 0.772442
		np_d: 1.02919
		of_a: 0
	Current chi2:
		250.177
**********************************************

************ Fitting in progress *************
	on point 0
	on point 5
	on point 10
	on point 15
	on point 20
------------Finished calculations!------------
	Current parameters:
		np_a: -1.31633
		np_b: 0.962162
		np_c: 0.772442
		np_d: 1.02916
		of_a: 0
	Current chi2:
		250.177
**********************************************

************ Fitting in progress *************
	on point 0
	on point 5
	on point 10
	on point 15
	on point 20
------------Finished calculations!------------
	Current parameters:
		np_a: -1.32034
		np_b: 0.96956
		np_c: 0.770641
		np_d: 1.03403
		of_a: 0
	Current chi2:
		250.162
**********************************************

************ Fitting in progress *************
	on point 0
	on point 5
	on point 10
	on point 15
	on point 20
------------Finished calculations!------------
	Current parameters:
		np_a: -1.32074
		np_b: 0.970307
		np_c: 0.770459
		np_d: 1.03452
		of_a: 0
	Current chi2:
		250.162
**********************************************

************ Fitting in progress *************
	on point 0
	on point 5
	on point 10
	on point 15
	on point 20
------------Finished calculations!------------
	Current parameters:
		np_a: -1.32073
		np_b: 0.970307
		np_c: 0.770459
		np_d: 1.03452
		of_a: 0
	Current chi2:
		250.162
**********************************************

************ Fitting in progress *************
	on point 0
	on point 5
	on point 10
	on point 15
	on point 20
------------Finished calculations!------------
	Current parameters:
		np_a: -1.32076
		np_b: 0.970307
		np_c: 0.770459
		np_d: 1.03452
		of_a: 0
	Current chi2:
		250.162
**********************************************

************ Fitting in progress *************
	on point 0
	on point 5
	on point 10
	on point 15
	on point 20
------------Finished calculations!------------
	Current parameters:
		np_a: -1.32074
		np_b: 0.970338
		np_c: 0.770459
		np_d: 1.03452
		of_a: 0
	Current chi2:
		250.162
**********************************************

************ Fitting in progress *************
	on point 0
	on point 5
	on point 10
	on point 15
	on point 20
------------Finished calculations!------------
	Current parameters:
		np_a: -1.32074
		np_b: 0.970276
		np_c: 0.770459
		np_d: 1.03452
		of_a: 0
	Current chi2:
		250.162
**********************************************

************ Fitting in progress *************
	on point 0
	on point 5
	on point 10
	on point 15
	on point 20
------------Finished calculations!------------
	Current parameters:
		np_a: -1.32074
		np_b: 0.970307
		np_c: 0.770467
		np_d: 1.03452
		of_a: 0
	Current chi2:
		250.162
**********************************************

************ Fitting in progress *************
	on point 0
	on point 5
	on point 10
	on point 15
	on point 20
------------Finished calculations!------------
	Current parameters:
		np_a: -1.32074
		np_b: 0.970307
		np_c: 0.77045
		np_d: 1.03452
		of_a: 0
	Current chi2:
		250.162
**********************************************

************ Fitting in progress *************
	on point 0
	on point 5
	on point 10
	on point 15
	on point 20
------------Finished calculations!------------
	Current parameters:
		np_a: -1.32074
		np_b: 0.970307
		np_c: 0.770459
		np_d: 1.03454
		of_a: 0
	Current chi2:
		250.162
**********************************************

************ Fitting in progress *************
	on point 0
	on point 5
	on point 10
	on point 15
	on point 20
------------Finished calculations!------------
	Current parameters:
		np_a: -1.32074
		np_b: 0.970307
		np_c: 0.770459
		np_d: 1.03451
		of_a: 0
	Current chi2:
		250.162
**********************************************

************ Fitting in progress *************
	on point 0
	on point 5
	on point 10
	on point 15
	on point 20
------------Finished calculations!------------
	Current parameters:
		np_a: -1.32074
		np_b: 0.970307
		np_c: 0.770459
		np_d: 1.03452
		of_a: 0
	Current chi2:
		250.162
**********************************************

************ Fitting in progress *************
	on point 0
	on point 5
	on point 10
	on point 15
	on point 20
------------Finished calculations!------------
	Current parameters:
		np_a: -1.32073
		np_b: 0.970307
		np_c: 0.770459
		np_d: 1.03452
		of_a: 0
	Current chi2:
		250.162
**********************************************

************ Fitting in progress *************
	on point 0
	on point 5
	on point 10
	on point 15
	on point 20
------------Finished calculations!------------
	Current parameters:
		np_a: -1.32076
		np_b: 0.970307
		np_c: 0.770459
		np_d: 1.03452
		of_a: 0
	Current chi2:
		250.162
**********************************************

************ Fitting in progress *************
	on point 0
	on point 5
	on point 10
	on point 15
	on point 20
------------Finished calculations!------------
	Current parameters:
		np_a: -1.32074
		np_b: 0.970338
		np_c: 0.770459
		np_d: 1.03452
		of_a: 0
	Current chi2:
		250.162
**********************************************

************ Fitting in progress *************
	on point 0
	on point 5
	on point 10
	on point 15
	on point 20
------------Finished calculations!------------
	Current parameters:
		np_a: -1.32074
		np_b: 0.970276
		np_c: 0.770459
		np_d: 1.03452
		of_a: 0
	Current chi2:
		250.162
**********************************************

************ Fitting in progress *************
	on point 0
	on point 5
	on point 10
	on point 15
	on point 20
------------Finished calculations!------------
	Current parameters:
		np_a: -1.32074
		np_b: 0.970307
		np_c: 0.770467
		np_d: 1.03452
		of_a: 0
	Current chi2:
		250.162
**********************************************

************ Fitting in progress *************
	on point 0
	on point 5
	on point 10
	on point 15
	on point 20
------------Finished calculations!------------
	Current parameters:
		np_a: -1.32074
		np_b: 0.970307
		np_c: 0.77045
		np_d: 1.03452
		of_a: 0
	Current chi2:
		250.162
**********************************************

************ Fitting in progress *************
	on point 0
	on point 5
	on point 10
	on point 15
	on point 20
------------Finished calculations!------------
	Current parameters:
		np_a: -1.32074
		np_b: 0.970307
		np_c: 0.770459
		np_d: 1.03454
		of_a: 0
	Current chi2:
		250.162
**********************************************

************ Fitting in progress *************
	on point 0
	on point 5
	on point 10
	on point 15
	on point 20
------------Finished calculations!------------
	Current parameters:
		np_a: -1.32074
		np_b: 0.970307
		np_c: 0.770459
		np_d: 1.03451
		of_a: 0
	Current chi2:
		250.162
**********************************************

************ Fitting in progress *************
	on point 0
	on point 5
	on point 10
	on point 15
	on point 20
------------Finished calculations!------------
	Current parameters:
		np_a: -1.32074
		np_b: 0.970307
		np_c: 0.770459
		np_d: 1.03452
		of_a: 0
	Current chi2:
		250.162
**********************************************

************ Fitting in progress *************
	on point 0
	on point 5
	on point 10
	on point 15
	on point 20
------------Finished calculations!------------
	Current parameters:
		np_a: -1.32075
		np_b: 0.970307
		np_c: 0.770459
		np_d: 1.03452
		of_a: 0
	Current chi2:
		250.162
**********************************************

************ Fitting in progress *************
	on point 0
	on point 5
	on point 10
	on point 15
	on point 20
------------Finished calculations!------------
	Current parameters:
		np_a: -1.32074
		np_b: 0.970313
		np_c: 0.770459
		np_d: 1.03452
		of_a: 0
	Current chi2:
		250.162
**********************************************

************ Fitting in progress *************
	on point 0
	on point 5
	on point 10
	on point 15
	on point 20
------------Finished calculations!------------
	Current parameters:
		np_a: -1.32074
		np_b: 0.970301
		np_c: 0.770459
		np_d: 1.03452
		of_a: 0
	Current chi2:
		250.162
**********************************************

************ Fitting in progress *************
	on point 0
	on point 5
	on point 10
	on point 15
	on point 20
------------Finished calculations!------------
	Current parameters:
		np_a: -1.32074
		np_b: 0.970307
		np_c: 0.77046
		np_d: 1.03452
		of_a: 0
	Current chi2:
		250.162
**********************************************

************ Fitting in progress *************
	on point 0
	on point 5
	on point 10
	on point 15
	on point 20
------------Finished calculations!------------
	Current parameters:
		np_a: -1.32074
		np_b: 0.970307
		np_c: 0.770457
		np_d: 1.03452
		of_a: 0
	Current chi2:
		250.162
**********************************************

************ Fitting in progress *************
	on point 0
	on point 5
	on point 10
	on point 15
	on point 20
------------Finished calculations!------------
	Current parameters:
		np_a: -1.32074
		np_b: 0.970307
		np_c: 0.770459
		np_d: 1.03453
		of_a: 0
	Current chi2:
		250.162
**********************************************

************ Fitting in progress *************
	on point 0
	on point 5
	on point 10
	on point 15
	on point 20
------------Finished calculations!------------
	Current parameters:
		np_a: -1.32074
		np_b: 0.970307
		np_c: 0.770459
		np_d: 1.03452
		of_a: 0
	Current chi2:
		250.162
**********************************************

************ Fitting in progress *************
	on point 0
	on point 5
	on point 10
	on point 15
	on point 20
------------Finished calculations!------------
	Current parameters:
		np_a: -1.32073
		np_b: 0.970338
		np_c: 0.770459
		np_d: 1.03452
		of_a: 0
	Current chi2:
		250.163
**********************************************

************ Fitting in progress *************
	on point 0
	on point 5
	on point 10
	on point 15
	on point 20
------------Finished calculations!------------
	Current parameters:
		np_a: -1.32073
		np_b: 0.970307
		np_c: 0.770467
		np_d: 1.03452
		of_a: 0
	Current chi2:
		250.163
**********************************************

************ Fitting in progress *************
	on point 0
	on point 5
	on point 10
	on point 15
	on point 20
------------Finished calculations!------------
	Current parameters:
		np_a: -1.32073
		np_b: 0.970307
		np_c: 0.770459
		np_d: 1.03454
		of_a: 0
	Current chi2:
		250.163
**********************************************

************ Fitting in progress *************
	on point 0
	on point 5
	on point 10
	on point 15
	on point 20
------------Finished calculations!------------
	Current parameters:
		np_a: -1.32074
		np_b: 0.970338
		np_c: 0.770467
		np_d: 1.03452
		of_a: 0
	Current chi2:
		250.163
**********************************************

************ Fitting in progress *************
	on point 0
	on point 5
	on point 10
	on point 15
	on point 20
------------Finished calculations!------------
	Current parameters:
		np_a: -1.32074
		np_b: 0.970338
		np_c: 0.770459
		np_d: 1.03454
		of_a: 0
	Current chi2:
		250.163
**********************************************

************ Fitting in progress *************
	on point 0
	on point 5
	on point 10
	on point 15
	on point 20
------------Finished calculations!------------
	Current parameters:
		np_a: -1.32074
		np_b: 0.970307
		np_c: 0.770467
		np_d: 1.03454
		of_a: 0
	Current chi2:
		250.163
**********************************************

Info in <Minuit2>: matrix forced pos-def by adding to diagonal : padd = 0.0036662
Info in <Minuit2>: MnHesse: matrix was forced pos. def. 
Info in <Minuit2>: Minuit2Minimizer::Minimize : Covar was made pos def
Minuit2Minimizer : Valid minimum - status = 1
FVAL  = 250.162343244564454
Edm   = 2.92685657621415033e-05
Nfcn  = 120
np_a	  = -1.32074	 +/-  0.0266767
np_b	  = 0.970307	 +/-  0.0298978
np_c	  = 0.770459	 +/-  0.0146103
np_d	  = 1.03452	 +/-  0.0207834
of_a	  = 0	 (fixed)

************ Fit covar results *************
		 [ i*ndim + j ] 
0.000711649
-0.000630479
-0.000164113
-0.000162473
0
-0.000630479
0.000893878
-8.62468e-05
0.000476047
0
-0.000164113
-8.62468e-05
0.00021346
-0.000222795
0
-0.000162473
0.000476047
-0.000222795
0.000431951
0
0
0
0
0
0
**********************************************
