Minuit2Minimizer: Minimize with max-calls 100000 convergence for edm < 0.5 strategy 1
************ Fitting in progress *************
	on point 0
	on point 5
	on point 10
	on point 15
	on point 20
------------Finished calculations!------------
	Current parameters:
		np_a: 0.568697
		np_b: 2.20877
		np_c: 0.41562
		of_a: 0
		N_he3: 1
		N_h3: 1
	Current chi2:
		552.399
**********************************************

************ Fitting in progress *************
	on point 0
	on point 5
	on point 10
	on point 15
	on point 20
------------Finished calculations!------------
	Current parameters:
		np_a: 0.569846
		np_b: 2.20877
		np_c: 0.41562
		of_a: 0
		N_he3: 1
		N_h3: 1
	Current chi2:
		556.513
**********************************************

************ Fitting in progress *************
	on point 0
	on point 5
	on point 10
	on point 15
	on point 20
------------Finished calculations!------------
	Current parameters:
		np_a: 0.567548
		np_b: 2.20877
		np_c: 0.41562
		of_a: 0
		N_he3: 1
		N_h3: 1
	Current chi2:
		548.362
**********************************************

************ Fitting in progress *************
	on point 0
	on point 5
	on point 10
	on point 15
	on point 20
------------Finished calculations!------------
	Current parameters:
		np_a: 0.568812
		np_b: 2.20877
		np_c: 0.41562
		of_a: 0
		N_he3: 1
		N_h3: 1
	Current chi2:
		552.807
**********************************************

************ Fitting in progress *************
	on point 0
	on point 5
	on point 10
	on point 15
	on point 20
------------Finished calculations!------------
	Current parameters:
		np_a: 0.568582
		np_b: 2.20877
		np_c: 0.41562
		of_a: 0
		N_he3: 1
		N_h3: 1
	Current chi2:
		551.992
**********************************************

************ Fitting in progress *************
	on point 0
	on point 5
	on point 10
	on point 15
	on point 20
------------Finished calculations!------------
	Current parameters:
		np_a: 0.568697
		np_b: 2.20992
		np_c: 0.41562
		of_a: 0
		N_he3: 1
		N_h3: 1
	Current chi2:
		551.052
**********************************************

************ Fitting in progress *************
	on point 0
	on point 5
	on point 10
	on point 15
	on point 20
------------Finished calculations!------------
	Current parameters:
		np_a: 0.568697
		np_b: 2.20762
		np_c: 0.41562
		of_a: 0
		N_he3: 1
		N_h3: 1
	Current chi2:
		553.752
**********************************************

************ Fitting in progress *************
	on point 0
	on point 5
	on point 10
	on point 15
	on point 20
------------Finished calculations!------------
	Current parameters:
		np_a: 0.568697
		np_b: 2.20903
		np_c: 0.41562
		of_a: 0
		N_he3: 1
		N_h3: 1
	Current chi2:
		552.089
**********************************************

************ Fitting in progress *************
	on point 0
	on point 5
	on point 10
	on point 15
	on point 20
------------Finished calculations!------------
	Current parameters:
		np_a: 0.568697
		np_b: 2.20851
		np_c: 0.41562
		of_a: 0
		N_he3: 1
		N_h3: 1
	Current chi2:
		552.71
**********************************************

************ Fitting in progress *************
	on point 0
	on point 5
	on point 10
	on point 15
	on point 20
------------Finished calculations!------------
	Current parameters:
		np_a: 0.568697
		np_b: 2.20877
		np_c: 0.416769
		of_a: 0
		N_he3: 1
		N_h3: 1
	Current chi2:
		573.589
**********************************************

************ Fitting in progress *************
	on point 0
	on point 5
	on point 10
	on point 15
	on point 20
------------Finished calculations!------------
	Current parameters:
		np_a: 0.568697
		np_b: 2.20877
		np_c: 0.414471
		of_a: 0
		N_he3: 1
		N_h3: 1
	Current chi2:
		531.837
**********************************************

************ Fitting in progress *************
	on point 0
	on point 5
	on point 10
	on point 15
	on point 20
------------Finished calculations!------------
	Current parameters:
		np_a: 0.568697
		np_b: 2.20877
		np_c: 0.415735
		of_a: 0
		N_he3: 1
		N_h3: 1
	Current chi2:
		554.49
**********************************************

************ Fitting in progress *************
	on point 0
	on point 5
	on point 10
	on point 15
	on point 20
------------Finished calculations!------------
	Current parameters:
		np_a: 0.568697
		np_b: 2.20877
		np_c: 0.415505
		of_a: 0
		N_he3: 1
		N_h3: 1
	Current chi2:
		550.315
**********************************************

************ Fitting in progress *************
	on point 0
	on point 5
	on point 10
	on point 15
	on point 20
------------Finished calculations!------------
	Current parameters:
		np_a: 0.568697
		np_b: 2.20877
		np_c: 0.41562
		of_a: 0.00114865
		N_he3: 1
		N_h3: 1
	Current chi2:
		553.695
**********************************************

************ Fitting in progress *************
	on point 0
	on point 5
	on point 10
	on point 15
	on point 20
------------Finished calculations!------------
	Current parameters:
		np_a: 0.568697
		np_b: 2.20877
		np_c: 0.41562
		of_a: -0.00114865
		N_he3: 1
		N_h3: 1
	Current chi2:
		551.105
**********************************************

************ Fitting in progress *************
	on point 0
	on point 5
	on point 10
	on point 15
	on point 20
------------Finished calculations!------------
	Current parameters:
		np_a: 0.568697
		np_b: 2.20877
		np_c: 0.41562
		of_a: 0.000421434
		N_he3: 1
		N_h3: 1
	Current chi2:
		552.874
**********************************************

************ Fitting in progress *************
	on point 0
	on point 5
	on point 10
	on point 15
	on point 20
------------Finished calculations!------------
	Current parameters:
		np_a: 0.568697
		np_b: 2.20877
		np_c: 0.41562
		of_a: -0.000421434
		N_he3: 1
		N_h3: 1
	Current chi2:
		551.924
**********************************************

************ Fitting in progress *************
	on point 0
	on point 5
	on point 10
	on point 15
	on point 20
------------Finished calculations!------------
	Current parameters:
		np_a: 0.568697
		np_b: 2.20877
		np_c: 0.41562
		of_a: 0
		N_he3: 1.00115
		N_h3: 1
	Current chi2:
		562.465
**********************************************

************ Fitting in progress *************
	on point 0
	on point 5
	on point 10
	on point 15
	on point 20
------------Finished calculations!------------
	Current parameters:
		np_a: 0.568697
		np_b: 2.20877
		np_c: 0.41562
		of_a: 0
		N_he3: 0.998851
		N_h3: 1
	Current chi2:
		542.985
**********************************************

************ Fitting in progress *************
	on point 0
	on point 5
	on point 10
	on point 15
	on point 20
------------Finished calculations!------------
	Current parameters:
		np_a: 0.568697
		np_b: 2.20877
		np_c: 0.41562
		of_a: 0
		N_he3: 1.00011
		N_h3: 1
	Current chi2:
		553.377
**********************************************

************ Fitting in progress *************
	on point 0
	on point 5
	on point 10
	on point 15
	on point 20
------------Finished calculations!------------
	Current parameters:
		np_a: 0.568697
		np_b: 2.20877
		np_c: 0.41562
		of_a: 0
		N_he3: 0.999885
		N_h3: 1
	Current chi2:
		551.429
**********************************************

************ Fitting in progress *************
	on point 0
	on point 5
	on point 10
	on point 15
	on point 20
------------Finished calculations!------------
	Current parameters:
		np_a: 0.568697
		np_b: 2.20877
		np_c: 0.41562
		of_a: 0
		N_he3: 1
		N_h3: 1.00115
	Current chi2:
		570.24
**********************************************

************ Fitting in progress *************
	on point 0
	on point 5
	on point 10
	on point 15
	on point 20
------------Finished calculations!------------
	Current parameters:
		np_a: 0.568697
		np_b: 2.20877
		np_c: 0.41562
		of_a: 0
		N_he3: 1
		N_h3: 0.998851
	Current chi2:
		535.209
**********************************************

************ Fitting in progress *************
	on point 0
	on point 5
	on point 10
	on point 15
	on point 20
------------Finished calculations!------------
	Current parameters:
		np_a: 0.568697
		np_b: 2.20877
		np_c: 0.41562
		of_a: 0
		N_he3: 1
		N_h3: 1.00011
	Current chi2:
		554.154
**********************************************

************ Fitting in progress *************
	on point 0
	on point 5
	on point 10
	on point 15
	on point 20
------------Finished calculations!------------
	Current parameters:
		np_a: 0.568697
		np_b: 2.20877
		np_c: 0.41562
		of_a: 0
		N_he3: 1
		N_h3: 0.999885
	Current chi2:
		550.651
**********************************************

************ Fitting in progress *************
	on point 0
	on point 5
	on point 10
	on point 15
	on point 20
------------Finished calculations!------------
	Current parameters:
		np_a: 0.507815
		np_b: 2.51962
		np_c: 0.377397
		of_a: -0.758708
		N_he3: 0.982827
		N_h3: 0.969091
	Current chi2:
		3027.86
**********************************************

************ Fitting in progress *************
	on point 0
	on point 5
	on point 10
	on point 15
	on point 20
------------Finished calculations!------------
	Current parameters:
		np_a: 0.552682
		np_b: 2.29054
		np_c: 0.405565
		of_a: -0.199581
		N_he3: 0.995483
		N_h3: 0.991869
	Current chi2:
		225.135
**********************************************

************ Fitting in progress *************
	on point 0
	on point 5
	on point 10
	on point 15
	on point 20
------------Finished calculations!------------
	Current parameters:
		np_a: 0.552725
		np_b: 2.29054
		np_c: 0.405565
		of_a: -0.199581
		N_he3: 0.995483
		N_h3: 0.991869
	Current chi2:
		225.038
**********************************************

************ Fitting in progress *************
	on point 0
	on point 5
	on point 10
	on point 15
	on point 20
------------Finished calculations!------------
	Current parameters:
		np_a: 0.552639
		np_b: 2.29054
		np_c: 0.405565
		of_a: -0.199581
		N_he3: 0.995483
		N_h3: 0.991869
	Current chi2:
		225.233
**********************************************

************ Fitting in progress *************
	on point 0
	on point 5
	on point 10
	on point 15
	on point 20
------------Finished calculations!------------
	Current parameters:
		np_a: 0.552682
		np_b: 2.29071
		np_c: 0.405565
		of_a: -0.199581
		N_he3: 0.995483
		N_h3: 0.991869
	Current chi2:
		225.179
**********************************************

************ Fitting in progress *************
	on point 0
	on point 5
	on point 10
	on point 15
	on point 20
------------Finished calculations!------------
	Current parameters:
		np_a: 0.552682
		np_b: 2.29037
		np_c: 0.405565
		of_a: -0.199581
		N_he3: 0.995483
		N_h3: 0.991869
	Current chi2:
		225.091
**********************************************

************ Fitting in progress *************
	on point 0
	on point 5
	on point 10
	on point 15
	on point 20
------------Finished calculations!------------
	Current parameters:
		np_a: 0.552682
		np_b: 2.29054
		np_c: 0.40558
		of_a: -0.199581
		N_he3: 0.995483
		N_h3: 0.991869
	Current chi2:
		225.125
**********************************************

************ Fitting in progress *************
	on point 0
	on point 5
	on point 10
	on point 15
	on point 20
------------Finished calculations!------------
	Current parameters:
		np_a: 0.552682
		np_b: 2.29054
		np_c: 0.40555
		of_a: -0.199581
		N_he3: 0.995483
		N_h3: 0.991869
	Current chi2:
		225.146
**********************************************

************ Fitting in progress *************
	on point 0
	on point 5
	on point 10
	on point 15
	on point 20
------------Finished calculations!------------
	Current parameters:
		np_a: 0.552682
		np_b: 2.29054
		np_c: 0.405565
		of_a: -0.199312
		N_he3: 0.995483
		N_h3: 0.991869
	Current chi2:
		225.17
**********************************************

************ Fitting in progress *************
	on point 0
	on point 5
	on point 10
	on point 15
	on point 20
------------Finished calculations!------------
	Current parameters:
		np_a: 0.552682
		np_b: 2.29054
		np_c: 0.405565
		of_a: -0.19985
		N_he3: 0.995483
		N_h3: 0.991869
	Current chi2:
		225.101
**********************************************

************ Fitting in progress *************
	on point 0
	on point 5
	on point 10
	on point 15
	on point 20
------------Finished calculations!------------
	Current parameters:
		np_a: 0.552682
		np_b: 2.29054
		np_c: 0.405565
		of_a: -0.199581
		N_he3: 0.995497
		N_h3: 0.991869
	Current chi2:
		225.122
**********************************************

************ Fitting in progress *************
	on point 0
	on point 5
	on point 10
	on point 15
	on point 20
------------Finished calculations!------------
	Current parameters:
		np_a: 0.552682
		np_b: 2.29054
		np_c: 0.405565
		of_a: -0.199581
		N_he3: 0.995468
		N_h3: 0.991869
	Current chi2:
		225.149
**********************************************

************ Fitting in progress *************
	on point 0
	on point 5
	on point 10
	on point 15
	on point 20
------------Finished calculations!------------
	Current parameters:
		np_a: 0.552682
		np_b: 2.29054
		np_c: 0.405565
		of_a: -0.199581
		N_he3: 0.995483
		N_h3: 0.991884
	Current chi2:
		225.113
**********************************************

************ Fitting in progress *************
	on point 0
	on point 5
	on point 10
	on point 15
	on point 20
------------Finished calculations!------------
	Current parameters:
		np_a: 0.552682
		np_b: 2.29054
		np_c: 0.405565
		of_a: -0.199581
		N_he3: 0.995483
		N_h3: 0.991854
	Current chi2:
		225.157
**********************************************

************ Fitting in progress *************
	on point 0
	on point 5
	on point 10
	on point 15
	on point 20
------------Finished calculations!------------
	Current parameters:
		np_a: 0.582667
		np_b: 2.25456
		np_c: 0.403698
		of_a: -0.339929
		N_he3: 0.995735
		N_h3: 0.992002
	Current chi2:
		145.685
**********************************************

************ Fitting in progress *************
	on point 0
	on point 5
	on point 10
	on point 15
	on point 20
------------Finished calculations!------------
	Current parameters:
		np_a: 0.646244
		np_b: 2.17829
		np_c: 0.399737
		of_a: -0.637503
		N_he3: 0.99627
		N_h3: 0.992283
	Current chi2:
		81.5732
**********************************************

************ Fitting in progress *************
	on point 0
	on point 5
	on point 10
	on point 15
	on point 20
------------Finished calculations!------------
	Current parameters:
		np_a: 0.646271
		np_b: 2.17829
		np_c: 0.399737
		of_a: -0.637503
		N_he3: 0.99627
		N_h3: 0.992283
	Current chi2:
		81.594
**********************************************

************ Fitting in progress *************
	on point 0
	on point 5
	on point 10
	on point 15
	on point 20
------------Finished calculations!------------
	Current parameters:
		np_a: 0.646217
		np_b: 2.17829
		np_c: 0.399737
		of_a: -0.637503
		N_he3: 0.99627
		N_h3: 0.992283
	Current chi2:
		81.5524
**********************************************

************ Fitting in progress *************
	on point 0
	on point 5
	on point 10
	on point 15
	on point 20
------------Finished calculations!------------
	Current parameters:
		np_a: 0.646244
		np_b: 2.17841
		np_c: 0.399737
		of_a: -0.637503
		N_he3: 0.99627
		N_h3: 0.992283
	Current chi2:
		81.5438
**********************************************

************ Fitting in progress *************
	on point 0
	on point 5
	on point 10
	on point 15
	on point 20
------------Finished calculations!------------
	Current parameters:
		np_a: 0.646244
		np_b: 2.17816
		np_c: 0.399737
		of_a: -0.637503
		N_he3: 0.99627
		N_h3: 0.992283
	Current chi2:
		81.6026
**********************************************

************ Fitting in progress *************
	on point 0
	on point 5
	on point 10
	on point 15
	on point 20
------------Finished calculations!------------
	Current parameters:
		np_a: 0.646244
		np_b: 2.17829
		np_c: 0.399747
		of_a: -0.637503
		N_he3: 0.99627
		N_h3: 0.992283
	Current chi2:
		81.602
**********************************************

************ Fitting in progress *************
	on point 0
	on point 5
	on point 10
	on point 15
	on point 20
------------Finished calculations!------------
	Current parameters:
		np_a: 0.646244
		np_b: 2.17829
		np_c: 0.399728
		of_a: -0.637503
		N_he3: 0.99627
		N_h3: 0.992283
	Current chi2:
		81.5444
**********************************************

************ Fitting in progress *************
	on point 0
	on point 5
	on point 10
	on point 15
	on point 20
------------Finished calculations!------------
	Current parameters:
		np_a: 0.646244
		np_b: 2.17829
		np_c: 0.399737
		of_a: -0.637337
		N_he3: 0.99627
		N_h3: 0.992283
	Current chi2:
		81.5981
**********************************************

************ Fitting in progress *************
	on point 0
	on point 5
	on point 10
	on point 15
	on point 20
------------Finished calculations!------------
	Current parameters:
		np_a: 0.646244
		np_b: 2.17829
		np_c: 0.399737
		of_a: -0.637669
		N_he3: 0.99627
		N_h3: 0.992283
	Current chi2:
		81.5483
**********************************************

************ Fitting in progress *************
	on point 0
	on point 5
	on point 10
	on point 15
	on point 20
------------Finished calculations!------------
	Current parameters:
		np_a: 0.646244
		np_b: 2.17829
		np_c: 0.399737
		of_a: -0.637503
		N_he3: 0.996279
		N_h3: 0.992283
	Current chi2:
		81.5547
**********************************************

************ Fitting in progress *************
	on point 0
	on point 5
	on point 10
	on point 15
	on point 20
------------Finished calculations!------------
	Current parameters:
		np_a: 0.646244
		np_b: 2.17829
		np_c: 0.399737
		of_a: -0.637503
		N_he3: 0.996261
		N_h3: 0.992283
	Current chi2:
		81.5917
**********************************************

************ Fitting in progress *************
	on point 0
	on point 5
	on point 10
	on point 15
	on point 20
------------Finished calculations!------------
	Current parameters:
		np_a: 0.646244
		np_b: 2.17829
		np_c: 0.399737
		of_a: -0.637503
		N_he3: 0.99627
		N_h3: 0.992292
	Current chi2:
		81.6109
**********************************************

************ Fitting in progress *************
	on point 0
	on point 5
	on point 10
	on point 15
	on point 20
------------Finished calculations!------------
	Current parameters:
		np_a: 0.646244
		np_b: 2.17829
		np_c: 0.399737
		of_a: -0.637503
		N_he3: 0.99627
		N_h3: 0.992273
	Current chi2:
		81.5355
**********************************************

************ Fitting in progress *************
	on point 0
	on point 5
	on point 10
	on point 15
	on point 20
------------Finished calculations!------------
	Current parameters:
		np_a: 0.656189
		np_b: 2.18216
		np_c: 0.397017
		of_a: -0.716568
		N_he3: 1.00236
		N_h3: 0.988039
	Current chi2:
		55.4478
**********************************************

************ Fitting in progress *************
	on point 0
	on point 5
	on point 10
	on point 15
	on point 20
------------Finished calculations!------------
	Current parameters:
		np_a: 0.65872
		np_b: 2.18314
		np_c: 0.396325
		of_a: -0.736692
		N_he3: 1.00391
		N_h3: 0.986959
	Current chi2:
		54.2979
**********************************************

************ Fitting in progress *************
	on point 0
	on point 5
	on point 10
	on point 15
	on point 20
------------Finished calculations!------------
	Current parameters:
		np_a: 0.658741
		np_b: 2.18314
		np_c: 0.396325
		of_a: -0.736692
		N_he3: 1.00391
		N_h3: 0.986959
	Current chi2:
		54.2986
**********************************************

************ Fitting in progress *************
	on point 0
	on point 5
	on point 10
	on point 15
	on point 20
------------Finished calculations!------------
	Current parameters:
		np_a: 0.658698
		np_b: 2.18314
		np_c: 0.396325
		of_a: -0.736692
		N_he3: 1.00391
		N_h3: 0.986959
	Current chi2:
		54.2972
**********************************************

************ Fitting in progress *************
	on point 0
	on point 5
	on point 10
	on point 15
	on point 20
------------Finished calculations!------------
	Current parameters:
		np_a: 0.65872
		np_b: 2.18323
		np_c: 0.396325
		of_a: -0.736692
		N_he3: 1.00391
		N_h3: 0.986959
	Current chi2:
		54.3001
**********************************************

************ Fitting in progress *************
	on point 0
	on point 5
	on point 10
	on point 15
	on point 20
------------Finished calculations!------------
	Current parameters:
		np_a: 0.65872
		np_b: 2.18306
		np_c: 0.396325
		of_a: -0.736692
		N_he3: 1.00391
		N_h3: 0.986959
	Current chi2:
		54.2957
**********************************************

************ Fitting in progress *************
	on point 0
	on point 5
	on point 10
	on point 15
	on point 20
------------Finished calculations!------------
	Current parameters:
		np_a: 0.65872
		np_b: 2.18314
		np_c: 0.396333
		of_a: -0.736692
		N_he3: 1.00391
		N_h3: 0.986959
	Current chi2:
		54.2967
**********************************************

************ Fitting in progress *************
	on point 0
	on point 5
	on point 10
	on point 15
	on point 20
------------Finished calculations!------------
	Current parameters:
		np_a: 0.65872
		np_b: 2.18314
		np_c: 0.396317
		of_a: -0.736692
		N_he3: 1.00391
		N_h3: 0.986959
	Current chi2:
		54.2991
**********************************************

************ Fitting in progress *************
	on point 0
	on point 5
	on point 10
	on point 15
	on point 20
------------Finished calculations!------------
	Current parameters:
		np_a: 0.65872
		np_b: 2.18314
		np_c: 0.396325
		of_a: -0.736558
		N_he3: 1.00391
		N_h3: 0.986959
	Current chi2:
		54.3008
**********************************************

************ Fitting in progress *************
	on point 0
	on point 5
	on point 10
	on point 15
	on point 20
------------Finished calculations!------------
	Current parameters:
		np_a: 0.65872
		np_b: 2.18314
		np_c: 0.396325
		of_a: -0.736825
		N_he3: 1.00391
		N_h3: 0.986959
	Current chi2:
		54.295
**********************************************

************ Fitting in progress *************
	on point 0
	on point 5
	on point 10
	on point 15
	on point 20
------------Finished calculations!------------
	Current parameters:
		np_a: 0.65872
		np_b: 2.18314
		np_c: 0.396325
		of_a: -0.736692
		N_he3: 1.00391
		N_h3: 0.986959
	Current chi2:
		54.2977
**********************************************

************ Fitting in progress *************
	on point 0
	on point 5
	on point 10
	on point 15
	on point 20
------------Finished calculations!------------
	Current parameters:
		np_a: 0.65872
		np_b: 2.18314
		np_c: 0.396325
		of_a: -0.736692
		N_he3: 1.0039
		N_h3: 0.986959
	Current chi2:
		54.2981
**********************************************

************ Fitting in progress *************
	on point 0
	on point 5
	on point 10
	on point 15
	on point 20
------------Finished calculations!------------
	Current parameters:
		np_a: 0.65872
		np_b: 2.18314
		np_c: 0.396325
		of_a: -0.736692
		N_he3: 1.00391
		N_h3: 0.986966
	Current chi2:
		54.2964
**********************************************

************ Fitting in progress *************
	on point 0
	on point 5
	on point 10
	on point 15
	on point 20
------------Finished calculations!------------
	Current parameters:
		np_a: 0.65872
		np_b: 2.18314
		np_c: 0.396325
		of_a: -0.736692
		N_he3: 1.00391
		N_h3: 0.986951
	Current chi2:
		54.2994
**********************************************

************ Fitting in progress *************
	on point 0
	on point 5
	on point 10
	on point 15
	on point 20
------------Finished calculations!------------
	Current parameters:
		np_a: 0.66014
		np_b: 2.17486
		np_c: 0.396359
		of_a: -0.764311
		N_he3: 1.00424
		N_h3: 0.987122
	Current chi2:
		53.6212
**********************************************

************ Fitting in progress *************
	on point 0
	on point 5
	on point 10
	on point 15
	on point 20
------------Finished calculations!------------
	Current parameters:
		np_a: 0.66256
		np_b: 2.16076
		np_c: 0.396416
		of_a: -0.81135
		N_he3: 1.00481
		N_h3: 0.987401
	Current chi2:
		53.178
**********************************************

************ Fitting in progress *************
	on point 0
	on point 5
	on point 10
	on point 15
	on point 20
------------Finished calculations!------------
	Current parameters:
		np_a: 0.662582
		np_b: 2.16076
		np_c: 0.396416
		of_a: -0.81135
		N_he3: 1.00481
		N_h3: 0.987401
	Current chi2:
		53.182
**********************************************

************ Fitting in progress *************
	on point 0
	on point 5
	on point 10
	on point 15
	on point 20
------------Finished calculations!------------
	Current parameters:
		np_a: 0.662538
		np_b: 2.16076
		np_c: 0.396416
		of_a: -0.81135
		N_he3: 1.00481
		N_h3: 0.987401
	Current chi2:
		53.174
**********************************************

************ Fitting in progress *************
	on point 0
	on point 5
	on point 10
	on point 15
	on point 20
------------Finished calculations!------------
	Current parameters:
		np_a: 0.66256
		np_b: 2.16084
		np_c: 0.396416
		of_a: -0.81135
		N_he3: 1.00481
		N_h3: 0.987401
	Current chi2:
		53.1784
**********************************************

************ Fitting in progress *************
	on point 0
	on point 5
	on point 10
	on point 15
	on point 20
------------Finished calculations!------------
	Current parameters:
		np_a: 0.66256
		np_b: 2.16067
		np_c: 0.396416
		of_a: -0.81135
		N_he3: 1.00481
		N_h3: 0.987401
	Current chi2:
		53.1776
**********************************************

************ Fitting in progress *************
	on point 0
	on point 5
	on point 10
	on point 15
	on point 20
------------Finished calculations!------------
	Current parameters:
		np_a: 0.66256
		np_b: 2.16076
		np_c: 0.396424
		of_a: -0.81135
		N_he3: 1.00481
		N_h3: 0.987401
	Current chi2:
		53.177
**********************************************

************ Fitting in progress *************
	on point 0
	on point 5
	on point 10
	on point 15
	on point 20
------------Finished calculations!------------
	Current parameters:
		np_a: 0.66256
		np_b: 2.16076
		np_c: 0.396409
		of_a: -0.81135
		N_he3: 1.00481
		N_h3: 0.987401
	Current chi2:
		53.179
**********************************************

************ Fitting in progress *************
	on point 0
	on point 5
	on point 10
	on point 15
	on point 20
------------Finished calculations!------------
	Current parameters:
		np_a: 0.66256
		np_b: 2.16076
		np_c: 0.396416
		of_a: -0.811218
		N_he3: 1.00481
		N_h3: 0.987401
	Current chi2:
		53.1786
**********************************************

************ Fitting in progress *************
	on point 0
	on point 5
	on point 10
	on point 15
	on point 20
------------Finished calculations!------------
	Current parameters:
		np_a: 0.66256
		np_b: 2.16076
		np_c: 0.396416
		of_a: -0.811482
		N_he3: 1.00481
		N_h3: 0.987401
	Current chi2:
		53.1773
**********************************************

************ Fitting in progress *************
	on point 0
	on point 5
	on point 10
	on point 15
	on point 20
------------Finished calculations!------------
	Current parameters:
		np_a: 0.66256
		np_b: 2.16076
		np_c: 0.396416
		of_a: -0.81135
		N_he3: 1.00482
		N_h3: 0.987401
	Current chi2:
		53.1761
**********************************************

************ Fitting in progress *************
	on point 0
	on point 5
	on point 10
	on point 15
	on point 20
------------Finished calculations!------------
	Current parameters:
		np_a: 0.66256
		np_b: 2.16076
		np_c: 0.396416
		of_a: -0.81135
		N_he3: 1.00481
		N_h3: 0.987401
	Current chi2:
		53.1799
**********************************************

************ Fitting in progress *************
	on point 0
	on point 5
	on point 10
	on point 15
	on point 20
------------Finished calculations!------------
	Current parameters:
		np_a: 0.66256
		np_b: 2.16076
		np_c: 0.396416
		of_a: -0.81135
		N_he3: 1.00481
		N_h3: 0.987408
	Current chi2:
		53.1782
**********************************************

************ Fitting in progress *************
	on point 0
	on point 5
	on point 10
	on point 15
	on point 20
------------Finished calculations!------------
	Current parameters:
		np_a: 0.66256
		np_b: 2.16076
		np_c: 0.396416
		of_a: -0.81135
		N_he3: 1.00481
		N_h3: 0.987393
	Current chi2:
		53.1778
**********************************************

************ Fitting in progress *************
	on point 0
	on point 5
	on point 10
	on point 15
	on point 20
------------Finished calculations!------------
	Current parameters:
		np_a: 0.658376
		np_b: 2.14946
		np_c: 0.397165
		of_a: -0.835432
		N_he3: 1.00553
		N_h3: 0.987893
	Current chi2:
		52.0409
**********************************************

************ Fitting in progress *************
	on point 0
	on point 5
	on point 10
	on point 15
	on point 20
------------Finished calculations!------------
	Current parameters:
		np_a: 0.641638
		np_b: 2.10427
		np_c: 0.400162
		of_a: -0.93176
		N_he3: 1.00839
		N_h3: 0.989864
	Current chi2:
		49.1224
**********************************************

************ Fitting in progress *************
	on point 0
	on point 5
	on point 10
	on point 15
	on point 20
------------Finished calculations!------------
	Current parameters:
		np_a: 0.631273
		np_b: 2.07629
		np_c: 0.402017
		of_a: -0.991411
		N_he3: 1.01016
		N_h3: 0.991084
	Current chi2:
		48.6645
**********************************************

************ Fitting in progress *************
	on point 0
	on point 5
	on point 10
	on point 15
	on point 20
------------Finished calculations!------------
	Current parameters:
		np_a: 0.631294
		np_b: 2.07629
		np_c: 0.402017
		of_a: -0.991411
		N_he3: 1.01016
		N_h3: 0.991084
	Current chi2:
		48.6623
**********************************************

************ Fitting in progress *************
	on point 0
	on point 5
	on point 10
	on point 15
	on point 20
------------Finished calculations!------------
	Current parameters:
		np_a: 0.631253
		np_b: 2.07629
		np_c: 0.402017
		of_a: -0.991411
		N_he3: 1.01016
		N_h3: 0.991084
	Current chi2:
		48.6666
**********************************************

************ Fitting in progress *************
	on point 0
	on point 5
	on point 10
	on point 15
	on point 20
------------Finished calculations!------------
	Current parameters:
		np_a: 0.631273
		np_b: 2.07637
		np_c: 0.402017
		of_a: -0.991411
		N_he3: 1.01016
		N_h3: 0.991084
	Current chi2:
		48.6661
**********************************************

************ Fitting in progress *************
	on point 0
	on point 5
	on point 10
	on point 15
	on point 20
------------Finished calculations!------------
	Current parameters:
		np_a: 0.631273
		np_b: 2.07621
		np_c: 0.402017
		of_a: -0.991411
		N_he3: 1.01016
		N_h3: 0.991084
	Current chi2:
		48.6629
**********************************************

************ Fitting in progress *************
	on point 0
	on point 5
	on point 10
	on point 15
	on point 20
------------Finished calculations!------------
	Current parameters:
		np_a: 0.631273
		np_b: 2.07629
		np_c: 0.402025
		of_a: -0.991411
		N_he3: 1.01016
		N_h3: 0.991084
	Current chi2:
		48.662
**********************************************

************ Fitting in progress *************
	on point 0
	on point 5
	on point 10
	on point 15
	on point 20
------------Finished calculations!------------
	Current parameters:
		np_a: 0.631273
		np_b: 2.07629
		np_c: 0.40201
		of_a: -0.991411
		N_he3: 1.01016
		N_h3: 0.991084
	Current chi2:
		48.6669
**********************************************

************ Fitting in progress *************
	on point 0
	on point 5
	on point 10
	on point 15
	on point 20
------------Finished calculations!------------
	Current parameters:
		np_a: 0.631273
		np_b: 2.07629
		np_c: 0.402017
		of_a: -0.991285
		N_he3: 1.01016
		N_h3: 0.991084
	Current chi2:
		48.6625
**********************************************

************ Fitting in progress *************
	on point 0
	on point 5
	on point 10
	on point 15
	on point 20
------------Finished calculations!------------
	Current parameters:
		np_a: 0.631273
		np_b: 2.07629
		np_c: 0.402017
		of_a: -0.991537
		N_he3: 1.01016
		N_h3: 0.991084
	Current chi2:
		48.6664
**********************************************

************ Fitting in progress *************
	on point 0
	on point 5
	on point 10
	on point 15
	on point 20
------------Finished calculations!------------
	Current parameters:
		np_a: 0.631273
		np_b: 2.07629
		np_c: 0.402017
		of_a: -0.991411
		N_he3: 1.01017
		N_h3: 0.991084
	Current chi2:
		48.6626
**********************************************

************ Fitting in progress *************
	on point 0
	on point 5
	on point 10
	on point 15
	on point 20
------------Finished calculations!------------
	Current parameters:
		np_a: 0.631273
		np_b: 2.07629
		np_c: 0.402017
		of_a: -0.991411
		N_he3: 1.01016
		N_h3: 0.991084
	Current chi2:
		48.6663
**********************************************

************ Fitting in progress *************
	on point 0
	on point 5
	on point 10
	on point 15
	on point 20
------------Finished calculations!------------
	Current parameters:
		np_a: 0.631273
		np_b: 2.07629
		np_c: 0.402017
		of_a: -0.991411
		N_he3: 1.01016
		N_h3: 0.991091
	Current chi2:
		48.6627
**********************************************

************ Fitting in progress *************
	on point 0
	on point 5
	on point 10
	on point 15
	on point 20
------------Finished calculations!------------
	Current parameters:
		np_a: 0.631273
		np_b: 2.07629
		np_c: 0.402017
		of_a: -0.991411
		N_he3: 1.01016
		N_h3: 0.991077
	Current chi2:
		48.6662
**********************************************

************ Fitting in progress *************
	on point 0
	on point 5
	on point 10
	on point 15
	on point 20
------------Finished calculations!------------
	Current parameters:
		np_a: 0.631828
		np_b: 2.07497
		np_c: 0.402225
		of_a: -0.992542
		N_he3: 1.01054
		N_h3: 0.991146
	Current chi2:
		48.5331
**********************************************

************ Fitting in progress *************
	on point 0
	on point 5
	on point 10
	on point 15
	on point 20
------------Finished calculations!------------
	Current parameters:
		np_a: 0.631858
		np_b: 2.0749
		np_c: 0.402236
		of_a: -0.992602
		N_he3: 1.01056
		N_h3: 0.991149
	Current chi2:
		48.5328
**********************************************

************ Fitting in progress *************
	on point 0
	on point 5
	on point 10
	on point 15
	on point 20
------------Finished calculations!------------
	Current parameters:
		np_a: 0.631878
		np_b: 2.0749
		np_c: 0.402236
		of_a: -0.992602
		N_he3: 1.01056
		N_h3: 0.991149
	Current chi2:
		48.5329
**********************************************

************ Fitting in progress *************
	on point 0
	on point 5
	on point 10
	on point 15
	on point 20
------------Finished calculations!------------
	Current parameters:
		np_a: 0.631838
		np_b: 2.0749
		np_c: 0.402236
		of_a: -0.992602
		N_he3: 1.01056
		N_h3: 0.991149
	Current chi2:
		48.5328
**********************************************

************ Fitting in progress *************
	on point 0
	on point 5
	on point 10
	on point 15
	on point 20
------------Finished calculations!------------
	Current parameters:
		np_a: 0.631858
		np_b: 2.07498
		np_c: 0.402236
		of_a: -0.992602
		N_he3: 1.01056
		N_h3: 0.991149
	Current chi2:
		48.5322
**********************************************

************ Fitting in progress *************
	on point 0
	on point 5
	on point 10
	on point 15
	on point 20
------------Finished calculations!------------
	Current parameters:
		np_a: 0.631858
		np_b: 2.07482
		np_c: 0.402236
		of_a: -0.992602
		N_he3: 1.01056
		N_h3: 0.991149
	Current chi2:
		48.5335
**********************************************

************ Fitting in progress *************
	on point 0
	on point 5
	on point 10
	on point 15
	on point 20
------------Finished calculations!------------
	Current parameters:
		np_a: 0.631858
		np_b: 2.0749
		np_c: 0.402244
		of_a: -0.992602
		N_he3: 1.01056
		N_h3: 0.991149
	Current chi2:
		48.5325
**********************************************

************ Fitting in progress *************
	on point 0
	on point 5
	on point 10
	on point 15
	on point 20
------------Finished calculations!------------
	Current parameters:
		np_a: 0.631858
		np_b: 2.0749
		np_c: 0.402229
		of_a: -0.992602
		N_he3: 1.01056
		N_h3: 0.991149
	Current chi2:
		48.5331
**********************************************

************ Fitting in progress *************
	on point 0
	on point 5
	on point 10
	on point 15
	on point 20
------------Finished calculations!------------
	Current parameters:
		np_a: 0.631858
		np_b: 2.0749
		np_c: 0.402236
		of_a: -0.992478
		N_he3: 1.01056
		N_h3: 0.991149
	Current chi2:
		48.5331
**********************************************

************ Fitting in progress *************
	on point 0
	on point 5
	on point 10
	on point 15
	on point 20
------------Finished calculations!------------
	Current parameters:
		np_a: 0.631858
		np_b: 2.0749
		np_c: 0.402236
		of_a: -0.992727
		N_he3: 1.01056
		N_h3: 0.991149
	Current chi2:
		48.5325
**********************************************

************ Fitting in progress *************
	on point 0
	on point 5
	on point 10
	on point 15
	on point 20
------------Finished calculations!------------
	Current parameters:
		np_a: 0.631858
		np_b: 2.0749
		np_c: 0.402236
		of_a: -0.992602
		N_he3: 1.01057
		N_h3: 0.991149
	Current chi2:
		48.5328
**********************************************

************ Fitting in progress *************
	on point 0
	on point 5
	on point 10
	on point 15
	on point 20
------------Finished calculations!------------
	Current parameters:
		np_a: 0.631858
		np_b: 2.0749
		np_c: 0.402236
		of_a: -0.992602
		N_he3: 1.01055
		N_h3: 0.991149
	Current chi2:
		48.5328
**********************************************

************ Fitting in progress *************
	on point 0
	on point 5
	on point 10
	on point 15
	on point 20
------------Finished calculations!------------
	Current parameters:
		np_a: 0.631858
		np_b: 2.0749
		np_c: 0.402236
		of_a: -0.992602
		N_he3: 1.01056
		N_h3: 0.991156
	Current chi2:
		48.5327
**********************************************

************ Fitting in progress *************
	on point 0
	on point 5
	on point 10
	on point 15
	on point 20
------------Finished calculations!------------
	Current parameters:
		np_a: 0.631858
		np_b: 2.0749
		np_c: 0.402236
		of_a: -0.992602
		N_he3: 1.01056
		N_h3: 0.991142
	Current chi2:
		48.5329
**********************************************

************ Fitting in progress *************
	on point 0
	on point 5
	on point 10
	on point 15
	on point 20
------------Finished calculations!------------
	Current parameters:
		np_a: 0.631671
		np_b: 2.07591
		np_c: 0.402399
		of_a: -0.994949
		N_he3: 1.01064
		N_h3: 0.991239
	Current chi2:
		48.511
**********************************************

************ Fitting in progress *************
	on point 0
	on point 5
	on point 10
	on point 15
	on point 20
------------Finished calculations!------------
	Current parameters:
		np_a: 0.630926
		np_b: 2.07994
		np_c: 0.403049
		of_a: -1.00433
		N_he3: 1.01097
		N_h3: 0.991599
	Current chi2:
		48.4299
**********************************************

************ Fitting in progress *************
	on point 0
	on point 5
	on point 10
	on point 15
	on point 20
------------Finished calculations!------------
	Current parameters:
		np_a: 0.629061
		np_b: 2.09001
		np_c: 0.404676
		of_a: -1.02779
		N_he3: 1.01179
		N_h3: 0.992499
	Current chi2:
		48.2692
**********************************************

************ Fitting in progress *************
	on point 0
	on point 5
	on point 10
	on point 15
	on point 20
------------Finished calculations!------------
	Current parameters:
		np_a: 0.624992
		np_b: 2.11201
		np_c: 0.408227
		of_a: -1.07901
		N_he3: 1.01357
		N_h3: 0.994463
	Current chi2:
		48.1311
**********************************************

************ Fitting in progress *************
	on point 0
	on point 5
	on point 10
	on point 15
	on point 20
------------Finished calculations!------------
	Current parameters:
		np_a: 0.625011
		np_b: 2.11201
		np_c: 0.408227
		of_a: -1.07901
		N_he3: 1.01357
		N_h3: 0.994463
	Current chi2:
		48.1305
**********************************************

************ Fitting in progress *************
	on point 0
	on point 5
	on point 10
	on point 15
	on point 20
------------Finished calculations!------------
	Current parameters:
		np_a: 0.624972
		np_b: 2.11201
		np_c: 0.408227
		of_a: -1.07901
		N_he3: 1.01357
		N_h3: 0.994463
	Current chi2:
		48.1317
**********************************************

************ Fitting in progress *************
	on point 0
	on point 5
	on point 10
	on point 15
	on point 20
------------Finished calculations!------------
	Current parameters:
		np_a: 0.624992
		np_b: 2.11208
		np_c: 0.408227
		of_a: -1.07901
		N_he3: 1.01357
		N_h3: 0.994463
	Current chi2:
		48.1301
**********************************************

************ Fitting in progress *************
	on point 0
	on point 5
	on point 10
	on point 15
	on point 20
------------Finished calculations!------------
	Current parameters:
		np_a: 0.624992
		np_b: 2.11193
		np_c: 0.408227
		of_a: -1.07901
		N_he3: 1.01357
		N_h3: 0.994463
	Current chi2:
		48.1321
**********************************************

************ Fitting in progress *************
	on point 0
	on point 5
	on point 10
	on point 15
	on point 20
------------Finished calculations!------------
	Current parameters:
		np_a: 0.624992
		np_b: 2.11201
		np_c: 0.408234
		of_a: -1.07901
		N_he3: 1.01357
		N_h3: 0.994463
	Current chi2:
		48.1313
**********************************************

************ Fitting in progress *************
	on point 0
	on point 5
	on point 10
	on point 15
	on point 20
------------Finished calculations!------------
	Current parameters:
		np_a: 0.624992
		np_b: 2.11201
		np_c: 0.40822
		of_a: -1.07901
		N_he3: 1.01357
		N_h3: 0.994463
	Current chi2:
		48.1308
**********************************************

************ Fitting in progress *************
	on point 0
	on point 5
	on point 10
	on point 15
	on point 20
------------Finished calculations!------------
	Current parameters:
		np_a: 0.624992
		np_b: 2.11201
		np_c: 0.408227
		of_a: -1.07889
		N_he3: 1.01357
		N_h3: 0.994463
	Current chi2:
		48.1315
**********************************************

************ Fitting in progress *************
	on point 0
	on point 5
	on point 10
	on point 15
	on point 20
------------Finished calculations!------------
	Current parameters:
		np_a: 0.624992
		np_b: 2.11201
		np_c: 0.408227
		of_a: -1.07914
		N_he3: 1.01357
		N_h3: 0.994463
	Current chi2:
		48.1307
**********************************************

************ Fitting in progress *************
	on point 0
	on point 5
	on point 10
	on point 15
	on point 20
------------Finished calculations!------------
	Current parameters:
		np_a: 0.624992
		np_b: 2.11201
		np_c: 0.408227
		of_a: -1.07901
		N_he3: 1.01358
		N_h3: 0.994463
	Current chi2:
		48.1311
**********************************************

************ Fitting in progress *************
	on point 0
	on point 5
	on point 10
	on point 15
	on point 20
------------Finished calculations!------------
	Current parameters:
		np_a: 0.624992
		np_b: 2.11201
		np_c: 0.408227
		of_a: -1.07901
		N_he3: 1.01357
		N_h3: 0.994463
	Current chi2:
		48.1311
**********************************************

************ Fitting in progress *************
	on point 0
	on point 5
	on point 10
	on point 15
	on point 20
------------Finished calculations!------------
	Current parameters:
		np_a: 0.624992
		np_b: 2.11201
		np_c: 0.408227
		of_a: -1.07901
		N_he3: 1.01357
		N_h3: 0.99447
	Current chi2:
		48.1318
**********************************************

************ Fitting in progress *************
	on point 0
	on point 5
	on point 10
	on point 15
	on point 20
------------Finished calculations!------------
	Current parameters:
		np_a: 0.624992
		np_b: 2.11201
		np_c: 0.408227
		of_a: -1.07901
		N_he3: 1.01357
		N_h3: 0.994456
	Current chi2:
		48.1304
**********************************************

************ Fitting in progress *************
	on point 0
	on point 5
	on point 10
	on point 15
	on point 20
------------Finished calculations!------------
	Current parameters:
		np_a: 0.628173
		np_b: 2.15204
		np_c: 0.410362
		of_a: -1.09211
		N_he3: 1.01422
		N_h3: 0.995354
	Current chi2:
		47.7516
**********************************************

************ Fitting in progress *************
	on point 0
	on point 5
	on point 10
	on point 15
	on point 20
------------Finished calculations!------------
	Current parameters:
		np_a: 0.633434
		np_b: 2.21823
		np_c: 0.413891
		of_a: -1.11377
		N_he3: 1.01528
		N_h3: 0.996828
	Current chi2:
		47.4897
**********************************************

************ Fitting in progress *************
	on point 0
	on point 5
	on point 10
	on point 15
	on point 20
------------Finished calculations!------------
	Current parameters:
		np_a: 0.633454
		np_b: 2.21823
		np_c: 0.413891
		of_a: -1.11377
		N_he3: 1.01528
		N_h3: 0.996828
	Current chi2:
		47.4904
**********************************************

************ Fitting in progress *************
	on point 0
	on point 5
	on point 10
	on point 15
	on point 20
------------Finished calculations!------------
	Current parameters:
		np_a: 0.633414
		np_b: 2.21823
		np_c: 0.413891
		of_a: -1.11377
		N_he3: 1.01528
		N_h3: 0.996828
	Current chi2:
		47.489
**********************************************

************ Fitting in progress *************
	on point 0
	on point 5
	on point 10
	on point 15
	on point 20
------------Finished calculations!------------
	Current parameters:
		np_a: 0.633434
		np_b: 2.21831
		np_c: 0.413891
		of_a: -1.11377
		N_he3: 1.01528
		N_h3: 0.996828
	Current chi2:
		47.4888
**********************************************

************ Fitting in progress *************
	on point 0
	on point 5
	on point 10
	on point 15
	on point 20
------------Finished calculations!------------
	Current parameters:
		np_a: 0.633434
		np_b: 2.21815
		np_c: 0.413891
		of_a: -1.11377
		N_he3: 1.01528
		N_h3: 0.996828
	Current chi2:
		47.4906
**********************************************

************ Fitting in progress *************
	on point 0
	on point 5
	on point 10
	on point 15
	on point 20
------------Finished calculations!------------
	Current parameters:
		np_a: 0.633434
		np_b: 2.21823
		np_c: 0.413898
		of_a: -1.11377
		N_he3: 1.01528
		N_h3: 0.996828
	Current chi2:
		47.4904
**********************************************

************ Fitting in progress *************
	on point 0
	on point 5
	on point 10
	on point 15
	on point 20
------------Finished calculations!------------
	Current parameters:
		np_a: 0.633434
		np_b: 2.21823
		np_c: 0.413884
		of_a: -1.11377
		N_he3: 1.01528
		N_h3: 0.996828
	Current chi2:
		47.4891
**********************************************

************ Fitting in progress *************
	on point 0
	on point 5
	on point 10
	on point 15
	on point 20
------------Finished calculations!------------
	Current parameters:
		np_a: 0.633434
		np_b: 2.21823
		np_c: 0.413891
		of_a: -1.11364
		N_he3: 1.01528
		N_h3: 0.996828
	Current chi2:
		47.4908
**********************************************

************ Fitting in progress *************
	on point 0
	on point 5
	on point 10
	on point 15
	on point 20
------------Finished calculations!------------
	Current parameters:
		np_a: 0.633434
		np_b: 2.21823
		np_c: 0.413891
		of_a: -1.11389
		N_he3: 1.01528
		N_h3: 0.996828
	Current chi2:
		47.4887
**********************************************

************ Fitting in progress *************
	on point 0
	on point 5
	on point 10
	on point 15
	on point 20
------------Finished calculations!------------
	Current parameters:
		np_a: 0.633434
		np_b: 2.21823
		np_c: 0.413891
		of_a: -1.11377
		N_he3: 1.01529
		N_h3: 0.996828
	Current chi2:
		47.4902
**********************************************

************ Fitting in progress *************
	on point 0
	on point 5
	on point 10
	on point 15
	on point 20
------------Finished calculations!------------
	Current parameters:
		np_a: 0.633434
		np_b: 2.21823
		np_c: 0.413891
		of_a: -1.11377
		N_he3: 1.01528
		N_h3: 0.996828
	Current chi2:
		47.4893
**********************************************

************ Fitting in progress *************
	on point 0
	on point 5
	on point 10
	on point 15
	on point 20
------------Finished calculations!------------
	Current parameters:
		np_a: 0.633434
		np_b: 2.21823
		np_c: 0.413891
		of_a: -1.11377
		N_he3: 1.01528
		N_h3: 0.996835
	Current chi2:
		47.4912
**********************************************

************ Fitting in progress *************
	on point 0
	on point 5
	on point 10
	on point 15
	on point 20
------------Finished calculations!------------
	Current parameters:
		np_a: 0.633434
		np_b: 2.21823
		np_c: 0.413891
		of_a: -1.11377
		N_he3: 1.01528
		N_h3: 0.996821
	Current chi2:
		47.4882
**********************************************

************ Fitting in progress *************
	on point 0
	on point 5
	on point 10
	on point 15
	on point 20
------------Finished calculations!------------
	Current parameters:
		np_a: 0.634472
		np_b: 2.22742
		np_c: 0.414464
		of_a: -1.12311
		N_he3: 1.0155
		N_h3: 0.996801
	Current chi2:
		47.433
**********************************************

************ Fitting in progress *************
	on point 0
	on point 5
	on point 10
	on point 15
	on point 20
------------Finished calculations!------------
	Current parameters:
		np_a: 0.634909
		np_b: 2.23129
		np_c: 0.414704
		of_a: -1.12704
		N_he3: 1.01559
		N_h3: 0.99679
	Current chi2:
		47.4274
**********************************************

************ Fitting in progress *************
	on point 0
	on point 5
	on point 10
	on point 15
	on point 20
------------Finished calculations!------------
	Current parameters:
		np_a: 0.634929
		np_b: 2.23129
		np_c: 0.414704
		of_a: -1.12704
		N_he3: 1.01559
		N_h3: 0.99679
	Current chi2:
		47.4272
**********************************************

************ Fitting in progress *************
	on point 0
	on point 5
	on point 10
	on point 15
	on point 20
------------Finished calculations!------------
	Current parameters:
		np_a: 0.634888
		np_b: 2.23129
		np_c: 0.414704
		of_a: -1.12704
		N_he3: 1.01559
		N_h3: 0.99679
	Current chi2:
		47.4276
**********************************************

************ Fitting in progress *************
	on point 0
	on point 5
	on point 10
	on point 15
	on point 20
------------Finished calculations!------------
	Current parameters:
		np_a: 0.634909
		np_b: 2.23138
		np_c: 0.414704
		of_a: -1.12704
		N_he3: 1.01559
		N_h3: 0.99679
	Current chi2:
		47.4278
**********************************************

************ Fitting in progress *************
	on point 0
	on point 5
	on point 10
	on point 15
	on point 20
------------Finished calculations!------------
	Current parameters:
		np_a: 0.634909
		np_b: 2.23121
		np_c: 0.414704
		of_a: -1.12704
		N_he3: 1.01559
		N_h3: 0.99679
	Current chi2:
		47.427
**********************************************

************ Fitting in progress *************
	on point 0
	on point 5
	on point 10
	on point 15
	on point 20
------------Finished calculations!------------
	Current parameters:
		np_a: 0.634909
		np_b: 2.23129
		np_c: 0.414712
		of_a: -1.12704
		N_he3: 1.01559
		N_h3: 0.99679
	Current chi2:
		47.4265
**********************************************

************ Fitting in progress *************
	on point 0
	on point 5
	on point 10
	on point 15
	on point 20
------------Finished calculations!------------
	Current parameters:
		np_a: 0.634909
		np_b: 2.23129
		np_c: 0.414697
		of_a: -1.12704
		N_he3: 1.01559
		N_h3: 0.99679
	Current chi2:
		47.4283
**********************************************

************ Fitting in progress *************
	on point 0
	on point 5
	on point 10
	on point 15
	on point 20
------------Finished calculations!------------
	Current parameters:
		np_a: 0.634909
		np_b: 2.23129
		np_c: 0.414704
		of_a: -1.12692
		N_he3: 1.01559
		N_h3: 0.99679
	Current chi2:
		47.427
**********************************************

************ Fitting in progress *************
	on point 0
	on point 5
	on point 10
	on point 15
	on point 20
------------Finished calculations!------------
	Current parameters:
		np_a: 0.634909
		np_b: 2.23129
		np_c: 0.414704
		of_a: -1.12717
		N_he3: 1.01559
		N_h3: 0.99679
	Current chi2:
		47.4278
**********************************************

************ Fitting in progress *************
	on point 0
	on point 5
	on point 10
	on point 15
	on point 20
------------Finished calculations!------------
	Current parameters:
		np_a: 0.634909
		np_b: 2.23129
		np_c: 0.414704
		of_a: -1.12704
		N_he3: 1.0156
		N_h3: 0.99679
	Current chi2:
		47.4275
**********************************************

************ Fitting in progress *************
	on point 0
	on point 5
	on point 10
	on point 15
	on point 20
------------Finished calculations!------------
	Current parameters:
		np_a: 0.634909
		np_b: 2.23129
		np_c: 0.414704
		of_a: -1.12704
		N_he3: 1.01558
		N_h3: 0.99679
	Current chi2:
		47.4273
**********************************************

************ Fitting in progress *************
	on point 0
	on point 5
	on point 10
	on point 15
	on point 20
------------Finished calculations!------------
	Current parameters:
		np_a: 0.634909
		np_b: 2.23129
		np_c: 0.414704
		of_a: -1.12704
		N_he3: 1.01559
		N_h3: 0.996797
	Current chi2:
		47.4276
**********************************************

************ Fitting in progress *************
	on point 0
	on point 5
	on point 10
	on point 15
	on point 20
------------Finished calculations!------------
	Current parameters:
		np_a: 0.634909
		np_b: 2.23129
		np_c: 0.414704
		of_a: -1.12704
		N_he3: 1.01559
		N_h3: 0.996783
	Current chi2:
		47.4272
**********************************************

************ Fitting in progress *************
	on point 0
	on point 5
	on point 10
	on point 15
	on point 20
------------Finished calculations!------------
	Current parameters:
		np_a: 0.634858
		np_b: 2.23902
		np_c: 0.415515
		of_a: -1.1342
		N_he3: 1.01581
		N_h3: 0.996955
	Current chi2:
		47.4011
**********************************************

************ Fitting in progress *************
	on point 0
	on point 5
	on point 10
	on point 15
	on point 20
------------Finished calculations!------------
	Current parameters:
		np_a: 0.634656
		np_b: 2.26992
		np_c: 0.418756
		of_a: -1.16285
		N_he3: 1.01668
		N_h3: 0.997616
	Current chi2:
		47.3437
**********************************************

************ Fitting in progress *************
	on point 0
	on point 5
	on point 10
	on point 15
	on point 20
------------Finished calculations!------------
	Current parameters:
		np_a: 0.634606
		np_b: 2.27757
		np_c: 0.419559
		of_a: -1.16994
		N_he3: 1.01689
		N_h3: 0.99778
	Current chi2:
		47.3418
**********************************************

************ Fitting in progress *************
	on point 0
	on point 5
	on point 10
	on point 15
	on point 20
------------Finished calculations!------------
	Current parameters:
		np_a: 0.634627
		np_b: 2.27757
		np_c: 0.419559
		of_a: -1.16994
		N_he3: 1.01689
		N_h3: 0.99778
	Current chi2:
		47.3414
**********************************************

************ Fitting in progress *************
	on point 0
	on point 5
	on point 10
	on point 15
	on point 20
------------Finished calculations!------------
	Current parameters:
		np_a: 0.634585
		np_b: 2.27757
		np_c: 0.419559
		of_a: -1.16994
		N_he3: 1.01689
		N_h3: 0.99778
	Current chi2:
		47.3423
**********************************************

************ Fitting in progress *************
	on point 0
	on point 5
	on point 10
	on point 15
	on point 20
------------Finished calculations!------------
	Current parameters:
		np_a: 0.634606
		np_b: 2.27766
		np_c: 0.419559
		of_a: -1.16994
		N_he3: 1.01689
		N_h3: 0.99778
	Current chi2:
		47.3423
**********************************************

************ Fitting in progress *************
	on point 0
	on point 5
	on point 10
	on point 15
	on point 20
------------Finished calculations!------------
	Current parameters:
		np_a: 0.634606
		np_b: 2.27749
		np_c: 0.419559
		of_a: -1.16994
		N_he3: 1.01689
		N_h3: 0.99778
	Current chi2:
		47.3414
**********************************************

************ Fitting in progress *************
	on point 0
	on point 5
	on point 10
	on point 15
	on point 20
------------Finished calculations!------------
	Current parameters:
		np_a: 0.634606
		np_b: 2.27757
		np_c: 0.419566
		of_a: -1.16994
		N_he3: 1.01689
		N_h3: 0.99778
	Current chi2:
		47.3413
**********************************************

************ Fitting in progress *************
	on point 0
	on point 5
	on point 10
	on point 15
	on point 20
------------Finished calculations!------------
	Current parameters:
		np_a: 0.634606
		np_b: 2.27757
		np_c: 0.419551
		of_a: -1.16994
		N_he3: 1.01689
		N_h3: 0.99778
	Current chi2:
		47.3424
**********************************************

************ Fitting in progress *************
	on point 0
	on point 5
	on point 10
	on point 15
	on point 20
------------Finished calculations!------------
	Current parameters:
		np_a: 0.634606
		np_b: 2.27757
		np_c: 0.419559
		of_a: -1.16982
		N_he3: 1.01689
		N_h3: 0.99778
	Current chi2:
		47.3418
**********************************************

************ Fitting in progress *************
	on point 0
	on point 5
	on point 10
	on point 15
	on point 20
------------Finished calculations!------------
	Current parameters:
		np_a: 0.634606
		np_b: 2.27757
		np_c: 0.419559
		of_a: -1.17006
		N_he3: 1.01689
		N_h3: 0.99778
	Current chi2:
		47.3419
**********************************************

************ Fitting in progress *************
	on point 0
	on point 5
	on point 10
	on point 15
	on point 20
------------Finished calculations!------------
	Current parameters:
		np_a: 0.634606
		np_b: 2.27757
		np_c: 0.419559
		of_a: -1.16994
		N_he3: 1.0169
		N_h3: 0.99778
	Current chi2:
		47.3422
**********************************************

************ Fitting in progress *************
	on point 0
	on point 5
	on point 10
	on point 15
	on point 20
------------Finished calculations!------------
	Current parameters:
		np_a: 0.634606
		np_b: 2.27757
		np_c: 0.419559
		of_a: -1.16994
		N_he3: 1.01689
		N_h3: 0.99778
	Current chi2:
		47.3415
**********************************************

************ Fitting in progress *************
	on point 0
	on point 5
	on point 10
	on point 15
	on point 20
------------Finished calculations!------------
	Current parameters:
		np_a: 0.634606
		np_b: 2.27757
		np_c: 0.419559
		of_a: -1.16994
		N_he3: 1.01689
		N_h3: 0.997787
	Current chi2:
		47.3423
**********************************************

************ Fitting in progress *************
	on point 0
	on point 5
	on point 10
	on point 15
	on point 20
------------Finished calculations!------------
	Current parameters:
		np_a: 0.634606
		np_b: 2.27757
		np_c: 0.419559
		of_a: -1.16994
		N_he3: 1.01689
		N_h3: 0.997773
	Current chi2:
		47.3414
**********************************************

************ Fitting in progress *************
	on point 0
	on point 5
	on point 10
	on point 15
	on point 20
------------Finished calculations!------------
	Current parameters:
		np_a: 0.635187
		np_b: 2.28306
		np_c: 0.420703
		of_a: -1.17467
		N_he3: 1.0167
		N_h3: 0.997149
	Current chi2:
		47.2254
**********************************************

************ Fitting in progress *************
	on point 0
	on point 5
	on point 10
	on point 15
	on point 20
------------Finished calculations!------------
	Current parameters:
		np_a: 0.637513
		np_b: 2.30501
		np_c: 0.425282
		of_a: -1.19359
		N_he3: 1.01595
		N_h3: 0.994624
	Current chi2:
		46.866
**********************************************

************ Fitting in progress *************
	on point 0
	on point 5
	on point 10
	on point 15
	on point 20
------------Finished calculations!------------
	Current parameters:
		np_a: 0.641255
		np_b: 2.34034
		np_c: 0.432653
		of_a: -1.22406
		N_he3: 1.01474
		N_h3: 0.990559
	Current chi2:
		46.6486
**********************************************

************ Fitting in progress *************
	on point 0
	on point 5
	on point 10
	on point 15
	on point 20
------------Finished calculations!------------
	Current parameters:
		np_a: 0.641276
		np_b: 2.34034
		np_c: 0.432653
		of_a: -1.22406
		N_he3: 1.01474
		N_h3: 0.990559
	Current chi2:
		46.6466
**********************************************

************ Fitting in progress *************
	on point 0
	on point 5
	on point 10
	on point 15
	on point 20
------------Finished calculations!------------
	Current parameters:
		np_a: 0.641234
		np_b: 2.34034
		np_c: 0.432653
		of_a: -1.22406
		N_he3: 1.01474
		N_h3: 0.990559
	Current chi2:
		46.6507
**********************************************

************ Fitting in progress *************
	on point 0
	on point 5
	on point 10
	on point 15
	on point 20
------------Finished calculations!------------
	Current parameters:
		np_a: 0.641255
		np_b: 2.34042
		np_c: 0.432653
		of_a: -1.22406
		N_he3: 1.01474
		N_h3: 0.990559
	Current chi2:
		46.651
**********************************************

************ Fitting in progress *************
	on point 0
	on point 5
	on point 10
	on point 15
	on point 20
------------Finished calculations!------------
	Current parameters:
		np_a: 0.641255
		np_b: 2.34025
		np_c: 0.432653
		of_a: -1.22406
		N_he3: 1.01474
		N_h3: 0.990559
	Current chi2:
		46.6462
**********************************************

************ Fitting in progress *************
	on point 0
	on point 5
	on point 10
	on point 15
	on point 20
------------Finished calculations!------------
	Current parameters:
		np_a: 0.641255
		np_b: 2.34034
		np_c: 0.43266
		of_a: -1.22406
		N_he3: 1.01474
		N_h3: 0.990559
	Current chi2:
		46.6463
**********************************************

************ Fitting in progress *************
	on point 0
	on point 5
	on point 10
	on point 15
	on point 20
------------Finished calculations!------------
	Current parameters:
		np_a: 0.641255
		np_b: 2.34034
		np_c: 0.432646
		of_a: -1.22406
		N_he3: 1.01474
		N_h3: 0.990559
	Current chi2:
		46.6509
**********************************************

************ Fitting in progress *************
	on point 0
	on point 5
	on point 10
	on point 15
	on point 20
------------Finished calculations!------------
	Current parameters:
		np_a: 0.641255
		np_b: 2.34034
		np_c: 0.432653
		of_a: -1.22394
		N_he3: 1.01474
		N_h3: 0.990559
	Current chi2:
		46.6468
**********************************************

************ Fitting in progress *************
	on point 0
	on point 5
	on point 10
	on point 15
	on point 20
------------Finished calculations!------------
	Current parameters:
		np_a: 0.641255
		np_b: 2.34034
		np_c: 0.432653
		of_a: -1.22418
		N_he3: 1.01474
		N_h3: 0.990559
	Current chi2:
		46.6504
**********************************************

************ Fitting in progress *************
	on point 0
	on point 5
	on point 10
	on point 15
	on point 20
------------Finished calculations!------------
	Current parameters:
		np_a: 0.641255
		np_b: 2.34034
		np_c: 0.432653
		of_a: -1.22406
		N_he3: 1.01474
		N_h3: 0.990559
	Current chi2:
		46.6474
**********************************************

************ Fitting in progress *************
	on point 0
	on point 5
	on point 10
	on point 15
	on point 20
------------Finished calculations!------------
	Current parameters:
		np_a: 0.641255
		np_b: 2.34034
		np_c: 0.432653
		of_a: -1.22406
		N_he3: 1.01473
		N_h3: 0.990559
	Current chi2:
		46.6498
**********************************************

************ Fitting in progress *************
	on point 0
	on point 5
	on point 10
	on point 15
	on point 20
------------Finished calculations!------------
	Current parameters:
		np_a: 0.641255
		np_b: 2.34034
		np_c: 0.432653
		of_a: -1.22406
		N_he3: 1.01474
		N_h3: 0.990566
	Current chi2:
		46.6468
**********************************************

************ Fitting in progress *************
	on point 0
	on point 5
	on point 10
	on point 15
	on point 20
------------Finished calculations!------------
	Current parameters:
		np_a: 0.641255
		np_b: 2.34034
		np_c: 0.432653
		of_a: -1.22406
		N_he3: 1.01474
		N_h3: 0.990552
	Current chi2:
		46.6504
**********************************************

************ Fitting in progress *************
	on point 0
	on point 5
	on point 10
	on point 15
	on point 20
------------Finished calculations!------------
	Current parameters:
		np_a: 0.641462
		np_b: 2.35625
		np_c: 0.436775
		of_a: -1.26158
		N_he3: 1.01532
		N_h3: 0.989958
	Current chi2:
		46.4893
**********************************************

************ Fitting in progress *************
	on point 0
	on point 5
	on point 10
	on point 15
	on point 20
------------Finished calculations!------------
	Current parameters:
		np_a: 0.641516
		np_b: 2.36034
		np_c: 0.437836
		of_a: -1.27124
		N_he3: 1.01547
		N_h3: 0.989804
	Current chi2:
		46.4825
**********************************************

************ Fitting in progress *************
	on point 0
	on point 5
	on point 10
	on point 15
	on point 20
------------Finished calculations!------------
	Current parameters:
		np_a: 0.641537
		np_b: 2.36034
		np_c: 0.437836
		of_a: -1.27124
		N_he3: 1.01547
		N_h3: 0.989804
	Current chi2:
		46.4823
**********************************************

************ Fitting in progress *************
	on point 0
	on point 5
	on point 10
	on point 15
	on point 20
------------Finished calculations!------------
	Current parameters:
		np_a: 0.641494
		np_b: 2.36034
		np_c: 0.437836
		of_a: -1.27124
		N_he3: 1.01547
		N_h3: 0.989804
	Current chi2:
		46.4827
**********************************************

************ Fitting in progress *************
	on point 0
	on point 5
	on point 10
	on point 15
	on point 20
------------Finished calculations!------------
	Current parameters:
		np_a: 0.641516
		np_b: 2.36043
		np_c: 0.437836
		of_a: -1.27124
		N_he3: 1.01547
		N_h3: 0.989804
	Current chi2:
		46.4827
**********************************************

************ Fitting in progress *************
	on point 0
	on point 5
	on point 10
	on point 15
	on point 20
------------Finished calculations!------------
	Current parameters:
		np_a: 0.641516
		np_b: 2.36025
		np_c: 0.437836
		of_a: -1.27124
		N_he3: 1.01547
		N_h3: 0.989804
	Current chi2:
		46.4822
**********************************************

************ Fitting in progress *************
	on point 0
	on point 5
	on point 10
	on point 15
	on point 20
------------Finished calculations!------------
	Current parameters:
		np_a: 0.641516
		np_b: 2.36034
		np_c: 0.437843
		of_a: -1.27124
		N_he3: 1.01547
		N_h3: 0.989804
	Current chi2:
		46.4824
**********************************************

************ Fitting in progress *************
	on point 0
	on point 5
	on point 10
	on point 15
	on point 20
------------Finished calculations!------------
	Current parameters:
		np_a: 0.641516
		np_b: 2.36034
		np_c: 0.437829
		of_a: -1.27124
		N_he3: 1.01547
		N_h3: 0.989804
	Current chi2:
		46.4826
**********************************************

************ Fitting in progress *************
	on point 0
	on point 5
	on point 10
	on point 15
	on point 20
------------Finished calculations!------------
	Current parameters:
		np_a: 0.641516
		np_b: 2.36034
		np_c: 0.437836
		of_a: -1.27112
		N_he3: 1.01547
		N_h3: 0.989804
	Current chi2:
		46.4824
**********************************************

************ Fitting in progress *************
	on point 0
	on point 5
	on point 10
	on point 15
	on point 20
------------Finished calculations!------------
	Current parameters:
		np_a: 0.641516
		np_b: 2.36034
		np_c: 0.437836
		of_a: -1.27136
		N_he3: 1.01547
		N_h3: 0.989804
	Current chi2:
		46.4826
**********************************************

************ Fitting in progress *************
	on point 0
	on point 5
	on point 10
	on point 15
	on point 20
------------Finished calculations!------------
	Current parameters:
		np_a: 0.641516
		np_b: 2.36034
		np_c: 0.437836
		of_a: -1.27124
		N_he3: 1.01548
		N_h3: 0.989804
	Current chi2:
		46.4824
**********************************************

************ Fitting in progress *************
	on point 0
	on point 5
	on point 10
	on point 15
	on point 20
------------Finished calculations!------------
	Current parameters:
		np_a: 0.641516
		np_b: 2.36034
		np_c: 0.437836
		of_a: -1.27124
		N_he3: 1.01546
		N_h3: 0.989804
	Current chi2:
		46.4826
**********************************************

************ Fitting in progress *************
	on point 0
	on point 5
	on point 10
	on point 15
	on point 20
------------Finished calculations!------------
	Current parameters:
		np_a: 0.641516
		np_b: 2.36034
		np_c: 0.437836
		of_a: -1.27124
		N_he3: 1.01547
		N_h3: 0.989811
	Current chi2:
		46.4824
**********************************************

************ Fitting in progress *************
	on point 0
	on point 5
	on point 10
	on point 15
	on point 20
------------Finished calculations!------------
	Current parameters:
		np_a: 0.641516
		np_b: 2.36034
		np_c: 0.437836
		of_a: -1.27124
		N_he3: 1.01547
		N_h3: 0.989797
	Current chi2:
		46.4825
**********************************************

************ Fitting in progress *************
	on point 0
	on point 5
	on point 10
	on point 15
	on point 20
------------Finished calculations!------------
	Current parameters:
		np_a: 0.641326
		np_b: 2.3434
		np_c: 0.436479
		of_a: -1.25864
		N_he3: 1.01506
		N_h3: 0.989354
	Current chi2:
		46.4709
**********************************************

************ Fitting in progress *************
	on point 0
	on point 5
	on point 10
	on point 15
	on point 20
------------Finished calculations!------------
	Current parameters:
		np_a: 0.641348
		np_b: 2.3434
		np_c: 0.436479
		of_a: -1.25864
		N_he3: 1.01506
		N_h3: 0.989354
	Current chi2:
		46.4709
**********************************************

************ Fitting in progress *************
	on point 0
	on point 5
	on point 10
	on point 15
	on point 20
------------Finished calculations!------------
	Current parameters:
		np_a: 0.641304
		np_b: 2.3434
		np_c: 0.436479
		of_a: -1.25864
		N_he3: 1.01506
		N_h3: 0.989354
	Current chi2:
		46.4709
**********************************************

************ Fitting in progress *************
	on point 0
	on point 5
	on point 10
	on point 15
	on point 20
------------Finished calculations!------------
	Current parameters:
		np_a: 0.641326
		np_b: 2.34349
		np_c: 0.436479
		of_a: -1.25864
		N_he3: 1.01506
		N_h3: 0.989354
	Current chi2:
		46.471
**********************************************

************ Fitting in progress *************
	on point 0
	on point 5
	on point 10
	on point 15
	on point 20
------------Finished calculations!------------
	Current parameters:
		np_a: 0.641326
		np_b: 2.34331
		np_c: 0.436479
		of_a: -1.25864
		N_he3: 1.01506
		N_h3: 0.989354
	Current chi2:
		46.4709
**********************************************

************ Fitting in progress *************
	on point 0
	on point 5
	on point 10
	on point 15
	on point 20
------------Finished calculations!------------
	Current parameters:
		np_a: 0.641326
		np_b: 2.3434
		np_c: 0.436487
		of_a: -1.25864
		N_he3: 1.01506
		N_h3: 0.989354
	Current chi2:
		46.4709
**********************************************

************ Fitting in progress *************
	on point 0
	on point 5
	on point 10
	on point 15
	on point 20
------------Finished calculations!------------
	Current parameters:
		np_a: 0.641326
		np_b: 2.3434
		np_c: 0.436472
		of_a: -1.25864
		N_he3: 1.01506
		N_h3: 0.989354
	Current chi2:
		46.471
**********************************************

************ Fitting in progress *************
	on point 0
	on point 5
	on point 10
	on point 15
	on point 20
------------Finished calculations!------------
	Current parameters:
		np_a: 0.641326
		np_b: 2.3434
		np_c: 0.436479
		of_a: -1.25852
		N_he3: 1.01506
		N_h3: 0.989354
	Current chi2:
		46.4709
**********************************************

************ Fitting in progress *************
	on point 0
	on point 5
	on point 10
	on point 15
	on point 20
------------Finished calculations!------------
	Current parameters:
		np_a: 0.641326
		np_b: 2.3434
		np_c: 0.436479
		of_a: -1.25876
		N_he3: 1.01506
		N_h3: 0.989354
	Current chi2:
		46.471
**********************************************

************ Fitting in progress *************
	on point 0
	on point 5
	on point 10
	on point 15
	on point 20
------------Finished calculations!------------
	Current parameters:
		np_a: 0.641326
		np_b: 2.3434
		np_c: 0.436479
		of_a: -1.25864
		N_he3: 1.01507
		N_h3: 0.989354
	Current chi2:
		46.4709
**********************************************

************ Fitting in progress *************
	on point 0
	on point 5
	on point 10
	on point 15
	on point 20
------------Finished calculations!------------
	Current parameters:
		np_a: 0.641326
		np_b: 2.3434
		np_c: 0.436479
		of_a: -1.25864
		N_he3: 1.01505
		N_h3: 0.989354
	Current chi2:
		46.4709
**********************************************

************ Fitting in progress *************
	on point 0
	on point 5
	on point 10
	on point 15
	on point 20
------------Finished calculations!------------
	Current parameters:
		np_a: 0.641326
		np_b: 2.3434
		np_c: 0.436479
		of_a: -1.25864
		N_he3: 1.01506
		N_h3: 0.989361
	Current chi2:
		46.4709
**********************************************

************ Fitting in progress *************
	on point 0
	on point 5
	on point 10
	on point 15
	on point 20
------------Finished calculations!------------
	Current parameters:
		np_a: 0.641326
		np_b: 2.3434
		np_c: 0.436479
		of_a: -1.25864
		N_he3: 1.01506
		N_h3: 0.989347
	Current chi2:
		46.471
**********************************************

************ Fitting in progress *************
	on point 0
	on point 5
	on point 10
	on point 15
	on point 20
------------Finished calculations!------------
	Current parameters:
		np_a: 0.641326
		np_b: 2.3434
		np_c: 0.436479
		of_a: -1.25864
		N_he3: 1.01506
		N_h3: 0.989354
	Current chi2:
		46.4709
**********************************************

************ Fitting in progress *************
	on point 0
	on point 5
	on point 10
	on point 15
	on point 20
------------Finished calculations!------------
	Current parameters:
		np_a: 0.641348
		np_b: 2.3434
		np_c: 0.436479
		of_a: -1.25864
		N_he3: 1.01506
		N_h3: 0.989354
	Current chi2:
		46.4709
**********************************************

************ Fitting in progress *************
	on point 0
	on point 5
	on point 10
	on point 15
	on point 20
------------Finished calculations!------------
	Current parameters:
		np_a: 0.641304
		np_b: 2.3434
		np_c: 0.436479
		of_a: -1.25864
		N_he3: 1.01506
		N_h3: 0.989354
	Current chi2:
		46.4709
**********************************************

************ Fitting in progress *************
	on point 0
	on point 5
	on point 10
	on point 15
	on point 20
------------Finished calculations!------------
	Current parameters:
		np_a: 0.641326
		np_b: 2.34349
		np_c: 0.436479
		of_a: -1.25864
		N_he3: 1.01506
		N_h3: 0.989354
	Current chi2:
		46.471
**********************************************

************ Fitting in progress *************
	on point 0
	on point 5
	on point 10
	on point 15
	on point 20
------------Finished calculations!------------
	Current parameters:
		np_a: 0.641326
		np_b: 2.34331
		np_c: 0.436479
		of_a: -1.25864
		N_he3: 1.01506
		N_h3: 0.989354
	Current chi2:
		46.4709
**********************************************

************ Fitting in progress *************
	on point 0
	on point 5
	on point 10
	on point 15
	on point 20
------------Finished calculations!------------
	Current parameters:
		np_a: 0.641326
		np_b: 2.3434
		np_c: 0.436487
		of_a: -1.25864
		N_he3: 1.01506
		N_h3: 0.989354
	Current chi2:
		46.4709
**********************************************

************ Fitting in progress *************
	on point 0
	on point 5
	on point 10
	on point 15
	on point 20
------------Finished calculations!------------
	Current parameters:
		np_a: 0.641326
		np_b: 2.3434
		np_c: 0.436472
		of_a: -1.25864
		N_he3: 1.01506
		N_h3: 0.989354
	Current chi2:
		46.471
**********************************************

************ Fitting in progress *************
	on point 0
	on point 5
	on point 10
	on point 15
	on point 20
------------Finished calculations!------------
	Current parameters:
		np_a: 0.641326
		np_b: 2.3434
		np_c: 0.436479
		of_a: -1.25852
		N_he3: 1.01506
		N_h3: 0.989354
	Current chi2:
		46.4709
**********************************************

************ Fitting in progress *************
	on point 0
	on point 5
	on point 10
	on point 15
	on point 20
------------Finished calculations!------------
	Current parameters:
		np_a: 0.641326
		np_b: 2.3434
		np_c: 0.436479
		of_a: -1.25876
		N_he3: 1.01506
		N_h3: 0.989354
	Current chi2:
		46.471
**********************************************

************ Fitting in progress *************
	on point 0
	on point 5
	on point 10
	on point 15
	on point 20
------------Finished calculations!------------
	Current parameters:
		np_a: 0.641326
		np_b: 2.3434
		np_c: 0.436479
		of_a: -1.25864
		N_he3: 1.01507
		N_h3: 0.989354
	Current chi2:
		46.4709
**********************************************

************ Fitting in progress *************
	on point 0
	on point 5
	on point 10
	on point 15
	on point 20
------------Finished calculations!------------
	Current parameters:
		np_a: 0.641326
		np_b: 2.3434
		np_c: 0.436479
		of_a: -1.25864
		N_he3: 1.01505
		N_h3: 0.989354
	Current chi2:
		46.4709
**********************************************

************ Fitting in progress *************
	on point 0
	on point 5
	on point 10
	on point 15
	on point 20
------------Finished calculations!------------
	Current parameters:
		np_a: 0.641326
		np_b: 2.3434
		np_c: 0.436479
		of_a: -1.25864
		N_he3: 1.01506
		N_h3: 0.989361
	Current chi2:
		46.4709
**********************************************

************ Fitting in progress *************
	on point 0
	on point 5
	on point 10
	on point 15
	on point 20
------------Finished calculations!------------
	Current parameters:
		np_a: 0.641326
		np_b: 2.3434
		np_c: 0.436479
		of_a: -1.25864
		N_he3: 1.01506
		N_h3: 0.989347
	Current chi2:
		46.471
**********************************************

************ Fitting in progress *************
	on point 0
	on point 5
	on point 10
	on point 15
	on point 20
------------Finished calculations!------------
	Current parameters:
		np_a: 0.64133
		np_b: 2.3434
		np_c: 0.436479
		of_a: -1.25864
		N_he3: 1.01506
		N_h3: 0.989354
	Current chi2:
		46.4709
**********************************************

************ Fitting in progress *************
	on point 0
	on point 5
	on point 10
	on point 15
	on point 20
------------Finished calculations!------------
	Current parameters:
		np_a: 0.641322
		np_b: 2.3434
		np_c: 0.436479
		of_a: -1.25864
		N_he3: 1.01506
		N_h3: 0.989354
	Current chi2:
		46.4709
**********************************************

************ Fitting in progress *************
	on point 0
	on point 5
	on point 10
	on point 15
	on point 20
------------Finished calculations!------------
	Current parameters:
		np_a: 0.641326
		np_b: 2.34342
		np_c: 0.436479
		of_a: -1.25864
		N_he3: 1.01506
		N_h3: 0.989354
	Current chi2:
		46.4709
**********************************************

************ Fitting in progress *************
	on point 0
	on point 5
	on point 10
	on point 15
	on point 20
------------Finished calculations!------------
	Current parameters:
		np_a: 0.641326
		np_b: 2.34339
		np_c: 0.436479
		of_a: -1.25864
		N_he3: 1.01506
		N_h3: 0.989354
	Current chi2:
		46.4709
**********************************************

************ Fitting in progress *************
	on point 0
	on point 5
	on point 10
	on point 15
	on point 20
------------Finished calculations!------------
	Current parameters:
		np_a: 0.641326
		np_b: 2.3434
		np_c: 0.436481
		of_a: -1.25864
		N_he3: 1.01506
		N_h3: 0.989354
	Current chi2:
		46.4709
**********************************************

************ Fitting in progress *************
	on point 0
	on point 5
	on point 10
	on point 15
	on point 20
------------Finished calculations!------------
	Current parameters:
		np_a: 0.641326
		np_b: 2.3434
		np_c: 0.436478
		of_a: -1.25864
		N_he3: 1.01506
		N_h3: 0.989354
	Current chi2:
		46.4709
**********************************************

************ Fitting in progress *************
	on point 0
	on point 5
	on point 10
	on point 15
	on point 20
------------Finished calculations!------------
	Current parameters:
		np_a: 0.641326
		np_b: 2.3434
		np_c: 0.436479
		of_a: -1.25862
		N_he3: 1.01506
		N_h3: 0.989354
	Current chi2:
		46.4709
**********************************************

************ Fitting in progress *************
	on point 0
	on point 5
	on point 10
	on point 15
	on point 20
------------Finished calculations!------------
	Current parameters:
		np_a: 0.641326
		np_b: 2.3434
		np_c: 0.436479
		of_a: -1.25867
		N_he3: 1.01506
		N_h3: 0.989354
	Current chi2:
		46.4709
**********************************************

************ Fitting in progress *************
	on point 0
	on point 5
	on point 10
	on point 15
	on point 20
------------Finished calculations!------------
	Current parameters:
		np_a: 0.641326
		np_b: 2.3434
		np_c: 0.436479
		of_a: -1.25864
		N_he3: 1.01506
		N_h3: 0.989354
	Current chi2:
		46.4709
**********************************************

************ Fitting in progress *************
	on point 0
	on point 5
	on point 10
	on point 15
	on point 20
------------Finished calculations!------------
	Current parameters:
		np_a: 0.641326
		np_b: 2.3434
		np_c: 0.436479
		of_a: -1.25864
		N_he3: 1.01506
		N_h3: 0.989354
	Current chi2:
		46.4709
**********************************************

************ Fitting in progress *************
	on point 0
	on point 5
	on point 10
	on point 15
	on point 20
------------Finished calculations!------------
	Current parameters:
		np_a: 0.641326
		np_b: 2.3434
		np_c: 0.436479
		of_a: -1.25864
		N_he3: 1.01506
		N_h3: 0.989356
	Current chi2:
		46.4709
**********************************************

************ Fitting in progress *************
	on point 0
	on point 5
	on point 10
	on point 15
	on point 20
------------Finished calculations!------------
	Current parameters:
		np_a: 0.641326
		np_b: 2.3434
		np_c: 0.436479
		of_a: -1.25864
		N_he3: 1.01506
		N_h3: 0.989353
	Current chi2:
		46.4709
**********************************************

************ Fitting in progress *************
	on point 0
	on point 5
	on point 10
	on point 15
	on point 20
------------Finished calculations!------------
	Current parameters:
		np_a: 0.641348
		np_b: 2.34349
		np_c: 0.436479
		of_a: -1.25864
		N_he3: 1.01506
		N_h3: 0.989354
	Current chi2:
		46.471
**********************************************

************ Fitting in progress *************
	on point 0
	on point 5
	on point 10
	on point 15
	on point 20
------------Finished calculations!------------
	Current parameters:
		np_a: 0.641348
		np_b: 2.3434
		np_c: 0.436487
		of_a: -1.25864
		N_he3: 1.01506
		N_h3: 0.989354
	Current chi2:
		46.4709
**********************************************

************ Fitting in progress *************
	on point 0
	on point 5
	on point 10
	on point 15
	on point 20
------------Finished calculations!------------
	Current parameters:
		np_a: 0.641348
		np_b: 2.3434
		np_c: 0.436479
		of_a: -1.25852
		N_he3: 1.01506
		N_h3: 0.989354
	Current chi2:
		46.4709
**********************************************

************ Fitting in progress *************
	on point 0
	on point 5
	on point 10
	on point 15
	on point 20
------------Finished calculations!------------
	Current parameters:
		np_a: 0.641348
		np_b: 2.3434
		np_c: 0.436479
		of_a: -1.25864
		N_he3: 1.01507
		N_h3: 0.989354
	Current chi2:
		46.471
**********************************************

************ Fitting in progress *************
	on point 0
	on point 5
	on point 10
	on point 15
	on point 20
------------Finished calculations!------------
	Current parameters:
		np_a: 0.641348
		np_b: 2.3434
		np_c: 0.436479
		of_a: -1.25864
		N_he3: 1.01506
		N_h3: 0.989361
	Current chi2:
		46.4709
**********************************************

************ Fitting in progress *************
	on point 0
	on point 5
	on point 10
	on point 15
	on point 20
------------Finished calculations!------------
	Current parameters:
		np_a: 0.641326
		np_b: 2.34349
		np_c: 0.436487
		of_a: -1.25864
		N_he3: 1.01506
		N_h3: 0.989354
	Current chi2:
		46.4709
**********************************************

************ Fitting in progress *************
	on point 0
	on point 5
	on point 10
	on point 15
	on point 20
------------Finished calculations!------------
	Current parameters:
		np_a: 0.641326
		np_b: 2.34349
		np_c: 0.436479
		of_a: -1.25852
		N_he3: 1.01506
		N_h3: 0.989354
	Current chi2:
		46.4709
**********************************************

************ Fitting in progress *************
	on point 0
	on point 5
	on point 10
	on point 15
	on point 20
------------Finished calculations!------------
	Current parameters:
		np_a: 0.641326
		np_b: 2.34349
		np_c: 0.436479
		of_a: -1.25864
		N_he3: 1.01507
		N_h3: 0.989354
	Current chi2:
		46.471
**********************************************

************ Fitting in progress *************
	on point 0
	on point 5
	on point 10
	on point 15
	on point 20
------------Finished calculations!------------
	Current parameters:
		np_a: 0.641326
		np_b: 2.34349
		np_c: 0.436479
		of_a: -1.25864
		N_he3: 1.01506
		N_h3: 0.989361
	Current chi2:
		46.4709
**********************************************

************ Fitting in progress *************
	on point 0
	on point 5
	on point 10
	on point 15
	on point 20
------------Finished calculations!------------
	Current parameters:
		np_a: 0.641326
		np_b: 2.3434
		np_c: 0.436487
		of_a: -1.25852
		N_he3: 1.01506
		N_h3: 0.989354
	Current chi2:
		46.4708
**********************************************

************ Fitting in progress *************
	on point 0
	on point 5
	on point 10
	on point 15
	on point 20
------------Finished calculations!------------
	Current parameters:
		np_a: 0.641326
		np_b: 2.3434
		np_c: 0.436487
		of_a: -1.25864
		N_he3: 1.01507
		N_h3: 0.989354
	Current chi2:
		46.4709
**********************************************

************ Fitting in progress *************
	on point 0
	on point 5
	on point 10
	on point 15
	on point 20
------------Finished calculations!------------
	Current parameters:
		np_a: 0.641326
		np_b: 2.3434
		np_c: 0.436487
		of_a: -1.25864
		N_he3: 1.01506
		N_h3: 0.989361
	Current chi2:
		46.4708
**********************************************

************ Fitting in progress *************
	on point 0
	on point 5
	on point 10
	on point 15
	on point 20
------------Finished calculations!------------
	Current parameters:
		np_a: 0.641326
		np_b: 2.3434
		np_c: 0.436479
		of_a: -1.25852
		N_he3: 1.01507
		N_h3: 0.989354
	Current chi2:
		46.4709
**********************************************

************ Fitting in progress *************
	on point 0
	on point 5
	on point 10
	on point 15
	on point 20
------------Finished calculations!------------
	Current parameters:
		np_a: 0.641326
		np_b: 2.3434
		np_c: 0.436479
		of_a: -1.25852
		N_he3: 1.01506
		N_h3: 0.989361
	Current chi2:
		46.4708
**********************************************

************ Fitting in progress *************
	on point 0
	on point 5
	on point 10
	on point 15
	on point 20
------------Finished calculations!------------
	Current parameters:
		np_a: 0.641326
		np_b: 2.3434
		np_c: 0.436479
		of_a: -1.25864
		N_he3: 1.01507
		N_h3: 0.989361
	Current chi2:
		46.4709
**********************************************

Minuit2Minimizer : Valid minimum - status = 0
FVAL  = 46.4709173947719876
Edm   = 0.00033982663024250976
Nfcn  = 251
np_a	  = 0.641326	 +/-  0.018839
np_b	  = 2.3434	 +/-  0.200688
np_c	  = 0.436479	 +/-  0.0243909
of_a	  = -1.25864	 +/-  0.20906
N_he3	  = 1.01506	 +/-  0.00594586
N_h3	  = 0.989354	 +/-  0.00984934
Printing covariance matrix:

6x6 matrix is as follows

     |      0    |      1    |      2    |      3    |      4    |
----------------------------------------------------------------------
   0 |  0.0003549    0.002343   0.0001853  -0.0007034  -1.222e-05 
   1 |   0.002343     0.04028    0.004027    -0.02957   0.0005384 
   2 |  0.0001853    0.004027   0.0005949   -0.004379   4.113e-05 
   3 | -0.0007034    -0.02957   -0.004379     0.04371  -0.0007913 
   4 | -1.222e-05   0.0005384   4.113e-05  -0.0007913   3.535e-05 
   5 | -6.054e-05  -0.0001211  -0.0001087   0.0001879    3.58e-05 


     |      5    |
----------------------------------------------------------------------
   0 | -6.054e-05 
   1 | -0.0001211 
   2 | -0.0001087 
   3 |  0.0001879 
   4 |   3.58e-05 
   5 |  9.701e-05 



************ Fit covar results *************
		 [ i*ndim + j ] 
0.000354908 1 0 0
0.00234257 0.619602 0 1
0.000185287 0.403235 0 2
-0.000703388 -0.178594 0 3
-1.22178e-05 -0.109074 0 4
-6.05386e-05 -0.326263 0 5
0.00234257 0.619602 1 0
0.0402758 1 1 1
0.00402679 0.82264 1 2
-0.0295749 -0.704906 1 3
0.000538361 0.451167 1 4
-0.00012112 -0.0612754 1 5
0.000185287 0.403235 2 0
0.00402679 0.82264 2 1
0.000594915 1 2 2
-0.00437879 -0.858729 2 3
4.11327e-05 0.283626 2 4
-0.000108704 -0.452491 2 5
-0.000703388 -0.178594 3 0
-0.0295749 -0.704906 3 1
-0.00437879 -0.858729 3 2
0.043706 1 3 3
-0.000791309 -0.636592 3 4
0.000187929 0.0912677 3 5
-1.22178e-05 -0.109074 4 0
0.000538361 0.451167 4 1
4.11327e-05 0.283626 4 2
-0.000791309 -0.636592 4 3
3.53532e-05 1 4 4
3.57968e-05 0.611256 4 5
-6.05386e-05 -0.326263 5 0
-0.00012112 -0.0612754 5 1
-0.000108704 -0.452491 5 2
0.000187929 0.0912677 5 3
3.57968e-05 0.611256 5 4
9.70095e-05 1 5 5
**********************************************
