Minuit2Minimizer: Minimize with max-calls 100000 convergence for edm < 5 strategy 1
************ Fitting in progress *************
	on point 0
	on point 5
	on point 10
	on point 15
	on point 20
------------Finished calculations!------------
	Current parameters:
		np_a: 0.568697
		np_b: 2.20877
		np_c: 0.41562
		of_a: -0.272737
		of_b: -0.521015
		N_he3: 1
		N_h3: 1
	Current chi2:
		139.594
**********************************************

************ Fitting in progress *************
	on point 0
	on point 5
	on point 10
	on point 15
	on point 20
------------Finished calculations!------------
	Current parameters:
		np_a: 0.569697
		np_b: 2.20877
		np_c: 0.41562
		of_a: -0.272737
		of_b: -0.521015
		N_he3: 1
		N_h3: 1
	Current chi2:
		140.269
**********************************************

************ Fitting in progress *************
	on point 0
	on point 5
	on point 10
	on point 15
	on point 20
------------Finished calculations!------------
	Current parameters:
		np_a: 0.567697
		np_b: 2.20877
		np_c: 0.41562
		of_a: -0.272737
		of_b: -0.521015
		N_he3: 1
		N_h3: 1
	Current chi2:
		138.975
**********************************************

************ Fitting in progress *************
	on point 0
	on point 5
	on point 10
	on point 15
	on point 20
------------Finished calculations!------------
	Current parameters:
		np_a: 0.568797
		np_b: 2.20877
		np_c: 0.41562
		of_a: -0.272737
		of_b: -0.521015
		N_he3: 1
		N_h3: 1
	Current chi2:
		139.659
**********************************************

************ Fitting in progress *************
	on point 0
	on point 5
	on point 10
	on point 15
	on point 20
------------Finished calculations!------------
	Current parameters:
		np_a: 0.568597
		np_b: 2.20877
		np_c: 0.41562
		of_a: -0.272737
		of_b: -0.521015
		N_he3: 1
		N_h3: 1
	Current chi2:
		139.529
**********************************************

************ Fitting in progress *************
	on point 0
	on point 5
	on point 10
	on point 15
	on point 20
------------Finished calculations!------------
	Current parameters:
		np_a: 0.568697
		np_b: 2.20977
		np_c: 0.41562
		of_a: -0.272737
		of_b: -0.521015
		N_he3: 1
		N_h3: 1
	Current chi2:
		139.25
**********************************************

************ Fitting in progress *************
	on point 0
	on point 5
	on point 10
	on point 15
	on point 20
------------Finished calculations!------------
	Current parameters:
		np_a: 0.568697
		np_b: 2.20777
		np_c: 0.41562
		of_a: -0.272737
		of_b: -0.521015
		N_he3: 1
		N_h3: 1
	Current chi2:
		139.941
**********************************************

************ Fitting in progress *************
	on point 0
	on point 5
	on point 10
	on point 15
	on point 20
------------Finished calculations!------------
	Current parameters:
		np_a: 0.568697
		np_b: 2.20892
		np_c: 0.41562
		of_a: -0.272737
		of_b: -0.521015
		N_he3: 1
		N_h3: 1
	Current chi2:
		139.543
**********************************************

************ Fitting in progress *************
	on point 0
	on point 5
	on point 10
	on point 15
	on point 20
------------Finished calculations!------------
	Current parameters:
		np_a: 0.568697
		np_b: 2.20862
		np_c: 0.41562
		of_a: -0.272737
		of_b: -0.521015
		N_he3: 1
		N_h3: 1
	Current chi2:
		139.644
**********************************************

************ Fitting in progress *************
	on point 0
	on point 5
	on point 10
	on point 15
	on point 20
------------Finished calculations!------------
	Current parameters:
		np_a: 0.568697
		np_b: 2.20877
		np_c: 0.41662
		of_a: -0.272737
		of_b: -0.521015
		N_he3: 1
		N_h3: 1
	Current chi2:
		145.844
**********************************************

************ Fitting in progress *************
	on point 0
	on point 5
	on point 10
	on point 15
	on point 20
------------Finished calculations!------------
	Current parameters:
		np_a: 0.568697
		np_b: 2.20877
		np_c: 0.41462
		of_a: -0.272737
		of_b: -0.521015
		N_he3: 1
		N_h3: 1
	Current chi2:
		133.802
**********************************************

************ Fitting in progress *************
	on point 0
	on point 5
	on point 10
	on point 15
	on point 20
------------Finished calculations!------------
	Current parameters:
		np_a: 0.568697
		np_b: 2.20877
		np_c: 0.41572
		of_a: -0.272737
		of_b: -0.521015
		N_he3: 1
		N_h3: 1
	Current chi2:
		140.198
**********************************************

************ Fitting in progress *************
	on point 0
	on point 5
	on point 10
	on point 15
	on point 20
------------Finished calculations!------------
	Current parameters:
		np_a: 0.568697
		np_b: 2.20877
		np_c: 0.41552
		of_a: -0.272737
		of_b: -0.521015
		N_he3: 1
		N_h3: 1
	Current chi2:
		138.994
**********************************************

************ Fitting in progress *************
	on point 0
	on point 5
	on point 10
	on point 15
	on point 20
------------Finished calculations!------------
	Current parameters:
		np_a: 0.568697
		np_b: 2.20877
		np_c: 0.41562
		of_a: -0.272737
		of_b: -0.520015
		N_he3: 1
		N_h3: 1
	Current chi2:
		139.813
**********************************************

************ Fitting in progress *************
	on point 0
	on point 5
	on point 10
	on point 15
	on point 20
------------Finished calculations!------------
	Current parameters:
		np_a: 0.568697
		np_b: 2.20877
		np_c: 0.41562
		of_a: -0.272737
		of_b: -0.522015
		N_he3: 1
		N_h3: 1
	Current chi2:
		139.375
**********************************************

************ Fitting in progress *************
	on point 0
	on point 5
	on point 10
	on point 15
	on point 20
------------Finished calculations!------------
	Current parameters:
		np_a: 0.568697
		np_b: 2.20877
		np_c: 0.41562
		of_a: -0.272737
		of_b: -0.520572
		N_he3: 1
		N_h3: 1
	Current chi2:
		139.691
**********************************************

************ Fitting in progress *************
	on point 0
	on point 5
	on point 10
	on point 15
	on point 20
------------Finished calculations!------------
	Current parameters:
		np_a: 0.568697
		np_b: 2.20877
		np_c: 0.41562
		of_a: -0.272737
		of_b: -0.521458
		N_he3: 1
		N_h3: 1
	Current chi2:
		139.497
**********************************************

************ Fitting in progress *************
	on point 0
	on point 5
	on point 10
	on point 15
	on point 20
------------Finished calculations!------------
	Current parameters:
		np_a: 0.568697
		np_b: 2.20877
		np_c: 0.41562
		of_a: -0.272737
		of_b: -0.521015
		N_he3: 1.001
		N_h3: 1
	Current chi2:
		140.029
**********************************************

************ Fitting in progress *************
	on point 0
	on point 5
	on point 10
	on point 15
	on point 20
------------Finished calculations!------------
	Current parameters:
		np_a: 0.568697
		np_b: 2.20877
		np_c: 0.41562
		of_a: -0.272737
		of_b: -0.521015
		N_he3: 0.999
		N_h3: 1
	Current chi2:
		139.636
**********************************************

************ Fitting in progress *************
	on point 0
	on point 5
	on point 10
	on point 15
	on point 20
------------Finished calculations!------------
	Current parameters:
		np_a: 0.568697
		np_b: 2.20877
		np_c: 0.41562
		of_a: -0.272737
		of_b: -0.521015
		N_he3: 1.0001
		N_h3: 1
	Current chi2:
		139.616
**********************************************

************ Fitting in progress *************
	on point 0
	on point 5
	on point 10
	on point 15
	on point 20
------------Finished calculations!------------
	Current parameters:
		np_a: 0.568697
		np_b: 2.20877
		np_c: 0.41562
		of_a: -0.272737
		of_b: -0.521015
		N_he3: 0.9999
		N_h3: 1
	Current chi2:
		139.577
**********************************************

************ Fitting in progress *************
	on point 0
	on point 5
	on point 10
	on point 15
	on point 20
------------Finished calculations!------------
	Current parameters:
		np_a: 0.568697
		np_b: 2.20877
		np_c: 0.41562
		of_a: -0.272737
		of_b: -0.521015
		N_he3: 1
		N_h3: 1.001
	Current chi2:
		145.724
**********************************************

************ Fitting in progress *************
	on point 0
	on point 5
	on point 10
	on point 15
	on point 20
------------Finished calculations!------------
	Current parameters:
		np_a: 0.568697
		np_b: 2.20877
		np_c: 0.41562
		of_a: -0.272737
		of_b: -0.521015
		N_he3: 1
		N_h3: 0.999
	Current chi2:
		133.939
**********************************************

************ Fitting in progress *************
	on point 0
	on point 5
	on point 10
	on point 15
	on point 20
------------Finished calculations!------------
	Current parameters:
		np_a: 0.568697
		np_b: 2.20877
		np_c: 0.41562
		of_a: -0.272737
		of_b: -0.521015
		N_he3: 1
		N_h3: 1.0001
	Current chi2:
		140.185
**********************************************

************ Fitting in progress *************
	on point 0
	on point 5
	on point 10
	on point 15
	on point 20
------------Finished calculations!------------
	Current parameters:
		np_a: 0.568697
		np_b: 2.20877
		np_c: 0.41562
		of_a: -0.272737
		of_b: -0.521015
		N_he3: 1
		N_h3: 0.9999
	Current chi2:
		139.007
**********************************************

************ Fitting in progress *************
	on point 0
	on point 5
	on point 10
	on point 15
	on point 20
------------Finished calculations!------------
	Current parameters:
		np_a: 0.557297
		np_b: 2.31951
		np_c: 0.402497
		of_a: -0.272737
		of_b: -1.16271
		N_he3: 0.999589
		N_h3: 0.987599
	Current chi2:
		378.822
**********************************************

************ Fitting in progress *************
	on point 0
	on point 5
	on point 10
	on point 15
	on point 20
------------Finished calculations!------------
	Current parameters:
		np_a: 0.565357
		np_b: 2.24121
		np_c: 0.411775
		of_a: -0.272737
		of_b: -0.709
		N_he3: 0.99988
		N_h3: 0.996367
	Current chi2:
		91.4984
**********************************************

************ Fitting in progress *************
	on point 0
	on point 5
	on point 10
	on point 15
	on point 20
------------Finished calculations!------------
	Current parameters:
		np_a: 0.565385
		np_b: 2.24121
		np_c: 0.411775
		of_a: -0.272737
		of_b: -0.709
		N_he3: 0.99988
		N_h3: 0.996367
	Current chi2:
		91.4625
**********************************************

************ Fitting in progress *************
	on point 0
	on point 5
	on point 10
	on point 15
	on point 20
------------Finished calculations!------------
	Current parameters:
		np_a: 0.56533
		np_b: 2.24121
		np_c: 0.411775
		of_a: -0.272737
		of_b: -0.709
		N_he3: 0.99988
		N_h3: 0.996367
	Current chi2:
		91.5344
**********************************************

************ Fitting in progress *************
	on point 0
	on point 5
	on point 10
	on point 15
	on point 20
------------Finished calculations!------------
	Current parameters:
		np_a: 0.565357
		np_b: 2.24133
		np_c: 0.411775
		of_a: -0.272737
		of_b: -0.709
		N_he3: 0.99988
		N_h3: 0.996367
	Current chi2:
		91.5169
**********************************************

************ Fitting in progress *************
	on point 0
	on point 5
	on point 10
	on point 15
	on point 20
------------Finished calculations!------------
	Current parameters:
		np_a: 0.565357
		np_b: 2.24109
		np_c: 0.411775
		of_a: -0.272737
		of_b: -0.709
		N_he3: 0.99988
		N_h3: 0.996367
	Current chi2:
		91.4799
**********************************************

************ Fitting in progress *************
	on point 0
	on point 5
	on point 10
	on point 15
	on point 20
------------Finished calculations!------------
	Current parameters:
		np_a: 0.565357
		np_b: 2.24121
		np_c: 0.411785
		of_a: -0.272737
		of_b: -0.709
		N_he3: 0.99988
		N_h3: 0.996367
	Current chi2:
		91.4911
**********************************************

************ Fitting in progress *************
	on point 0
	on point 5
	on point 10
	on point 15
	on point 20
------------Finished calculations!------------
	Current parameters:
		np_a: 0.565357
		np_b: 2.24121
		np_c: 0.411765
		of_a: -0.272737
		of_b: -0.709
		N_he3: 0.99988
		N_h3: 0.996367
	Current chi2:
		91.5058
**********************************************

************ Fitting in progress *************
	on point 0
	on point 5
	on point 10
	on point 15
	on point 20
------------Finished calculations!------------
	Current parameters:
		np_a: 0.565357
		np_b: 2.24121
		np_c: 0.411775
		of_a: -0.272737
		of_b: -0.708641
		N_he3: 0.99988
		N_h3: 0.996367
	Current chi2:
		91.5201
**********************************************

************ Fitting in progress *************
	on point 0
	on point 5
	on point 10
	on point 15
	on point 20
------------Finished calculations!------------
	Current parameters:
		np_a: 0.565357
		np_b: 2.24121
		np_c: 0.411775
		of_a: -0.272737
		of_b: -0.70936
		N_he3: 0.99988
		N_h3: 0.996367
	Current chi2:
		91.4767
**********************************************

************ Fitting in progress *************
	on point 0
	on point 5
	on point 10
	on point 15
	on point 20
------------Finished calculations!------------
	Current parameters:
		np_a: 0.565357
		np_b: 2.24121
		np_c: 0.411775
		of_a: -0.272737
		of_b: -0.709
		N_he3: 0.99989
		N_h3: 0.996367
	Current chi2:
		91.4742
**********************************************

************ Fitting in progress *************
	on point 0
	on point 5
	on point 10
	on point 15
	on point 20
------------Finished calculations!------------
	Current parameters:
		np_a: 0.565357
		np_b: 2.24121
		np_c: 0.411775
		of_a: -0.272737
		of_b: -0.709
		N_he3: 0.99987
		N_h3: 0.996367
	Current chi2:
		91.5226
**********************************************

************ Fitting in progress *************
	on point 0
	on point 5
	on point 10
	on point 15
	on point 20
------------Finished calculations!------------
	Current parameters:
		np_a: 0.565357
		np_b: 2.24121
		np_c: 0.411775
		of_a: -0.272737
		of_b: -0.709
		N_he3: 0.99988
		N_h3: 0.996377
	Current chi2:
		91.4951
**********************************************

************ Fitting in progress *************
	on point 0
	on point 5
	on point 10
	on point 15
	on point 20
------------Finished calculations!------------
	Current parameters:
		np_a: 0.565357
		np_b: 2.24121
		np_c: 0.411775
		of_a: -0.272737
		of_b: -0.709
		N_he3: 0.99988
		N_h3: 0.996357
	Current chi2:
		91.5018
**********************************************

************ Fitting in progress *************
	on point 0
	on point 5
	on point 10
	on point 15
	on point 20
------------Finished calculations!------------
	Current parameters:
		np_a: 0.582465
		np_b: 2.21743
		np_c: 0.411012
		of_a: -0.272737
		of_b: -0.9588
		N_he3: 1.00404
		N_h3: 0.99497
	Current chi2:
		53.9928
**********************************************

************ Fitting in progress *************
	on point 0
	on point 5
	on point 10
	on point 15
	on point 20
------------Finished calculations!------------
	Current parameters:
		np_a: 0.599908
		np_b: 2.19318
		np_c: 0.410233
		of_a: -0.272737
		of_b: -1.2135
		N_he3: 1.00827
		N_h3: 0.993546
	Current chi2:
		41.3856
**********************************************

************ Fitting in progress *************
	on point 0
	on point 5
	on point 10
	on point 15
	on point 20
------------Finished calculations!------------
	Current parameters:
		np_a: 0.599927
		np_b: 2.19318
		np_c: 0.410233
		of_a: -0.272737
		of_b: -1.2135
		N_he3: 1.00827
		N_h3: 0.993546
	Current chi2:
		41.3867
**********************************************

************ Fitting in progress *************
	on point 0
	on point 5
	on point 10
	on point 15
	on point 20
------------Finished calculations!------------
	Current parameters:
		np_a: 0.599888
		np_b: 2.19318
		np_c: 0.410233
		of_a: -0.272737
		of_b: -1.2135
		N_he3: 1.00827
		N_h3: 0.993546
	Current chi2:
		41.3846
**********************************************

************ Fitting in progress *************
	on point 0
	on point 5
	on point 10
	on point 15
	on point 20
------------Finished calculations!------------
	Current parameters:
		np_a: 0.599908
		np_b: 2.19327
		np_c: 0.410233
		of_a: -0.272737
		of_b: -1.2135
		N_he3: 1.00827
		N_h3: 0.993546
	Current chi2:
		41.3845
**********************************************

************ Fitting in progress *************
	on point 0
	on point 5
	on point 10
	on point 15
	on point 20
------------Finished calculations!------------
	Current parameters:
		np_a: 0.599908
		np_b: 2.1931
		np_c: 0.410233
		of_a: -0.272737
		of_b: -1.2135
		N_he3: 1.00827
		N_h3: 0.993546
	Current chi2:
		41.3868
**********************************************

************ Fitting in progress *************
	on point 0
	on point 5
	on point 10
	on point 15
	on point 20
------------Finished calculations!------------
	Current parameters:
		np_a: 0.599908
		np_b: 2.19318
		np_c: 0.41024
		of_a: -0.272737
		of_b: -1.2135
		N_he3: 1.00827
		N_h3: 0.993546
	Current chi2:
		41.3864
**********************************************

************ Fitting in progress *************
	on point 0
	on point 5
	on point 10
	on point 15
	on point 20
------------Finished calculations!------------
	Current parameters:
		np_a: 0.599908
		np_b: 2.19318
		np_c: 0.410226
		of_a: -0.272737
		of_b: -1.2135
		N_he3: 1.00827
		N_h3: 0.993546
	Current chi2:
		41.3849
**********************************************

************ Fitting in progress *************
	on point 0
	on point 5
	on point 10
	on point 15
	on point 20
------------Finished calculations!------------
	Current parameters:
		np_a: 0.599908
		np_b: 2.19318
		np_c: 0.410233
		of_a: -0.272737
		of_b: -1.21325
		N_he3: 1.00827
		N_h3: 0.993546
	Current chi2:
		41.3882
**********************************************

************ Fitting in progress *************
	on point 0
	on point 5
	on point 10
	on point 15
	on point 20
------------Finished calculations!------------
	Current parameters:
		np_a: 0.599908
		np_b: 2.19318
		np_c: 0.410233
		of_a: -0.272737
		of_b: -1.21374
		N_he3: 1.00827
		N_h3: 0.993546
	Current chi2:
		41.3831
**********************************************

************ Fitting in progress *************
	on point 0
	on point 5
	on point 10
	on point 15
	on point 20
------------Finished calculations!------------
	Current parameters:
		np_a: 0.599908
		np_b: 2.19318
		np_c: 0.410233
		of_a: -0.272737
		of_b: -1.2135
		N_he3: 1.00828
		N_h3: 0.993546
	Current chi2:
		41.3886
**********************************************

************ Fitting in progress *************
	on point 0
	on point 5
	on point 10
	on point 15
	on point 20
------------Finished calculations!------------
	Current parameters:
		np_a: 0.599908
		np_b: 2.19318
		np_c: 0.410233
		of_a: -0.272737
		of_b: -1.2135
		N_he3: 1.00827
		N_h3: 0.993546
	Current chi2:
		41.3827
**********************************************

************ Fitting in progress *************
	on point 0
	on point 5
	on point 10
	on point 15
	on point 20
------------Finished calculations!------------
	Current parameters:
		np_a: 0.599908
		np_b: 2.19318
		np_c: 0.410233
		of_a: -0.272737
		of_b: -1.2135
		N_he3: 1.00827
		N_h3: 0.993553
	Current chi2:
		41.3853
**********************************************

************ Fitting in progress *************
	on point 0
	on point 5
	on point 10
	on point 15
	on point 20
------------Finished calculations!------------
	Current parameters:
		np_a: 0.599908
		np_b: 2.19318
		np_c: 0.410233
		of_a: -0.272737
		of_b: -1.2135
		N_he3: 1.00827
		N_h3: 0.99354
	Current chi2:
		41.3859
**********************************************

************ Fitting in progress *************
	on point 0
	on point 5
	on point 10
	on point 15
	on point 20
------------Finished calculations!------------
	Current parameters:
		np_a: 0.599937
		np_b: 2.19347
		np_c: 0.410312
		of_a: -0.272737
		of_b: -1.23637
		N_he3: 1.00751
		N_h3: 0.993917
	Current chi2:
		41.0929
**********************************************

************ Fitting in progress *************
	on point 0
	on point 5
	on point 10
	on point 15
	on point 20
------------Finished calculations!------------
	Current parameters:
		np_a: 0.599955
		np_b: 2.19347
		np_c: 0.410312
		of_a: -0.272737
		of_b: -1.23637
		N_he3: 1.00751
		N_h3: 0.993917
	Current chi2:
		41.0933
**********************************************

************ Fitting in progress *************
	on point 0
	on point 5
	on point 10
	on point 15
	on point 20
------------Finished calculations!------------
	Current parameters:
		np_a: 0.599918
		np_b: 2.19347
		np_c: 0.410312
		of_a: -0.272737
		of_b: -1.23637
		N_he3: 1.00751
		N_h3: 0.993917
	Current chi2:
		41.0925
**********************************************

************ Fitting in progress *************
	on point 0
	on point 5
	on point 10
	on point 15
	on point 20
------------Finished calculations!------------
	Current parameters:
		np_a: 0.599937
		np_b: 2.19355
		np_c: 0.410312
		of_a: -0.272737
		of_b: -1.23637
		N_he3: 1.00751
		N_h3: 0.993917
	Current chi2:
		41.0928
**********************************************

************ Fitting in progress *************
	on point 0
	on point 5
	on point 10
	on point 15
	on point 20
------------Finished calculations!------------
	Current parameters:
		np_a: 0.599937
		np_b: 2.19339
		np_c: 0.410312
		of_a: -0.272737
		of_b: -1.23637
		N_he3: 1.00751
		N_h3: 0.993917
	Current chi2:
		41.093
**********************************************

************ Fitting in progress *************
	on point 0
	on point 5
	on point 10
	on point 15
	on point 20
------------Finished calculations!------------
	Current parameters:
		np_a: 0.599937
		np_b: 2.19347
		np_c: 0.410318
		of_a: -0.272737
		of_b: -1.23637
		N_he3: 1.00751
		N_h3: 0.993917
	Current chi2:
		41.0925
**********************************************

************ Fitting in progress *************
	on point 0
	on point 5
	on point 10
	on point 15
	on point 20
------------Finished calculations!------------
	Current parameters:
		np_a: 0.599937
		np_b: 2.19347
		np_c: 0.410305
		of_a: -0.272737
		of_b: -1.23637
		N_he3: 1.00751
		N_h3: 0.993917
	Current chi2:
		41.0934
**********************************************

************ Fitting in progress *************
	on point 0
	on point 5
	on point 10
	on point 15
	on point 20
------------Finished calculations!------------
	Current parameters:
		np_a: 0.599937
		np_b: 2.19347
		np_c: 0.410312
		of_a: -0.272737
		of_b: -1.23613
		N_he3: 1.00751
		N_h3: 0.993917
	Current chi2:
		41.0932
**********************************************

************ Fitting in progress *************
	on point 0
	on point 5
	on point 10
	on point 15
	on point 20
------------Finished calculations!------------
	Current parameters:
		np_a: 0.599937
		np_b: 2.19347
		np_c: 0.410312
		of_a: -0.272737
		of_b: -1.23661
		N_he3: 1.00751
		N_h3: 0.993917
	Current chi2:
		41.0927
**********************************************

************ Fitting in progress *************
	on point 0
	on point 5
	on point 10
	on point 15
	on point 20
------------Finished calculations!------------
	Current parameters:
		np_a: 0.599937
		np_b: 2.19347
		np_c: 0.410312
		of_a: -0.272737
		of_b: -1.23637
		N_he3: 1.00751
		N_h3: 0.993917
	Current chi2:
		41.0926
**********************************************

************ Fitting in progress *************
	on point 0
	on point 5
	on point 10
	on point 15
	on point 20
------------Finished calculations!------------
	Current parameters:
		np_a: 0.599937
		np_b: 2.19347
		np_c: 0.410312
		of_a: -0.272737
		of_b: -1.23637
		N_he3: 1.0075
		N_h3: 0.993917
	Current chi2:
		41.0933
**********************************************

************ Fitting in progress *************
	on point 0
	on point 5
	on point 10
	on point 15
	on point 20
------------Finished calculations!------------
	Current parameters:
		np_a: 0.599937
		np_b: 2.19347
		np_c: 0.410312
		of_a: -0.272737
		of_b: -1.23637
		N_he3: 1.00751
		N_h3: 0.993924
	Current chi2:
		41.0928
**********************************************

************ Fitting in progress *************
	on point 0
	on point 5
	on point 10
	on point 15
	on point 20
------------Finished calculations!------------
	Current parameters:
		np_a: 0.599937
		np_b: 2.19347
		np_c: 0.410312
		of_a: -0.272737
		of_b: -1.23637
		N_he3: 1.00751
		N_h3: 0.993911
	Current chi2:
		41.093
**********************************************

************ Fitting in progress *************
	on point 0
	on point 5
	on point 10
	on point 15
	on point 20
------------Finished calculations!------------
	Current parameters:
		np_a: 0.599591
		np_b: 2.19392
		np_c: 0.410444
		of_a: -0.272737
		of_b: -1.23983
		N_he3: 1.00758
		N_h3: 0.993958
	Current chi2:
		41.0698
**********************************************

************ Fitting in progress *************
	on point 0
	on point 5
	on point 10
	on point 15
	on point 20
------------Finished calculations!------------
	Current parameters:
		np_a: 0.59821
		np_b: 2.19572
		np_c: 0.410976
		of_a: -0.272737
		of_b: -1.25365
		N_he3: 1.00788
		N_h3: 0.99412
	Current chi2:
		40.9895
**********************************************

************ Fitting in progress *************
	on point 0
	on point 5
	on point 10
	on point 15
	on point 20
------------Finished calculations!------------
	Current parameters:
		np_a: 0.594756
		np_b: 2.20021
		np_c: 0.412303
		of_a: -0.272737
		of_b: -1.2882
		N_he3: 1.00861
		N_h3: 0.994524
	Current chi2:
		40.8746
**********************************************

************ Fitting in progress *************
	on point 0
	on point 5
	on point 10
	on point 15
	on point 20
------------Finished calculations!------------
	Current parameters:
		np_a: 0.593238
		np_b: 2.20218
		np_c: 0.412887
		of_a: -0.272737
		of_b: -1.30338
		N_he3: 1.00893
		N_h3: 0.994702
	Current chi2:
		40.8626
**********************************************

************ Fitting in progress *************
	on point 0
	on point 5
	on point 10
	on point 15
	on point 20
------------Finished calculations!------------
	Current parameters:
		np_a: 0.593257
		np_b: 2.20218
		np_c: 0.412887
		of_a: -0.272737
		of_b: -1.30338
		N_he3: 1.00893
		N_h3: 0.994702
	Current chi2:
		40.8613
**********************************************

************ Fitting in progress *************
	on point 0
	on point 5
	on point 10
	on point 15
	on point 20
------------Finished calculations!------------
	Current parameters:
		np_a: 0.593219
		np_b: 2.20218
		np_c: 0.412887
		of_a: -0.272737
		of_b: -1.30338
		N_he3: 1.00893
		N_h3: 0.994702
	Current chi2:
		40.8639
**********************************************

************ Fitting in progress *************
	on point 0
	on point 5
	on point 10
	on point 15
	on point 20
------------Finished calculations!------------
	Current parameters:
		np_a: 0.593238
		np_b: 2.20226
		np_c: 0.412887
		of_a: -0.272737
		of_b: -1.30338
		N_he3: 1.00893
		N_h3: 0.994702
	Current chi2:
		40.8636
**********************************************

************ Fitting in progress *************
	on point 0
	on point 5
	on point 10
	on point 15
	on point 20
------------Finished calculations!------------
	Current parameters:
		np_a: 0.593238
		np_b: 2.2021
		np_c: 0.412887
		of_a: -0.272737
		of_b: -1.30338
		N_he3: 1.00893
		N_h3: 0.994702
	Current chi2:
		40.8616
**********************************************

************ Fitting in progress *************
	on point 0
	on point 5
	on point 10
	on point 15
	on point 20
------------Finished calculations!------------
	Current parameters:
		np_a: 0.593238
		np_b: 2.20218
		np_c: 0.412893
		of_a: -0.272737
		of_b: -1.30338
		N_he3: 1.00893
		N_h3: 0.994702
	Current chi2:
		40.8611
**********************************************

************ Fitting in progress *************
	on point 0
	on point 5
	on point 10
	on point 15
	on point 20
------------Finished calculations!------------
	Current parameters:
		np_a: 0.593238
		np_b: 2.20218
		np_c: 0.41288
		of_a: -0.272737
		of_b: -1.30338
		N_he3: 1.00893
		N_h3: 0.994702
	Current chi2:
		40.8641
**********************************************

************ Fitting in progress *************
	on point 0
	on point 5
	on point 10
	on point 15
	on point 20
------------Finished calculations!------------
	Current parameters:
		np_a: 0.593238
		np_b: 2.20218
		np_c: 0.412887
		of_a: -0.272737
		of_b: -1.30314
		N_he3: 1.00893
		N_h3: 0.994702
	Current chi2:
		40.8624
**********************************************

************ Fitting in progress *************
	on point 0
	on point 5
	on point 10
	on point 15
	on point 20
------------Finished calculations!------------
	Current parameters:
		np_a: 0.593238
		np_b: 2.20218
		np_c: 0.412887
		of_a: -0.272737
		of_b: -1.30363
		N_he3: 1.00893
		N_h3: 0.994702
	Current chi2:
		40.8628
**********************************************

************ Fitting in progress *************
	on point 0
	on point 5
	on point 10
	on point 15
	on point 20
------------Finished calculations!------------
	Current parameters:
		np_a: 0.593238
		np_b: 2.20218
		np_c: 0.412887
		of_a: -0.272737
		of_b: -1.30338
		N_he3: 1.00894
		N_h3: 0.994702
	Current chi2:
		40.8633
**********************************************

************ Fitting in progress *************
	on point 0
	on point 5
	on point 10
	on point 15
	on point 20
------------Finished calculations!------------
	Current parameters:
		np_a: 0.593238
		np_b: 2.20218
		np_c: 0.412887
		of_a: -0.272737
		of_b: -1.30338
		N_he3: 1.00893
		N_h3: 0.994702
	Current chi2:
		40.8619
**********************************************

************ Fitting in progress *************
	on point 0
	on point 5
	on point 10
	on point 15
	on point 20
------------Finished calculations!------------
	Current parameters:
		np_a: 0.593238
		np_b: 2.20218
		np_c: 0.412887
		of_a: -0.272737
		of_b: -1.30338
		N_he3: 1.00893
		N_h3: 0.994708
	Current chi2:
		40.861
**********************************************

************ Fitting in progress *************
	on point 0
	on point 5
	on point 10
	on point 15
	on point 20
------------Finished calculations!------------
	Current parameters:
		np_a: 0.593238
		np_b: 2.20218
		np_c: 0.412887
		of_a: -0.272737
		of_b: -1.30338
		N_he3: 1.00893
		N_h3: 0.994695
	Current chi2:
		40.8642
**********************************************

************ Fitting in progress *************
	on point 0
	on point 5
	on point 10
	on point 15
	on point 20
------------Finished calculations!------------
	Current parameters:
		np_a: 0.590967
		np_b: 2.20508
		np_c: 0.414177
		of_a: -0.272737
		of_b: -1.33953
		N_he3: 1.00923
		N_h3: 0.995309
	Current chi2:
		40.7278
**********************************************

************ Fitting in progress *************
	on point 0
	on point 5
	on point 10
	on point 15
	on point 20
------------Finished calculations!------------
	Current parameters:
		np_a: 0.589242
		np_b: 2.20728
		np_c: 0.415156
		of_a: -0.272737
		of_b: -1.36698
		N_he3: 1.00945
		N_h3: 0.995771
	Current chi2:
		40.6973
**********************************************

************ Fitting in progress *************
	on point 0
	on point 5
	on point 10
	on point 15
	on point 20
------------Finished calculations!------------
	Current parameters:
		np_a: 0.589261
		np_b: 2.20728
		np_c: 0.415156
		of_a: -0.272737
		of_b: -1.36698
		N_he3: 1.00945
		N_h3: 0.995771
	Current chi2:
		40.6971
**********************************************

************ Fitting in progress *************
	on point 0
	on point 5
	on point 10
	on point 15
	on point 20
------------Finished calculations!------------
	Current parameters:
		np_a: 0.589223
		np_b: 2.20728
		np_c: 0.415156
		of_a: -0.272737
		of_b: -1.36698
		N_he3: 1.00945
		N_h3: 0.995771
	Current chi2:
		40.6974
**********************************************

************ Fitting in progress *************
	on point 0
	on point 5
	on point 10
	on point 15
	on point 20
------------Finished calculations!------------
	Current parameters:
		np_a: 0.589242
		np_b: 2.20736
		np_c: 0.415156
		of_a: -0.272737
		of_b: -1.36698
		N_he3: 1.00945
		N_h3: 0.995771
	Current chi2:
		40.6968
**********************************************

************ Fitting in progress *************
	on point 0
	on point 5
	on point 10
	on point 15
	on point 20
------------Finished calculations!------------
	Current parameters:
		np_a: 0.589242
		np_b: 2.2072
		np_c: 0.415156
		of_a: -0.272737
		of_b: -1.36698
		N_he3: 1.00945
		N_h3: 0.995771
	Current chi2:
		40.6977
**********************************************

************ Fitting in progress *************
	on point 0
	on point 5
	on point 10
	on point 15
	on point 20
------------Finished calculations!------------
	Current parameters:
		np_a: 0.589242
		np_b: 2.20728
		np_c: 0.415163
		of_a: -0.272737
		of_b: -1.36698
		N_he3: 1.00945
		N_h3: 0.995771
	Current chi2:
		40.6971
**********************************************

************ Fitting in progress *************
	on point 0
	on point 5
	on point 10
	on point 15
	on point 20
------------Finished calculations!------------
	Current parameters:
		np_a: 0.589242
		np_b: 2.20728
		np_c: 0.41515
		of_a: -0.272737
		of_b: -1.36698
		N_he3: 1.00945
		N_h3: 0.995771
	Current chi2:
		40.6974
**********************************************

************ Fitting in progress *************
	on point 0
	on point 5
	on point 10
	on point 15
	on point 20
------------Finished calculations!------------
	Current parameters:
		np_a: 0.589242
		np_b: 2.20728
		np_c: 0.415156
		of_a: -0.272737
		of_b: -1.36674
		N_he3: 1.00945
		N_h3: 0.995771
	Current chi2:
		40.6972
**********************************************

************ Fitting in progress *************
	on point 0
	on point 5
	on point 10
	on point 15
	on point 20
------------Finished calculations!------------
	Current parameters:
		np_a: 0.589242
		np_b: 2.20728
		np_c: 0.415156
		of_a: -0.272737
		of_b: -1.36722
		N_he3: 1.00945
		N_h3: 0.995771
	Current chi2:
		40.6973
**********************************************

************ Fitting in progress *************
	on point 0
	on point 5
	on point 10
	on point 15
	on point 20
------------Finished calculations!------------
	Current parameters:
		np_a: 0.589242
		np_b: 2.20728
		np_c: 0.415156
		of_a: -0.272737
		of_b: -1.36698
		N_he3: 1.00946
		N_h3: 0.995771
	Current chi2:
		40.6973
**********************************************

************ Fitting in progress *************
	on point 0
	on point 5
	on point 10
	on point 15
	on point 20
------------Finished calculations!------------
	Current parameters:
		np_a: 0.589242
		np_b: 2.20728
		np_c: 0.415156
		of_a: -0.272737
		of_b: -1.36698
		N_he3: 1.00944
		N_h3: 0.995771
	Current chi2:
		40.6972
**********************************************

************ Fitting in progress *************
	on point 0
	on point 5
	on point 10
	on point 15
	on point 20
------------Finished calculations!------------
	Current parameters:
		np_a: 0.589242
		np_b: 2.20728
		np_c: 0.415156
		of_a: -0.272737
		of_b: -1.36698
		N_he3: 1.00945
		N_h3: 0.995778
	Current chi2:
		40.6974
**********************************************

************ Fitting in progress *************
	on point 0
	on point 5
	on point 10
	on point 15
	on point 20
------------Finished calculations!------------
	Current parameters:
		np_a: 0.589242
		np_b: 2.20728
		np_c: 0.415156
		of_a: -0.272737
		of_b: -1.36698
		N_he3: 1.00945
		N_h3: 0.995765
	Current chi2:
		40.6971
**********************************************

************ Fitting in progress *************
	on point 0
	on point 5
	on point 10
	on point 15
	on point 20
------------Finished calculations!------------
	Current parameters:
		np_a: 0.589329
		np_b: 2.20909
		np_c: 0.415278
		of_a: -0.272737
		of_b: -1.36724
		N_he3: 1.00944
		N_h3: 0.995772
	Current chi2:
		40.6836
**********************************************

************ Fitting in progress *************
	on point 0
	on point 5
	on point 10
	on point 15
	on point 20
------------Finished calculations!------------
	Current parameters:
		np_a: 0.589676
		np_b: 2.21634
		np_c: 0.415763
		of_a: -0.272737
		of_b: -1.36829
		N_he3: 1.00937
		N_h3: 0.995778
	Current chi2:
		40.6333
**********************************************

************ Fitting in progress *************
	on point 0
	on point 5
	on point 10
	on point 15
	on point 20
------------Finished calculations!------------
	Current parameters:
		np_a: 0.590545
		np_b: 2.23445
		np_c: 0.416975
		of_a: -0.272737
		of_b: -1.3709
		N_he3: 1.00922
		N_h3: 0.995792
	Current chi2:
		40.5384
**********************************************

************ Fitting in progress *************
	on point 0
	on point 5
	on point 10
	on point 15
	on point 20
------------Finished calculations!------------
	Current parameters:
		np_a: 0.591994
		np_b: 2.26465
		np_c: 0.418997
		of_a: -0.272737
		of_b: -1.37526
		N_he3: 1.00896
		N_h3: 0.995815
	Current chi2:
		40.4764
**********************************************

************ Fitting in progress *************
	on point 0
	on point 5
	on point 10
	on point 15
	on point 20
------------Finished calculations!------------
	Current parameters:
		np_a: 0.592013
		np_b: 2.26465
		np_c: 0.418997
		of_a: -0.272737
		of_b: -1.37526
		N_he3: 1.00896
		N_h3: 0.995815
	Current chi2:
		40.4756
**********************************************

************ Fitting in progress *************
	on point 0
	on point 5
	on point 10
	on point 15
	on point 20
------------Finished calculations!------------
	Current parameters:
		np_a: 0.591975
		np_b: 2.26465
		np_c: 0.418997
		of_a: -0.272737
		of_b: -1.37526
		N_he3: 1.00896
		N_h3: 0.995815
	Current chi2:
		40.4772
**********************************************

************ Fitting in progress *************
	on point 0
	on point 5
	on point 10
	on point 15
	on point 20
------------Finished calculations!------------
	Current parameters:
		np_a: 0.591994
		np_b: 2.26473
		np_c: 0.418997
		of_a: -0.272737
		of_b: -1.37526
		N_he3: 1.00896
		N_h3: 0.995815
	Current chi2:
		40.4768
**********************************************

************ Fitting in progress *************
	on point 0
	on point 5
	on point 10
	on point 15
	on point 20
------------Finished calculations!------------
	Current parameters:
		np_a: 0.591994
		np_b: 2.26457
		np_c: 0.418997
		of_a: -0.272737
		of_b: -1.37526
		N_he3: 1.00896
		N_h3: 0.995815
	Current chi2:
		40.476
**********************************************

************ Fitting in progress *************
	on point 0
	on point 5
	on point 10
	on point 15
	on point 20
------------Finished calculations!------------
	Current parameters:
		np_a: 0.591994
		np_b: 2.26465
		np_c: 0.419004
		of_a: -0.272737
		of_b: -1.37526
		N_he3: 1.00896
		N_h3: 0.995815
	Current chi2:
		40.4759
**********************************************

************ Fitting in progress *************
	on point 0
	on point 5
	on point 10
	on point 15
	on point 20
------------Finished calculations!------------
	Current parameters:
		np_a: 0.591994
		np_b: 2.26465
		np_c: 0.41899
		of_a: -0.272737
		of_b: -1.37526
		N_he3: 1.00896
		N_h3: 0.995815
	Current chi2:
		40.4769
**********************************************

************ Fitting in progress *************
	on point 0
	on point 5
	on point 10
	on point 15
	on point 20
------------Finished calculations!------------
	Current parameters:
		np_a: 0.591994
		np_b: 2.26465
		np_c: 0.418997
		of_a: -0.272737
		of_b: -1.37502
		N_he3: 1.00896
		N_h3: 0.995815
	Current chi2:
		40.4764
**********************************************

************ Fitting in progress *************
	on point 0
	on point 5
	on point 10
	on point 15
	on point 20
------------Finished calculations!------------
	Current parameters:
		np_a: 0.591994
		np_b: 2.26465
		np_c: 0.418997
		of_a: -0.272737
		of_b: -1.3755
		N_he3: 1.00896
		N_h3: 0.995815
	Current chi2:
		40.4764
**********************************************

************ Fitting in progress *************
	on point 0
	on point 5
	on point 10
	on point 15
	on point 20
------------Finished calculations!------------
	Current parameters:
		np_a: 0.591994
		np_b: 2.26465
		np_c: 0.418997
		of_a: -0.272737
		of_b: -1.37526
		N_he3: 1.00897
		N_h3: 0.995815
	Current chi2:
		40.4748
**********************************************

************ Fitting in progress *************
	on point 0
	on point 5
	on point 10
	on point 15
	on point 20
------------Finished calculations!------------
	Current parameters:
		np_a: 0.591994
		np_b: 2.26465
		np_c: 0.418997
		of_a: -0.272737
		of_b: -1.37526
		N_he3: 1.00896
		N_h3: 0.995815
	Current chi2:
		40.478
**********************************************

************ Fitting in progress *************
	on point 0
	on point 5
	on point 10
	on point 15
	on point 20
------------Finished calculations!------------
	Current parameters:
		np_a: 0.591994
		np_b: 2.26465
		np_c: 0.418997
		of_a: -0.272737
		of_b: -1.37526
		N_he3: 1.00896
		N_h3: 0.995822
	Current chi2:
		40.4768
**********************************************

************ Fitting in progress *************
	on point 0
	on point 5
	on point 10
	on point 15
	on point 20
------------Finished calculations!------------
	Current parameters:
		np_a: 0.591994
		np_b: 2.26465
		np_c: 0.418997
		of_a: -0.272737
		of_b: -1.37526
		N_he3: 1.00896
		N_h3: 0.995809
	Current chi2:
		40.476
**********************************************

************ Fitting in progress *************
	on point 0
	on point 5
	on point 10
	on point 15
	on point 20
------------Finished calculations!------------
	Current parameters:
		np_a: 0.592478
		np_b: 2.29914
		np_c: 0.422194
		of_a: -0.272737
		of_b: -1.42123
		N_he3: 1.00964
		N_h3: 0.995968
	Current chi2:
		40.2848
**********************************************

************ Fitting in progress *************
	on point 0
	on point 5
	on point 10
	on point 15
	on point 20
------------Finished calculations!------------
	Current parameters:
		np_a: 0.593096
		np_b: 2.34329
		np_c: 0.426286
		of_a: -0.272737
		of_b: -1.48006
		N_he3: 1.01051
		N_h3: 0.996163
	Current chi2:
		40.2017
**********************************************

************ Fitting in progress *************
	on point 0
	on point 5
	on point 10
	on point 15
	on point 20
------------Finished calculations!------------
	Current parameters:
		np_a: 0.593115
		np_b: 2.34329
		np_c: 0.426286
		of_a: -0.272737
		of_b: -1.48006
		N_he3: 1.01051
		N_h3: 0.996163
	Current chi2:
		40.2021
**********************************************

************ Fitting in progress *************
	on point 0
	on point 5
	on point 10
	on point 15
	on point 20
------------Finished calculations!------------
	Current parameters:
		np_a: 0.593077
		np_b: 2.34329
		np_c: 0.426286
		of_a: -0.272737
		of_b: -1.48006
		N_he3: 1.01051
		N_h3: 0.996163
	Current chi2:
		40.2013
**********************************************

************ Fitting in progress *************
	on point 0
	on point 5
	on point 10
	on point 15
	on point 20
------------Finished calculations!------------
	Current parameters:
		np_a: 0.593096
		np_b: 2.34338
		np_c: 0.426286
		of_a: -0.272737
		of_b: -1.48006
		N_he3: 1.01051
		N_h3: 0.996163
	Current chi2:
		40.2012
**********************************************

************ Fitting in progress *************
	on point 0
	on point 5
	on point 10
	on point 15
	on point 20
------------Finished calculations!------------
	Current parameters:
		np_a: 0.593096
		np_b: 2.34321
		np_c: 0.426286
		of_a: -0.272737
		of_b: -1.48006
		N_he3: 1.01051
		N_h3: 0.996163
	Current chi2:
		40.2021
**********************************************

************ Fitting in progress *************
	on point 0
	on point 5
	on point 10
	on point 15
	on point 20
------------Finished calculations!------------
	Current parameters:
		np_a: 0.593096
		np_b: 2.34329
		np_c: 0.426293
		of_a: -0.272737
		of_b: -1.48006
		N_he3: 1.01051
		N_h3: 0.996163
	Current chi2:
		40.2022
**********************************************

************ Fitting in progress *************
	on point 0
	on point 5
	on point 10
	on point 15
	on point 20
------------Finished calculations!------------
	Current parameters:
		np_a: 0.593096
		np_b: 2.34329
		np_c: 0.42628
		of_a: -0.272737
		of_b: -1.48006
		N_he3: 1.01051
		N_h3: 0.996163
	Current chi2:
		40.2012
**********************************************

************ Fitting in progress *************
	on point 0
	on point 5
	on point 10
	on point 15
	on point 20
------------Finished calculations!------------
	Current parameters:
		np_a: 0.593096
		np_b: 2.34329
		np_c: 0.426286
		of_a: -0.272737
		of_b: -1.47983
		N_he3: 1.01051
		N_h3: 0.996163
	Current chi2:
		40.2022
**********************************************

************ Fitting in progress *************
	on point 0
	on point 5
	on point 10
	on point 15
	on point 20
------------Finished calculations!------------
	Current parameters:
		np_a: 0.593096
		np_b: 2.34329
		np_c: 0.426286
		of_a: -0.272737
		of_b: -1.4803
		N_he3: 1.01051
		N_h3: 0.996163
	Current chi2:
		40.2011
**********************************************

************ Fitting in progress *************
	on point 0
	on point 5
	on point 10
	on point 15
	on point 20
------------Finished calculations!------------
	Current parameters:
		np_a: 0.593096
		np_b: 2.34329
		np_c: 0.426286
		of_a: -0.272737
		of_b: -1.48006
		N_he3: 1.01051
		N_h3: 0.996163
	Current chi2:
		40.202
**********************************************

************ Fitting in progress *************
	on point 0
	on point 5
	on point 10
	on point 15
	on point 20
------------Finished calculations!------------
	Current parameters:
		np_a: 0.593096
		np_b: 2.34329
		np_c: 0.426286
		of_a: -0.272737
		of_b: -1.48006
		N_he3: 1.0105
		N_h3: 0.996163
	Current chi2:
		40.2014
**********************************************

************ Fitting in progress *************
	on point 0
	on point 5
	on point 10
	on point 15
	on point 20
------------Finished calculations!------------
	Current parameters:
		np_a: 0.593096
		np_b: 2.34329
		np_c: 0.426286
		of_a: -0.272737
		of_b: -1.48006
		N_he3: 1.01051
		N_h3: 0.99617
	Current chi2:
		40.2025
**********************************************

************ Fitting in progress *************
	on point 0
	on point 5
	on point 10
	on point 15
	on point 20
------------Finished calculations!------------
	Current parameters:
		np_a: 0.593096
		np_b: 2.34329
		np_c: 0.426286
		of_a: -0.272737
		of_b: -1.48006
		N_he3: 1.01051
		N_h3: 0.996157
	Current chi2:
		40.2009
**********************************************

************ Fitting in progress *************
	on point 0
	on point 5
	on point 10
	on point 15
	on point 20
------------Finished calculations!------------
	Current parameters:
		np_a: 0.594014
		np_b: 2.34236
		np_c: 0.425939
		of_a: -0.272737
		of_b: -1.47567
		N_he3: 1.01039
		N_h3: 0.99589
	Current chi2:
		40.1866
**********************************************

************ Fitting in progress *************
	on point 0
	on point 5
	on point 10
	on point 15
	on point 20
------------Finished calculations!------------
	Current parameters:
		np_a: 0.594034
		np_b: 2.34236
		np_c: 0.425939
		of_a: -0.272737
		of_b: -1.47567
		N_he3: 1.01039
		N_h3: 0.99589
	Current chi2:
		40.1867
**********************************************

************ Fitting in progress *************
	on point 0
	on point 5
	on point 10
	on point 15
	on point 20
------------Finished calculations!------------
	Current parameters:
		np_a: 0.593994
		np_b: 2.34236
		np_c: 0.425939
		of_a: -0.272737
		of_b: -1.47567
		N_he3: 1.01039
		N_h3: 0.99589
	Current chi2:
		40.1866
**********************************************

************ Fitting in progress *************
	on point 0
	on point 5
	on point 10
	on point 15
	on point 20
------------Finished calculations!------------
	Current parameters:
		np_a: 0.594014
		np_b: 2.34245
		np_c: 0.425939
		of_a: -0.272737
		of_b: -1.47567
		N_he3: 1.01039
		N_h3: 0.99589
	Current chi2:
		40.1867
**********************************************

************ Fitting in progress *************
	on point 0
	on point 5
	on point 10
	on point 15
	on point 20
------------Finished calculations!------------
	Current parameters:
		np_a: 0.594014
		np_b: 2.34227
		np_c: 0.425939
		of_a: -0.272737
		of_b: -1.47567
		N_he3: 1.01039
		N_h3: 0.99589
	Current chi2:
		40.1865
**********************************************

************ Fitting in progress *************
	on point 0
	on point 5
	on point 10
	on point 15
	on point 20
------------Finished calculations!------------
	Current parameters:
		np_a: 0.594014
		np_b: 2.34236
		np_c: 0.425946
		of_a: -0.272737
		of_b: -1.47567
		N_he3: 1.01039
		N_h3: 0.99589
	Current chi2:
		40.1865
**********************************************

************ Fitting in progress *************
	on point 0
	on point 5
	on point 10
	on point 15
	on point 20
------------Finished calculations!------------
	Current parameters:
		np_a: 0.594014
		np_b: 2.34236
		np_c: 0.425932
		of_a: -0.272737
		of_b: -1.47567
		N_he3: 1.01039
		N_h3: 0.99589
	Current chi2:
		40.1868
**********************************************

************ Fitting in progress *************
	on point 0
	on point 5
	on point 10
	on point 15
	on point 20
------------Finished calculations!------------
	Current parameters:
		np_a: 0.594014
		np_b: 2.34236
		np_c: 0.425939
		of_a: -0.272737
		of_b: -1.47543
		N_he3: 1.01039
		N_h3: 0.99589
	Current chi2:
		40.1866
**********************************************

************ Fitting in progress *************
	on point 0
	on point 5
	on point 10
	on point 15
	on point 20
------------Finished calculations!------------
	Current parameters:
		np_a: 0.594014
		np_b: 2.34236
		np_c: 0.425939
		of_a: -0.272737
		of_b: -1.47591
		N_he3: 1.01039
		N_h3: 0.99589
	Current chi2:
		40.1867
**********************************************

************ Fitting in progress *************
	on point 0
	on point 5
	on point 10
	on point 15
	on point 20
------------Finished calculations!------------
	Current parameters:
		np_a: 0.594014
		np_b: 2.34236
		np_c: 0.425939
		of_a: -0.272737
		of_b: -1.47567
		N_he3: 1.0104
		N_h3: 0.99589
	Current chi2:
		40.1868
**********************************************

************ Fitting in progress *************
	on point 0
	on point 5
	on point 10
	on point 15
	on point 20
------------Finished calculations!------------
	Current parameters:
		np_a: 0.594014
		np_b: 2.34236
		np_c: 0.425939
		of_a: -0.272737
		of_b: -1.47567
		N_he3: 1.01039
		N_h3: 0.99589
	Current chi2:
		40.1865
**********************************************

************ Fitting in progress *************
	on point 0
	on point 5
	on point 10
	on point 15
	on point 20
------------Finished calculations!------------
	Current parameters:
		np_a: 0.594014
		np_b: 2.34236
		np_c: 0.425939
		of_a: -0.272737
		of_b: -1.47567
		N_he3: 1.01039
		N_h3: 0.995897
	Current chi2:
		40.1868
**********************************************

************ Fitting in progress *************
	on point 0
	on point 5
	on point 10
	on point 15
	on point 20
------------Finished calculations!------------
	Current parameters:
		np_a: 0.594014
		np_b: 2.34236
		np_c: 0.425939
		of_a: -0.272737
		of_b: -1.47567
		N_he3: 1.01039
		N_h3: 0.995884
	Current chi2:
		40.1865
**********************************************

************ Fitting in progress *************
	on point 0
	on point 5
	on point 10
	on point 15
	on point 20
------------Finished calculations!------------
	Current parameters:
		np_a: 0.594014
		np_b: 2.34236
		np_c: 0.425939
		of_a: -0.272737
		of_b: -1.47567
		N_he3: 1.01039
		N_h3: 0.99589
	Current chi2:
		40.1866
**********************************************

************ Fitting in progress *************
	on point 0
	on point 5
	on point 10
	on point 15
	on point 20
------------Finished calculations!------------
	Current parameters:
		np_a: 0.594034
		np_b: 2.34236
		np_c: 0.425939
		of_a: -0.272737
		of_b: -1.47567
		N_he3: 1.01039
		N_h3: 0.99589
	Current chi2:
		40.1867
**********************************************

************ Fitting in progress *************
	on point 0
	on point 5
	on point 10
	on point 15
	on point 20
------------Finished calculations!------------
	Current parameters:
		np_a: 0.593994
		np_b: 2.34236
		np_c: 0.425939
		of_a: -0.272737
		of_b: -1.47567
		N_he3: 1.01039
		N_h3: 0.99589
	Current chi2:
		40.1866
**********************************************

************ Fitting in progress *************
	on point 0
	on point 5
	on point 10
	on point 15
	on point 20
------------Finished calculations!------------
	Current parameters:
		np_a: 0.594014
		np_b: 2.34245
		np_c: 0.425939
		of_a: -0.272737
		of_b: -1.47567
		N_he3: 1.01039
		N_h3: 0.99589
	Current chi2:
		40.1867
**********************************************

************ Fitting in progress *************
	on point 0
	on point 5
	on point 10
	on point 15
	on point 20
------------Finished calculations!------------
	Current parameters:
		np_a: 0.594014
		np_b: 2.34227
		np_c: 0.425939
		of_a: -0.272737
		of_b: -1.47567
		N_he3: 1.01039
		N_h3: 0.99589
	Current chi2:
		40.1865
**********************************************

************ Fitting in progress *************
	on point 0
	on point 5
	on point 10
	on point 15
	on point 20
------------Finished calculations!------------
	Current parameters:
		np_a: 0.594014
		np_b: 2.34236
		np_c: 0.425946
		of_a: -0.272737
		of_b: -1.47567
		N_he3: 1.01039
		N_h3: 0.99589
	Current chi2:
		40.1865
**********************************************

************ Fitting in progress *************
	on point 0
	on point 5
	on point 10
	on point 15
	on point 20
------------Finished calculations!------------
	Current parameters:
		np_a: 0.594014
		np_b: 2.34236
		np_c: 0.425932
		of_a: -0.272737
		of_b: -1.47567
		N_he3: 1.01039
		N_h3: 0.99589
	Current chi2:
		40.1868
**********************************************

************ Fitting in progress *************
	on point 0
	on point 5
	on point 10
	on point 15
	on point 20
------------Finished calculations!------------
	Current parameters:
		np_a: 0.594014
		np_b: 2.34236
		np_c: 0.425939
		of_a: -0.272737
		of_b: -1.47543
		N_he3: 1.01039
		N_h3: 0.99589
	Current chi2:
		40.1866
**********************************************

************ Fitting in progress *************
	on point 0
	on point 5
	on point 10
	on point 15
	on point 20
------------Finished calculations!------------
	Current parameters:
		np_a: 0.594014
		np_b: 2.34236
		np_c: 0.425939
		of_a: -0.272737
		of_b: -1.47591
		N_he3: 1.01039
		N_h3: 0.99589
	Current chi2:
		40.1867
**********************************************

************ Fitting in progress *************
	on point 0
	on point 5
	on point 10
	on point 15
	on point 20
------------Finished calculations!------------
	Current parameters:
		np_a: 0.594014
		np_b: 2.34236
		np_c: 0.425939
		of_a: -0.272737
		of_b: -1.47567
		N_he3: 1.0104
		N_h3: 0.99589
	Current chi2:
		40.1868
**********************************************

************ Fitting in progress *************
	on point 0
	on point 5
	on point 10
	on point 15
	on point 20
------------Finished calculations!------------
	Current parameters:
		np_a: 0.594014
		np_b: 2.34236
		np_c: 0.425939
		of_a: -0.272737
		of_b: -1.47567
		N_he3: 1.01039
		N_h3: 0.99589
	Current chi2:
		40.1865
**********************************************

************ Fitting in progress *************
	on point 0
	on point 5
	on point 10
	on point 15
	on point 20
------------Finished calculations!------------
	Current parameters:
		np_a: 0.594014
		np_b: 2.34236
		np_c: 0.425939
		of_a: -0.272737
		of_b: -1.47567
		N_he3: 1.01039
		N_h3: 0.995897
	Current chi2:
		40.1868
**********************************************

************ Fitting in progress *************
	on point 0
	on point 5
	on point 10
	on point 15
	on point 20
------------Finished calculations!------------
	Current parameters:
		np_a: 0.594014
		np_b: 2.34236
		np_c: 0.425939
		of_a: -0.272737
		of_b: -1.47567
		N_he3: 1.01039
		N_h3: 0.995884
	Current chi2:
		40.1865
**********************************************

************ Fitting in progress *************
	on point 0
	on point 5
	on point 10
	on point 15
	on point 20
------------Finished calculations!------------
	Current parameters:
		np_a: 0.594018
		np_b: 2.34236
		np_c: 0.425939
		of_a: -0.272737
		of_b: -1.47567
		N_he3: 1.01039
		N_h3: 0.99589
	Current chi2:
		40.1866
**********************************************

************ Fitting in progress *************
	on point 0
	on point 5
	on point 10
	on point 15
	on point 20
------------Finished calculations!------------
	Current parameters:
		np_a: 0.59401
		np_b: 2.34236
		np_c: 0.425939
		of_a: -0.272737
		of_b: -1.47567
		N_he3: 1.01039
		N_h3: 0.99589
	Current chi2:
		40.1866
**********************************************

************ Fitting in progress *************
	on point 0
	on point 5
	on point 10
	on point 15
	on point 20
------------Finished calculations!------------
	Current parameters:
		np_a: 0.594014
		np_b: 2.34238
		np_c: 0.425939
		of_a: -0.272737
		of_b: -1.47567
		N_he3: 1.01039
		N_h3: 0.99589
	Current chi2:
		40.1867
**********************************************

************ Fitting in progress *************
	on point 0
	on point 5
	on point 10
	on point 15
	on point 20
------------Finished calculations!------------
	Current parameters:
		np_a: 0.594014
		np_b: 2.34234
		np_c: 0.425939
		of_a: -0.272737
		of_b: -1.47567
		N_he3: 1.01039
		N_h3: 0.99589
	Current chi2:
		40.1866
**********************************************

************ Fitting in progress *************
	on point 0
	on point 5
	on point 10
	on point 15
	on point 20
------------Finished calculations!------------
	Current parameters:
		np_a: 0.594014
		np_b: 2.34236
		np_c: 0.42594
		of_a: -0.272737
		of_b: -1.47567
		N_he3: 1.01039
		N_h3: 0.99589
	Current chi2:
		40.1866
**********************************************

************ Fitting in progress *************
	on point 0
	on point 5
	on point 10
	on point 15
	on point 20
------------Finished calculations!------------
	Current parameters:
		np_a: 0.594014
		np_b: 2.34236
		np_c: 0.425938
		of_a: -0.272737
		of_b: -1.47567
		N_he3: 1.01039
		N_h3: 0.99589
	Current chi2:
		40.1867
**********************************************

************ Fitting in progress *************
	on point 0
	on point 5
	on point 10
	on point 15
	on point 20
------------Finished calculations!------------
	Current parameters:
		np_a: 0.594014
		np_b: 2.34236
		np_c: 0.425939
		of_a: -0.272737
		of_b: -1.47562
		N_he3: 1.01039
		N_h3: 0.99589
	Current chi2:
		40.1866
**********************************************

************ Fitting in progress *************
	on point 0
	on point 5
	on point 10
	on point 15
	on point 20
------------Finished calculations!------------
	Current parameters:
		np_a: 0.594014
		np_b: 2.34236
		np_c: 0.425939
		of_a: -0.272737
		of_b: -1.47572
		N_he3: 1.01039
		N_h3: 0.99589
	Current chi2:
		40.1866
**********************************************

************ Fitting in progress *************
	on point 0
	on point 5
	on point 10
	on point 15
	on point 20
------------Finished calculations!------------
	Current parameters:
		np_a: 0.594014
		np_b: 2.34236
		np_c: 0.425939
		of_a: -0.272737
		of_b: -1.47567
		N_he3: 1.0104
		N_h3: 0.99589
	Current chi2:
		40.1867
**********************************************

************ Fitting in progress *************
	on point 0
	on point 5
	on point 10
	on point 15
	on point 20
------------Finished calculations!------------
	Current parameters:
		np_a: 0.594014
		np_b: 2.34236
		np_c: 0.425939
		of_a: -0.272737
		of_b: -1.47567
		N_he3: 1.01039
		N_h3: 0.99589
	Current chi2:
		40.1866
**********************************************

************ Fitting in progress *************
	on point 0
	on point 5
	on point 10
	on point 15
	on point 20
------------Finished calculations!------------
	Current parameters:
		np_a: 0.594014
		np_b: 2.34236
		np_c: 0.425939
		of_a: -0.272737
		of_b: -1.47567
		N_he3: 1.01039
		N_h3: 0.995892
	Current chi2:
		40.1867
**********************************************

************ Fitting in progress *************
	on point 0
	on point 5
	on point 10
	on point 15
	on point 20
------------Finished calculations!------------
	Current parameters:
		np_a: 0.594014
		np_b: 2.34236
		np_c: 0.425939
		of_a: -0.272737
		of_b: -1.47567
		N_he3: 1.01039
		N_h3: 0.995889
	Current chi2:
		40.1866
**********************************************

************ Fitting in progress *************
	on point 0
	on point 5
	on point 10
	on point 15
	on point 20
------------Finished calculations!------------
	Current parameters:
		np_a: 0.594034
		np_b: 2.34245
		np_c: 0.425939
		of_a: -0.272737
		of_b: -1.47567
		N_he3: 1.01039
		N_h3: 0.99589
	Current chi2:
		40.1868
**********************************************

************ Fitting in progress *************
	on point 0
	on point 5
	on point 10
	on point 15
	on point 20
------------Finished calculations!------------
	Current parameters:
		np_a: 0.594034
		np_b: 2.34236
		np_c: 0.425946
		of_a: -0.272737
		of_b: -1.47567
		N_he3: 1.01039
		N_h3: 0.99589
	Current chi2:
		40.1866
**********************************************

************ Fitting in progress *************
	on point 0
	on point 5
	on point 10
	on point 15
	on point 20
------------Finished calculations!------------
	Current parameters:
		np_a: 0.594034
		np_b: 2.34236
		np_c: 0.425939
		of_a: -0.272737
		of_b: -1.47543
		N_he3: 1.01039
		N_h3: 0.99589
	Current chi2:
		40.1867
**********************************************

************ Fitting in progress *************
	on point 0
	on point 5
	on point 10
	on point 15
	on point 20
------------Finished calculations!------------
	Current parameters:
		np_a: 0.594034
		np_b: 2.34236
		np_c: 0.425939
		of_a: -0.272737
		of_b: -1.47567
		N_he3: 1.0104
		N_h3: 0.99589
	Current chi2:
		40.1869
**********************************************

************ Fitting in progress *************
	on point 0
	on point 5
	on point 10
	on point 15
	on point 20
------------Finished calculations!------------
	Current parameters:
		np_a: 0.594034
		np_b: 2.34236
		np_c: 0.425939
		of_a: -0.272737
		of_b: -1.47567
		N_he3: 1.01039
		N_h3: 0.995897
	Current chi2:
		40.1869
**********************************************

************ Fitting in progress *************
	on point 0
	on point 5
	on point 10
	on point 15
	on point 20
------------Finished calculations!------------
	Current parameters:
		np_a: 0.594014
		np_b: 2.34245
		np_c: 0.425946
		of_a: -0.272737
		of_b: -1.47567
		N_he3: 1.01039
		N_h3: 0.99589
	Current chi2:
		40.1866
**********************************************

************ Fitting in progress *************
	on point 0
	on point 5
	on point 10
	on point 15
	on point 20
------------Finished calculations!------------
	Current parameters:
		np_a: 0.594014
		np_b: 2.34245
		np_c: 0.425939
		of_a: -0.272737
		of_b: -1.47543
		N_he3: 1.01039
		N_h3: 0.99589
	Current chi2:
		40.1867
**********************************************

************ Fitting in progress *************
	on point 0
	on point 5
	on point 10
	on point 15
	on point 20
------------Finished calculations!------------
	Current parameters:
		np_a: 0.594014
		np_b: 2.34245
		np_c: 0.425939
		of_a: -0.272737
		of_b: -1.47567
		N_he3: 1.0104
		N_h3: 0.99589
	Current chi2:
		40.1869
**********************************************

************ Fitting in progress *************
	on point 0
	on point 5
	on point 10
	on point 15
	on point 20
------------Finished calculations!------------
	Current parameters:
		np_a: 0.594014
		np_b: 2.34245
		np_c: 0.425939
		of_a: -0.272737
		of_b: -1.47567
		N_he3: 1.01039
		N_h3: 0.995897
	Current chi2:
		40.1869
**********************************************

************ Fitting in progress *************
	on point 0
	on point 5
	on point 10
	on point 15
	on point 20
------------Finished calculations!------------
	Current parameters:
		np_a: 0.594014
		np_b: 2.34236
		np_c: 0.425946
		of_a: -0.272737
		of_b: -1.47543
		N_he3: 1.01039
		N_h3: 0.99589
	Current chi2:
		40.1865
**********************************************

************ Fitting in progress *************
	on point 0
	on point 5
	on point 10
	on point 15
	on point 20
------------Finished calculations!------------
	Current parameters:
		np_a: 0.594014
		np_b: 2.34236
		np_c: 0.425946
		of_a: -0.272737
		of_b: -1.47567
		N_he3: 1.0104
		N_h3: 0.99589
	Current chi2:
		40.1867
**********************************************

************ Fitting in progress *************
	on point 0
	on point 5
	on point 10
	on point 15
	on point 20
------------Finished calculations!------------
	Current parameters:
		np_a: 0.594014
		np_b: 2.34236
		np_c: 0.425946
		of_a: -0.272737
		of_b: -1.47567
		N_he3: 1.01039
		N_h3: 0.995897
	Current chi2:
		40.1867
**********************************************

************ Fitting in progress *************
	on point 0
	on point 5
	on point 10
	on point 15
	on point 20
------------Finished calculations!------------
	Current parameters:
		np_a: 0.594014
		np_b: 2.34236
		np_c: 0.425939
		of_a: -0.272737
		of_b: -1.47543
		N_he3: 1.0104
		N_h3: 0.99589
	Current chi2:
		40.1868
**********************************************

************ Fitting in progress *************
	on point 0
	on point 5
	on point 10
	on point 15
	on point 20
------------Finished calculations!------------
	Current parameters:
		np_a: 0.594014
		np_b: 2.34236
		np_c: 0.425939
		of_a: -0.272737
		of_b: -1.47543
		N_he3: 1.01039
		N_h3: 0.995897
	Current chi2:
		40.1868
**********************************************

************ Fitting in progress *************
	on point 0
	on point 5
	on point 10
	on point 15
	on point 20
------------Finished calculations!------------
	Current parameters:
		np_a: 0.594014
		np_b: 2.34236
		np_c: 0.425939
		of_a: -0.272737
		of_b: -1.47567
		N_he3: 1.0104
		N_h3: 0.995897
	Current chi2:
		40.187
**********************************************

Info in <Minuit2>: VariableMetricBuilder: Tolerance is not sufficient, continue the minimization
Info in <Minuit2>: Current  Edm is : edm = 0.0763346
Info in <Minuit2>: Required Edm is : edmval = 0.01
************ Fitting in progress *************
	on point 0
	on point 5
	on point 10
	on point 15
	on point 20
------------Finished calculations!------------
	Current parameters:
		np_a: 0.594116
		np_b: 2.34959
		np_c: 0.429651
		of_a: -0.272737
		of_b: -1.49749
		N_he3: 1.00949
		N_h3: 0.993376
	Current chi2:
		40.1102
**********************************************

************ Fitting in progress *************
	on point 0
	on point 5
	on point 10
	on point 15
	on point 20
------------Finished calculations!------------
	Current parameters:
		np_a: 0.594136
		np_b: 2.34959
		np_c: 0.429651
		of_a: -0.272737
		of_b: -1.49749
		N_he3: 1.00949
		N_h3: 0.993376
	Current chi2:
		40.1102
**********************************************

************ Fitting in progress *************
	on point 0
	on point 5
	on point 10
	on point 15
	on point 20
------------Finished calculations!------------
	Current parameters:
		np_a: 0.594097
		np_b: 2.34959
		np_c: 0.429651
		of_a: -0.272737
		of_b: -1.49749
		N_he3: 1.00949
		N_h3: 0.993376
	Current chi2:
		40.1102
**********************************************

************ Fitting in progress *************
	on point 0
	on point 5
	on point 10
	on point 15
	on point 20
------------Finished calculations!------------
	Current parameters:
		np_a: 0.594116
		np_b: 2.34968
		np_c: 0.429651
		of_a: -0.272737
		of_b: -1.49749
		N_he3: 1.00949
		N_h3: 0.993376
	Current chi2:
		40.1102
**********************************************

************ Fitting in progress *************
	on point 0
	on point 5
	on point 10
	on point 15
	on point 20
------------Finished calculations!------------
	Current parameters:
		np_a: 0.594116
		np_b: 2.3495
		np_c: 0.429651
		of_a: -0.272737
		of_b: -1.49749
		N_he3: 1.00949
		N_h3: 0.993376
	Current chi2:
		40.1102
**********************************************

************ Fitting in progress *************
	on point 0
	on point 5
	on point 10
	on point 15
	on point 20
------------Finished calculations!------------
	Current parameters:
		np_a: 0.594116
		np_b: 2.34959
		np_c: 0.429657
		of_a: -0.272737
		of_b: -1.49749
		N_he3: 1.00949
		N_h3: 0.993376
	Current chi2:
		40.1102
**********************************************

************ Fitting in progress *************
	on point 0
	on point 5
	on point 10
	on point 15
	on point 20
------------Finished calculations!------------
	Current parameters:
		np_a: 0.594116
		np_b: 2.34959
		np_c: 0.429644
		of_a: -0.272737
		of_b: -1.49749
		N_he3: 1.00949
		N_h3: 0.993376
	Current chi2:
		40.1102
**********************************************

************ Fitting in progress *************
	on point 0
	on point 5
	on point 10
	on point 15
	on point 20
------------Finished calculations!------------
	Current parameters:
		np_a: 0.594116
		np_b: 2.34959
		np_c: 0.429651
		of_a: -0.272737
		of_b: -1.49726
		N_he3: 1.00949
		N_h3: 0.993376
	Current chi2:
		40.1102
**********************************************

************ Fitting in progress *************
	on point 0
	on point 5
	on point 10
	on point 15
	on point 20
------------Finished calculations!------------
	Current parameters:
		np_a: 0.594116
		np_b: 2.34959
		np_c: 0.429651
		of_a: -0.272737
		of_b: -1.49773
		N_he3: 1.00949
		N_h3: 0.993376
	Current chi2:
		40.1102
**********************************************

************ Fitting in progress *************
	on point 0
	on point 5
	on point 10
	on point 15
	on point 20
------------Finished calculations!------------
	Current parameters:
		np_a: 0.594116
		np_b: 2.34959
		np_c: 0.429651
		of_a: -0.272737
		of_b: -1.49749
		N_he3: 1.00949
		N_h3: 0.993376
	Current chi2:
		40.1102
**********************************************

************ Fitting in progress *************
	on point 0
	on point 5
	on point 10
	on point 15
	on point 20
------------Finished calculations!------------
	Current parameters:
		np_a: 0.594116
		np_b: 2.34959
		np_c: 0.429651
		of_a: -0.272737
		of_b: -1.49749
		N_he3: 1.00948
		N_h3: 0.993376
	Current chi2:
		40.1102
**********************************************

************ Fitting in progress *************
	on point 0
	on point 5
	on point 10
	on point 15
	on point 20
------------Finished calculations!------------
	Current parameters:
		np_a: 0.594116
		np_b: 2.34959
		np_c: 0.429651
		of_a: -0.272737
		of_b: -1.49749
		N_he3: 1.00949
		N_h3: 0.993383
	Current chi2:
		40.1102
**********************************************

************ Fitting in progress *************
	on point 0
	on point 5
	on point 10
	on point 15
	on point 20
------------Finished calculations!------------
	Current parameters:
		np_a: 0.594116
		np_b: 2.34959
		np_c: 0.429651
		of_a: -0.272737
		of_b: -1.49749
		N_he3: 1.00949
		N_h3: 0.99337
	Current chi2:
		40.1102
**********************************************

Minuit2Minimizer : Valid minimum - status = 0
FVAL  = 40.1101908174743613
Edm   = 1.09332815455194136e-05
Nfcn  = 192
np_a	  = 0.594116	 +/-  0.019033
np_b	  = 2.34959	 +/-  0.202452
np_c	  = 0.429651	 +/-  0.0209282
of_a	  = -0.272737	 (fixed)
of_b	  = -1.49749	 +/-  0.280435
N_he3	  = 1.00949	 +/-  0.00506685
N_h3	  = 0.993376	 +/-  0.00981205
Printing covariance matrix:

7x7 matrix is as follows

     |      0    |      1    |      2    |      3    |      4    |
----------------------------------------------------------------------
   0 |  0.0003623    0.001113   3.596e-06           0    0.001725 
   1 |   0.001113     0.04099    0.003387           0    -0.03754 
   2 |  3.596e-06    0.003387    0.000438           0   -0.004736 
   3 |          0           0           0           0           0 
   4 |   0.001725    -0.03754   -0.004736           0     0.07864 
   5 | -3.665e-05   0.0003084   1.264e-06           0  -0.0006357 
   6 | -5.298e-05   1.408e-05  -8.807e-05           0  -6.871e-06 


     |      5    |      6    |
----------------------------------------------------------------------
   0 | -3.665e-05  -5.298e-05 
   1 |  0.0003084   1.408e-05 
   2 |  1.264e-06  -8.807e-05 
   3 |          0           0 
   4 | -0.0006357  -6.871e-06 
   5 |  2.567e-05   3.872e-05 
   6 |  3.872e-05   9.628e-05 



************ Fit covar results *************
		 [ i*ndim + j ] 
0.000362257 1 0 0
0.00111251 0.288717 0 1
3.59614e-06 0.00902812 0 2
0 0 0 3
0.00172528 0.323236 0 4
-3.66479e-05 -0.380017 0 5
-5.2976e-05 -0.283668 0 6
0.00111251 0.288717 1 0
0.0409869 1 1 1
0.00338714 0.799426 1 2
0 0 1 3
-0.0375435 -0.661272 1 4
0.000308359 0.300604 1 5
1.40827e-05 0.00708931 1 6
3.59614e-06 0.00902812 2 0
0.00338714 0.799426 2 1
0.000437989 1 2 2
0 0 2 3
-0.00473598 -0.80695 2 4
1.26447e-06 0.0119245 2 5
-8.80672e-05 -0.428867 2 6
0 0 3 0
0 0 3 1
0 0 3 2
0 0 3 3
0 0 3 4
0 0 3 5
0 0 3 6
0.00172528 0.323236 4 0
-0.0375435 -0.661272 4 1
-0.00473598 -0.80695 4 2
0 0 4 3
0.0786437 1 4 4
-0.000635663 -0.44736 4 5
-6.87126e-06 -0.00249715 4 6
-3.66479e-05 -0.380017 5 0
0.000308359 0.300604 5 1
1.26447e-06 0.0119245 5 2
0 0 5 3
-0.000635663 -0.44736 5 4
2.5673e-05 1 5 5
3.87238e-05 0.778898 5 6
-5.2976e-05 -0.283668 6 0
1.40827e-05 0.00708931 6 1
-8.80672e-05 -0.428867 6 2
0 0 6 3
-6.87126e-06 -0.00249715 6 4
3.87238e-05 0.778898 6 5
9.62764e-05 1 6 6
**********************************************
