0 0.005 -0.002
0
0 0.005 0
0 0.005 0
0
Fixing H-3 norm, i.e. only doing He-3 fit
Minuit2Minimizer: Minimize with max-calls 100000 convergence for edm < 0.5 strategy 1
************ Fitting in progress *************
	on point 0
	on point 5
	on point 10
	on point 15
	on point 20
------------Finished calculations!------------
	Current parameters:
		np_a: 0.568697
		np_b: 2.20877
		np_c: 0.41562
		of_a: 0
		of_b: 0
		N_he3: 1
		N_h3: 1
	Current chi2:
		199.431
**********************************************

************ Fitting in progress *************
	on point 0
	on point 5
	on point 10
	on point 15
	on point 20
------------Finished calculations!------------
	Current parameters:
		np_a: 0.569697
		np_b: 2.20877
		np_c: 0.41562
		of_a: 0
		of_b: 0
		N_he3: 1
		N_h3: 1
	Current chi2:
		199.871
**********************************************

************ Fitting in progress *************
	on point 0
	on point 5
	on point 10
	on point 15
	on point 20
------------Finished calculations!------------
	Current parameters:
		np_a: 0.567697
		np_b: 2.20877
		np_c: 0.41562
		of_a: 0
		of_b: 0
		N_he3: 1
		N_h3: 1
	Current chi2:
		199
**********************************************

************ Fitting in progress *************
	on point 0
	on point 5
	on point 10
	on point 15
	on point 20
------------Finished calculations!------------
	Current parameters:
		np_a: 0.568798
		np_b: 2.20877
		np_c: 0.41562
		of_a: 0
		of_b: 0
		N_he3: 1
		N_h3: 1
	Current chi2:
		199.475
**********************************************

************ Fitting in progress *************
	on point 0
	on point 5
	on point 10
	on point 15
	on point 20
------------Finished calculations!------------
	Current parameters:
		np_a: 0.568596
		np_b: 2.20877
		np_c: 0.41562
		of_a: 0
		of_b: 0
		N_he3: 1
		N_h3: 1
	Current chi2:
		199.387
**********************************************

************ Fitting in progress *************
	on point 0
	on point 5
	on point 10
	on point 15
	on point 20
------------Finished calculations!------------
	Current parameters:
		np_a: 0.568697
		np_b: 2.20977
		np_c: 0.41562
		of_a: 0
		of_b: 0
		N_he3: 1
		N_h3: 1
	Current chi2:
		199.231
**********************************************

************ Fitting in progress *************
	on point 0
	on point 5
	on point 10
	on point 15
	on point 20
------------Finished calculations!------------
	Current parameters:
		np_a: 0.568697
		np_b: 2.20777
		np_c: 0.41562
		of_a: 0
		of_b: 0
		N_he3: 1
		N_h3: 1
	Current chi2:
		199.631
**********************************************

************ Fitting in progress *************
	on point 0
	on point 5
	on point 10
	on point 15
	on point 20
------------Finished calculations!------------
	Current parameters:
		np_a: 0.568697
		np_b: 2.20916
		np_c: 0.41562
		of_a: 0
		of_b: 0
		N_he3: 1
		N_h3: 1
	Current chi2:
		199.352
**********************************************

************ Fitting in progress *************
	on point 0
	on point 5
	on point 10
	on point 15
	on point 20
------------Finished calculations!------------
	Current parameters:
		np_a: 0.568697
		np_b: 2.20838
		np_c: 0.41562
		of_a: 0
		of_b: 0
		N_he3: 1
		N_h3: 1
	Current chi2:
		199.51
**********************************************

************ Fitting in progress *************
	on point 0
	on point 5
	on point 10
	on point 15
	on point 20
------------Finished calculations!------------
	Current parameters:
		np_a: 0.568697
		np_b: 2.20877
		np_c: 0.41662
		of_a: 0
		of_b: 0
		N_he3: 1
		N_h3: 1
	Current chi2:
		202.847
**********************************************

************ Fitting in progress *************
	on point 0
	on point 5
	on point 10
	on point 15
	on point 20
------------Finished calculations!------------
	Current parameters:
		np_a: 0.568697
		np_b: 2.20877
		np_c: 0.41462
		of_a: 0
		of_b: 0
		N_he3: 1
		N_h3: 1
	Current chi2:
		196.084
**********************************************

************ Fitting in progress *************
	on point 0
	on point 5
	on point 10
	on point 15
	on point 20
------------Finished calculations!------------
	Current parameters:
		np_a: 0.568697
		np_b: 2.20877
		np_c: 0.41572
		of_a: 0
		of_b: 0
		N_he3: 1
		N_h3: 1
	Current chi2:
		199.769
**********************************************

************ Fitting in progress *************
	on point 0
	on point 5
	on point 10
	on point 15
	on point 20
------------Finished calculations!------------
	Current parameters:
		np_a: 0.568697
		np_b: 2.20877
		np_c: 0.41552
		of_a: 0
		of_b: 0
		N_he3: 1
		N_h3: 1
	Current chi2:
		199.093
**********************************************

************ Fitting in progress *************
	on point 0
	on point 5
	on point 10
	on point 15
	on point 20
------------Finished calculations!------------
	Current parameters:
		np_a: 0.568697
		np_b: 2.20877
		np_c: 0.41562
		of_a: 0.001
		of_b: 0
		N_he3: 1
		N_h3: 1
	Current chi2:
		199.835
**********************************************

************ Fitting in progress *************
	on point 0
	on point 5
	on point 10
	on point 15
	on point 20
------------Finished calculations!------------
	Current parameters:
		np_a: 0.568697
		np_b: 2.20877
		np_c: 0.41562
		of_a: -0.001
		of_b: 0
		N_he3: 1
		N_h3: 1
	Current chi2:
		199.027
**********************************************

************ Fitting in progress *************
	on point 0
	on point 5
	on point 10
	on point 15
	on point 20
------------Finished calculations!------------
	Current parameters:
		np_a: 0.568697
		np_b: 2.20877
		np_c: 0.41562
		of_a: 0.00038094
		of_b: 0
		N_he3: 1
		N_h3: 1
	Current chi2:
		199.585
**********************************************

************ Fitting in progress *************
	on point 0
	on point 5
	on point 10
	on point 15
	on point 20
------------Finished calculations!------------
	Current parameters:
		np_a: 0.568697
		np_b: 2.20877
		np_c: 0.41562
		of_a: -0.00038094
		of_b: 0
		N_he3: 1
		N_h3: 1
	Current chi2:
		199.277
**********************************************

************ Fitting in progress *************
	on point 0
	on point 5
	on point 10
	on point 15
	on point 20
------------Finished calculations!------------
	Current parameters:
		np_a: 0.568697
		np_b: 2.20877
		np_c: 0.41562
		of_a: 0
		of_b: 0.001
		N_he3: 1
		N_h3: 1
	Current chi2:
		199.654
**********************************************

************ Fitting in progress *************
	on point 0
	on point 5
	on point 10
	on point 15
	on point 20
------------Finished calculations!------------
	Current parameters:
		np_a: 0.568697
		np_b: 2.20877
		np_c: 0.41562
		of_a: 0
		of_b: -0.001
		N_he3: 1
		N_h3: 1
	Current chi2:
		199.208
**********************************************

************ Fitting in progress *************
	on point 0
	on point 5
	on point 10
	on point 15
	on point 20
------------Finished calculations!------------
	Current parameters:
		np_a: 0.568697
		np_b: 2.20877
		np_c: 0.41562
		of_a: 0
		of_b: 0
		N_he3: 1.001
		N_h3: 1
	Current chi2:
		208.157
**********************************************

************ Fitting in progress *************
	on point 0
	on point 5
	on point 10
	on point 15
	on point 20
------------Finished calculations!------------
	Current parameters:
		np_a: 0.568697
		np_b: 2.20877
		np_c: 0.41562
		of_a: 0
		of_b: 0
		N_he3: 0.999
		N_h3: 1
	Current chi2:
		191.198
**********************************************

************ Fitting in progress *************
	on point 0
	on point 5
	on point 10
	on point 15
	on point 20
------------Finished calculations!------------
	Current parameters:
		np_a: 0.568697
		np_b: 2.20877
		np_c: 0.41562
		of_a: 0
		of_b: 0
		N_he3: 1.0001
		N_h3: 1
	Current chi2:
		200.281
**********************************************

************ Fitting in progress *************
	on point 0
	on point 5
	on point 10
	on point 15
	on point 20
------------Finished calculations!------------
	Current parameters:
		np_a: 0.568697
		np_b: 2.20877
		np_c: 0.41562
		of_a: 0
		of_b: 0
		N_he3: 0.9999
		N_h3: 1
	Current chi2:
		198.585
**********************************************

************ Fitting in progress *************
	on point 0
	on point 5
	on point 10
	on point 15
	on point 20
------------Finished calculations!------------
	Current parameters:
		np_a: 0.522443
		np_b: 2.53262
		np_c: 0.367074
		of_a: -0.613685
		of_b: -1.50378
		N_he3: 0.982827
		N_h3: 1
	Current chi2:
		1275.88
**********************************************

************ Fitting in progress *************
	on point 0
	on point 5
	on point 10
	on point 15
	on point 20
------------Finished calculations!------------
	Current parameters:
		np_a: 0.557689
		np_b: 2.28584
		np_c: 0.404067
		of_a: -0.146046
		of_b: -0.357873
		N_he3: 0.995913
		N_h3: 1
	Current chi2:
		92.2095
**********************************************

************ Fitting in progress *************
	on point 0
	on point 5
	on point 10
	on point 15
	on point 20
------------Finished calculations!------------
	Current parameters:
		np_a: 0.557758
		np_b: 2.28584
		np_c: 0.404067
		of_a: -0.146046
		of_b: -0.357873
		N_he3: 0.995913
		N_h3: 1
	Current chi2:
		92.1579
**********************************************

************ Fitting in progress *************
	on point 0
	on point 5
	on point 10
	on point 15
	on point 20
------------Finished calculations!------------
	Current parameters:
		np_a: 0.557621
		np_b: 2.28584
		np_c: 0.404067
		of_a: -0.146046
		of_b: -0.357873
		N_he3: 0.995913
		N_h3: 1
	Current chi2:
		92.2612
**********************************************

************ Fitting in progress *************
	on point 0
	on point 5
	on point 10
	on point 15
	on point 20
------------Finished calculations!------------
	Current parameters:
		np_a: 0.557689
		np_b: 2.28611
		np_c: 0.404067
		of_a: -0.146046
		of_b: -0.357873
		N_he3: 0.995913
		N_h3: 1
	Current chi2:
		92.2367
**********************************************

************ Fitting in progress *************
	on point 0
	on point 5
	on point 10
	on point 15
	on point 20
------------Finished calculations!------------
	Current parameters:
		np_a: 0.557689
		np_b: 2.28557
		np_c: 0.404067
		of_a: -0.146046
		of_b: -0.357873
		N_he3: 0.995913
		N_h3: 1
	Current chi2:
		92.1824
**********************************************

************ Fitting in progress *************
	on point 0
	on point 5
	on point 10
	on point 15
	on point 20
------------Finished calculations!------------
	Current parameters:
		np_a: 0.557689
		np_b: 2.28584
		np_c: 0.404092
		of_a: -0.146046
		of_b: -0.357873
		N_he3: 0.995913
		N_h3: 1
	Current chi2:
		92.1918
**********************************************

************ Fitting in progress *************
	on point 0
	on point 5
	on point 10
	on point 15
	on point 20
------------Finished calculations!------------
	Current parameters:
		np_a: 0.557689
		np_b: 2.28584
		np_c: 0.404042
		of_a: -0.146046
		of_b: -0.357873
		N_he3: 0.995913
		N_h3: 1
	Current chi2:
		92.2273
**********************************************

************ Fitting in progress *************
	on point 0
	on point 5
	on point 10
	on point 15
	on point 20
------------Finished calculations!------------
	Current parameters:
		np_a: 0.557689
		np_b: 2.28584
		np_c: 0.404067
		of_a: -0.145786
		of_b: -0.357873
		N_he3: 0.995913
		N_h3: 1
	Current chi2:
		92.211
**********************************************

************ Fitting in progress *************
	on point 0
	on point 5
	on point 10
	on point 15
	on point 20
------------Finished calculations!------------
	Current parameters:
		np_a: 0.557689
		np_b: 2.28584
		np_c: 0.404067
		of_a: -0.146306
		of_b: -0.357873
		N_he3: 0.995913
		N_h3: 1
	Current chi2:
		92.2081
**********************************************

************ Fitting in progress *************
	on point 0
	on point 5
	on point 10
	on point 15
	on point 20
------------Finished calculations!------------
	Current parameters:
		np_a: 0.557689
		np_b: 2.28584
		np_c: 0.404067
		of_a: -0.146046
		of_b: -0.357325
		N_he3: 0.995913
		N_h3: 1
	Current chi2:
		92.2358
**********************************************

************ Fitting in progress *************
	on point 0
	on point 5
	on point 10
	on point 15
	on point 20
------------Finished calculations!------------
	Current parameters:
		np_a: 0.557689
		np_b: 2.28584
		np_c: 0.404067
		of_a: -0.146046
		of_b: -0.358421
		N_he3: 0.995913
		N_h3: 1
	Current chi2:
		92.1833
**********************************************

************ Fitting in progress *************
	on point 0
	on point 5
	on point 10
	on point 15
	on point 20
------------Finished calculations!------------
	Current parameters:
		np_a: 0.557689
		np_b: 2.28584
		np_c: 0.404067
		of_a: -0.146046
		of_b: -0.357873
		N_he3: 0.995923
		N_h3: 1
	Current chi2:
		92.1876
**********************************************

************ Fitting in progress *************
	on point 0
	on point 5
	on point 10
	on point 15
	on point 20
------------Finished calculations!------------
	Current parameters:
		np_a: 0.557689
		np_b: 2.28584
		np_c: 0.404067
		of_a: -0.146046
		of_b: -0.357873
		N_he3: 0.995903
		N_h3: 1
	Current chi2:
		92.2315
**********************************************

************ Fitting in progress *************
	on point 0
	on point 5
	on point 10
	on point 15
	on point 20
------------Finished calculations!------------
	Current parameters:
		np_a: 0.620253
		np_b: 2.18676
		np_c: 0.406537
		of_a: -0.231613
		of_b: -0.827591
		N_he3: 0.997527
		N_h3: 1
	Current chi2:
		30.7892
**********************************************

************ Fitting in progress *************
	on point 0
	on point 5
	on point 10
	on point 15
	on point 20
------------Finished calculations!------------
	Current parameters:
		np_a: 0.669345
		np_b: 2.10902
		np_c: 0.408474
		of_a: -0.298755
		of_b: -1.19616
		N_he3: 0.998793
		N_h3: 1
	Current chi2:
		17.9174
**********************************************

************ Fitting in progress *************
	on point 0
	on point 5
	on point 10
	on point 15
	on point 20
------------Finished calculations!------------
	Current parameters:
		np_a: 0.669378
		np_b: 2.10902
		np_c: 0.408474
		of_a: -0.298755
		of_b: -1.19616
		N_he3: 0.998793
		N_h3: 1
	Current chi2:
		17.9204
**********************************************

************ Fitting in progress *************
	on point 0
	on point 5
	on point 10
	on point 15
	on point 20
------------Finished calculations!------------
	Current parameters:
		np_a: 0.669313
		np_b: 2.10902
		np_c: 0.408474
		of_a: -0.298755
		of_b: -1.19616
		N_he3: 0.998793
		N_h3: 1
	Current chi2:
		17.9144
**********************************************

************ Fitting in progress *************
	on point 0
	on point 5
	on point 10
	on point 15
	on point 20
------------Finished calculations!------------
	Current parameters:
		np_a: 0.669345
		np_b: 2.10917
		np_c: 0.408474
		of_a: -0.298755
		of_b: -1.19616
		N_he3: 0.998793
		N_h3: 1
	Current chi2:
		17.9135
**********************************************

************ Fitting in progress *************
	on point 0
	on point 5
	on point 10
	on point 15
	on point 20
------------Finished calculations!------------
	Current parameters:
		np_a: 0.669345
		np_b: 2.10886
		np_c: 0.408474
		of_a: -0.298755
		of_b: -1.19616
		N_he3: 0.998793
		N_h3: 1
	Current chi2:
		17.9213
**********************************************

************ Fitting in progress *************
	on point 0
	on point 5
	on point 10
	on point 15
	on point 20
------------Finished calculations!------------
	Current parameters:
		np_a: 0.669345
		np_b: 2.10914
		np_c: 0.408474
		of_a: -0.298755
		of_b: -1.19616
		N_he3: 0.998793
		N_h3: 1
	Current chi2:
		17.9144
**********************************************

************ Fitting in progress *************
	on point 0
	on point 5
	on point 10
	on point 15
	on point 20
------------Finished calculations!------------
	Current parameters:
		np_a: 0.669345
		np_b: 2.1089
		np_c: 0.408474
		of_a: -0.298755
		of_b: -1.19616
		N_he3: 0.998793
		N_h3: 1
	Current chi2:
		17.9204
**********************************************

************ Fitting in progress *************
	on point 0
	on point 5
	on point 10
	on point 15
	on point 20
------------Finished calculations!------------
	Current parameters:
		np_a: 0.669345
		np_b: 2.10902
		np_c: 0.408486
		of_a: -0.298755
		of_b: -1.19616
		N_he3: 0.998793
		N_h3: 1
	Current chi2:
		17.9203
**********************************************

************ Fitting in progress *************
	on point 0
	on point 5
	on point 10
	on point 15
	on point 20
------------Finished calculations!------------
	Current parameters:
		np_a: 0.669345
		np_b: 2.10902
		np_c: 0.408463
		of_a: -0.298755
		of_b: -1.19616
		N_he3: 0.998793
		N_h3: 1
	Current chi2:
		17.9146
**********************************************

************ Fitting in progress *************
	on point 0
	on point 5
	on point 10
	on point 15
	on point 20
------------Finished calculations!------------
	Current parameters:
		np_a: 0.669345
		np_b: 2.10902
		np_c: 0.408474
		of_a: -0.298636
		of_b: -1.19616
		N_he3: 0.998793
		N_h3: 1
	Current chi2:
		17.92
**********************************************

************ Fitting in progress *************
	on point 0
	on point 5
	on point 10
	on point 15
	on point 20
------------Finished calculations!------------
	Current parameters:
		np_a: 0.669345
		np_b: 2.10902
		np_c: 0.408474
		of_a: -0.298874
		of_b: -1.19616
		N_he3: 0.998793
		N_h3: 1
	Current chi2:
		17.9148
**********************************************

************ Fitting in progress *************
	on point 0
	on point 5
	on point 10
	on point 15
	on point 20
------------Finished calculations!------------
	Current parameters:
		np_a: 0.669345
		np_b: 2.10902
		np_c: 0.408474
		of_a: -0.298755
		of_b: -1.19591
		N_he3: 0.998793
		N_h3: 1
	Current chi2:
		17.9194
**********************************************

************ Fitting in progress *************
	on point 0
	on point 5
	on point 10
	on point 15
	on point 20
------------Finished calculations!------------
	Current parameters:
		np_a: 0.669345
		np_b: 2.10902
		np_c: 0.408474
		of_a: -0.298755
		of_b: -1.19641
		N_he3: 0.998793
		N_h3: 1
	Current chi2:
		17.9155
**********************************************

************ Fitting in progress *************
	on point 0
	on point 5
	on point 10
	on point 15
	on point 20
------------Finished calculations!------------
	Current parameters:
		np_a: 0.669345
		np_b: 2.10902
		np_c: 0.408474
		of_a: -0.298755
		of_b: -1.19616
		N_he3: 0.998797
		N_h3: 1
	Current chi2:
		17.9203
**********************************************

************ Fitting in progress *************
	on point 0
	on point 5
	on point 10
	on point 15
	on point 20
------------Finished calculations!------------
	Current parameters:
		np_a: 0.669345
		np_b: 2.10902
		np_c: 0.408474
		of_a: -0.298755
		of_b: -1.19616
		N_he3: 0.998788
		N_h3: 1
	Current chi2:
		17.9146
**********************************************

************ Fitting in progress *************
	on point 0
	on point 5
	on point 10
	on point 15
	on point 20
------------Finished calculations!------------
	Current parameters:
		np_a: 0.664771
		np_b: 2.12635
		np_c: 0.407818
		of_a: -0.300229
		of_b: -1.18204
		N_he3: 0.998536
		N_h3: 1
	Current chi2:
		17.4178
**********************************************

************ Fitting in progress *************
	on point 0
	on point 5
	on point 10
	on point 15
	on point 20
------------Finished calculations!------------
	Current parameters:
		np_a: 0.665201
		np_b: 2.12472
		np_c: 0.407879
		of_a: -0.30009
		of_b: -1.18336
		N_he3: 0.99856
		N_h3: 1
	Current chi2:
		17.4127
**********************************************

************ Fitting in progress *************
	on point 0
	on point 5
	on point 10
	on point 15
	on point 20
------------Finished calculations!------------
	Current parameters:
		np_a: 0.665231
		np_b: 2.12472
		np_c: 0.407879
		of_a: -0.30009
		of_b: -1.18336
		N_he3: 0.99856
		N_h3: 1
	Current chi2:
		17.4127
**********************************************

************ Fitting in progress *************
	on point 0
	on point 5
	on point 10
	on point 15
	on point 20
------------Finished calculations!------------
	Current parameters:
		np_a: 0.66517
		np_b: 2.12472
		np_c: 0.407879
		of_a: -0.30009
		of_b: -1.18336
		N_he3: 0.99856
		N_h3: 1
	Current chi2:
		17.4128
**********************************************

************ Fitting in progress *************
	on point 0
	on point 5
	on point 10
	on point 15
	on point 20
------------Finished calculations!------------
	Current parameters:
		np_a: 0.665201
		np_b: 2.12484
		np_c: 0.407879
		of_a: -0.30009
		of_b: -1.18336
		N_he3: 0.99856
		N_h3: 1
	Current chi2:
		17.4127
**********************************************

************ Fitting in progress *************
	on point 0
	on point 5
	on point 10
	on point 15
	on point 20
------------Finished calculations!------------
	Current parameters:
		np_a: 0.665201
		np_b: 2.1246
		np_c: 0.407879
		of_a: -0.30009
		of_b: -1.18336
		N_he3: 0.99856
		N_h3: 1
	Current chi2:
		17.4128
**********************************************

************ Fitting in progress *************
	on point 0
	on point 5
	on point 10
	on point 15
	on point 20
------------Finished calculations!------------
	Current parameters:
		np_a: 0.665201
		np_b: 2.12472
		np_c: 0.407891
		of_a: -0.30009
		of_b: -1.18336
		N_he3: 0.99856
		N_h3: 1
	Current chi2:
		17.4128
**********************************************

************ Fitting in progress *************
	on point 0
	on point 5
	on point 10
	on point 15
	on point 20
------------Finished calculations!------------
	Current parameters:
		np_a: 0.665201
		np_b: 2.12472
		np_c: 0.407867
		of_a: -0.30009
		of_b: -1.18336
		N_he3: 0.99856
		N_h3: 1
	Current chi2:
		17.4126
**********************************************

************ Fitting in progress *************
	on point 0
	on point 5
	on point 10
	on point 15
	on point 20
------------Finished calculations!------------
	Current parameters:
		np_a: 0.665201
		np_b: 2.12472
		np_c: 0.407879
		of_a: -0.299976
		of_b: -1.18336
		N_he3: 0.99856
		N_h3: 1
	Current chi2:
		17.4128
**********************************************

************ Fitting in progress *************
	on point 0
	on point 5
	on point 10
	on point 15
	on point 20
------------Finished calculations!------------
	Current parameters:
		np_a: 0.665201
		np_b: 2.12472
		np_c: 0.407879
		of_a: -0.300204
		of_b: -1.18336
		N_he3: 0.99856
		N_h3: 1
	Current chi2:
		17.4127
**********************************************

************ Fitting in progress *************
	on point 0
	on point 5
	on point 10
	on point 15
	on point 20
------------Finished calculations!------------
	Current parameters:
		np_a: 0.665201
		np_b: 2.12472
		np_c: 0.407879
		of_a: -0.30009
		of_b: -1.18312
		N_he3: 0.99856
		N_h3: 1
	Current chi2:
		17.4128
**********************************************

************ Fitting in progress *************
	on point 0
	on point 5
	on point 10
	on point 15
	on point 20
------------Finished calculations!------------
	Current parameters:
		np_a: 0.665201
		np_b: 2.12472
		np_c: 0.407879
		of_a: -0.30009
		of_b: -1.18361
		N_he3: 0.99856
		N_h3: 1
	Current chi2:
		17.4127
**********************************************

************ Fitting in progress *************
	on point 0
	on point 5
	on point 10
	on point 15
	on point 20
------------Finished calculations!------------
	Current parameters:
		np_a: 0.665201
		np_b: 2.12472
		np_c: 0.407879
		of_a: -0.30009
		of_b: -1.18336
		N_he3: 0.998564
		N_h3: 1
	Current chi2:
		17.4127
**********************************************

************ Fitting in progress *************
	on point 0
	on point 5
	on point 10
	on point 15
	on point 20
------------Finished calculations!------------
	Current parameters:
		np_a: 0.665201
		np_b: 2.12472
		np_c: 0.407879
		of_a: -0.30009
		of_b: -1.18336
		N_he3: 0.998556
		N_h3: 1
	Current chi2:
		17.4128
**********************************************

************ Fitting in progress *************
	on point 0
	on point 5
	on point 10
	on point 15
	on point 20
------------Finished calculations!------------
	Current parameters:
		np_a: 0.665624
		np_b: 2.12532
		np_c: 0.407788
		of_a: -0.300448
		of_b: -1.18534
		N_he3: 0.998584
		N_h3: 1
	Current chi2:
		17.4106
**********************************************

************ Fitting in progress *************
	on point 0
	on point 5
	on point 10
	on point 15
	on point 20
------------Finished calculations!------------
	Current parameters:
		np_a: 0.666118
		np_b: 2.12602
		np_c: 0.407681
		of_a: -0.300866
		of_b: -1.18764
		N_he3: 0.998611
		N_h3: 1
	Current chi2:
		17.4097
**********************************************

************ Fitting in progress *************
	on point 0
	on point 5
	on point 10
	on point 15
	on point 20
------------Finished calculations!------------
	Current parameters:
		np_a: 0.666149
		np_b: 2.12602
		np_c: 0.407681
		of_a: -0.300866
		of_b: -1.18764
		N_he3: 0.998611
		N_h3: 1
	Current chi2:
		17.4097
**********************************************

************ Fitting in progress *************
	on point 0
	on point 5
	on point 10
	on point 15
	on point 20
------------Finished calculations!------------
	Current parameters:
		np_a: 0.666088
		np_b: 2.12602
		np_c: 0.407681
		of_a: -0.300866
		of_b: -1.18764
		N_he3: 0.998611
		N_h3: 1
	Current chi2:
		17.4097
**********************************************

************ Fitting in progress *************
	on point 0
	on point 5
	on point 10
	on point 15
	on point 20
------------Finished calculations!------------
	Current parameters:
		np_a: 0.666118
		np_b: 2.12614
		np_c: 0.407681
		of_a: -0.300866
		of_b: -1.18764
		N_he3: 0.998611
		N_h3: 1
	Current chi2:
		17.4097
**********************************************

************ Fitting in progress *************
	on point 0
	on point 5
	on point 10
	on point 15
	on point 20
------------Finished calculations!------------
	Current parameters:
		np_a: 0.666118
		np_b: 2.1259
		np_c: 0.407681
		of_a: -0.300866
		of_b: -1.18764
		N_he3: 0.998611
		N_h3: 1
	Current chi2:
		17.4097
**********************************************

************ Fitting in progress *************
	on point 0
	on point 5
	on point 10
	on point 15
	on point 20
------------Finished calculations!------------
	Current parameters:
		np_a: 0.666118
		np_b: 2.12602
		np_c: 0.407692
		of_a: -0.300866
		of_b: -1.18764
		N_he3: 0.998611
		N_h3: 1
	Current chi2:
		17.4097
**********************************************

************ Fitting in progress *************
	on point 0
	on point 5
	on point 10
	on point 15
	on point 20
------------Finished calculations!------------
	Current parameters:
		np_a: 0.666118
		np_b: 2.12602
		np_c: 0.407669
		of_a: -0.300866
		of_b: -1.18764
		N_he3: 0.998611
		N_h3: 1
	Current chi2:
		17.4097
**********************************************

************ Fitting in progress *************
	on point 0
	on point 5
	on point 10
	on point 15
	on point 20
------------Finished calculations!------------
	Current parameters:
		np_a: 0.666118
		np_b: 2.12602
		np_c: 0.407681
		of_a: -0.300752
		of_b: -1.18764
		N_he3: 0.998611
		N_h3: 1
	Current chi2:
		17.4096
**********************************************

************ Fitting in progress *************
	on point 0
	on point 5
	on point 10
	on point 15
	on point 20
------------Finished calculations!------------
	Current parameters:
		np_a: 0.666118
		np_b: 2.12602
		np_c: 0.407681
		of_a: -0.30098
		of_b: -1.18764
		N_he3: 0.998611
		N_h3: 1
	Current chi2:
		17.4098
**********************************************

************ Fitting in progress *************
	on point 0
	on point 5
	on point 10
	on point 15
	on point 20
------------Finished calculations!------------
	Current parameters:
		np_a: 0.666118
		np_b: 2.12602
		np_c: 0.407681
		of_a: -0.300866
		of_b: -1.1874
		N_he3: 0.998611
		N_h3: 1
	Current chi2:
		17.4096
**********************************************

************ Fitting in progress *************
	on point 0
	on point 5
	on point 10
	on point 15
	on point 20
------------Finished calculations!------------
	Current parameters:
		np_a: 0.666118
		np_b: 2.12602
		np_c: 0.407681
		of_a: -0.300866
		of_b: -1.18788
		N_he3: 0.998611
		N_h3: 1
	Current chi2:
		17.4098
**********************************************

************ Fitting in progress *************
	on point 0
	on point 5
	on point 10
	on point 15
	on point 20
------------Finished calculations!------------
	Current parameters:
		np_a: 0.666118
		np_b: 2.12602
		np_c: 0.407681
		of_a: -0.300866
		of_b: -1.18764
		N_he3: 0.998615
		N_h3: 1
	Current chi2:
		17.4096
**********************************************

************ Fitting in progress *************
	on point 0
	on point 5
	on point 10
	on point 15
	on point 20
------------Finished calculations!------------
	Current parameters:
		np_a: 0.666118
		np_b: 2.12602
		np_c: 0.407681
		of_a: -0.300866
		of_b: -1.18764
		N_he3: 0.998607
		N_h3: 1
	Current chi2:
		17.4098
**********************************************

************ Fitting in progress *************
	on point 0
	on point 5
	on point 10
	on point 15
	on point 20
------------Finished calculations!------------
	Current parameters:
		np_a: 0.666459
		np_b: 2.12764
		np_c: 0.407501
		of_a: -0.300368
		of_b: -1.18634
		N_he3: 0.998657
		N_h3: 1
	Current chi2:
		17.4067
**********************************************

************ Fitting in progress *************
	on point 0
	on point 5
	on point 10
	on point 15
	on point 20
------------Finished calculations!------------
	Current parameters:
		np_a: 0.66782
		np_b: 2.13413
		np_c: 0.406782
		of_a: -0.298374
		of_b: -1.18116
		N_he3: 0.998839
		N_h3: 1
	Current chi2:
		17.3973
**********************************************

************ Fitting in progress *************
	on point 0
	on point 5
	on point 10
	on point 15
	on point 20
------------Finished calculations!------------
	Current parameters:
		np_a: 0.670555
		np_b: 2.14718
		np_c: 0.405337
		of_a: -0.294365
		of_b: -1.17074
		N_he3: 0.999206
		N_h3: 1
	Current chi2:
		17.3896
**********************************************

************ Fitting in progress *************
	on point 0
	on point 5
	on point 10
	on point 15
	on point 20
------------Finished calculations!------------
	Current parameters:
		np_a: 0.670586
		np_b: 2.14718
		np_c: 0.405337
		of_a: -0.294365
		of_b: -1.17074
		N_he3: 0.999206
		N_h3: 1
	Current chi2:
		17.3897
**********************************************

************ Fitting in progress *************
	on point 0
	on point 5
	on point 10
	on point 15
	on point 20
------------Finished calculations!------------
	Current parameters:
		np_a: 0.670525
		np_b: 2.14718
		np_c: 0.405337
		of_a: -0.294365
		of_b: -1.17074
		N_he3: 0.999206
		N_h3: 1
	Current chi2:
		17.3896
**********************************************

************ Fitting in progress *************
	on point 0
	on point 5
	on point 10
	on point 15
	on point 20
------------Finished calculations!------------
	Current parameters:
		np_a: 0.670555
		np_b: 2.14731
		np_c: 0.405337
		of_a: -0.294365
		of_b: -1.17074
		N_he3: 0.999206
		N_h3: 1
	Current chi2:
		17.3897
**********************************************

************ Fitting in progress *************
	on point 0
	on point 5
	on point 10
	on point 15
	on point 20
------------Finished calculations!------------
	Current parameters:
		np_a: 0.670555
		np_b: 2.14706
		np_c: 0.405337
		of_a: -0.294365
		of_b: -1.17074
		N_he3: 0.999206
		N_h3: 1
	Current chi2:
		17.3896
**********************************************

************ Fitting in progress *************
	on point 0
	on point 5
	on point 10
	on point 15
	on point 20
------------Finished calculations!------------
	Current parameters:
		np_a: 0.670555
		np_b: 2.14718
		np_c: 0.405349
		of_a: -0.294365
		of_b: -1.17074
		N_he3: 0.999206
		N_h3: 1
	Current chi2:
		17.3897
**********************************************

************ Fitting in progress *************
	on point 0
	on point 5
	on point 10
	on point 15
	on point 20
------------Finished calculations!------------
	Current parameters:
		np_a: 0.670555
		np_b: 2.14718
		np_c: 0.405326
		of_a: -0.294365
		of_b: -1.17074
		N_he3: 0.999206
		N_h3: 1
	Current chi2:
		17.3896
**********************************************

************ Fitting in progress *************
	on point 0
	on point 5
	on point 10
	on point 15
	on point 20
------------Finished calculations!------------
	Current parameters:
		np_a: 0.670555
		np_b: 2.14718
		np_c: 0.405337
		of_a: -0.294251
		of_b: -1.17074
		N_he3: 0.999206
		N_h3: 1
	Current chi2:
		17.3897
**********************************************

************ Fitting in progress *************
	on point 0
	on point 5
	on point 10
	on point 15
	on point 20
------------Finished calculations!------------
	Current parameters:
		np_a: 0.670555
		np_b: 2.14718
		np_c: 0.405337
		of_a: -0.294479
		of_b: -1.17074
		N_he3: 0.999206
		N_h3: 1
	Current chi2:
		17.3896
**********************************************

************ Fitting in progress *************
	on point 0
	on point 5
	on point 10
	on point 15
	on point 20
------------Finished calculations!------------
	Current parameters:
		np_a: 0.670555
		np_b: 2.14718
		np_c: 0.405337
		of_a: -0.294365
		of_b: -1.1705
		N_he3: 0.999206
		N_h3: 1
	Current chi2:
		17.3897
**********************************************

************ Fitting in progress *************
	on point 0
	on point 5
	on point 10
	on point 15
	on point 20
------------Finished calculations!------------
	Current parameters:
		np_a: 0.670555
		np_b: 2.14718
		np_c: 0.405337
		of_a: -0.294365
		of_b: -1.17098
		N_he3: 0.999206
		N_h3: 1
	Current chi2:
		17.3896
**********************************************

************ Fitting in progress *************
	on point 0
	on point 5
	on point 10
	on point 15
	on point 20
------------Finished calculations!------------
	Current parameters:
		np_a: 0.670555
		np_b: 2.14718
		np_c: 0.405337
		of_a: -0.294365
		of_b: -1.17074
		N_he3: 0.999211
		N_h3: 1
	Current chi2:
		17.3896
**********************************************

************ Fitting in progress *************
	on point 0
	on point 5
	on point 10
	on point 15
	on point 20
------------Finished calculations!------------
	Current parameters:
		np_a: 0.670555
		np_b: 2.14718
		np_c: 0.405337
		of_a: -0.294365
		of_b: -1.17074
		N_he3: 0.999202
		N_h3: 1
	Current chi2:
		17.3897
**********************************************

************ Fitting in progress *************
	on point 0
	on point 5
	on point 10
	on point 15
	on point 20
------------Finished calculations!------------
	Current parameters:
		np_a: 0.670555
		np_b: 2.14718
		np_c: 0.405337
		of_a: -0.294365
		of_b: -1.17074
		N_he3: 0.999206
		N_h3: 1
	Current chi2:
		17.3896
**********************************************

************ Fitting in progress *************
	on point 0
	on point 5
	on point 10
	on point 15
	on point 20
------------Finished calculations!------------
	Current parameters:
		np_a: 0.670586
		np_b: 2.14718
		np_c: 0.405337
		of_a: -0.294365
		of_b: -1.17074
		N_he3: 0.999206
		N_h3: 1
	Current chi2:
		17.3897
**********************************************

************ Fitting in progress *************
	on point 0
	on point 5
	on point 10
	on point 15
	on point 20
------------Finished calculations!------------
	Current parameters:
		np_a: 0.670525
		np_b: 2.14718
		np_c: 0.405337
		of_a: -0.294365
		of_b: -1.17074
		N_he3: 0.999206
		N_h3: 1
	Current chi2:
		17.3896
**********************************************

************ Fitting in progress *************
	on point 0
	on point 5
	on point 10
	on point 15
	on point 20
------------Finished calculations!------------
	Current parameters:
		np_a: 0.670555
		np_b: 2.14731
		np_c: 0.405337
		of_a: -0.294365
		of_b: -1.17074
		N_he3: 0.999206
		N_h3: 1
	Current chi2:
		17.3897
**********************************************

************ Fitting in progress *************
	on point 0
	on point 5
	on point 10
	on point 15
	on point 20
------------Finished calculations!------------
	Current parameters:
		np_a: 0.670555
		np_b: 2.14706
		np_c: 0.405337
		of_a: -0.294365
		of_b: -1.17074
		N_he3: 0.999206
		N_h3: 1
	Current chi2:
		17.3896
**********************************************

************ Fitting in progress *************
	on point 0
	on point 5
	on point 10
	on point 15
	on point 20
------------Finished calculations!------------
	Current parameters:
		np_a: 0.670555
		np_b: 2.14718
		np_c: 0.405349
		of_a: -0.294365
		of_b: -1.17074
		N_he3: 0.999206
		N_h3: 1
	Current chi2:
		17.3897
**********************************************

************ Fitting in progress *************
	on point 0
	on point 5
	on point 10
	on point 15
	on point 20
------------Finished calculations!------------
	Current parameters:
		np_a: 0.670555
		np_b: 2.14718
		np_c: 0.405326
		of_a: -0.294365
		of_b: -1.17074
		N_he3: 0.999206
		N_h3: 1
	Current chi2:
		17.3896
**********************************************

************ Fitting in progress *************
	on point 0
	on point 5
	on point 10
	on point 15
	on point 20
------------Finished calculations!------------
	Current parameters:
		np_a: 0.670555
		np_b: 2.14718
		np_c: 0.405337
		of_a: -0.294251
		of_b: -1.17074
		N_he3: 0.999206
		N_h3: 1
	Current chi2:
		17.3897
**********************************************

************ Fitting in progress *************
	on point 0
	on point 5
	on point 10
	on point 15
	on point 20
------------Finished calculations!------------
	Current parameters:
		np_a: 0.670555
		np_b: 2.14718
		np_c: 0.405337
		of_a: -0.294479
		of_b: -1.17074
		N_he3: 0.999206
		N_h3: 1
	Current chi2:
		17.3896
**********************************************

************ Fitting in progress *************
	on point 0
	on point 5
	on point 10
	on point 15
	on point 20
------------Finished calculations!------------
	Current parameters:
		np_a: 0.670555
		np_b: 2.14718
		np_c: 0.405337
		of_a: -0.294365
		of_b: -1.1705
		N_he3: 0.999206
		N_h3: 1
	Current chi2:
		17.3897
**********************************************

************ Fitting in progress *************
	on point 0
	on point 5
	on point 10
	on point 15
	on point 20
------------Finished calculations!------------
	Current parameters:
		np_a: 0.670555
		np_b: 2.14718
		np_c: 0.405337
		of_a: -0.294365
		of_b: -1.17098
		N_he3: 0.999206
		N_h3: 1
	Current chi2:
		17.3896
**********************************************

************ Fitting in progress *************
	on point 0
	on point 5
	on point 10
	on point 15
	on point 20
------------Finished calculations!------------
	Current parameters:
		np_a: 0.670555
		np_b: 2.14718
		np_c: 0.405337
		of_a: -0.294365
		of_b: -1.17074
		N_he3: 0.999211
		N_h3: 1
	Current chi2:
		17.3896
**********************************************

************ Fitting in progress *************
	on point 0
	on point 5
	on point 10
	on point 15
	on point 20
------------Finished calculations!------------
	Current parameters:
		np_a: 0.670555
		np_b: 2.14718
		np_c: 0.405337
		of_a: -0.294365
		of_b: -1.17074
		N_he3: 0.999202
		N_h3: 1
	Current chi2:
		17.3897
**********************************************

************ Fitting in progress *************
	on point 0
	on point 5
	on point 10
	on point 15
	on point 20
------------Finished calculations!------------
	Current parameters:
		np_a: 0.670561
		np_b: 2.14718
		np_c: 0.405337
		of_a: -0.294365
		of_b: -1.17074
		N_he3: 0.999206
		N_h3: 1
	Current chi2:
		17.3896
**********************************************

************ Fitting in progress *************
	on point 0
	on point 5
	on point 10
	on point 15
	on point 20
------------Finished calculations!------------
	Current parameters:
		np_a: 0.670549
		np_b: 2.14718
		np_c: 0.405337
		of_a: -0.294365
		of_b: -1.17074
		N_he3: 0.999206
		N_h3: 1
	Current chi2:
		17.3896
**********************************************

************ Fitting in progress *************
	on point 0
	on point 5
	on point 10
	on point 15
	on point 20
------------Finished calculations!------------
	Current parameters:
		np_a: 0.670555
		np_b: 2.14721
		np_c: 0.405337
		of_a: -0.294365
		of_b: -1.17074
		N_he3: 0.999206
		N_h3: 1
	Current chi2:
		17.3896
**********************************************

************ Fitting in progress *************
	on point 0
	on point 5
	on point 10
	on point 15
	on point 20
------------Finished calculations!------------
	Current parameters:
		np_a: 0.670555
		np_b: 2.14716
		np_c: 0.405337
		of_a: -0.294365
		of_b: -1.17074
		N_he3: 0.999206
		N_h3: 1
	Current chi2:
		17.3896
**********************************************

************ Fitting in progress *************
	on point 0
	on point 5
	on point 10
	on point 15
	on point 20
------------Finished calculations!------------
	Current parameters:
		np_a: 0.670555
		np_b: 2.14718
		np_c: 0.40534
		of_a: -0.294365
		of_b: -1.17074
		N_he3: 0.999206
		N_h3: 1
	Current chi2:
		17.3896
**********************************************

************ Fitting in progress *************
	on point 0
	on point 5
	on point 10
	on point 15
	on point 20
------------Finished calculations!------------
	Current parameters:
		np_a: 0.670555
		np_b: 2.14718
		np_c: 0.405335
		of_a: -0.294365
		of_b: -1.17074
		N_he3: 0.999206
		N_h3: 1
	Current chi2:
		17.3896
**********************************************

************ Fitting in progress *************
	on point 0
	on point 5
	on point 10
	on point 15
	on point 20
------------Finished calculations!------------
	Current parameters:
		np_a: 0.670555
		np_b: 2.14718
		np_c: 0.405337
		of_a: -0.294342
		of_b: -1.17074
		N_he3: 0.999206
		N_h3: 1
	Current chi2:
		17.3896
**********************************************

************ Fitting in progress *************
	on point 0
	on point 5
	on point 10
	on point 15
	on point 20
------------Finished calculations!------------
	Current parameters:
		np_a: 0.670555
		np_b: 2.14718
		np_c: 0.405337
		of_a: -0.294388
		of_b: -1.17074
		N_he3: 0.999206
		N_h3: 1
	Current chi2:
		17.3896
**********************************************

************ Fitting in progress *************
	on point 0
	on point 5
	on point 10
	on point 15
	on point 20
------------Finished calculations!------------
	Current parameters:
		np_a: 0.670555
		np_b: 2.14718
		np_c: 0.405337
		of_a: -0.294365
		of_b: -1.17069
		N_he3: 0.999206
		N_h3: 1
	Current chi2:
		17.3896
**********************************************

************ Fitting in progress *************
	on point 0
	on point 5
	on point 10
	on point 15
	on point 20
------------Finished calculations!------------
	Current parameters:
		np_a: 0.670555
		np_b: 2.14718
		np_c: 0.405337
		of_a: -0.294365
		of_b: -1.17079
		N_he3: 0.999206
		N_h3: 1
	Current chi2:
		17.3896
**********************************************

************ Fitting in progress *************
	on point 0
	on point 5
	on point 10
	on point 15
	on point 20
------------Finished calculations!------------
	Current parameters:
		np_a: 0.670555
		np_b: 2.14718
		np_c: 0.405337
		of_a: -0.294365
		of_b: -1.17074
		N_he3: 0.999207
		N_h3: 1
	Current chi2:
		17.3896
**********************************************

************ Fitting in progress *************
	on point 0
	on point 5
	on point 10
	on point 15
	on point 20
------------Finished calculations!------------
	Current parameters:
		np_a: 0.670555
		np_b: 2.14718
		np_c: 0.405337
		of_a: -0.294365
		of_b: -1.17074
		N_he3: 0.999205
		N_h3: 1
	Current chi2:
		17.3896
**********************************************

************ Fitting in progress *************
	on point 0
	on point 5
	on point 10
	on point 15
	on point 20
------------Finished calculations!------------
	Current parameters:
		np_a: 0.670586
		np_b: 2.14731
		np_c: 0.405337
		of_a: -0.294365
		of_b: -1.17074
		N_he3: 0.999206
		N_h3: 1
	Current chi2:
		17.3897
**********************************************

************ Fitting in progress *************
	on point 0
	on point 5
	on point 10
	on point 15
	on point 20
------------Finished calculations!------------
	Current parameters:
		np_a: 0.670586
		np_b: 2.14718
		np_c: 0.405349
		of_a: -0.294365
		of_b: -1.17074
		N_he3: 0.999206
		N_h3: 1
	Current chi2:
		17.3897
**********************************************

************ Fitting in progress *************
	on point 0
	on point 5
	on point 10
	on point 15
	on point 20
------------Finished calculations!------------
	Current parameters:
		np_a: 0.670586
		np_b: 2.14718
		np_c: 0.405337
		of_a: -0.294251
		of_b: -1.17074
		N_he3: 0.999206
		N_h3: 1
	Current chi2:
		17.3897
**********************************************

************ Fitting in progress *************
	on point 0
	on point 5
	on point 10
	on point 15
	on point 20
------------Finished calculations!------------
	Current parameters:
		np_a: 0.670586
		np_b: 2.14718
		np_c: 0.405337
		of_a: -0.294365
		of_b: -1.1705
		N_he3: 0.999206
		N_h3: 1
	Current chi2:
		17.3897
**********************************************

************ Fitting in progress *************
	on point 0
	on point 5
	on point 10
	on point 15
	on point 20
------------Finished calculations!------------
	Current parameters:
		np_a: 0.670586
		np_b: 2.14718
		np_c: 0.405337
		of_a: -0.294365
		of_b: -1.17074
		N_he3: 0.999211
		N_h3: 1
	Current chi2:
		17.3897
**********************************************

************ Fitting in progress *************
	on point 0
	on point 5
	on point 10
	on point 15
	on point 20
------------Finished calculations!------------
	Current parameters:
		np_a: 0.670555
		np_b: 2.14731
		np_c: 0.405349
		of_a: -0.294365
		of_b: -1.17074
		N_he3: 0.999206
		N_h3: 1
	Current chi2:
		17.3897
**********************************************

************ Fitting in progress *************
	on point 0
	on point 5
	on point 10
	on point 15
	on point 20
------------Finished calculations!------------
	Current parameters:
		np_a: 0.670555
		np_b: 2.14731
		np_c: 0.405337
		of_a: -0.294251
		of_b: -1.17074
		N_he3: 0.999206
		N_h3: 1
	Current chi2:
		17.3897
**********************************************

************ Fitting in progress *************
	on point 0
	on point 5
	on point 10
	on point 15
	on point 20
------------Finished calculations!------------
	Current parameters:
		np_a: 0.670555
		np_b: 2.14731
		np_c: 0.405337
		of_a: -0.294365
		of_b: -1.1705
		N_he3: 0.999206
		N_h3: 1
	Current chi2:
		17.3897
**********************************************

************ Fitting in progress *************
	on point 0
	on point 5
	on point 10
	on point 15
	on point 20
------------Finished calculations!------------
	Current parameters:
		np_a: 0.670555
		np_b: 2.14731
		np_c: 0.405337
		of_a: -0.294365
		of_b: -1.17074
		N_he3: 0.999211
		N_h3: 1
	Current chi2:
		17.3896
**********************************************

************ Fitting in progress *************
	on point 0
	on point 5
	on point 10
	on point 15
	on point 20
------------Finished calculations!------------
	Current parameters:
		np_a: 0.670555
		np_b: 2.14718
		np_c: 0.405349
		of_a: -0.294251
		of_b: -1.17074
		N_he3: 0.999206
		N_h3: 1
	Current chi2:
		17.3897
**********************************************

************ Fitting in progress *************
	on point 0
	on point 5
	on point 10
	on point 15
	on point 20
------------Finished calculations!------------
	Current parameters:
		np_a: 0.670555
		np_b: 2.14718
		np_c: 0.405349
		of_a: -0.294365
		of_b: -1.1705
		N_he3: 0.999206
		N_h3: 1
	Current chi2:
		17.3897
**********************************************

************ Fitting in progress *************
	on point 0
	on point 5
	on point 10
	on point 15
	on point 20
------------Finished calculations!------------
	Current parameters:
		np_a: 0.670555
		np_b: 2.14718
		np_c: 0.405349
		of_a: -0.294365
		of_b: -1.17074
		N_he3: 0.999211
		N_h3: 1
	Current chi2:
		17.3897
**********************************************

************ Fitting in progress *************
	on point 0
	on point 5
	on point 10
	on point 15
	on point 20
------------Finished calculations!------------
	Current parameters:
		np_a: 0.670555
		np_b: 2.14718
		np_c: 0.405337
		of_a: -0.294251
		of_b: -1.1705
		N_he3: 0.999206
		N_h3: 1
	Current chi2:
		17.3897
**********************************************

************ Fitting in progress *************
	on point 0
	on point 5
	on point 10
	on point 15
	on point 20
------------Finished calculations!------------
	Current parameters:
		np_a: 0.670555
		np_b: 2.14718
		np_c: 0.405337
		of_a: -0.294251
		of_b: -1.17074
		N_he3: 0.999211
		N_h3: 1
	Current chi2:
		17.3897
**********************************************

************ Fitting in progress *************
	on point 0
	on point 5
	on point 10
	on point 15
	on point 20
------------Finished calculations!------------
	Current parameters:
		np_a: 0.670555
		np_b: 2.14718
		np_c: 0.405337
		of_a: -0.294365
		of_b: -1.1705
		N_he3: 0.999211
		N_h3: 1
	Current chi2:
		17.3896
**********************************************

Info in <Minuit2>: matrix forced pos-def by adding to diagonal : padd = 0.00531882
Info in <Minuit2>: MnHesse: matrix was forced pos. def. 
Info in <Minuit2>: VariableMetricBuilder: Tolerance is not sufficient, continue the minimization
Info in <Minuit2>: Current  Edm is : edm = 0.0144951
Info in <Minuit2>: Required Edm is : edmval = 0.001
************ Fitting in progress *************
	on point 0
	on point 5
	on point 10
	on point 15
	on point 20
------------Finished calculations!------------
	Current parameters:
		np_a: 0.670765
		np_b: 2.10899
		np_c: 0.399287
		of_a: -0.294328
		of_b: -1.14084
		N_he3: 0.999639
		N_h3: 1
	Current chi2:
		17.366
**********************************************

************ Fitting in progress *************
	on point 0
	on point 5
	on point 10
	on point 15
	on point 20
------------Finished calculations!------------
	Current parameters:
		np_a: 0.671122
		np_b: 2.04409
		np_c: 0.389008
		of_a: -0.294266
		of_b: -1.09004
		N_he3: 1.00037
		N_h3: 1
	Current chi2:
		17.3537
**********************************************

************ Fitting in progress *************
	on point 0
	on point 5
	on point 10
	on point 15
	on point 20
------------Finished calculations!------------
	Current parameters:
		np_a: 0.67107
		np_b: 2.05365
		np_c: 0.390523
		of_a: -0.294275
		of_b: -1.09752
		N_he3: 1.00027
		N_h3: 1
	Current chi2:
		17.3529
**********************************************

************ Fitting in progress *************
	on point 0
	on point 5
	on point 10
	on point 15
	on point 20
------------Finished calculations!------------
	Current parameters:
		np_a: 0.6711
		np_b: 2.05365
		np_c: 0.390523
		of_a: -0.294275
		of_b: -1.09752
		N_he3: 1.00027
		N_h3: 1
	Current chi2:
		17.353
**********************************************

************ Fitting in progress *************
	on point 0
	on point 5
	on point 10
	on point 15
	on point 20
------------Finished calculations!------------
	Current parameters:
		np_a: 0.671039
		np_b: 2.05365
		np_c: 0.390523
		of_a: -0.294275
		of_b: -1.09752
		N_he3: 1.00027
		N_h3: 1
	Current chi2:
		17.3529
**********************************************

************ Fitting in progress *************
	on point 0
	on point 5
	on point 10
	on point 15
	on point 20
------------Finished calculations!------------
	Current parameters:
		np_a: 0.67107
		np_b: 2.05377
		np_c: 0.390523
		of_a: -0.294275
		of_b: -1.09752
		N_he3: 1.00027
		N_h3: 1
	Current chi2:
		17.3528
**********************************************

************ Fitting in progress *************
	on point 0
	on point 5
	on point 10
	on point 15
	on point 20
------------Finished calculations!------------
	Current parameters:
		np_a: 0.67107
		np_b: 2.05353
		np_c: 0.390523
		of_a: -0.294275
		of_b: -1.09752
		N_he3: 1.00027
		N_h3: 1
	Current chi2:
		17.3531
**********************************************

************ Fitting in progress *************
	on point 0
	on point 5
	on point 10
	on point 15
	on point 20
------------Finished calculations!------------
	Current parameters:
		np_a: 0.67107
		np_b: 2.05365
		np_c: 0.390535
		of_a: -0.294275
		of_b: -1.09752
		N_he3: 1.00027
		N_h3: 1
	Current chi2:
		17.3531
**********************************************

************ Fitting in progress *************
	on point 0
	on point 5
	on point 10
	on point 15
	on point 20
------------Finished calculations!------------
	Current parameters:
		np_a: 0.67107
		np_b: 2.05365
		np_c: 0.390511
		of_a: -0.294275
		of_b: -1.09752
		N_he3: 1.00027
		N_h3: 1
	Current chi2:
		17.3528
**********************************************

************ Fitting in progress *************
	on point 0
	on point 5
	on point 10
	on point 15
	on point 20
------------Finished calculations!------------
	Current parameters:
		np_a: 0.67107
		np_b: 2.05365
		np_c: 0.390523
		of_a: -0.294161
		of_b: -1.09752
		N_he3: 1.00027
		N_h3: 1
	Current chi2:
		17.3531
**********************************************

************ Fitting in progress *************
	on point 0
	on point 5
	on point 10
	on point 15
	on point 20
------------Finished calculations!------------
	Current parameters:
		np_a: 0.67107
		np_b: 2.05365
		np_c: 0.390523
		of_a: -0.294389
		of_b: -1.09752
		N_he3: 1.00027
		N_h3: 1
	Current chi2:
		17.3528
**********************************************

************ Fitting in progress *************
	on point 0
	on point 5
	on point 10
	on point 15
	on point 20
------------Finished calculations!------------
	Current parameters:
		np_a: 0.67107
		np_b: 2.05365
		np_c: 0.390523
		of_a: -0.294275
		of_b: -1.09728
		N_he3: 1.00027
		N_h3: 1
	Current chi2:
		17.3531
**********************************************

************ Fitting in progress *************
	on point 0
	on point 5
	on point 10
	on point 15
	on point 20
------------Finished calculations!------------
	Current parameters:
		np_a: 0.67107
		np_b: 2.05365
		np_c: 0.390523
		of_a: -0.294275
		of_b: -1.09776
		N_he3: 1.00027
		N_h3: 1
	Current chi2:
		17.3528
**********************************************

************ Fitting in progress *************
	on point 0
	on point 5
	on point 10
	on point 15
	on point 20
------------Finished calculations!------------
	Current parameters:
		np_a: 0.67107
		np_b: 2.05365
		np_c: 0.390523
		of_a: -0.294275
		of_b: -1.09752
		N_he3: 1.00027
		N_h3: 1
	Current chi2:
		17.3531
**********************************************

************ Fitting in progress *************
	on point 0
	on point 5
	on point 10
	on point 15
	on point 20
------------Finished calculations!------------
	Current parameters:
		np_a: 0.67107
		np_b: 2.05365
		np_c: 0.390523
		of_a: -0.294275
		of_b: -1.09752
		N_he3: 1.00026
		N_h3: 1
	Current chi2:
		17.3528
**********************************************

************ Fitting in progress *************
	on point 0
	on point 5
	on point 10
	on point 15
	on point 20
------------Finished calculations!------------
	Current parameters:
		np_a: 0.673352
		np_b: 2.03936
		np_c: 0.386946
		of_a: -0.284035
		of_b: -1.08408
		N_he3: 1.00015
		N_h3: 1
	Current chi2:
		17.3441
**********************************************

************ Fitting in progress *************
	on point 0
	on point 5
	on point 10
	on point 15
	on point 20
------------Finished calculations!------------
	Current parameters:
		np_a: 0.675445
		np_b: 2.02626
		np_c: 0.383666
		of_a: -0.274647
		of_b: -1.07176
		N_he3: 1.00005
		N_h3: 1
	Current chi2:
		17.3411
**********************************************

************ Fitting in progress *************
	on point 0
	on point 5
	on point 10
	on point 15
	on point 20
------------Finished calculations!------------
	Current parameters:
		np_a: 0.675475
		np_b: 2.02626
		np_c: 0.383666
		of_a: -0.274647
		of_b: -1.07176
		N_he3: 1.00005
		N_h3: 1
	Current chi2:
		17.3412
**********************************************

************ Fitting in progress *************
	on point 0
	on point 5
	on point 10
	on point 15
	on point 20
------------Finished calculations!------------
	Current parameters:
		np_a: 0.675415
		np_b: 2.02626
		np_c: 0.383666
		of_a: -0.274647
		of_b: -1.07176
		N_he3: 1.00005
		N_h3: 1
	Current chi2:
		17.3411
**********************************************

************ Fitting in progress *************
	on point 0
	on point 5
	on point 10
	on point 15
	on point 20
------------Finished calculations!------------
	Current parameters:
		np_a: 0.675445
		np_b: 2.02638
		np_c: 0.383666
		of_a: -0.274647
		of_b: -1.07176
		N_he3: 1.00005
		N_h3: 1
	Current chi2:
		17.3411
**********************************************

************ Fitting in progress *************
	on point 0
	on point 5
	on point 10
	on point 15
	on point 20
------------Finished calculations!------------
	Current parameters:
		np_a: 0.675445
		np_b: 2.02615
		np_c: 0.383666
		of_a: -0.274647
		of_b: -1.07176
		N_he3: 1.00005
		N_h3: 1
	Current chi2:
		17.3411
**********************************************

************ Fitting in progress *************
	on point 0
	on point 5
	on point 10
	on point 15
	on point 20
------------Finished calculations!------------
	Current parameters:
		np_a: 0.675445
		np_b: 2.02626
		np_c: 0.383678
		of_a: -0.274647
		of_b: -1.07176
		N_he3: 1.00005
		N_h3: 1
	Current chi2:
		17.3411
**********************************************

************ Fitting in progress *************
	on point 0
	on point 5
	on point 10
	on point 15
	on point 20
------------Finished calculations!------------
	Current parameters:
		np_a: 0.675445
		np_b: 2.02626
		np_c: 0.383654
		of_a: -0.274647
		of_b: -1.07176
		N_he3: 1.00005
		N_h3: 1
	Current chi2:
		17.3411
**********************************************

************ Fitting in progress *************
	on point 0
	on point 5
	on point 10
	on point 15
	on point 20
------------Finished calculations!------------
	Current parameters:
		np_a: 0.675445
		np_b: 2.02626
		np_c: 0.383666
		of_a: -0.274533
		of_b: -1.07176
		N_he3: 1.00005
		N_h3: 1
	Current chi2:
		17.3411
**********************************************

************ Fitting in progress *************
	on point 0
	on point 5
	on point 10
	on point 15
	on point 20
------------Finished calculations!------------
	Current parameters:
		np_a: 0.675445
		np_b: 2.02626
		np_c: 0.383666
		of_a: -0.274761
		of_b: -1.07176
		N_he3: 1.00005
		N_h3: 1
	Current chi2:
		17.3411
**********************************************

************ Fitting in progress *************
	on point 0
	on point 5
	on point 10
	on point 15
	on point 20
------------Finished calculations!------------
	Current parameters:
		np_a: 0.675445
		np_b: 2.02626
		np_c: 0.383666
		of_a: -0.274647
		of_b: -1.07152
		N_he3: 1.00005
		N_h3: 1
	Current chi2:
		17.3411
**********************************************

************ Fitting in progress *************
	on point 0
	on point 5
	on point 10
	on point 15
	on point 20
------------Finished calculations!------------
	Current parameters:
		np_a: 0.675445
		np_b: 2.02626
		np_c: 0.383666
		of_a: -0.274647
		of_b: -1.072
		N_he3: 1.00005
		N_h3: 1
	Current chi2:
		17.3411
**********************************************

************ Fitting in progress *************
	on point 0
	on point 5
	on point 10
	on point 15
	on point 20
------------Finished calculations!------------
	Current parameters:
		np_a: 0.675445
		np_b: 2.02626
		np_c: 0.383666
		of_a: -0.274647
		of_b: -1.07176
		N_he3: 1.00005
		N_h3: 1
	Current chi2:
		17.3412
**********************************************

************ Fitting in progress *************
	on point 0
	on point 5
	on point 10
	on point 15
	on point 20
------------Finished calculations!------------
	Current parameters:
		np_a: 0.675445
		np_b: 2.02626
		np_c: 0.383666
		of_a: -0.274647
		of_b: -1.07176
		N_he3: 1.00004
		N_h3: 1
	Current chi2:
		17.3411
**********************************************

************ Fitting in progress *************
	on point 0
	on point 5
	on point 10
	on point 15
	on point 20
------------Finished calculations!------------
	Current parameters:
		np_a: 0.675397
		np_b: 2.00828
		np_c: 0.381011
		of_a: -0.265802
		of_b: -1.06867
		N_he3: 1.00001
		N_h3: 1
	Current chi2:
		17.3401
**********************************************

************ Fitting in progress *************
	on point 0
	on point 5
	on point 10
	on point 15
	on point 20
------------Finished calculations!------------
	Current parameters:
		np_a: 0.675392
		np_b: 2.00633
		np_c: 0.380723
		of_a: -0.264845
		of_b: -1.06834
		N_he3: 1
		N_h3: 1
	Current chi2:
		17.3401
**********************************************

************ Fitting in progress *************
	on point 0
	on point 5
	on point 10
	on point 15
	on point 20
------------Finished calculations!------------
	Current parameters:
		np_a: 0.675421
		np_b: 2.00633
		np_c: 0.380723
		of_a: -0.264845
		of_b: -1.06834
		N_he3: 1
		N_h3: 1
	Current chi2:
		17.3402
**********************************************

************ Fitting in progress *************
	on point 0
	on point 5
	on point 10
	on point 15
	on point 20
------------Finished calculations!------------
	Current parameters:
		np_a: 0.675362
		np_b: 2.00633
		np_c: 0.380723
		of_a: -0.264845
		of_b: -1.06834
		N_he3: 1
		N_h3: 1
	Current chi2:
		17.3401
**********************************************

************ Fitting in progress *************
	on point 0
	on point 5
	on point 10
	on point 15
	on point 20
------------Finished calculations!------------
	Current parameters:
		np_a: 0.675392
		np_b: 2.00645
		np_c: 0.380723
		of_a: -0.264845
		of_b: -1.06834
		N_he3: 1
		N_h3: 1
	Current chi2:
		17.3401
**********************************************

************ Fitting in progress *************
	on point 0
	on point 5
	on point 10
	on point 15
	on point 20
------------Finished calculations!------------
	Current parameters:
		np_a: 0.675392
		np_b: 2.00622
		np_c: 0.380723
		of_a: -0.264845
		of_b: -1.06834
		N_he3: 1
		N_h3: 1
	Current chi2:
		17.3402
**********************************************

************ Fitting in progress *************
	on point 0
	on point 5
	on point 10
	on point 15
	on point 20
------------Finished calculations!------------
	Current parameters:
		np_a: 0.675392
		np_b: 2.00633
		np_c: 0.380735
		of_a: -0.264845
		of_b: -1.06834
		N_he3: 1
		N_h3: 1
	Current chi2:
		17.3402
**********************************************

************ Fitting in progress *************
	on point 0
	on point 5
	on point 10
	on point 15
	on point 20
------------Finished calculations!------------
	Current parameters:
		np_a: 0.675392
		np_b: 2.00633
		np_c: 0.380712
		of_a: -0.264845
		of_b: -1.06834
		N_he3: 1
		N_h3: 1
	Current chi2:
		17.3401
**********************************************

************ Fitting in progress *************
	on point 0
	on point 5
	on point 10
	on point 15
	on point 20
------------Finished calculations!------------
	Current parameters:
		np_a: 0.675392
		np_b: 2.00633
		np_c: 0.380723
		of_a: -0.264731
		of_b: -1.06834
		N_he3: 1
		N_h3: 1
	Current chi2:
		17.3402
**********************************************

************ Fitting in progress *************
	on point 0
	on point 5
	on point 10
	on point 15
	on point 20
------------Finished calculations!------------
	Current parameters:
		np_a: 0.675392
		np_b: 2.00633
		np_c: 0.380723
		of_a: -0.26496
		of_b: -1.06834
		N_he3: 1
		N_h3: 1
	Current chi2:
		17.3401
**********************************************

************ Fitting in progress *************
	on point 0
	on point 5
	on point 10
	on point 15
	on point 20
------------Finished calculations!------------
	Current parameters:
		np_a: 0.675392
		np_b: 2.00633
		np_c: 0.380723
		of_a: -0.264845
		of_b: -1.06809
		N_he3: 1
		N_h3: 1
	Current chi2:
		17.3402
**********************************************

************ Fitting in progress *************
	on point 0
	on point 5
	on point 10
	on point 15
	on point 20
------------Finished calculations!------------
	Current parameters:
		np_a: 0.675392
		np_b: 2.00633
		np_c: 0.380723
		of_a: -0.264845
		of_b: -1.06858
		N_he3: 1
		N_h3: 1
	Current chi2:
		17.3401
**********************************************

************ Fitting in progress *************
	on point 0
	on point 5
	on point 10
	on point 15
	on point 20
------------Finished calculations!------------
	Current parameters:
		np_a: 0.675392
		np_b: 2.00633
		np_c: 0.380723
		of_a: -0.264845
		of_b: -1.06834
		N_he3: 1.00001
		N_h3: 1
	Current chi2:
		17.3402
**********************************************

************ Fitting in progress *************
	on point 0
	on point 5
	on point 10
	on point 15
	on point 20
------------Finished calculations!------------
	Current parameters:
		np_a: 0.675392
		np_b: 2.00633
		np_c: 0.380723
		of_a: -0.264845
		of_b: -1.06834
		N_he3: 0.999998
		N_h3: 1
	Current chi2:
		17.3401
**********************************************

************ Fitting in progress *************
	on point 0
	on point 5
	on point 10
	on point 15
	on point 20
------------Finished calculations!------------
	Current parameters:
		np_a: 0.675392
		np_b: 2.00633
		np_c: 0.380723
		of_a: -0.264845
		of_b: -1.06834
		N_he3: 1
		N_h3: 1
	Current chi2:
		17.3401
**********************************************

************ Fitting in progress *************
	on point 0
	on point 5
	on point 10
	on point 15
	on point 20
------------Finished calculations!------------
	Current parameters:
		np_a: 0.675421
		np_b: 2.00633
		np_c: 0.380723
		of_a: -0.264845
		of_b: -1.06834
		N_he3: 1
		N_h3: 1
	Current chi2:
		17.3402
**********************************************

************ Fitting in progress *************
	on point 0
	on point 5
	on point 10
	on point 15
	on point 20
------------Finished calculations!------------
	Current parameters:
		np_a: 0.675362
		np_b: 2.00633
		np_c: 0.380723
		of_a: -0.264845
		of_b: -1.06834
		N_he3: 1
		N_h3: 1
	Current chi2:
		17.3401
**********************************************

************ Fitting in progress *************
	on point 0
	on point 5
	on point 10
	on point 15
	on point 20
------------Finished calculations!------------
	Current parameters:
		np_a: 0.675392
		np_b: 2.00645
		np_c: 0.380723
		of_a: -0.264845
		of_b: -1.06834
		N_he3: 1
		N_h3: 1
	Current chi2:
		17.3401
**********************************************

************ Fitting in progress *************
	on point 0
	on point 5
	on point 10
	on point 15
	on point 20
------------Finished calculations!------------
	Current parameters:
		np_a: 0.675392
		np_b: 2.00622
		np_c: 0.380723
		of_a: -0.264845
		of_b: -1.06834
		N_he3: 1
		N_h3: 1
	Current chi2:
		17.3402
**********************************************

************ Fitting in progress *************
	on point 0
	on point 5
	on point 10
	on point 15
	on point 20
------------Finished calculations!------------
	Current parameters:
		np_a: 0.675392
		np_b: 2.00633
		np_c: 0.380735
		of_a: -0.264845
		of_b: -1.06834
		N_he3: 1
		N_h3: 1
	Current chi2:
		17.3402
**********************************************

************ Fitting in progress *************
	on point 0
	on point 5
	on point 10
	on point 15
	on point 20
------------Finished calculations!------------
	Current parameters:
		np_a: 0.675392
		np_b: 2.00633
		np_c: 0.380712
		of_a: -0.264845
		of_b: -1.06834
		N_he3: 1
		N_h3: 1
	Current chi2:
		17.3401
**********************************************

************ Fitting in progress *************
	on point 0
	on point 5
	on point 10
	on point 15
	on point 20
------------Finished calculations!------------
	Current parameters:
		np_a: 0.675392
		np_b: 2.00633
		np_c: 0.380723
		of_a: -0.264731
		of_b: -1.06834
		N_he3: 1
		N_h3: 1
	Current chi2:
		17.3402
**********************************************

************ Fitting in progress *************
	on point 0
	on point 5
	on point 10
	on point 15
	on point 20
------------Finished calculations!------------
	Current parameters:
		np_a: 0.675392
		np_b: 2.00633
		np_c: 0.380723
		of_a: -0.26496
		of_b: -1.06834
		N_he3: 1
		N_h3: 1
	Current chi2:
		17.3401
**********************************************

************ Fitting in progress *************
	on point 0
	on point 5
	on point 10
	on point 15
	on point 20
------------Finished calculations!------------
	Current parameters:
		np_a: 0.675392
		np_b: 2.00633
		np_c: 0.380723
		of_a: -0.264845
		of_b: -1.06809
		N_he3: 1
		N_h3: 1
	Current chi2:
		17.3402
**********************************************

************ Fitting in progress *************
	on point 0
	on point 5
	on point 10
	on point 15
	on point 20
------------Finished calculations!------------
	Current parameters:
		np_a: 0.675392
		np_b: 2.00633
		np_c: 0.380723
		of_a: -0.264845
		of_b: -1.06858
		N_he3: 1
		N_h3: 1
	Current chi2:
		17.3401
**********************************************

************ Fitting in progress *************
	on point 0
	on point 5
	on point 10
	on point 15
	on point 20
------------Finished calculations!------------
	Current parameters:
		np_a: 0.675392
		np_b: 2.00633
		np_c: 0.380723
		of_a: -0.264845
		of_b: -1.06834
		N_he3: 1.00001
		N_h3: 1
	Current chi2:
		17.3402
**********************************************

************ Fitting in progress *************
	on point 0
	on point 5
	on point 10
	on point 15
	on point 20
------------Finished calculations!------------
	Current parameters:
		np_a: 0.675392
		np_b: 2.00633
		np_c: 0.380723
		of_a: -0.264845
		of_b: -1.06834
		N_he3: 0.999998
		N_h3: 1
	Current chi2:
		17.3401
**********************************************

************ Fitting in progress *************
	on point 0
	on point 5
	on point 10
	on point 15
	on point 20
------------Finished calculations!------------
	Current parameters:
		np_a: 0.675397
		np_b: 2.00633
		np_c: 0.380723
		of_a: -0.264845
		of_b: -1.06834
		N_he3: 1
		N_h3: 1
	Current chi2:
		17.3401
**********************************************

************ Fitting in progress *************
	on point 0
	on point 5
	on point 10
	on point 15
	on point 20
------------Finished calculations!------------
	Current parameters:
		np_a: 0.675386
		np_b: 2.00633
		np_c: 0.380723
		of_a: -0.264845
		of_b: -1.06834
		N_he3: 1
		N_h3: 1
	Current chi2:
		17.3401
**********************************************

************ Fitting in progress *************
	on point 0
	on point 5
	on point 10
	on point 15
	on point 20
------------Finished calculations!------------
	Current parameters:
		np_a: 0.675392
		np_b: 2.00636
		np_c: 0.380723
		of_a: -0.264845
		of_b: -1.06834
		N_he3: 1
		N_h3: 1
	Current chi2:
		17.3401
**********************************************

************ Fitting in progress *************
	on point 0
	on point 5
	on point 10
	on point 15
	on point 20
------------Finished calculations!------------
	Current parameters:
		np_a: 0.675392
		np_b: 2.00631
		np_c: 0.380723
		of_a: -0.264845
		of_b: -1.06834
		N_he3: 1
		N_h3: 1
	Current chi2:
		17.3401
**********************************************

************ Fitting in progress *************
	on point 0
	on point 5
	on point 10
	on point 15
	on point 20
------------Finished calculations!------------
	Current parameters:
		np_a: 0.675392
		np_b: 2.00633
		np_c: 0.380726
		of_a: -0.264845
		of_b: -1.06834
		N_he3: 1
		N_h3: 1
	Current chi2:
		17.3401
**********************************************

************ Fitting in progress *************
	on point 0
	on point 5
	on point 10
	on point 15
	on point 20
------------Finished calculations!------------
	Current parameters:
		np_a: 0.675392
		np_b: 2.00633
		np_c: 0.380721
		of_a: -0.264845
		of_b: -1.06834
		N_he3: 1
		N_h3: 1
	Current chi2:
		17.3401
**********************************************

************ Fitting in progress *************
	on point 0
	on point 5
	on point 10
	on point 15
	on point 20
------------Finished calculations!------------
	Current parameters:
		np_a: 0.675392
		np_b: 2.00633
		np_c: 0.380723
		of_a: -0.264822
		of_b: -1.06834
		N_he3: 1
		N_h3: 1
	Current chi2:
		17.3401
**********************************************

************ Fitting in progress *************
	on point 0
	on point 5
	on point 10
	on point 15
	on point 20
------------Finished calculations!------------
	Current parameters:
		np_a: 0.675392
		np_b: 2.00633
		np_c: 0.380723
		of_a: -0.264868
		of_b: -1.06834
		N_he3: 1
		N_h3: 1
	Current chi2:
		17.3401
**********************************************

************ Fitting in progress *************
	on point 0
	on point 5
	on point 10
	on point 15
	on point 20
------------Finished calculations!------------
	Current parameters:
		np_a: 0.675392
		np_b: 2.00633
		np_c: 0.380723
		of_a: -0.264845
		of_b: -1.06829
		N_he3: 1
		N_h3: 1
	Current chi2:
		17.3401
**********************************************

************ Fitting in progress *************
	on point 0
	on point 5
	on point 10
	on point 15
	on point 20
------------Finished calculations!------------
	Current parameters:
		np_a: 0.675392
		np_b: 2.00633
		np_c: 0.380723
		of_a: -0.264845
		of_b: -1.06838
		N_he3: 1
		N_h3: 1
	Current chi2:
		17.3401
**********************************************

************ Fitting in progress *************
	on point 0
	on point 5
	on point 10
	on point 15
	on point 20
------------Finished calculations!------------
	Current parameters:
		np_a: 0.675392
		np_b: 2.00633
		np_c: 0.380723
		of_a: -0.264845
		of_b: -1.06834
		N_he3: 1
		N_h3: 1
	Current chi2:
		17.3401
**********************************************

************ Fitting in progress *************
	on point 0
	on point 5
	on point 10
	on point 15
	on point 20
------------Finished calculations!------------
	Current parameters:
		np_a: 0.675392
		np_b: 2.00633
		np_c: 0.380723
		of_a: -0.264845
		of_b: -1.06834
		N_he3: 1
		N_h3: 1
	Current chi2:
		17.3401
**********************************************

************ Fitting in progress *************
	on point 0
	on point 5
	on point 10
	on point 15
	on point 20
------------Finished calculations!------------
	Current parameters:
		np_a: 0.675421
		np_b: 2.00645
		np_c: 0.380723
		of_a: -0.264845
		of_b: -1.06834
		N_he3: 1
		N_h3: 1
	Current chi2:
		17.3401
**********************************************

************ Fitting in progress *************
	on point 0
	on point 5
	on point 10
	on point 15
	on point 20
------------Finished calculations!------------
	Current parameters:
		np_a: 0.675421
		np_b: 2.00633
		np_c: 0.380735
		of_a: -0.264845
		of_b: -1.06834
		N_he3: 1
		N_h3: 1
	Current chi2:
		17.3402
**********************************************

************ Fitting in progress *************
	on point 0
	on point 5
	on point 10
	on point 15
	on point 20
------------Finished calculations!------------
	Current parameters:
		np_a: 0.675421
		np_b: 2.00633
		np_c: 0.380723
		of_a: -0.264731
		of_b: -1.06834
		N_he3: 1
		N_h3: 1
	Current chi2:
		17.3402
**********************************************

************ Fitting in progress *************
	on point 0
	on point 5
	on point 10
	on point 15
	on point 20
------------Finished calculations!------------
	Current parameters:
		np_a: 0.675421
		np_b: 2.00633
		np_c: 0.380723
		of_a: -0.264845
		of_b: -1.06809
		N_he3: 1
		N_h3: 1
	Current chi2:
		17.3402
**********************************************

************ Fitting in progress *************
	on point 0
	on point 5
	on point 10
	on point 15
	on point 20
------------Finished calculations!------------
	Current parameters:
		np_a: 0.675421
		np_b: 2.00633
		np_c: 0.380723
		of_a: -0.264845
		of_b: -1.06834
		N_he3: 1.00001
		N_h3: 1
	Current chi2:
		17.3402
**********************************************

************ Fitting in progress *************
	on point 0
	on point 5
	on point 10
	on point 15
	on point 20
------------Finished calculations!------------
	Current parameters:
		np_a: 0.675392
		np_b: 2.00645
		np_c: 0.380735
		of_a: -0.264845
		of_b: -1.06834
		N_he3: 1
		N_h3: 1
	Current chi2:
		17.3401
**********************************************

************ Fitting in progress *************
	on point 0
	on point 5
	on point 10
	on point 15
	on point 20
------------Finished calculations!------------
	Current parameters:
		np_a: 0.675392
		np_b: 2.00645
		np_c: 0.380723
		of_a: -0.264731
		of_b: -1.06834
		N_he3: 1
		N_h3: 1
	Current chi2:
		17.3401
**********************************************

************ Fitting in progress *************
	on point 0
	on point 5
	on point 10
	on point 15
	on point 20
------------Finished calculations!------------
	Current parameters:
		np_a: 0.675392
		np_b: 2.00645
		np_c: 0.380723
		of_a: -0.264845
		of_b: -1.06809
		N_he3: 1
		N_h3: 1
	Current chi2:
		17.3401
**********************************************

************ Fitting in progress *************
	on point 0
	on point 5
	on point 10
	on point 15
	on point 20
------------Finished calculations!------------
	Current parameters:
		np_a: 0.675392
		np_b: 2.00645
		np_c: 0.380723
		of_a: -0.264845
		of_b: -1.06834
		N_he3: 1.00001
		N_h3: 1
	Current chi2:
		17.3401
**********************************************

************ Fitting in progress *************
	on point 0
	on point 5
	on point 10
	on point 15
	on point 20
------------Finished calculations!------------
	Current parameters:
		np_a: 0.675392
		np_b: 2.00633
		np_c: 0.380735
		of_a: -0.264731
		of_b: -1.06834
		N_he3: 1
		N_h3: 1
	Current chi2:
		17.3402
**********************************************

************ Fitting in progress *************
	on point 0
	on point 5
	on point 10
	on point 15
	on point 20
------------Finished calculations!------------
	Current parameters:
		np_a: 0.675392
		np_b: 2.00633
		np_c: 0.380735
		of_a: -0.264845
		of_b: -1.06809
		N_he3: 1
		N_h3: 1
	Current chi2:
		17.3402
**********************************************

************ Fitting in progress *************
	on point 0
	on point 5
	on point 10
	on point 15
	on point 20
------------Finished calculations!------------
	Current parameters:
		np_a: 0.675392
		np_b: 2.00633
		np_c: 0.380735
		of_a: -0.264845
		of_b: -1.06834
		N_he3: 1.00001
		N_h3: 1
	Current chi2:
		17.3402
**********************************************

************ Fitting in progress *************
	on point 0
	on point 5
	on point 10
	on point 15
	on point 20
------------Finished calculations!------------
	Current parameters:
		np_a: 0.675392
		np_b: 2.00633
		np_c: 0.380723
		of_a: -0.264731
		of_b: -1.06809
		N_he3: 1
		N_h3: 1
	Current chi2:
		17.3402
**********************************************

************ Fitting in progress *************
	on point 0
	on point 5
	on point 10
	on point 15
	on point 20
------------Finished calculations!------------
	Current parameters:
		np_a: 0.675392
		np_b: 2.00633
		np_c: 0.380723
		of_a: -0.264731
		of_b: -1.06834
		N_he3: 1.00001
		N_h3: 1
	Current chi2:
		17.3402
**********************************************

************ Fitting in progress *************
	on point 0
	on point 5
	on point 10
	on point 15
	on point 20
------------Finished calculations!------------
	Current parameters:
		np_a: 0.675392
		np_b: 2.00633
		np_c: 0.380723
		of_a: -0.264845
		of_b: -1.06809
		N_he3: 1.00001
		N_h3: 1
	Current chi2:
		17.3402
**********************************************

Info in <Minuit2>: matrix forced pos-def by adding to diagonal : padd = 0.00535719
Info in <Minuit2>: MnHesse: matrix was forced pos. def. 
Info in <Minuit2>: Minuit2Minimizer::Minimize : Covar was made pos def
Minuit2Minimizer : Valid minimum - status = 1
FVAL  = 17.3401212898338422
Edm   = 0.000268368360904313599
Nfcn  = 219
np_a	  = 0.675392	 +/-  0.0614229
np_b	  = 2.00633	 +/-  0.349609
np_c	  = 0.380723	 +/-  0.0571023
of_a	  = -0.264845	 +/-  0.598406
of_b	  = -1.06834	 +/-  0.921678
N_he3	  = 1	 +/-  0.00972322
N_h3	  = 1	 (fixed)
Printing covariance matrix:

7x7 matrix is as follows

     |      0    |      1    |      2    |      3    |      4    |
----------------------------------------------------------------------
   0 |   0.003773  -0.0007772  -0.0007726    -0.02294      0.0459 
   1 | -0.0007772      0.1222     0.01534    -0.02093     -0.0561 
   2 | -0.0007726     0.01534    0.003261   -0.008347   -0.007423 
   3 |   -0.02294    -0.02093   -0.008347      0.3581     -0.4901 
   4 |     0.0459     -0.0561   -0.007423     -0.4901      0.8495 
   5 | -8.452e-05   0.0006405  -0.0001086  -0.0003839  -0.0002272 
   6 |          0           0           0           0           0 


     |      5    |      6    |
----------------------------------------------------------------------
   0 | -8.452e-05           0 
   1 |  0.0006405           0 
   2 | -0.0001086           0 
   3 | -0.0003839           0 
   4 | -0.0002272           0 
   5 |  9.454e-05           0 
   6 |          0           0 



************ Fit covar results *************
		 [ i*ndim + j ] 
0.00377277 1 0 0
-0.000777234 -0.0361942 0 1
-0.000772567 -0.220268 0 2
-0.0229399 -0.624115 0 3
0.0459031 0.810835 0 4
-8.45243e-05 -0.141528 0 5
0 0 0 6
-0.000777234 -0.0361942 1 0
0.122227 1 1 1
0.0153446 0.768632 1 2
-0.0209333 -0.10006 1 3
-0.0561 -0.174101 1 4
0.00064052 0.188426 1 5
0 0 1 6
-0.000772567 -0.220268 2 0
0.0153446 0.768632 2 1
0.00326067 1 2 2
-0.00834712 -0.244279 2 3
-0.0074229 -0.14104 2 4
-0.000108566 -0.195537 2 5
0 0 2 6
-0.0229399 -0.624115 3 0
-0.0209333 -0.10006 3 1
-0.00834712 -0.244279 3 2
0.35809 1 3 3
-0.490089 -0.888587 3 4
-0.000383918 -0.065983 3 5
0 0 3 6
0.0459031 0.810835 4 0
-0.0561 -0.174101 4 1
-0.0074229 -0.14104 4 2
-0.490089 -0.888587 4 3
0.849491 1 4 4
-0.000227233 -0.0253561 4 5
0 0 4 6
-8.45243e-05 -0.141528 5 0
0.00064052 0.188426 5 1
-0.000108566 -0.195537 5 2
-0.000383918 -0.065983 5 3
-0.000227233 -0.0253561 5 4
9.45409e-05 1 5 5
0 0 5 6
0 0 6 0
0 0 6 1
0 0 6 2
0 0 6 3
0 0 6 4
0 0 6 5
0 0 6 6
**********************************************
